19日 16:42:18.24 [EcoLife]: 不知道什么B原因自己去绿色行动找
19日 16:43:26.89 [小鸡家庭]: Check failed: [来源: task.antFarm.AntFarmFamily.familyShareToFriends:148 <- task.antFarm.AntFarmFamily.enterFamily:349 <- task.antFarm.AntFarmFamily.run:11 <- task.antFarm.AntFarm.runSuspend:1086] {"ariverRpcTraceId":"0b45a4c217608634057001977ee8d3","memo":"任务已完成","resultCode":"FAMILY48","success":false}
19日 16:50:10.77 [小鸡家庭]: Check failed: [来源: task.antFarm.AntFarmFamily.familyFeedFriendAnimal:110 <- task.antFarm.AntFarmFamily.enterFamily:296 <- task.antFarm.AntFarmFamily.run:11 <- task.antFarm.AntFarm.runSuspend:1086] {"ariverRpcTraceId":"0b45a4c217608638099294438ee8d3","memo":"今日帮喂次数已达上限哦！","resultCode":"391","success":false}
19日 16:50:11.31 [小鸡家庭]: Check failed: [来源: task.antFarm.AntFarmFamily.familyShareToFriends:148 <- task.antFarm.AntFarmFamily.enterFamily:349 <- task.antFarm.AntFarmFamily.run:11 <- task.antFarm.AntFarm.runSuspend:1086] {"ariverRpcTraceId":"0b45a4c217608638104504459ee8d3","memo":"任务已完成","resultCode":"FAMILY48","success":false}
19日 16:53:01.05 [小鸡家庭]: Check failed: [来源: task.antFarm.AntFarmFamily.familyFeedFriendAnimal:110 <- task.antFarm.AntFarmFamily.enterFamily:296 <- task.antFarm.AntFarmFamily.run:11 <- task.antFarm.AntFarm.runSuspend:1086] {"ariverRpcTraceId":"0b45a4c217608639802172582ee8d3","memo":"今日帮喂次数已达上限哦！","resultCode":"391","success":false}
19日 16:53:01.59 [小鸡家庭]: Check failed: [来源: task.antFarm.AntFarmFamily.familyShareToFriends:148 <- task.antFarm.AntFarmFamily.enterFamily:349 <- task.antFarm.AntFarmFamily.run:11 <- task.antFarm.AntFarm.runSuspend:1086] {"ariverRpcTraceId":"0b45a4c217608639807432628ee8d3","memo":"任务已完成","resultCode":"FAMILY48","success":false}
19日 16:58:26.56 [小鸡家庭]: Check failed: [来源: task.antFarm.AntFarmFamily.familyFeedFriendAnimal:110 <- task.antFarm.AntFarmFamily.enterFamily:296 <- task.antFarm.AntFarmFamily.run:11 <- task.antFarm.AntFarm.runSuspend:1086] {"ariverRpcTraceId":"0b45a4c217608643057432645ee8d3","memo":"今日帮喂次数已达上限哦！","resultCode":"391","success":false}
19日 16:58:27.19 [小鸡家庭]: Check failed: [来源: task.antFarm.AntFarmFamily.familyShareToFriends:148 <- task.antFarm.AntFarmFamily.enterFamily:349 <- task.antFarm.AntFarmFamily.run:11 <- task.antFarm.AntFarm.runSuspend:1086] {"ariverRpcTraceId":"0b45a4c217608643062872692ee8d3","memo":"任务已完成","resultCode":"FAMILY48","success":false}
19日 17:30:12.96 [NewRpcBridge]: new rpc response1 | id: 39785673 | method: com.alipay.antfarm.orchardListTask
 args: [{"plantHiddenMMC":"false","requestType":"NORMAL","sceneCode":"ORCHARD","source":"ch_appcenter__chsub_9patch","version":"0.1.2401111000.31"}] |
 data: {"error":48,"errorMessage":"当前网络不可用，请稍后重试","errorNo":3,"errorTip":"48"}
19日 17:30:13.04 [NewRpcBridge]: RPC返回null | 方法: com.alipay.antfarm.orchardListTask | 原因: 网络错误: 48/当前网络不可用，请稍后重试 | 重试: 1
19日 17:30:13.11 [AntOrchard]: Throwable error: org.json.JSONException: End of input at character 0 of 
	at org.json.JSONTokener.syntaxError(JSONTokener.java:460)
	at org.json.JSONTokener.nextValue(JSONTokener.java:101)
	at org.json.JSONObject.<init>(JSONObject.java:165)
	at org.json.JSONObject.<init>(JSONObject.java:182)
	at fansirsqi.xposed.sesame.task.antOrchard.AntOrchard.doOrchardDailyTask(SourceFile:13)
	at fansirsqi.xposed.sesame.task.antOrchard.AntOrchard.runJava(SourceFile:189)
	at fansirsqi.xposed.sesame.task.ModelTask.runSuspend$suspendImpl(SourceFile:1)
	at fansirsqi.xposed.sesame.task.ModelTask.runSuspend(SourceFile:1)
	at fansirsqi.xposed.sesame.task.ModelTask.run(SourceFile:1)
	at fansirsqi.xposed.sesame.task.ModelTask.executeSequential(SourceFile:92)
	at fansirsqi.xposed.sesame.task.ModelTask.executeMultiRoundTask(SourceFile:143)
	at fansirsqi.xposed.sesame.task.ModelTask.access$executeMultiRoundTask(SourceFile:1)
	at fansirsqi.xposed.sesame.task.ModelTask$startTask$1.invokeSuspend(SourceFile:258)
	at kotlin.coroutines.jvm.internal.BaseContinuationImpl.resumeWith(SourceFile:9)
	at Z2.E.run(SourceFile:127)
	at e3.b.run(SourceFile:127)

19日 17:30:13.85 [执行蚂蚁森林任务时发生错误: ]: [AntForest] Throwable error: org.json.JSONException: End of input at character 0 of 
	at org.json.JSONTokener.syntaxError(JSONTokener.java:460)
	at org.json.JSONTokener.nextValue(JSONTokener.java:101)
	at org.json.JSONObject.<init>(JSONObject.java:165)
	at org.json.JSONObject.<init>(JSONObject.java:182)
	at fansirsqi.xposed.sesame.task.antForest.AntForest.updateSelfHomePage(SourceFile:3)
	at fansirsqi.xposed.sesame.task.antForest.AntForest.runSuspend(SourceFile:13)
	at fansirsqi.xposed.sesame.task.ModelTask.run(SourceFile:1)
	at fansirsqi.xposed.sesame.task.ModelTask.executeSequential(SourceFile:92)
	at fansirsqi.xposed.sesame.task.ModelTask.executeMultiRoundTask(SourceFile:143)
	at fansirsqi.xposed.sesame.task.ModelTask.access$executeMultiRoundTask(SourceFile:1)
	at fansirsqi.xposed.sesame.task.ModelTask$startTask$1.invokeSuspend(SourceFile:258)
	at kotlin.coroutines.jvm.internal.BaseContinuationImpl.resumeWith(SourceFile:9)
	at Z2.E.run(SourceFile:127)
	at e3.b.run(SourceFile:127)

19日 17:32:31.67 [小鸡家庭]: Check failed: [来源: task.antFarm.AntFarmFamily.familyFeedFriendAnimal:110 <- task.antFarm.AntFarmFamily.enterFamily:296 <- task.antFarm.AntFarmFamily.run:11 <- task.antFarm.AntFarm.runSuspend:1086] {"ariverRpcTraceId":"21d3b27717608663508677123ec272","memo":"今日帮喂次数已达上限哦！","resultCode":"391","success":false}
19日 17:32:32.21 [小鸡家庭]: Check failed: [来源: task.antFarm.AntFarmFamily.familyShareToFriends:148 <- task.antFarm.AntFarmFamily.enterFamily:349 <- task.antFarm.AntFarmFamily.run:11 <- task.antFarm.AntFarm.runSuspend:1086] {"ariverRpcTraceId":"21d3b27717608663513937161ec272","memo":"任务已完成","resultCode":"FAMILY48","success":false}
19日 17:35:23.80 [小鸡家庭]: Check failed: [来源: task.antFarm.AntFarmFamily.familyFeedFriendAnimal:110 <- task.antFarm.AntFarmFamily.enterFamily:296 <- task.antFarm.AntFarmFamily.run:11 <- task.antFarm.AntFarm.runSuspend:1086] {"ariverRpcTraceId":"21d3b27717608665230006012ec272","memo":"今日帮喂次数已达上限哦！","resultCode":"391","success":false}
19日 17:35:24.34 [小鸡家庭]: Check failed: [来源: task.antFarm.AntFarmFamily.familyShareToFriends:148 <- task.antFarm.AntFarmFamily.enterFamily:349 <- task.antFarm.AntFarmFamily.run:11 <- task.antFarm.AntFarm.runSuspend:1086] {"ariverRpcTraceId":"21d3b27717608665235176077ec272","memo":"任务已完成","resultCode":"FAMILY48","success":false}
19日 17:38:58.65 [AntFarm]: Check failed: [来源: task.antFarm.AntFarm.notifyFriend:24 <- task.antFarm.AntFarm.runSuspend:954 <- task.antFarm.AntFarm$runSuspend$1.invokeSuspend:11] {"ariverRpcTraceId":"21d3b27717608667377052974ec272","memo":"非好友","resultCode":"302","success":false}
19日 17:39:06.84 [AntFarm]: Throwable error: org.json.JSONException: No value for hasNext
	at org.json.JSONObject.get(JSONObject.java:400)
	at org.json.JSONObject.getBoolean(JSONObject.java:421)
	at fansirsqi.xposed.sesame.task.antFarm.AntFarm.notifyFriend(SourceFile:7)
	at fansirsqi.xposed.sesame.task.antFarm.AntFarm.runSuspend(SourceFile:954)
	at fansirsqi.xposed.sesame.task.antFarm.AntFarm$runSuspend$1.invokeSuspend(Unknown Source:11)
	at kotlin.coroutines.jvm.internal.BaseContinuationImpl.resumeWith(SourceFile:9)
	at Z2.E.run(SourceFile:127)
	at e3.b.run(SourceFile:127)

19日 17:41:14.52 [小鸡家庭]: Check failed: [来源: task.antFarm.AntFarmFamily.familyFeedFriendAnimal:110 <- task.antFarm.AntFarmFamily.enterFamily:296 <- task.antFarm.AntFarmFamily.run:11 <- task.antFarm.AntFarm.runSuspend:1086] {"ariverRpcTraceId":"21d3b27717608668736117473ec272","memo":"饲料不足，做任务获取饲料吧~","resultCode":"310","success":false}
19日 17:41:14.98 [小鸡家庭]: Check failed: [来源: task.antFarm.AntFarmFamily.familyShareToFriends:148 <- task.antFarm.AntFarmFamily.enterFamily:349 <- task.antFarm.AntFarmFamily.run:11 <- task.antFarm.AntFarm.runSuspend:1086] {"ariverRpcTraceId":"21d3b27717608668741387514ec272","memo":"任务已完成","resultCode":"FAMILY48","success":false}
19日 17:42:11.51 [小鸡家庭]: Check failed: [来源: task.antFarm.AntFarmFamily.familyFeedFriendAnimal:110 <- task.antFarm.AntFarmFamily.enterFamily:296 <- task.antFarm.AntFarmFamily.run:11 <- task.antFarm.AntFarm.runSuspend:1086] {"ariverRpcTraceId":"21d3b27717608669306004914ec272","memo":"饲料不足，做任务获取饲料吧~","resultCode":"310","success":false}
19日 17:42:11.96 [小鸡家庭]: Check failed: [来源: task.antFarm.AntFarmFamily.familyShareToFriends:148 <- task.antFarm.AntFarmFamily.enterFamily:349 <- task.antFarm.AntFarmFamily.run:11 <- task.antFarm.AntFarm.runSuspend:1086] {"ariverRpcTraceId":"21d3b27717608669311225003ec272","memo":"任务已完成","resultCode":"FAMILY48","success":false}
19日 17:42:28.62 [AntDodo]: Check failed: [来源: task.antDodo.AntDodo.collectToFriend:177 <- task.antDodo.AntDodo.runJava:49 <- task.ModelTask.runSuspend$suspendImpl:1 <- task.ModelTask.runSuspend:1] {"ariverRpcTraceId":"21d3b27717608669477136331ec272","resultCode":"FRIEND_COLLECTED_LIMIT","resultDesc":"啊噢，有人抢在你前面翻开了ta的卡片","resultMessage":"","retryable":false,"success":false}
19日 17:42:29.14 [AntDodo]: Check failed: [来源: task.antDodo.AntDodo.collectToFriend:177 <- task.antDodo.AntDodo.runJava:49 <- task.ModelTask.runSuspend$suspendImpl:1 <- task.ModelTask.runSuspend:1] {"ariverRpcTraceId":"21d3b27717608669482296363ec272","resultCode":"FRIEND_COLLECTED_LIMIT","resultDesc":"啊噢，有人抢在你前面翻开了ta的卡片","resultMessage":"","retryable":false,"success":false}
19日 17:42:29.65 [AntDodo]: Check failed: [来源: task.antDodo.AntDodo.collectToFriend:177 <- task.antDodo.AntDodo.runJava:49 <- task.ModelTask.runSuspend$suspendImpl:1 <- task.ModelTask.runSuspend:1] {"ariverRpcTraceId":"21d3b27717608669487486390ec272","resultCode":"FRIEND_COLLECTED_LIMIT","resultDesc":"啊噢，有人抢在你前面翻开了ta的卡片","resultMessage":"","retryable":false,"success":false}
19日 17:47:37.69 [小鸡家庭]: Check failed: [来源: task.antFarm.AntFarmFamily.familyFeedFriendAnimal:110 <- task.antFarm.AntFarmFamily.enterFamily:296 <- task.antFarm.AntFarmFamily.run:11 <- task.antFarm.AntFarm.runSuspend:1086] {"ariverRpcTraceId":"21974fce17608672568566521ef1d3","memo":"饲料不足，做任务获取饲料吧~","resultCode":"310","success":false}
19日 17:47:38.20 [小鸡家庭]: Check failed: [来源: task.antFarm.AntFarmFamily.familyShareToFriends:148 <- task.antFarm.AntFarmFamily.enterFamily:349 <- task.antFarm.AntFarmFamily.run:11 <- task.antFarm.AntFarm.runSuspend:1086] {"ariverRpcTraceId":"21974fce17608672573786564ef1d3","memo":"任务已完成","resultCode":"FAMILY48","success":false}
19日 17:51:55.46 [NewRpcBridge]: new rpc response1 | id: 134922903 | method: alipay.tiyubiz.wenti.walk.participate
 args: [{"bettingPoints":100,"guessInstanceId":"2025052011001031000501605799","guessResultId":"2025052011001031007301610705","newParticipant":false,"roundId":"2025052011001031006001566329","stepTimeZone":"Asia/Shanghai"}] |
 data: {"error":3000,"errorMessage":"系统出错，正在排查","errorNo":3,"errorTip":"3000"}
19日 17:51:55.47 [RequestManager]: 接口[alipay.tiyubiz.wenti.walk.participate]返回错误: 3000
19日 17:53:44.93 [小鸡家庭]: Check failed: [来源: task.antFarm.AntFarmFamily.familyFeedFriendAnimal:110 <- task.antFarm.AntFarmFamily.enterFamily:296 <- task.antFarm.AntFarmFamily.run:11 <- task.antFarm.AntFarm.runSuspend:1086] {"ariverRpcTraceId":"21974fce17608676241174731ef1d3","memo":"饲料不足，做任务获取饲料吧~","resultCode":"310","success":false}
19日 17:53:45.46 [小鸡家庭]: Check failed: [来源: task.antFarm.AntFarmFamily.familyFeedFriendAnimal:110 <- task.antFarm.AntFarmFamily.enterFamily:296 <- task.antFarm.AntFarmFamily.run:11 <- task.antFarm.AntFarm.runSuspend:1086] {"ariverRpcTraceId":"21974fce17608676246424771ef1d3","memo":"饲料不足，做任务获取饲料吧~","resultCode":"310","success":false}
19日 17:53:45.92 [小鸡家庭]: Check failed: [来源: task.antFarm.AntFarmFamily.familyShareToFriends:148 <- task.antFarm.AntFarmFamily.enterFamily:349 <- task.antFarm.AntFarmFamily.run:11 <- task.antFarm.AntFarm.runSuspend:1086] {"ariverRpcTraceId":"21974fce17608676251184812ef1d3","memo":"任务已完成","resultCode":"FAMILY48","success":false}
19日 17:55:08.67 [小鸡家庭]: Check failed: [来源: task.antFarm.AntFarmFamily.familyFeedFriendAnimal:110 <- task.antFarm.AntFarmFamily.enterFamily:296 <- task.antFarm.AntFarmFamily.run:11 <- task.antFarm.AntFarm.runSuspend:1086] {"ariverRpcTraceId":"21974fce17608677078422272ef1d3","memo":"饲料不足，做任务获取饲料吧~","resultCode":"310","success":false}
19日 17:55:09.19 [小鸡家庭]: Check failed: [来源: task.antFarm.AntFarmFamily.familyShareToFriends:148 <- task.antFarm.AntFarmFamily.enterFamily:349 <- task.antFarm.AntFarmFamily.run:11 <- task.antFarm.AntFarm.runSuspend:1086] {"ariverRpcTraceId":"21974fce17608677083712304ef1d3","memo":"任务已完成","resultCode":"FAMILY48","success":false}
19日 17:56:01.69 [小鸡家庭]: Check failed: [来源: task.antFarm.AntFarmFamily.familyFeedFriendAnimal:110 <- task.antFarm.AntFarmFamily.enterFamily:296 <- task.antFarm.AntFarmFamily.run:11 <- task.antFarm.AntFarm.runSuspend:1086] {"ariverRpcTraceId":"21974fce17608677608516256ef1d3","memo":"饲料不足，做任务获取饲料吧~","resultCode":"310","success":false}
19日 17:56:02.23 [小鸡家庭]: Check failed: [来源: task.antFarm.AntFarmFamily.familyShareToFriends:148 <- task.antFarm.AntFarmFamily.enterFamily:349 <- task.antFarm.AntFarmFamily.run:11 <- task.antFarm.AntFarm.runSuspend:1086] {"ariverRpcTraceId":"21974fce17608677613736283ef1d3","memo":"任务已完成","resultCode":"FAMILY48","success":false}
19日 17:57:53.57 [NewRpcBridge]: new rpc response1 | id: 170145361 | method: alipay.tiyubiz.wenti.walk.participate
 args: [{"bettingPoints":100,"guessInstanceId":"2025052011001031000501605799","guessResultId":"2025052011001031007301610705","newParticipant":false,"roundId":"2025052011001031006001566329","stepTimeZone":"Asia/Shanghai"}] |
 data: {"error":3000,"errorMessage":"系统出错，正在排查","errorNo":3,"errorTip":"3000"}
19日 17:57:53.57 [RequestManager]: 接口[alipay.tiyubiz.wenti.walk.participate]返回错误: 3000
19日 17:59:40.42 [小鸡家庭]: Check failed: [来源: task.antFarm.AntFarmFamily.familyFeedFriendAnimal:110 <- task.antFarm.AntFarmFamily.enterFamily:296 <- task.antFarm.AntFarmFamily.run:11 <- task.antFarm.AntFarm.runSuspend:1086] {"ariverRpcTraceId":"21974fce17608679796013636ef1d3","memo":"饲料不足，做任务获取饲料吧~","resultCode":"310","success":false}
19日 17:59:40.93 [小鸡家庭]: Check failed: [来源: task.antFarm.AntFarmFamily.familyShareToFriends:148 <- task.antFarm.AntFarmFamily.enterFamily:349 <- task.antFarm.AntFarmFamily.run:11 <- task.antFarm.AntFarm.runSuspend:1086] {"ariverRpcTraceId":"21974fce17608679801123679ef1d3","memo":"任务已完成","resultCode":"FAMILY48","success":false}
19日 18:01:19.60 [NewRpcBridge]: new rpc response1 | id: 94938774 | method: alipay.tiyubiz.wenti.walk.participate
 args: [{"bettingPoints":100,"guessInstanceId":"2025052011001031000501605799","guessResultId":"2025052011001031007301610705","newParticipant":false,"roundId":"2025052011001031006001566329","stepTimeZone":"Asia/Shanghai"}] |
 data: {"error":3000,"errorMessage":"系统出错，正在排查","errorNo":3,"errorTip":"3000"}
19日 18:01:19.61 [RequestManager]: 接口[alipay.tiyubiz.wenti.walk.participate]返回错误: 3000
19日 18:04:31.19 [NewRpcBridge]: new rpc response1 | id: 176912187 | method: alipay.tiyubiz.wenti.walk.participate
 args: [{"bettingPoints":100,"guessInstanceId":"2025052011001031000501605799","guessResultId":"2025052011001031007301610705","newParticipant":false,"roundId":"2025052011001031006001566329","stepTimeZone":"Asia/Shanghai"}] |
 data: {"error":3000,"errorMessage":"系统出错，正在排查","errorNo":3,"errorTip":"3000"}
19日 18:04:31.20 [RequestManager]: 接口[alipay.tiyubiz.wenti.walk.participate]返回错误: 3000
19日 18:06:09.79 [小鸡家庭]: Check failed: [来源: task.antFarm.AntFarmFamily.familyFeedFriendAnimal:110 <- task.antFarm.AntFarmFamily.enterFamily:296 <- task.antFarm.AntFarmFamily.run:11 <- task.antFarm.AntFarm.runSuspend:1086] {"ariverRpcTraceId":"21974fce17608683689481901ef1d3","memo":"饲料不足，做任务获取饲料吧~","resultCode":"310","success":false}
19日 18:06:10.28 [小鸡家庭]: Check failed: [来源: task.antFarm.AntFarmFamily.familyShareToFriends:148 <- task.antFarm.AntFarmFamily.enterFamily:349 <- task.antFarm.AntFarmFamily.run:11 <- task.antFarm.AntFarm.runSuspend:1086] {"ariverRpcTraceId":"21974fce17608683694491925ef1d3","memo":"任务已完成","resultCode":"FAMILY48","success":false}
19日 18:06:13.37 [NewRpcBridge]: new rpc response1 | id: 242682936 | method: alipay.tiyubiz.wenti.walk.participate
 args: [{"bettingPoints":100,"guessInstanceId":"2025052011001031000501605799","guessResultId":"2025052011001031007301610705","newParticipant":false,"roundId":"2025052011001031006001566329","stepTimeZone":"Asia/Shanghai"}] |
 data: {"error":3000,"errorMessage":"系统出错，正在排查","errorNo":3,"errorTip":"3000"}
19日 18:06:13.38 [RequestManager]: 接口[alipay.tiyubiz.wenti.walk.participate]返回错误: 3000
19日 18:08:02.49 [NewRpcBridge]: new rpc response1 | id: 171930074 | method: alipay.tiyubiz.wenti.walk.participate
 args: [{"bettingPoints":100,"guessInstanceId":"2025052011001031000501605799","guessResultId":"2025052011001031007301610705","newParticipant":false,"roundId":"2025052011001031006001566329","stepTimeZone":"Asia/Shanghai"}] |
 data: {"error":3000,"errorMessage":"系统出错，正在排查","errorNo":3,"errorTip":"3000"}
19日 18:08:02.50 [RequestManager]: 接口[alipay.tiyubiz.wenti.walk.participate]返回错误: 3000
19日 18:18:35.17 [NewRpcBridge]: new rpc response1 | id: 234588168 | method: alipay.antforest.forest.h5.startEnergyRain
 args: [{"version":"20250813"}] |
 data: {"error":1009,"errorMessage":"为保障您的正常访问，请进行验证后继续。","errorNo":3,"errorTip":"1009"}
19日 18:18:35.20 [NewRpcBridge]: RPC返回null | 方法: alipay.antforest.forest.h5.startEnergyRain | 原因: 网络错误: 1009/为保障您的正常访问，请进行验证后继续。 | 重试: 1
19日 18:18:35.21 [EnergyRain]: Throwable error: org.json.JSONException: End of input at character 0 of 
	at org.json.JSONTokener.syntaxError(JSONTokener.java:460)
	at org.json.JSONTokener.nextValue(JSONTokener.java:101)
	at org.json.JSONObject.<init>(JSONObject.java:165)
	at org.json.JSONObject.<init>(JSONObject.java:182)
	at fansirsqi.xposed.sesame.task.antForest.EnergyRainCoroutine.startEnergyRain(SourceFile:111)
	at fansirsqi.xposed.sesame.task.antForest.EnergyRainCoroutine.energyRain(SourceFile:226)
	at fansirsqi.xposed.sesame.task.antForest.EnergyRainCoroutine.access$energyRain(SourceFile:1)
	at fansirsqi.xposed.sesame.task.antForest.EnergyRainCoroutine$energyRain$1.invokeSuspend(Unknown Source:11)
	at kotlin.coroutines.jvm.internal.BaseContinuationImpl.resumeWith(SourceFile:9)
	at Z2.x.r(SourceFile:58)
	at kotlinx.coroutines.b.n(SourceFile:113)
	at kotlinx.coroutines.b.y(SourceFile:33)
	at kotlinx.coroutines.b.z(SourceFile:26)
	at Z2.J.run(SourceFile:5)
	at Z2.N.C(SourceFile:77)
	at Z2.x.s(SourceFile:101)
	at Z2.x.t(SourceFile:3)
	at fansirsqi.xposed.sesame.task.antForest.EnergyRainCoroutine.execEnergyRainCompat(SourceFile:7)
	at fansirsqi.xposed.sesame.task.antForest.AntForest.runSuspend(SourceFile:70)
	at fansirsqi.xposed.sesame.task.antForest.AntForest$runSuspend$1.invokeSuspend(Unknown Source:11)
	at kotlin.coroutines.jvm.internal.BaseContinuationImpl.resumeWith(SourceFile:9)
	at Z2.p0.q(SourceFile:27)
	at Z2.a.resumeWith(SourceFile:23)
	at kotlin.coroutines.jvm.internal.BaseContinuationImpl.resumeWith(SourceFile:41)
	at Z2.p0.q(SourceFile:27)
	at Z2.a.resumeWith(SourceFile:23)
	at kotlin.coroutines.jvm.internal.BaseContinuationImpl.resumeWith(SourceFile:41)
	at Z2.E.run(SourceFile:127)
	at e3.b.run(SourceFile:127)

19日 18:19:32.37 [小鸡家庭]: Check failed: [来源: task.antFarm.AntFarmFamily.familyFeedFriendAnimal:110 <- task.antFarm.AntFarmFamily.enterFamily:296 <- task.antFarm.AntFarmFamily.run:11 <- task.antFarm.AntFarm.runSuspend:1086] {"ariverRpcTraceId":"21902c0e17608691715405264e3e81","memo":"饲料不足，做任务获取饲料吧~","resultCode":"310","success":false}
19日 18:19:32.88 [小鸡家庭]: Check failed: [来源: task.antFarm.AntFarmFamily.familyFeedFriendAnimal:110 <- task.antFarm.AntFarmFamily.enterFamily:296 <- task.antFarm.AntFarmFamily.run:11 <- task.antFarm.AntFarm.runSuspend:1086] {"ariverRpcTraceId":"21902c0e17608691720435281e3e81","memo":"饲料不足，做任务获取饲料吧~","resultCode":"310","success":false}
19日 18:19:33.36 [小鸡家庭]: Check failed: [来源: task.antFarm.AntFarmFamily.familyShareToFriends:148 <- task.antFarm.AntFarmFamily.enterFamily:349 <- task.antFarm.AntFarmFamily.run:11 <- task.antFarm.AntFarm.runSuspend:1086] {"ariverRpcTraceId":"21902c0e17608691725385303e3e81","memo":"任务已完成","resultCode":"FAMILY48","success":false}
19日 18:20:04.00 [NewRpcBridge]: new rpc response1 | id: 120803018 | method: alipay.antdodo.rpc.h5.consumeProp
 args: [{"propId":"1q721yx19xufwy16m492s1xd1a1h9900","propType":"UNIVERSAL_CARD_7_DAYS"}] |
 data: {"error":1009,"errorMessage":"为保障您的正常访问，请进行验证后继续。","errorNo":3,"errorTip":"1009"}
19日 18:20:04.02 [NewRpcBridge]: RPC返回null | 方法: alipay.antdodo.rpc.h5.consumeProp | 原因: 网络错误: 1009/为保障您的正常访问，请进行验证后继续。 | 重试: 1
19日 18:20:04.03 [AntDodo]: Throwable error: org.json.JSONException: End of input at character 0 of 
	at org.json.JSONTokener.syntaxError(JSONTokener.java:460)
	at org.json.JSONTokener.nextValue(JSONTokener.java:101)
	at org.json.JSONObject.<init>(JSONObject.java:165)
	at org.json.JSONObject.<init>(JSONObject.java:182)
	at fansirsqi.xposed.sesame.task.antDodo.AntDodo.propList(SourceFile:108)
	at fansirsqi.xposed.sesame.task.antDodo.AntDodo.runJava(SourceFile:29)
	at fansirsqi.xposed.sesame.task.ModelTask.runSuspend$suspendImpl(SourceFile:1)
	at fansirsqi.xposed.sesame.task.ModelTask.runSuspend(SourceFile:1)
	at fansirsqi.xposed.sesame.task.ModelTask.run(SourceFile:1)
	at fansirsqi.xposed.sesame.task.ModelTask.executeSequential(SourceFile:92)
	at fansirsqi.xposed.sesame.task.ModelTask.executeMultiRoundTask(SourceFile:143)
	at fansirsqi.xposed.sesame.task.ModelTask.access$executeMultiRoundTask(SourceFile:1)
	at fansirsqi.xposed.sesame.task.ModelTask$startTask$1.invokeSuspend(SourceFile:258)
	at kotlin.coroutines.jvm.internal.BaseContinuationImpl.resumeWith(SourceFile:9)
	at Z2.E.run(SourceFile:127)
	at e3.b.run(SourceFile:127)

19日 18:20:10.30 [NewRpcBridge]: new rpc response1 | id: 160549705 | method: alipay.tiyubiz.wenti.walk.participate
 args: [{"bettingPoints":100,"guessInstanceId":"2025052011001031000501605799","guessResultId":"2025052011001031007301610705","newParticipant":false,"roundId":"2025052011001031006001566329","stepTimeZone":"Asia/Shanghai"}] |
 data: {"error":3000,"errorMessage":"系统出错，正在排查","errorNo":3,"errorTip":"3000"}
19日 18:20:10.31 [RequestManager]: 接口[alipay.tiyubiz.wenti.walk.participate]返回错误: 3000
19日 18:21:45.04 [小鸡家庭]: Check failed: [来源: task.antFarm.AntFarmFamily.familyFeedFriendAnimal:110 <- task.antFarm.AntFarmFamily.enterFamily:296 <- task.antFarm.AntFarmFamily.run:11 <- task.antFarm.AntFarm.runSuspend:1086] {"ariverRpcTraceId":"21902c0e17608693042205113e3e81","memo":"饲料不足，做任务获取饲料吧~","resultCode":"310","success":false}
19日 18:21:45.54 [小鸡家庭]: Check failed: [来源: task.antFarm.AntFarmFamily.familyFeedFriendAnimal:110 <- task.antFarm.AntFarmFamily.enterFamily:296 <- task.antFarm.AntFarmFamily.run:11 <- task.antFarm.AntFarm.runSuspend:1086] {"ariverRpcTraceId":"21902c0e17608693047255149e3e81","memo":"饲料不足，做任务获取饲料吧~","resultCode":"310","success":false}
19日 18:21:46.04 [小鸡家庭]: Check failed: [来源: task.antFarm.AntFarmFamily.familyShareToFriends:148 <- task.antFarm.AntFarmFamily.enterFamily:349 <- task.antFarm.AntFarmFamily.run:11 <- task.antFarm.AntFarm.runSuspend:1086] {"ariverRpcTraceId":"21902c0e17608693052355179e3e81","memo":"任务已完成","resultCode":"FAMILY48","success":false}
19日 18:21:53.94 [AlipayAutoLauncher]: ⚠️ 支付宝未安装，无法自动唤醒
19日 18:21:53.94 [AlipayAutoLauncher]:    检测详情: 检测失败: com.eg.android.AlipayGphone
19日 18:22:16.67 [NewRpcBridge]: new rpc response1 | id: 37077646 | method: alipay.antdodo.rpc.h5.consumeProp
 args: [{"propId":"1q721yx19xufwy16m492s1xd1a1h9900","propType":"UNIVERSAL_CARD_7_DAYS"}] |
 data: {"error":1009,"errorMessage":"为保障您的正常访问，请进行验证后继续。","errorNo":3,"errorTip":"1009"}
19日 18:22:16.68 [NewRpcBridge]: RPC返回null | 方法: alipay.antdodo.rpc.h5.consumeProp | 原因: 网络错误: 1009/为保障您的正常访问，请进行验证后继续。 | 重试: 1
19日 18:24:28.23 [NewRpcBridge]: new rpc response1 | id: 207408294 | method: alipay.tiyubiz.wenti.walk.participate
 args: [{"bettingPoints":100,"guessInstanceId":"2025052011001031000501605799","guessResultId":"2025052011001031007301610705","newParticipant":false,"roundId":"2025052011001031006001566329","stepTimeZone":"Asia/Shanghai"}] |
 data: {"error":3000,"errorMessage":"系统出错，正在排查","errorNo":3,"errorTip":"3000"}
19日 18:24:28.32 [RequestManager]: 接口[alipay.tiyubiz.wenti.walk.participate]返回错误: 3000
19日 18:26:20.05 [小鸡家庭]: Check failed: [来源: task.antFarm.AntFarmFamily.familyShareToFriends:148 <- task.antFarm.AntFarmFamily.enterFamily:349 <- task.antFarm.AntFarmFamily.run:11 <- task.antFarm.AntFarm.runSuspend:1086] {"ariverRpcTraceId":"21902c0e17608695792044822e3e81","memo":"任务已完成","resultCode":"FAMILY48","success":false}
19日 18:27:25.06 [小鸡家庭]: Check failed: [来源: task.antFarm.AntFarmFamily.familyShareToFriends:148 <- task.antFarm.AntFarmFamily.enterFamily:349 <- task.antFarm.AntFarmFamily.run:11 <- task.antFarm.AntFarm.runSuspend:1086] {"ariverRpcTraceId":"21902c0e17608696442207947e3e81","memo":"任务已完成","resultCode":"FAMILY48","success":false}
19日 18:28:39.26 [NewRpcBridge]: new rpc response1 | id: 58530669 | method: alipay.tiyubiz.wenti.walk.participate
 args: [{"bettingPoints":100,"guessInstanceId":"2025052011001031000501605799","guessResultId":"2025052011001031007301610705","newParticipant":false,"roundId":"2025052011001031006001566329","stepTimeZone":"Asia/Shanghai"}] |
 data: {"error":3000,"errorMessage":"系统出错，正在排查","errorNo":3,"errorTip":"3000"}
19日 18:28:40.28 [RequestManager]: 接口[alipay.tiyubiz.wenti.walk.participate]返回错误: 3000
19日 18:30:23.02 [NewRpcBridge]: new rpc response1 | id: 125018874 | method: alipay.tiyubiz.wenti.walk.participate
 args: [{"bettingPoints":100,"guessInstanceId":"2025052011001031000501605799","guessResultId":"2025052011001031007301610705","newParticipant":false,"roundId":"2025052011001031006001566329","stepTimeZone":"Asia/Shanghai"}] |
 data: {"error":3000,"errorMessage":"系统出错，正在排查","errorNo":3,"errorTip":"3000"}
19日 18:30:23.23 [RequestManager]: 接口[alipay.tiyubiz.wenti.walk.participate]返回错误: 3000
