19日 13:34:44.74 [RpcErrorHandler]: ========== RPC接口统计报告 ==========
生成时间: 19日13:34:44

📊 接口调用统计 (前10，按失败次数排序):
  - alipay.tiyubiz.sports.userTaskGroup.query:
    总调用: 18, 成功: 6, 失败: 12
    成功率: 33.33%
  - alipay.antsports.walk.charity.queryProjectList:
    总调用: 6, 成功: 2, 失败: 4
    成功率: 33.33%
  - alipay.tiyubiz.user.asset.query.account:
    总调用: 6, 成功: 2, 失败: 4
    成功率: 33.33%
  - alipay.antdodo.rpc.h5.queryAnimalStatus:
    总调用: 6, 成功: 2, 失败: 4
    成功率: 33.33%
  - alipay.antdodo.rpc.h5.queryFriend:
    总调用: 6, 成功: 2, 失败: 4
    成功率: 33.33%
  - com.alipay.antfarm.orchardIndex:
    总调用: 8, 成功: 4, 失败: 4
    成功率: 50.00%
  - com.alipay.antstall.self.home:
    总调用: 6, 成功: 2, 失败: 4
    成功率: 33.33%
  - com.alipay.sportsplay.biz.rpc.walk.queryUser:
    总调用: 6, 成功: 2, 失败: 4
    成功率: 33.33%
  - alipay.antdodo.rpc.h5.propList:
    总调用: 6, 成功: 2, 失败: 4
    成功率: 33.33%
  - alipay.antmember.biz.rpc.membertask.h5.queryAllStatusTaskList:
    总调用: 6, 成功: 2, 失败: 4
    成功率: 33.33%

⚙️ 当前并发配置: 60
建议并发数: 40

19日 14:02:40.91 [CoroutineTaskRunner]: 📍 第1轮任务进度: 8/8 - 会员
19日 14:02:40.91 [CoroutineTaskRunner]: 🚀 开始执行任务[会员-Round1]，超时设置: 600秒
19日 14:02:40.91 [CoroutineTaskRunner]: 🎯 启动模块[会员]第1轮执行...
19日 14:02:40.92 [ModelTask]: 开始执行第1轮任务: 会员
19日 14:02:40.92 [AntMember]: 执行开始-会员
19日 14:02:42.40 会员签到📅[4积分]#已签到4天
19日 14:02:45.99 [AntMember]: 芝麻信用💳[待完成任务]#开始处理(0个)
19日 14:02:45.99 [AntMember]: 芝麻信用💳[待加入任务]#开始处理(4个)
19日 14:02:46.87 [AntMember]: 芝麻信用💳[完成任务坚持领积分]#(1/1天)
19日 14:02:47.98 [AntMember]: 芝麻信用💳[完成任务坚持逛会场]#(1/1天)
19日 14:02:48.90 [AntMember]: 芝麻信用💳[完成任务坚持攒保障失败]#{"ariverRpcTraceId":"21bbe2b717608537678627416eda07","resultCode":"ILLEGAL_ARGUMENT","resultView":"参数[promiseActivityExtCheck]不是有效的入参","success":false,"traceId":"21bbe2b717608537678627416eda07"}
19日 14:02:48.90 [AntMember]: 芝麻信用💳[跳过黑名单任务]#去AQ提问
19日 14:02:48.91 [AntMember]: 芝麻信用💳[toCompleteVOS任务]#开始处理(12个)
19日 14:02:49.44 [AntMember]: 芝麻信用💳[领取任务坚持领支付宝积分失败]#{"ariverRpcTraceId":"21bbe2b717608537683737449eda07","resultCode":"PROMISE_TODAY_FINISH_TIMES_LIMIT","resultView":"当天完成任务次数超过限制，请隔天再加入","success":false,"traceId":"21bbe2b717608537683737449eda07"}
19日 14:02:50.52 [AntMember]: 芝麻信用💳[完成任务逛一逛芝麻树]#(1/1天)
19日 14:02:50.93 [CoroutineTaskRunner]: 🔄 模块[会员]第1轮运行中... 已执行10秒
19日 14:02:51.00 [AntMember]: 芝麻信用💳[领取任务去浏览租赁会场失败]#{"ariverRpcTraceId":"21bbe2b717608537699007615eda07","resultCode":"PROMISE_TODAY_FINISH_TIMES_LIMIT","resultView":"当天完成任务次数超过限制，请隔天再加入","success":false,"traceId":"21bbe2b717608537699007615eda07"}
19日 14:02:51.00 [AntMember]: 芝麻信用💳[跳过黑名单任务]#去AQapp提问1次
19日 14:02:51.00 [AntMember]: 芝麻信用💳[跳过黑名单任务]#坚持去玩休闲小游戏
19日 14:02:52.04 [AntMember]: 芝麻信用💳[完成任务坚持逛福气鱼塘]#(1/1天)
19日 14:02:52.04 [AntMember]: 芝麻信用💳[跳过黑名单任务]#坚持攒保障金
19日 14:02:53.10 [AntMember]: 芝麻信用💳[完成任务坚持逛双11会场]#(1/1天)
19日 14:02:53.10 [AntMember]: 芝麻信用💳[跳过黑名单任务]#坚持看直播领福利
19日 14:02:53.10 [AntMember]: 芝麻信用💳[跳过黑名单任务]#芝麻租赁下单得芝麻粒
19日 14:02:54.12 [AntMember]: 芝麻信用💳[完成任务去饿了么抛竿钓鱼]#(1/1天)
19日 14:02:54.13 [AntMember]: 芝麻信用💳[跳过黑名单任务]#浏览租赁商家小程序
19日 14:02:54.13 [AntMember]: 芝麻信用💳[任务处理完成]#总任务:16个, 完成:6个, 跳过:10个
19日 14:02:54.13 [AntMember]: 芝麻信用💳[已全部完成任务，临时关闭]
19日 14:02:59.57 芝麻信用💳[任务奖励]#3粒(一键收取)
19日 14:02:59.57 芝麻信用💳[任务奖励]#4粒(一键收取)
19日 14:02:59.57 芝麻信用💳[任务奖励]#6粒(一键收取)
19日 14:02:59.57 芝麻信用💳[任务奖励]#6粒(一键收取)
19日 14:02:59.58 芝麻信用💳[任务奖励]#8粒(一键收取)
19日 14:02:59.58 芝麻信用💳[任务奖励]#10粒(一键收取)
19日 14:02:59.58 [AntMember]: 执行结束-会员
19日 14:02:59.59 [ModelTask]: 任务 会员 完成，总耗时: 18669ms
19日 14:02:59.59 [ModelTask]: 任务执行统计 - 总耗时: 18669ms, 成功: 1, 失败: 0, 跳过: 0
19日 14:02:59.60 [CoroutineTaskRunner]: ✅ 模块[会员]第1轮执行成功，耗时: 18684ms
19日 14:02:59.60 [CoroutineTaskRunner]: ✅ 任务[会员-Round1]执行完成，耗时: 18690ms
19日 14:02:59.60 [CoroutineTaskRunner]: ✅ 第1/2轮任务完成，耗时: 517296ms
19日 14:02:59.61 [CoroutineTaskRunner]: 🔄 开始顺序执行第2/2轮任务，共8个启用任务
19日 14:02:59.61 [CoroutineTaskRunner]: 📍 第2轮任务进度: 1/8 - 森林
19日 14:02:59.61 [CoroutineTaskRunner]: 🚀 开始执行任务[森林-Round2]，超时设置: 600秒
19日 14:02:59.61 [CoroutineTaskRunner]: 🎯 启动模块[森林]第2轮执行...
19日 14:02:59.62 [ModelTask]: 开始执行第1轮任务: 森林
19日 14:02:59.62 [AntForest]: 🌲🌲🌲 森林主任务开始执行 🌲🌲🌲
19日 14:02:59.63 [AntForest]: 执行开始-蚂蚁森林
19日 14:02:59.93 [AntForest]: ========================
查询道具状态 耗时: 302 ms
19日 14:02:59.93 [AntForest]: ========================
使用自己道具卡 耗时: 5 ms
19日 14:02:59.94 [AntForest]: 开始处理PK排行榜...
19日 14:03:00.17 [AntForest]: 成功获取PK排行榜数据，共发现0位好友。
19日 14:03:00.17 [AntForest]: ========================
获取PK排行榜 耗时: 234 ms
19日 14:03:00.18 [AntForest]: ========================
收PK好友能量（同步） 耗时: 244 ms
19日 14:03:00.18 [AntForest]: 🌳 【正常流程】开始收取自己的能量...
19日 14:03:00.55 [AntForest]: ========================
获取自己主页对象信息 耗时: 365 ms
19日 14:03:00.58 [AntForest]: ✅ 【正常流程】收取自己的能量完成
19日 14:03:00.58 [AntForest]: ========================
收取自己的能量 耗时: 38 ms
19日 14:03:00.58 [AntForest]: 找能量功能冷却中，还需等待 6分26秒 (动态冷却20分钟)
19日 14:03:00.59 [AntForest]: ========================
找能量收取（协程） 耗时: 6 ms
19日 14:03:00.59 [AntForest]: 开始处理好友排行榜...
19日 14:03:00.84 [AntForest]: 成功获取好友排行榜数据，共发现74位好友。
19日 14:03:00.84 [AntForest]: ========================
获取好友排行榜 耗时: 246 ms
19日 14:03:00.84 [AntForest]: 开始处理好友排行榜前20位好友...
19日 14:03:00.84 [AntForest]: 📋 开始处理20个好友排行榜前20位（并发数:60）
19日 14:03:00.85 [AntForest]: 👥 湘江₈₅₁| | 青玄|*立超 | ARS|*福宁 | xy8689| | 道见百山|*丰 | allen|*彦笛 | 库多多服装厂|*兆东 | 文宣| | 熊天天| | 新佳源环保工程有限公司| | 陈肇梁|*肇梁 | 风清云淡|*增强 | pantylor|*忠跳 | 一门|*金雄 | foreverloveyou| | 李承酉|*承酉 | 逍遥鱼|*宁帆 | 唐树权东山起粉丝经济赶谷榜壹美云|*树权 | Red| | ༺ༀ༂࿅无࿆风࿅࿆ༀ༂༻767|*伟
19日 14:03:01.44 [AntForest]: ⏭️ 跳过好友蹲点[青玄|*立超]球[4000363948]：保护罩覆盖整个成熟期(保护还剩17h，能量20日07:36:09成熟)
19日 14:03:01.45 [AntForest]: ⏭️ 跳过好友蹲点[青玄|*立超]球[4000364035]：保护罩覆盖整个成熟期(保护还剩17h，能量20日07:36:10成熟)
19日 14:03:02.69 [ForestUtil]: ⚠️ [陈肇梁|*肇梁] 手速太快！第1次异常，休息2分钟，下次暂不处理
19日 14:03:02.69 [ForestUtil]: ⚠️ [文宣|] 手速太快！第1次异常，休息2分钟，下次暂不处理
19日 14:03:02.70 [ForestUtil]: [pantylor|*忠跳] 冷却期结束，恢复正常处理
19日 14:03:02.94 [ForestUtil]: [foreverloveyou|] 冷却期结束，恢复正常处理
19日 14:03:04.65 普通收取🌿1g[逍遥鱼|*宁帆]耗时[240]ms
19日 14:03:04.66 [AntForest]: ✅ 好友排行榜前20位处理完成，耗时3805ms，平均190ms/人

19日 14:08:14.83 [AntSports]: 行走路线🚶🏿‍♂️未加入任何路线，尝试加入新路线
19日 14:08:16.84 [AntSports]: 行走路线🚶🏻‍♂️路线[p0002019052700000001]有误，无法加入！
19日 14:08:16.85 [AntSports]: ========================
行走 耗时: 2572 ms
19日 14:08:17.44 [AntSports]: ========================
捐能量🎈 耗时: 589 ms
19日 14:08:18.48 [AntSports]: ========================
查询任务 耗时: 1044 ms
19日 14:08:18.99 [AntSports]: ========================
userTaskRightsReceive 耗时: 514 ms
19日 14:08:20.43 [AntSports]: ========================
pathFeatureQuery 耗时: 1434 ms
19日 14:08:21.04 [CoroutineTaskRunner]: 🔄 模块[运动]第2轮运行中... 已执行220秒
19日 14:08:21.94 [AntSports]: 走路挑战赛 {"error":3000,"errorMessage":"系统出错，正在排查","errorNo":3,"errorTip":"3000"}
19日 14:08:21.95 [AntSports]: ========================
文体中心 耗时: 1521 ms
19日 14:08:22.43 [AntSports]: ========================
收能量🎈 耗时: 486 ms
19日 14:08:22.44 [AntSports]: ========================
AntSports 耗时: 221795 ms ()
19日 14:08:22.44 [AntSports]: 执行结束-运动
19日 14:08:22.44 [ModelTask]: 任务 运动 完成，总耗时: 221806ms
19日 14:08:22.45 [ModelTask]: 任务执行统计 - 总耗时: 221806ms, 成功: 1, 失败: 0, 跳过: 0
19日 14:08:44.35 [RpcErrorHandler]: ========== RPC接口统计报告 ==========
生成时间: 19日14:08:44

📊 接口调用统计 (前10，按失败次数排序):
  - alipay.tiyubiz.wenti.walk.participate:
    总调用: 2, 成功: 0, 失败: 2
    成功率: 0.00%
  - com.alipay.antorchard.extraInfoSet:
    总调用: 1, 成功: 1, 失败: 0
    成功率: 100.00%
  - taskFeedback:
    总调用: 2, 成功: 2, 失败: 0
    成功率: 100.00%
  - com.alipay.antfarm.orchardSign:
    总调用: 1, 成功: 1, 失败: 0
    成功率: 100.00%
  - alipay.antsports.walk.charity.queryProjectList:
    总调用: 2, 成功: 2, 失败: 0
    成功率: 100.00%
  - alipay.antocean.ocean.h5.queryHomePage:
    总调用: 2, 成功: 2, 失败: 0
    成功率: 100.00%
  - alipay.tiyubiz.user.asset.query.account:
    总调用: 2, 成功: 2, 失败: 0
    成功率: 100.00%
  - com.alipay.antfarm.enterDrawMachine:
    总调用: 2, 成功: 2, 失败: 0
    成功率: 100.00%
  - alipay.antocean.ocean.h5.combineFish:
    总调用: 1, 成功: 1, 失败: 0
    成功率: 100.00%
  - com.alipay.antiep.canInvitePersonListP2P:
    总调用: 2, 成功: 2, 失败: 0
    成功率: 100.00%

⚙️ 当前并发配置: 60
建议并发数: 60

=====================================

19日 14:10:49.94 [ApplicationHook]: 芝麻粒-TK 开始初始化...
19日 14:10:49.94 [VersionLogger]: ═══════════════ 版本信息 ═══════════════
19日 14:10:49.95 [VersionLogger]: 📦 芝麻粒版本: v0.3.0.自用版rc24-beta
19日 14:10:49.96 [VersionLogger]: 🏗️ 构建类型: release
19日 14:10:49.96 [VersionLogger]: ⏰ 构建时间: 2025-10-19 13:44:27
19日 14:10:49.96 [VersionLogger]: 💰 支付宝版本: 10.7.86.8000 (3170)
19日 14:10:49.96 [VersionLogger]: 🤖 Android版本: 11 (API 30)
19日 14:10:49.97 [VersionLogger]: 📱 设备型号: Xiaomi Redmi K20 Pro
19日 14:10:49.97 [VersionLogger]: ═══════════════════════════════════════
19日 14:10:49.98 [VersionLogger]: ✅ 版本兼容性检查通过
19日 14:10:49.98 [ApplicationHook]: ⚙️模块版本：v0.3.0.自用版rc24-beta
19日 14:10:49.98 [ApplicationHook]: 📦应用版本：10.7.86.8000
19日 14:10:49.99 [ApplicationHook]: 📶网络类型：WIFI
19日 14:10:49.99 [Config]: 开始加载配置
19日 14:10:50.00 [Config]: 加载配置: 機風
19日 14:10:50.08 [Config]: 格式化配置成功:/storage/emulated/0/Android/media/com.eg.android.AlipayGphone/sesame-TK/config/2088632752200481/config_v2.json
19日 14:10:50.13 [ApplicationHook]: 🚀 启动智能调度器
19日 14:10:50.14 [SmartScheduler]: 🚀 启动智能定时调度器
19日 14:10:50.14 [SmartScheduler]: ✅ 智能调度器已启动，定时启动时间: 00:00, 00:05, 06:58, 11:58, 16:58
19日 14:10:50.15 [ApplicationHook]: 🏥 启动任务健康监控器
19日 14:10:50.15 [TaskHealthMonitor]: ✅ 任务健康监控器已启动
19日 14:10:50.22 [AntForest]: 查询间隔原始设置值: [500-800]
19日 14:10:50.23 [AntForest]: 查询间隔成功创建区间限制
19日 14:10:50.23 [AntForest]: 收取间隔原始设置值: [500-800]
19日 14:10:50.24 [AntForest]: 收取间隔成功创建区间限制
19日 14:10:50.24 [AntForest]: 双击间隔原始设置值: [50-150]
19日 14:10:50.24 [AntForest]: 双击间隔成功创建区间限制
19日 14:10:50.25 [AntForestRpcCall]: 当前支付宝版本: 10.7.86.8000
19日 14:10:50.25 [AntForestRpcCall]: 使用API版本: 20250813
19日 14:10:50.26 [EnergyWaitingManager]: 精确能量球蹲点管理器已初始化（支持持久化）
19日 14:10:50.26 [EnergyWaitingManager]: 已设置能量收取回调
19日 14:10:50.39 芝麻粒-TK 加载成功✨
19日 14:10:50.40 [ApplicationHook]: ▶️ 首次手动触发，开始运行
19日 14:10:50.41 [CoroutineTaskRunner]: 初始化协程任务执行器，共发现 12 个任务
19日 14:10:50.41 [CoroutineTaskRunner]: ⚙️ 任务执行配置：传入2轮，BaseModel配置2轮（用户可在基础设置中调整）
19日 14:10:50.42 [CoroutineTaskRunner]: 🔄 开始顺序执行第1/2轮任务，共8个启用任务
19日 14:10:50.42 [CoroutineTaskRunner]: 📍 第1轮任务进度: 1/8 - 森林
19日 14:10:50.42 [CoroutineTaskRunner]: 🚀 开始执行任务[森林-Round1]，超时设置: 600秒
19日 14:10:50.43 [CoroutineTaskRunner]: 🎯 启动模块[森林]第1轮执行...
19日 14:10:50.45 [ModelTask]: 开始执行第1轮任务: 森林
19日 14:10:50.45 [AntForest]: 🌲🌲🌲 森林主任务开始执行 🌲🌲🌲
19日 14:10:50.46 [AntForest]: 任务计数器已重置
19日 14:10:50.46 [AntForest]: ✅ 检测到新的一天[2025年10月19日]，重置计数器
19日 14:10:50.47 [AntForest]: 执行开始-蚂蚁森林
1
19日 14:16:39.59 [AntSports]: 行走路线🚶🏿‍♂️未加入任何路线，尝试加入新路线
19日 14:16:41.61 [AntSports]: 行走路线🚶🏻‍♂️路线[p0002019052700000001]有误，无法加入！

19日 14:16:45.46 [CoroutineTaskRunner]: 🔄 模块[运动]第1轮运行中... 已执行230秒
19日 14:16:46.73 [AntSports]: 走路挑战赛 {"error":3000,"errorMessage":"系统出错，正在排查","errorNo":3,"errorTip":"3000"}
19日 14:16:46.74 [AntSports]: ========================
文体中心 耗时: 1520 ms
19日 14:16:47.27 [AntSports]: ========================
收能量🎈 耗时: 531 ms
19日 14:16:47.27 [AntSports]: ========================
AntSports 耗时: 232274 ms ()
19日 14:16:47.27 [AntSports]: 执行结束-运动
19日 14:16:47.27 [ModelTask]: 任务 运动 完成，总耗时: 232284ms
19日 14:16:47.28 [ModelTask]: 任务执行统计 - 总耗时: 232284ms, 成功: 1, 失败: 0, 跳过: 0
19日 14:16:47.28 [CoroutineTaskRunner]: ✅ 模块[运动]第1轮执行成功，耗时: 232297ms
19日 14:16:47.28 [CoroutineTaskRunner]: ✅ 任务[运动-Round1]执行完成，耗时: 232302ms

19日 14:16:55.61 [AntStall]: 找到 1 个空闲小摊，开始寻找好友村庄...
19日 14:16:56.55 [AntStall]: 已在[null]家摆摊，跳过
19日 14:16:56.55 [AntStall]: ========================
摆摊 耗时: 1449 ms
19日 14:16:57.09 [AntStall]: 开始检查 14 个新村任务...
19日 14:16:58.40 [AntStall]: ========================
自动任务第一次 耗时: 1844 ms
19日 14:16:59.10 [AntStall]: 开始检查 14 个新村任务...
19日 14:17:00.42 [AntStall]: ========================
自动任务第二次 耗时: 2022 ms
19日 14:17:00.42 [AntStall]: 未设置新村助力好友列表。
19日 14:17:00.42 [AntStall]: ========================
新村助力 耗时: 7 ms
19日 14:17:01.41 [AntStall]: ========================
自动捐赠 耗时: 986 ms
19日 14:17:01.60 [AntStall]: 今日已进入[海浪村]，跳过重复打印。
19日 14:17:01.60 [AntStall]: ========================
自动进入下一村 耗时: 194 ms
19日 14:17:01.61 [AntStall]: 执行结束-新村
19日 14:17:01.61 [ModelTask]: 任务 新村 完成，总耗时: 8032ms
19日 14:17:01.61 [ModelTask]: 任务执行统计 - 总耗时: 8032ms, 成功: 1, 失败: 0, 跳过: 0
19日 14:17:01.62 [CoroutineTaskRunner]: ✅ 模块[新村]第1轮执行成功，耗时: 8043ms
19日 14:17:01.62 [CoroutineTaskRunner]: ✅ 任务[新村-Round1]执行完成，耗时: 8048ms
19日 14:17:01.62 [CoroutineTaskRunner]: 📍 第1轮任务进度: 8/8 - 会员
19日 14:17:01.63 [CoroutineTaskRunner]: 🚀 开始执行任务[会员-Round1]，超时设置: 600秒
19日 14:17:01.63 [CoroutineTaskRunner]: 🎯 启动模块[会员]第1轮执行...
19日 14:17:01.63 [ModelTask]: 开始执行第1轮任务: 会员
19日 14:17:01.64 [AntMember]: 执行开始-会员
19日 14:17:06.07 [AntMember]: 芝麻信用💳[待完成任务]#开始处理(1个)
19日 14:17:06.47 [AntMember]: 芝麻信用💳[完成任务坚持攒保障失败]#{"ariverRpcTraceId":"0b426ea917608546254124559e437e","resultCode":"ILLEGAL_ARGUMENT","resultView":"参数[promiseActivityExtCheck]不是有效的入参","success":false,"traceId":"0b426ea917608546254124559e437e"}
19日 14:17:06.48 [AntMember]: 芝麻信用💳[待加入任务]#开始处理(1个)
19日 14:17:06.48 [AntMember]: 芝麻信用💳[跳过黑名单任务]#去AQ提问
19日 14:17:06.48 [AntMember]: 芝麻信用💳[toCompleteVOS任务]#开始处理(6个)
19日 14:17:06.49 [AntMember]: 芝麻信用💳[跳过黑名单任务]#坚持攒保障金
19日 14:17:06.49 [AntMember]: 芝麻信用💳[跳过黑名单任务]#去AQapp提问1次
19日 14:17:06.49 [AntMember]: 芝麻信用💳[跳过黑名单任务]#坚持去玩休闲小游戏
19日 14:17:06.49 [AntMember]: 芝麻信用💳[跳过黑名单任务]#坚持看直播领福利
19日 14:17:06.49 [AntMember]: 芝麻信用💳[跳过黑名单任务]#芝麻租赁下单得芝麻粒
19日 14:17:06.50 [AntMember]: 芝麻信用💳[跳过黑名单任务]#浏览租赁商家小程序
19日 14:17:06.50 [AntMember]: 芝麻信用💳[任务处理完成]#总任务:8个, 完成:0个, 跳过:8个
19日 14:17:06.50 [AntMember]: 芝麻信用💳[已全部完成任务，临时关闭]
19日 14:17:11.65 [CoroutineTaskRunner]: 🔄 模块[会员]第1轮运行中... 已执行10秒
19日 14:17:11.75 [AntMember]: 执行结束-会员
19日 14:17:11.76 [ModelTask]: 任务 会员 完成，总耗时: 10126ms
19日 14:17:11.76 [ModelTask]: 任务执行统计 - 总耗时: 10126ms, 成功: 1, 失败: 0, 跳过: 0

19日 14:22:07.97 [AntSports]: 行走路线🚶🏿‍♂️未加入任何路线，尝试加入新路线
19日 14:22:10.49 [AntSports]: 行走路线🚶🏻‍♂️路线[p0002019052700000001]有误，无法加入！
19日 14:22:10.67 [AntSports]: ========================
行走 耗时: 3204 ms
19日 14:22:15.65 [CoroutineTaskRunner]: 🔄 模块[运动]第2轮运行中... 已执行200秒
19日 14:22:15.89 [AntSports]: ========================
捐能量🎈 耗时: 5181 ms
19日 14:22:16.68 [AntSports]: ========================
查询任务 耗时: 948 ms
19日 14:22:17.19 [AntSports]: ========================
userTaskRightsReceive 耗时: 506 ms
19日 14:29:31.72 [CoroutineTaskRunner]: 🔄 模块[运动]第2轮运行中... 已执行636秒
19日 14:29:31.91 [NewRpcBridge]: 尝试重新登录
19日 14:29:31.93 [ApplicationHook]: 将在 0 秒后重试登录
19日 14:29:31.93 [ApplicationHook]: 将在 0 秒后重试登录
19日 14:29:31.94 [ApplicationHook]: 将在 0 秒后重试登录
19日 14:29:31.96 [AntSports]: ========================
pathFeatureQuery 耗时: 434759 ms
19日 14:29:32.01 [ApplicationHook]: 将在 0 秒后重试登录
19日 14:29:32.52 [ApplicationHook]: ⏸️ 手动APP触发，自动调度已关闭，跳过执行
19日 14:29:32.90 [ApplicationHook]: ⏸️ 手动APP触发，自动调度已关闭，跳过执行
19日 14:29:32.94 [ApplicationHook]: 将在 0 秒后重试登录
19日 14:29:33.43 [AntSports]: 走路挑战赛 {"error":3000,"errorMessage":"系统出错，正在排查","errorNo":3,"errorTip":"3000"}
19日 14:29:33.43 [AntSports]: ========================
文体中心 耗时: 1483 ms
19日 14:29:33.45 [ApplicationHook]: ⏸️ 手动APP触发，自动调度已关闭，跳过执行

19日 14:35:48.22 [AntSports]: 行走路线🚶🏿‍♂️未加入任何路线，尝试加入新路线
19日 14:35:50.21 [AntSports]: 行走路线🚶🏻‍♂️路线[p0002019052700000001]有误，无法加入！
19日 14:35:50.22 [AntSports]: ========================
行走 耗时: 2548 ms
19日 14:35:50.81 [AntSports]: ========================
捐能量🎈 耗时: 594 ms
19日 14:35:51.81 [AntSports]: ========================
查询任务 耗时: 999 ms
19日 14:35:52.33 [AntSports]: ========================
userTaskRightsReceive 耗时: 516 ms
19日 14:35:53.86 [AntSports]: ========================
pathFeatureQuery 耗时: 1532 ms
19日 14:35:55.40 [AntSports]: 走路挑战赛 {"error":3000,"errorMessage":"系统出错，正在排查","errorNo":3,"errorTip":"3000"}
19日 14:35:55.41 [AntSports]: ========================
文体中心 耗时: 1549 ms
19日 14:35:55.92 [AntSports]: ========================

19日 14:36:08.93 [ModelTask]: 开始执行第1轮任务: 会员
19日 14:36:08.93 [AntMember]: 执行开始-会员
19日 14:36:12.76 [AntMember]: 芝麻信用💳[待完成任务]#开始处理(1个)
19日 14:36:13.16 [AntMember]: 芝麻信用💳[完成任务坚持攒保障失败]#{"ariverRpcTraceId":"218024c417608557720901773e8d94","resultCode":"ILLEGAL_ARGUMENT","resultView":"参数[promiseActivityExtCheck]不是有效的入参","success":false,"traceId":"218024c417608557720901773e8d94"}
19日 14:36:13.17 [AntMember]: 芝麻信用💳[待加入任务]#开始处理(1个)
19日 14:36:13.17 [AntMember]: 芝麻信用💳[跳过黑名单任务]#去AQ提问

19日 14:37:03.75 ⚠️使用道具🎭[加饭卡]失败，可能卡片不足或状态异常~
19日 14:37:03.75 [AntFarm]: 加速卡判断⏩[动物状态=进食中, 今日封顶=false]
19日 14:37:04.46 [AntFarm]: 加速卡内部计算⏩[totalConsumeSpeed=0.0206, totalFoodHaveEatten=146.72600000000003, limit=180]
19日 14:37:04.46 [AntFarm]: 加速卡内部⏩最终 isUseAccelerateTool=false
19日 14:37:04.46 [AntFarm]: 蹲点时间计算🕐[开始时间=19日14:11:59, 已吃(含增量)=146.72600000000003, 速度总计=0.0206, 食槽上限=180, 计算时间=19日15:03:59]
19日 14:37:04.47 [AntFarm]: 还有待领取的饲料
19日 14:37:08.23 [AntFarm]: 小鸡厨房领取90g饲料后将达到/超过[720g]上限!终止领取

19日 14:37:38.28 [AntFarm]: 乐园兑换💸[加饭卡]停止:乐园币不足
19日 14:37:38.28 [AntFarm]: 乐园兑换💸[加速卡]停止:乐园币不足
19日 14:37:38.28 [AntFarm]: 乐园兑换💸[新蛋卡]停止:乐园币不足

19日 14:40:55.34 [AntSports]: 行走路线🚶🏿‍♂️未加入任何路线，尝试加入新路线
19日 14:40:57.43 [AntSports]: 行走路线🚶🏻‍♂️路线[p0002019052700000001]有误，无法加入！
19日 14:40:57.43 [AntSports]: ========================
行走 耗时: 2626 ms
19日 14:40:58.04 [AntSports]: ========================
捐能量🎈 耗时: 607 ms
19日 14:40:59.02 [AntSports]: ========================
查询任务 耗时: 980 ms
19日 14:40:59.54 [AntSports]: ========================
userTaskRightsReceive 耗时: 518 ms
19日 14:41:01.07 [AntSports]: ========================
pathFeatureQuery 耗时: 1526 ms
19日 14:41:02.61 [AntSports]: 走路挑战赛 {"error":3000,"errorMessage":"系统出错，正在排查","errorNo":3,"errorTip":"3000"}
19日 14:41:02.62 [AntSports]: ========================
文体中心 耗时: 1552 ms
19日 14:41:03.11 [AntSports]: ========================

19日 15:03:48.75 [AntSports]: 走路挑战赛 {"error":3000,"errorMessage":"系统出错，正在排查","errorNo":3,"errorTip":"3000"}
19日 15:03:48.75 [AntSports]: ========================
文体中心 耗时: 1522 ms
19日 15:03:49.23 [AntSports]: ========================

19日 15:04:01.68 [ModelTask]: 开始执行第1轮任务: 会员
19日 15:04:01.69 [AntMember]: 执行开始-会员
19日 15:04:05.53 [AntMember]: 芝麻信用💳[待完成任务]#开始处理(1个)
19日 15:04:05.95 [AntMember]: 芝麻信用💳[完成任务坚持攒保障失败]#{"ariverRpcTraceId":"0b478a3417608574448521615e5f4a","resultCode":"ILLEGAL_ARGUMENT","resultView":"参数[promiseActivityExtCheck]不是有效的入参","success":false,"traceId":"0b478a3417608574448521615e5f4a"}
19日 15:04:05.95 [AntMember]: 芝麻信用💳[待加入任务]#开始处理(1个)
19日 15:04:05.95 [AntMember]: 芝麻信用💳[跳过黑名单任务]#去AQ提问

19日 15:16:18.95 步数兑换⚖️[巡护次数*3]
19日 15:16:20.36 [AntSports]: 走路挑战赛 {"error":3000,"errorMessage":"系统出错，正在排查","errorNo":3,"errorTip":"3000"}
19日 15:16:20.37 [AntSports]: ========================
文体中心 耗时: 4291 ms

19日 15:18:18.05 [AntSports]: 走路挑战赛 {"error":3000,"errorMessage":"系统出错，正在排查","errorNo":3,"errorTip":"3000"}
19日 15:18:18.05 [AntSports]: ========================
文体中心 耗时: 1467 ms
========================
自动任务第一次 耗时: 1433 ms
19日 15:18:31.06 [AntSports]: 走路挑战赛 {"error":3000,"errorMessage":"系统出错，正在排查","errorNo":3,"errorTip":"3000"}
19日 15:18:31.06 [AntSports]: ========================
文体中心 耗时: 1455 ms

19日 15:18:47.20 [RpcErrorHandler]: ========== RPC接口统计报告 ==========
生成时间: 19日15:18:47

📊 接口调用统计 (前10，按失败次数排序):
  - alipay.tiyubiz.sports.userTaskGroup.query:
    总调用: 15, 成功: 10, 失败: 5
    成功率: 66.67%
  - alipay.tiyubiz.wenti.walk.participate:
    总调用: 4, 成功: 0, 失败: 4
    成功率: 0.00%
  - alipay.antdodo.rpc.h5.queryAnimalStatus:
    总调用: 5, 成功: 2, 失败: 3
    成功率: 40.00%
  - alipay.antdodo.rpc.h5.queryFriend:
    总调用: 5, 成功: 2, 失败: 3
    成功率: 40.00%
  - alipay.antdodo.rpc.h5.queryBookList:
    总调用: 23, 成功: 20, 失败: 3
    成功率: 86.96%
  - alipay.antsports.walk.charity.queryProjectList:
    总调用: 5, 成功: 3, 失败: 2
    成功率: 60.00%
  - alipay.antsports.club.home.queryClubHome:
    总调用: 8, 成功: 6, 失败: 2
    成功率: 75.00%
  - alipay.antdodo.rpc.h5.consumeProp:
    总调用: 6, 成功: 4, 失败: 2
    成功率: 66.67%
  - com.alipay.sportsplay.biz.rpc.walk.queryUser:
    总调用: 5, 成功: 3, 失败: 2
    成功率: 60.00%
  - com.alipay.sportshealth.biz.rpc.SportsHealthCoinTaskRpc.queryCoinTaskPanel:
    总调用: 5, 成功: 3, 失败: 2
    成功率: 60.00%

⚙️ 当前并发配置: 60
建议并发数: 60

=====================================

19日 15:36:05.98 [AlipayAutoLauncher]: ⚠️ 支付宝未安装，无法自动唤醒
19日 15:37:34.76 [ApplicationHook]: 芝麻粒-TK 开始初始化...
19日 15:37:34.77 [VersionLogger]: ═══════════════ 版本信息 ═══════════════
19日 15:37:34.77 [VersionLogger]: 📦 芝麻粒版本: v0.3.0.自用版rc26-beta
19日 15:37:34.77 [VersionLogger]: 🏗️ 构建类型: release
19日 15:37:34.78 [VersionLogger]: ⏰ 构建时间: 2025-10-19 15:27:11
19日 15:37:34.78 [VersionLogger]: 💰 支付宝版本: 10.7.86.8000 (3170)
19日 15:37:34.78 [VersionLogger]: 🤖 Android版本: 11 (API 30)
19日 15:37:34.80 [VersionLogger]: 📱 设备型号: Xiaomi Redmi K20 Pro
19日 15:37:34.81 [VersionLogger]: ═══════════════════════════════════════
19日 15:37:34.82 [VersionLogger]: ✅ 版本兼容性检查通过
19日 15:37:34.82 [ApplicationHook]: ⚙️模块版本：v0.3.0.自用版rc26-beta
19日 15:37:34.82 [ApplicationHook]: 📦应用版本：10.7.86.8000
19日 15:37:34.83 [ApplicationHook]: 📶网络类型：WIFI
19日 15:37:34.83 [Config]: 开始加载配置
19日 15:37:34.84 [Config]: 加载配置: 小凡
19日 15:37:34.92 [Config]: 格式化配置成功:/storage/emulated/0/Android/media/com.eg.android.AlipayGphone/sesame-TK/config/2088002858797084/config_v2.json
19日 15:37:34.96 [Config]: 格式化配置: 小凡
19日 15:37:35.11 [ApplicationHook]: 🚀 启动智能调度器
19日 15:37:35.14 [SmartScheduler]: 🚀 启动智能定时调度器
19日 15:37:35.19 [SmartScheduler]: ✅ 智能调度器已启动，定时启动时间: 00:00, 00:05, 06:58, 11:58, 16:58

19日 15:39:59.68 [CoroutineTaskRunner]: 🚀 开始执行任务[运动-Round1]，超时设置: 600秒
19日 15:39:59.68 [CoroutineTaskRunner]: 🎯 启动模块[运动]第1轮执行...
19日 15:39:59.69 [ModelTask]: 开始执行第1轮任务: 运动
19日 15:39:59.70 [AntSports]: 执行开始-运动
19日 15:40:00.39 [AntSports]: ========================
运动任务 耗时: 694 ms
19日 15:40:02.25 [AntSports]: 行走路线🚶🏻‍♂️路线[风雅金陵线]#前进了59238步
19日 15:40:02.52 [AntSports]: ========================
行走 耗时: 2134 ms
19日 15:40:03.04 [AntSports]: ========================
捐能量🎈 耗时: 517 ms
19日 15:40:03.98 [AntSports]: ========================
查询任务 耗时: 942 ms
19日 15:40:04.51 [AntSports]: ========================
userTaskRightsReceive 耗时: 527 ms
19日 15:40:06.05 [AntSports]: ========================
pathFeatureQuery 耗时: 1540 ms
19日 15:40:07.52 [AntSports]: 走路挑战赛 {"error":3000,"errorMessage":"系统出错，正在排查","errorNo":3,"errorTip":"3000"}
19日 15:40:07.52 [AntSports]: ========================
文体中心 耗时: 1474 ms
19日 15:40:08.57 [AntSports]: ========================
训练好友 耗时: 1051 ms
19日 15:40:09.39 [AntSports]: ========================

19日 15:41:17.10 雇佣小鸡👷[当前可雇佣小鸡数量:1只]
19日 15:41:17.10 [AntFarm]: 🎯 雇佣模式：「选中不雇佣」，将自动雇佣除列表外的好友
19日 15:41:18.87 ✨✨✨|的小鸡不在家
19日 15:41:18.97 [CoroutineTaskRunner]: 🔄 模块[庄园]第2轮运行中... 已执行40秒
19日 15:41:20.77 黄楚淮|*楚淮的小鸡不在家
19日 15:41:20.77 [AntFarm]: 雇佣小鸡结果统计：
19日 15:41:20.77 [AntFarm]:   • 成功雇佣：0只
19日 15:41:20.77 [AntFarm]:   • 还需雇佣：1只
19日 15:41:20.78 [AntFarm]:   • 已检查好友：12人
19日 15:41:20.78 [AntFarm]:   • 可雇佣状态：2人
19日 15:41:20.78 [AntFarm]: ⚠️ 部分雇佣失败：好友的小鸡可能不在家
19日 15:41:20.93 [AntFarm]: ========================
一起拿饲料 耗时: 5070 ms
19日 15:41:21.99 正在吃..18分钟 后 吃完
19日 15:41:22.15 [AntFarm]: ========================
家庭任务 耗时: 1214 ms
19日 15:41:22.79 [AntFarm]: ========================
开宝箱 耗时: 642 ms
19日 15:41:23.27 [AntFarm]: 乐园兑换💸[加饭卡]停止:乐园币不足
19日 15:41:23.28 [AntFarm]: 乐园兑换💸[加速卡]停止:达到用户持有上限
19日 15:41:23.28 [AntFarm]: 乐园兑换💸[新蛋卡]停止:乐园币不足
19日 15:41:23.29 [AntFarm]: ========================
小鸡乐园道具兑换 耗时: 501 ms

19日 15:41:42.41 [AntSports]: 行走路线🚶🏻‍♂️路线[风雅金陵线]已完成
19日 15:41:45.07 [AntSports]: 行走路线🚶🏻‍♂️路线[金陵秋径线]已加入
19日 15:41:45.08 [AntSports]: ========================
行走 耗时: 3822 ms
19日 15:41:45.62 [AntSports]: ========================
捐能量🎈 耗时: 546 ms
19日 15:41:46.56 [AntSports]: ========================
查询任务 耗时: 938 ms
19日 15:41:47.07 [AntSports]: ========================
userTaskRightsReceive 耗时: 503 ms
19日 15:41:48.61 [AntSports]: ========================
pathFeatureQuery 耗时: 1542 ms
19日 15:41:50.13 [AntSports]: 走路挑战赛 {"error":3000,"errorMessage":"系统出错，正在排查","errorNo":3,"errorTip":"3000"}
19日 15:41:50.14 [AntSports]: ========================
文体中心 耗时: 1532 ms

