19日 18:28:39.87 [CoroutineTaskRunner]: 🔄 模块[运动]第1轮运行中... 已执行116秒
19日 18:28:41.10 [AntSports]: 走路挑战赛 {"error":3000,"errorMessage":"系统出错，正在排查","errorNo":3,"errorTip":"3000"}
19日 18:28:41.72 [AntSports]: ========================
文体中心 耗时: 4676 ms
19日 18:28:42.86 [AntSports]: ========================
收能量🎈 耗时: 1144 ms
19日 18:28:43.06 [CoroutineTaskRunner]: 🔄 模块[运动]第1轮运行中... 已执行60秒
19日 18:28:43.47 [AntSports]: ========================
AntSports 耗时: 119916 ms ()
19日 18:28:44.08 [AntSports]: 执行结束-运动
19日 18:28:45.51 [ModelTask]: 任务 运动 完成，总耗时: 121959ms
19日 18:28:46.13 [ModelTask]: 任务执行统计 - 总耗时: 121959ms, 成功: 1, 失败: 0, 跳过: 0
19日 18:28:46.75 [CoroutineTaskRunner]: ✅ 模块[运动]第1轮执行成功，耗时: 123202ms
19日 18:28:46.75 [ModelTask]: 开始执行第1轮任务: 运动
19日 18:28:46.95 [AntSports]: 执行开始-运动
19日 18:28:46.96 [CoroutineTaskRunner]: ✅ 任务[运动-Round1]执行完成，耗时: 123818ms
19日 18:28:46.96 [CoroutineTaskRunner]: 📍 第1轮任务进度: 6/8 - 农场
19日 18:28:46.97 [CoroutineTaskRunner]: 🚀 开始执行任务[农场-Round1]，超时设置: 600秒
19日 18:28:46.97 [CoroutineTaskRunner]: 🎯 启动模块[农场]第1轮执行...
19日 18:28:46.98 [ModelTask]: 开始执行第1轮任务: 农场
19日 18:28:46.98 [AntOrchard]: 执行开始-农场
19日 18:28:47.16 [AntSports]: 运动签到今日已签到
19日 18:28:49.15 [AntSports]: 做任务得能量🎈[开始执行任务：宫格复访，需完成1次]
19日 18:28:49.34 [AntSports]: 做任务得能量🎈[任务执行失败：宫格复访]#(1/1)
19日 18:28:49.35 [AntSports]: 做任务得能量🎈[开始执行任务：去走路线消耗步数，需完成1次]
19日 18:28:50.21 [AntSports]: 做任务得能量🎈[任务执行失败：去走路线消耗步数]#(1/1)
19日 18:28:50.55 [AntSports]: 做任务得能量🎈[任务已屏蔽：添加支付宝小组件（在黑名单中）]
19日 18:28:50.90 [AntSports]: 做任务得能量🎈[任务已屏蔽：支付宝积分可兑券（在黑名单中）]
19日 18:28:51.38 [AntSports]: 做任务得能量🎈[开始执行任务：拯救芝麻树兑好礼，需完成1次]
19日 18:28:53.48 [AntSports]: 做任务得能量🎈[任务执行失败：拯救芝麻树兑好礼]#(1/1)
19日 18:28:53.63 [AntOrchard]: 农场今日已签到
19日 18:28:53.78 [CoroutineTaskRunner]: 🔄 模块[运动]第1轮运行中... 已执行71秒
19日 18:28:53.93 [AntSports]: 做任务得能量🎈[开始执行任务：逛好运卡翻红包，需完成1次]
19日 18:28:56.76 [AntSports]: 做任务得能量🎈[任务执行失败：逛好运卡翻红包]#(1/1)
19日 18:28:58.69 [AntSports]: 做任务得能量🎈[开始执行任务：去养猫赚红包，需完成1次]
19日 18:28:58.70 [CoroutineTaskRunner]: 🔄 模块[农场]第1轮运行中... 已执行10秒
19日 18:28:59.17 [AntSports]: 做任务得能量🎈[任务执行失败：去养猫赚红包]#(1/1)
19日 18:28:59.30 [AntSports]: 做任务得能量🎈[开始执行任务：去养了个羊赚红包，需完成1次]
19日 18:28:59.64 [AntOrchard]: 执行结束-农场
19日 18:28:59.92 [ModelTask]: 任务 农场 完成，总耗时: 12851ms
19日 18:29:00.16 [ModelTask]: 任务执行统计 - 总耗时: 12851ms, 成功: 1, 失败: 0, 跳过: 0
19日 18:29:00.26 [AntSports]: 做任务得能量🎈[任务执行失败：去养了个羊赚红包]#(1/1)
19日 18:29:00.32 [CoroutineTaskRunner]: ✅ 模块[农场]第1轮执行成功，耗时: 13245ms
19日 18:29:00.42 [AntSports]: 做任务得能量🎈[开始执行任务：逛健康岛权益中心，需完成1次]
19日 18:29:00.48 [CoroutineTaskRunner]: ✅ 任务[农场-Round1]执行完成，耗时: 13409ms
19日 18:29:00.63 [CoroutineTaskRunner]: 📍 第1轮任务进度: 7/8 - 新村
19日 18:29:00.79 [CoroutineTaskRunner]: 🚀 开始执行任务[新村-Round1]，超时设置: 600秒
19日 18:29:00.96 [AntSports]: 做任务得能量🎈[任务执行失败：逛健康岛权益中心]#(1/1)
19日 18:29:01.02 [CoroutineTaskRunner]: 🎯 启动模块[新村]第1轮执行...
19日 18:29:01.13 [AntSports]: 做任务得能量🎈[开始执行任务：去设计logo，需完成5次]
19日 18:29:01.18 [ModelTask]: 开始执行第1轮任务: 新村
19日 18:29:01.41 [AntStall]: 执行开始-新村
19日 18:29:01.66 [AntSports]: 做任务得能量🎈[完成任务：去设计logo，得15💰]#(1/5)
19日 18:29:02.82 蚂蚁新村⛪收取应收金币
19日 18:29:03.14 [AntStall]: ========================
收金币 耗时: 1740 ms
19日 18:29:03.82 蚂蚁新村⛪[收取金币]#338
19日 18:29:04.10 [CoroutineTaskRunner]: 🔄 模块[运动]第1轮运行中... 已执行81秒
19日 18:29:04.18 [AntStall]: ========================
收取金币 耗时: 1008 ms
19日 18:29:05.34 蚂蚁新村⛪获得肥料10g
19日 18:29:05.69 [AntStall]: ========================
收肥料 耗时: 1528 ms
19日 18:29:05.96 [AntStall]: 好友[文宣|]摆摊超时，立即请走。
19日 18:29:07.22 蚂蚁新村⛪请走[文宣|]的小摊获得金币179
19日 18:29:08.72 蚂蚁新村⛪邀请[foreverloveyou|]开店成功
19日 18:29:08.73 [AntStall]: 好友[小明上广州750  免验证|]摆摊超时，立即请走。
19日 18:29:09.75 蚂蚁新村⛪请走[小明上广州750  免验证|]的小摊获得金币179
19日 18:29:11.26 [CoroutineTaskRunner]: 🔄 模块[新村]第1轮运行中... 已执行10秒
19日 18:29:11.33 蚂蚁新村⛪邀请[oh✖oh✖|*振亚]开店成功
19日 18:29:11.62 [AntStall]: ========================
请走 耗时: 5960 ms
19日 18:29:12.22 [AntStall]: 检查 4 个小摊的收摊时间...
19日 18:29:12.45 [AntStall]: 小摊[300004632752200481]摆摊时间已到，执行收摊。
19日 18:29:13.81 蚂蚁新村⛪收取在[allen|*彦笛]的摊位获得137.42
19日 18:29:13.92 [AntSports]: 做任务得能量🎈[完成任务：去设计logo，得15💰]#(2/5)
19日 18:29:14.18 [AntStall]: 小摊[300002632752200481]摆摊时间已到，执行收摊。
19日 18:29:14.41 [CoroutineTaskRunner]: 🔄 模块[运动]第1轮运行中... 已执行92秒
19日 18:29:15.66 蚂蚁新村⛪收取在[南瓜稀饭800|*报]的摊位获得88.66
19日 18:29:16.14 [AntStall]: ========================
收摊 耗时: 4472 ms
19日 18:29:16.95 [AntStall]: 找到 4 个空闲小摊，开始寻找好友村庄...
19日 18:29:20.17 蚂蚁新村⛪在[allen|*彦笛]家摆摊
19日 18:29:21.36 [AntStall]: 已在[null]家摆摊，跳过
19日 18:29:21.64 [CoroutineTaskRunner]: 🔄 模块[新村]第1轮运行中... 已执行20秒
19日 18:29:23.16 蚂蚁新村⛪在[南瓜稀饭800|*报]家摆摊
19日 18:29:24.84 [CoroutineTaskRunner]: 🔄 模块[运动]第1轮运行中... 已执行102秒
19日 18:29:25.51 蚂蚁新村⛪在[春花秋月|]家摆摊
19日 18:29:26.03 [AntSports]: 做任务得能量🎈[完成任务：去设计logo，得15💰]#(3/5)
19日 18:29:26.21 [AntStall]: ========================
摆摊 耗时: 9904 ms
19日 18:29:28.36 [AntStall]: 开始检查 14 个新村任务...
19日 18:29:30.13 [AntStall]: ========================
自动任务第一次 耗时: 3904 ms
19日 18:29:32.40 [CoroutineTaskRunner]: 🔄 模块[新村]第1轮运行中... 已执行30秒
19日 18:29:32.81 [AntStall]: 开始检查 14 个新村任务...
19日 18:29:34.64 [AntStall]: ========================
自动任务第二次 耗时: 4463 ms
19日 18:29:35.25 [AntStall]: 未设置新村助力好友列表。
19日 18:29:35.46 [CoroutineTaskRunner]: 🔄 模块[运动]第1轮运行中... 已执行112秒
19日 18:29:35.86 [AntStall]: ========================
新村助力 耗时: 1237 ms
19日 18:29:45.42 [CoroutineTaskRunner]: 🔄 模块[新村]第1轮运行中... 已执行41秒
19日 18:29:45.70 [AntSports]: 做任务得能量🎈[完成任务：去设计logo，得15💰]#(4/5)
19日 18:29:45.85 [AntStall]: ========================
自动捐赠 耗时: 9969 ms
19日 18:29:46.00 [CoroutineTaskRunner]: 🔄 模块[运动]第1轮运行中... 已执行123秒
19日 18:29:48.06 [AntStall]: 今日已进入[海浪村]，跳过重复打印。
19日 18:29:48.56 [AntStall]: ========================
自动进入下一村 耗时: 2799 ms
19日 18:29:49.07 [AntStall]: 执行结束-新村
19日 18:29:50.09 [ModelTask]: 任务 新村 完成，总耗时: 48670ms
19日 18:29:50.60 [ModelTask]: 任务执行统计 - 总耗时: 48670ms, 成功: 1, 失败: 0, 跳过: 0
19日 18:29:51.11 [CoroutineTaskRunner]: ✅ 模块[新村]第1轮执行成功，耗时: 49924ms
19日 18:29:51.61 [CoroutineTaskRunner]: ✅ 任务[新村-Round1]执行完成，耗时: 50593ms
19日 18:29:52.12 [CoroutineTaskRunner]: 📍 第1轮任务进度: 8/8 - 会员
19日 18:29:52.62 [CoroutineTaskRunner]: 🚀 开始执行任务[会员-Round1]，超时设置: 600秒
19日 18:29:53.13 [CoroutineTaskRunner]: 🎯 启动模块[会员]第1轮执行...
19日 18:29:53.64 [ModelTask]: 开始执行第1轮任务: 会员
19日 18:29:54.14 [AntMember]: 执行开始-会员
19日 18:29:56.70 [CoroutineTaskRunner]: 🔄 模块[运动]第1轮运行中... 已执行134秒
19日 18:29:57.53 [AntSports]: 做任务得能量🎈[完成任务：去设计logo，得15💰]#(5/5)
19日 18:29:59.68 [AntSports]: 做任务得能量🎈[任务已完成：逛好物领能量（5/5），状态：HAS_RECEIVED，按钮：任务已完成]
19日 18:30:02.06 [AntSports]: 做任务得能量🎈[任务已完成：去逛逛芝麻信用，状态：HAS_RECEIVED，按钮：任务已完成]
19日 18:30:02.87 [AntSports]: 做任务得能量🎈[任务已完成：逛一逛花花卡得翻卡机会，状态：HAS_RECEIVED，按钮：任务已完成]
19日 18:30:03.28 [AntMember]: 芝麻信用💳[待完成任务]#开始处理(1个)
19日 18:30:03.48 [AntSports]: 做任务得能量🎈[任务已完成：逛一逛芭芭农场，状态：HAS_RECEIVED，按钮：任务已完成]
19日 18:30:03.72 [CoroutineTaskRunner]: 🔄 模块[会员]第1轮运行中... 已执行10秒
19日 18:30:03.93 [AntMember]: 芝麻信用💳[跳过黑名单任务]#坚持攒保障
19日 18:30:04.13 [AntSports]: 做任务得能量🎈[任务已完成：逛一逛天天打卡，状态：HAS_RECEIVED，按钮：任务已完成]
19日 18:30:04.54 [AntMember]: 芝麻信用💳[待加入任务]#开始处理(1个)
19日 18:30:04.74 [AntSports]: 做任务得能量🎈[任务已完成：行走10分钟，状态：HAS_RECEIVED，按钮：任务已完成]
19日 18:30:05.36 [AntMember]: 芝麻信用💳[跳过黑名单任务]#去AQ提问
19日 18:30:05.56 [AntSports]: 做任务得能量🎈[任务已完成：跑步10分钟，状态：HAS_RECEIVED，按钮：任务已完成]
19日 18:30:05.97 [AntMember]: 芝麻信用💳[toCompleteVOS任务]#开始处理(6个)
19日 18:30:06.18 [AntSports]: 做任务得能量🎈[任务已完成：骑行10分钟，状态：HAS_RECEIVED，按钮：任务已完成]
19日 18:30:06.58 [AntMember]: 芝麻信用💳[跳过黑名单任务]#坚持攒保障金
19日 18:30:06.79 [AntSports]: 运动任务完成情况：18/18，可执行任务：8
19日 18:30:07.20 [AntMember]: 芝麻信用💳[跳过黑名单任务]#去AQapp提问1次
19日 18:30:07.40 [CoroutineTaskRunner]: 🔄 模块[运动]第1轮运行中... 已执行144秒
19日 18:30:07.61 [AntSports]: ========================
运动任务 耗时: 80040 ms
19日 18:30:07.81 [AntMember]: 芝麻信用💳[跳过黑名单任务]#坚持去玩休闲小游戏
19日 18:30:08.82 [AntMember]: 芝麻信用💳[跳过黑名单任务]#坚持看直播领福利
19日 18:30:09.23 [AntSports]: 行走路线🚶🏿‍♂️未加入任何路线，尝试加入新路线
19日 18:30:09.43 [AntMember]: 芝麻信用💳[跳过黑名单任务]#芝麻租赁下单得芝麻粒
19日 18:30:10.62 [AntMember]: 芝麻信用💳[跳过黑名单任务]#浏览租赁商家小程序
19日 18:30:11.24 [AntMember]: 芝麻信用💳[任务处理完成]#总任务:8个, 完成:0个, 跳过:8个
19日 18:30:11.85 [AntMember]: 芝麻信用💳[已全部完成任务，临时关闭]
19日 18:30:13.77 [AntSports]: 行走路线🚶🏻‍♂️路线[西湖玫瑰线]已加入
19日 18:30:13.77 [AntSports]: ========================
行走 耗时: 6777 ms
19日 18:30:13.94 [CoroutineTaskRunner]: 🔄 模块[会员]第1轮运行中... 已执行21秒
19日 18:30:14.35 [AntSports]: ========================
捐能量🎈 耗时: 574 ms
19日 18:30:15.34 [AntSports]: ========================
查询任务 耗时: 991 ms
19日 18:30:15.88 [AntSports]: ========================
userTaskRightsReceive 耗时: 545 ms
19日 18:30:17.89 [Config]: 开始加载配置
19日 18:30:18.10 [Config]: 加载配置: 機風
19日 18:30:18.30 [CoroutineTaskRunner]: 🔄 模块[运动]第1轮运行中... 已执行155秒
19日 18:30:18.30 [AntMember]: 执行结束-会员
19日 18:30:18.51 [ModelTask]: 任务 会员 完成，总耗时: 25208ms
19日 18:30:18.52 [ModelTask]: 任务执行统计 - 总耗时: 25208ms, 成功: 1, 失败: 0, 跳过: 0
19日 18:30:18.52 [CoroutineTaskRunner]: ✅ 模块[会员]第1轮执行成功，耗时: 25725ms
19日 18:30:18.53 [CoroutineTaskRunner]: ✅ 任务[会员-Round1]执行完成，耗时: 26237ms
19日 18:30:18.53 [Config]: 格式化配置成功:/storage/emulated/0/Android/media/com.eg.android.AlipayGphone/sesame-TK/config/2088632752200481/config_v2.json
19日 18:30:18.53 [CoroutineTaskRunner]: ✅ 第1/2轮任务完成，耗时: 355310ms
19日 18:30:18.54 [CoroutineTaskRunner]: 🔄 开始顺序执行第2/2轮任务，共8个启用任务
19日 18:30:18.54 [CoroutineTaskRunner]: 📍 第2轮任务进度: 1/8 - 森林
19日 18:30:18.54 [CoroutineTaskRunner]: 🚀 开始执行任务[森林-Round2]，超时设置: 600秒
19日 18:30:18.55 [CoroutineTaskRunner]: 🎯 启动模块[森林]第2轮执行...
19日 18:30:18.56 [ModelTask]: 开始执行第1轮任务: 森林
19日 18:30:18.56 [AntForest]: 🌲🌲🌲 森林主任务开始执行 🌲🌲🌲
19日 18:30:18.56 [AntForest]: 执行开始-蚂蚁森林
19日 18:30:18.57 [Config]: 格式化配置: 機風
19日 18:30:19.71 [AntForest]: ========================
查询道具状态 耗时: 944 ms
19日 18:30:19.71 [AntSports]: ========================
pathFeatureQuery 耗时: 3423 ms
19日 18:30:19.72 [AntForest]: ========================
使用自己道具卡 耗时: 208 ms
19日 18:30:19.92 [AntForest]: 开始处理PK排行榜...
19日 18:30:20.75 [AntForest]: 成功获取PK排行榜数据，共发现0位好友。
19日 18:30:20.76 [AntForest]: ========================
获取PK排行榜 耗时: 835 ms
19日 18:30:20.76 [AntForest]: ========================
收PK好友能量（同步） 耗时: 1044 ms
19日 18:30:20.76 [AntForest]: 🌳 【正常流程】开始收取自己的能量...
19日 18:30:23.23 [AntForest]: ========================
获取自己主页对象信息 耗时: 2471 ms
19日 18:30:23.24 [AntSports]: 走路挑战赛 {"error":3000,"errorMessage":"系统出错，正在排查","errorNo":3,"errorTip":"3000"}
19日 18:30:23.24 [AntSports]: ========================
文体中心 耗时: 3935 ms
19日 18:30:23.25 [AntForest]: ✅ 【正常流程】收取自己的能量完成
19日 18:30:23.26 [AntForest]: ========================
收取自己的能量 耗时: 27 ms
19日 18:30:23.26 [AntForest]: 找能量功能冷却中，还需等待 7分35秒 (动态冷却20分钟)
19日 18:30:23.26 [AntForest]: ========================
找能量收取（协程） 耗时: 6 ms
19日 18:30:23.27 [AntForest]: 开始处理好友排行榜...
19日 18:30:23.40 [AntSports]: ========================
收能量🎈 耗时: 160 ms
19日 18:30:23.40 [AntSports]: ========================
AntSports 耗时: 96448 ms ()
19日 18:30:23.40 [AntSports]: 执行结束-运动
19日 18:30:23.41 [ModelTask]: 任务 运动 完成，总耗时: 97067ms
19日 18:30:23.41 [ModelTask]: 任务执行统计 - 总耗时: 97067ms, 成功: 1, 失败: 0, 跳过: 0
19日 18:30:23.42 [CoroutineTaskRunner]: ✅ 模块[运动]第1轮执行成功，耗时: 161370ms
19日 18:30:23.42 [CoroutineTaskRunner]: ✅ 任务[运动-Round1]执行完成，耗时: 161376ms
19日 18:30:23.42 [CoroutineTaskRunner]: 📍 第1轮任务进度: 6/8 - 农场
19日 18:30:23.43 [CoroutineTaskRunner]: 🚀 开始执行任务[农场-Round1]，超时设置: 600秒
19日 18:30:23.43 [CoroutineTaskRunner]: 🎯 启动模块[农场]第1轮执行...
19日 18:30:23.43 [ModelTask]: 开始执行第1轮任务: 农场
19日 18:30:23.44 [AntOrchard]: 执行开始-农场
19日 18:30:23.52 [AntForest]: 成功获取好友排行榜数据，共发现74位好友。
19日 18:30:23.52 [AntForest]: ========================
获取好友排行榜 耗时: 249 ms
19日 18:30:23.52 [AntForest]: 开始处理好友排行榜前20位好友...
19日 18:30:23.52 [AntForest]: 📋 开始处理20个好友排行榜前20位（并发数:60）
19日 18:30:23.53 [AntForest]: 👥 湘江₈₅₁| | 青玄|*立超 | ARS|*福宁 | xy8689| | 道见百山|*丰 | allen|*彦笛 | 库多多服装厂|*兆东 | 文宣| | 熊天天| | 新佳源环保工程有限公司| | 陈肇梁|*肇梁 | 风清云淡|*增强 | pantylor|*忠跳 | 一门|*金雄 | foreverloveyou| | 李承酉|*承酉 | 逍遥鱼|*宁帆 | 唐树权东山起粉丝经济赶谷榜壹美云|*树权 | Red| | ༺ༀ༂࿅无࿆风࿅࿆ༀ༂༻767|*伟
19日 18:30:24.64 [AntForest]: ⏭️ 跳过好友蹲点[青玄|*立超]球[4000363948]：保护罩覆盖整个成熟期(保护还剩13h，能量20日07:36:09成熟)
19日 18:30:24.64 [AntForest]: ⏭️ 跳过好友蹲点[青玄|*立超]球[4000364035]：保护罩覆盖整个成熟期(保护还剩13h，能量20日07:36:10成熟)
19日 18:30:26.18 [AntOrchard]: 农场今日已签到
19日 18:30:31.94 [AntOrchard]: 执行结束-农场
19日 18:30:32.82 [CoroutineTaskRunner]: 🔄 模块[森林]第2轮运行中... 已执行12秒
19日 18:30:34.42 [ApplicationHook]: 清理智能调度器资源
19日 18:30:34.96 [ModelTask]: 任务 农场 完成，总耗时: 10088ms
19日 18:30:35.14 [CoroutineTaskRunner]: 🔄 模块[农场]第1轮运行中... 已执行10秒
19日 18:30:35.32 [SmartScheduler]: 停止智能定时调度器
19日 18:30:35.68 [ModelTask]: 任务执行统计 - 总耗时: 10088ms, 成功: 1, 失败: 0, 跳过: 0
19日 18:30:36.04 [ApplicationHook]: 停止任务健康监控
19日 18:30:36.58 [CoroutineTaskRunner]: ✅ 模块[农场]第1轮执行成功，耗时: 12435ms
19日 18:30:36.76 [TaskHealthMonitor]: 任务健康监控器已停止
19日 18:30:36.94 [AntForest]: ==================================================
19日 18:30:37.31 [CoroutineTaskRunner]: ✅ 任务[农场-Round1]执行完成，耗时: 13337ms
19日 18:30:37.49 [AntForest]: 🌲🌲🌲 森林主任务执行完毕 🌲🌲🌲
19日 18:30:37.68 [CoroutineTaskRunner]: 📍 第1轮任务进度: 7/8 - 新村
19日 18:30:37.68 [AntForest]: ⏱️ 主任务耗时: 17秒 (17662ms)
19日 18:30:37.68 [CoroutineTaskRunner]: 🚀 开始执行任务[新村-Round1]，超时设置: 600秒
19日 18:30:37.68 [AntForest]: 📊 收取统计: 收17g 帮0g 浇0g
19日 18:30:37.68 [CoroutineTaskRunner]: 🎯 启动模块[新村]第1轮执行...
19日 18:30:37.68 [AntForest]: ⏰ 后台蹲点任务: 3 个 (将在指定时间自动收取)
19日 18:30:37.68 [AntForest]: 📋 蹲点任务状态 (3个，显示最近3个):
  - [機風|*新霞] 球[3805181344] 剩余34分6秒 → 19日19:04:44
  - [機風|*新霞] 球[3805181490] 剩余34分7秒 → 19日19:04:45
  - [allen|*彦笛] 球[3806694313] 剩余328分36秒 → 19日23:59:14
19日 18:30:37.68 [ApplicationHook]: 芝麻粒-TK 开始初始化...
19日 18:30:37.69 [CoroutineTaskRunner]: ✅ 模块[新村]第1轮执行成功，耗时: 5ms
19日 18:30:37.69 [AntForest]: ==================================================
19日 18:30:37.69 [VersionLogger]: ═══════════════ 版本信息 ═══════════════
19日 18:30:37.69 [CoroutineTaskRunner]: ✅ 任务[新村-Round1]执行完成，耗时: 9ms
19日 18:30:37.69 [ForestFriendManager]: ========== 蚂蚁森林统计报告 ==========

📊 找能量统计:
  总尝试次数: 1
  成功次数: 0
  总成功率: 0.0%
  最近成功率: 0.0%
  累计能量: 0g
  当前冷却: 20分钟

=====================================

19日 18:30:37.69 [VersionLogger]: 📦 芝麻粒版本: v0.3.0.自用版rc27-beta
19日 18:30:37.69 [VersionLogger]: 🏗️ 构建类型: release
19日 18:30:37.69 [CoroutineTaskRunner]: 📍 第1轮任务进度: 8/8 - 会员
19日 18:30:37.69 [VersionLogger]: ⏰ 构建时间: 2025-10-19 16:29:20
19日 18:30:37.69 [EnergyOptimizer]: 
📊 ========== 能量收取统计报告 ==========
⏱️  运行时长: 12分钟
💰 总收取能量: 0g

🎯 批量收取:
   - 收取次数: 5
   - 成功次数: 5
   - 失败次数: 0
   - 成功率: 100.0%
   - 平均耗时: 327ms

🔹 单个收取:
   - 收取次数: 0
   - 平均耗时: 0ms

🌐 网络质量: 良好
📈 平均延迟: 327ms
==========================================
19日 18:30:37.69 [CoroutineTaskRunner]: 🚀 开始执行任务[会员-Round1]，超时设置: 600秒
19日 18:30:37.69 [VersionLogger]: 💰 支付宝版本: 10.7.86.8000 (3170)
19日 18:30:37.70 [CoroutineTaskRunner]: 🎯 启动模块[会员]第1轮执行...
19日 18:30:37.70 [VersionLogger]: 🤖 Android版本: 11 (API 30)
19日 18:30:37.70 [ModelTask]: 任务 森林 完成，总耗时: 19142ms
19日 18:30:37.70 [VersionLogger]: 📱 设备型号: Xiaomi Redmi K20 Pro
19日 18:30:37.70 [ModelTask]: 任务执行统计 - 总耗时: 19142ms, 成功: 0, 失败: 0, 跳过: 1
19日 18:30:37.70 [CoroutineTaskRunner]: ✅ 模块[会员]第1轮执行成功，耗时: 5ms
19日 18:30:37.70 [VersionLogger]: ═══════════════════════════════════════
19日 18:30:37.70 [CoroutineTaskRunner]: ✅ 任务[会员-Round1]执行完成，耗时: 8ms
19日 18:30:37.70 [CoroutineTaskRunner]: ✅ 模块[森林]第2轮执行成功，耗时: 19156ms
19日 18:30:37.70 [VersionLogger]: ✅ 版本兼容性检查通过
19日 18:30:37.70 [CoroutineTaskRunner]: ✅ 第1/2轮任务完成，耗时: 374518ms
19日 18:30:37.70 [CoroutineTaskRunner]: ✅ 任务[森林-Round2]执行完成，耗时: 19161ms
19日 18:30:37.70 [ApplicationHook]: ⚙️模块版本：v0.3.0.自用版rc27-beta
19日 18:30:37.71 [CoroutineTaskRunner]: 🔄 开始顺序执行第2/2轮任务，共0个启用任务
19日 18:30:37.71 [CoroutineTaskRunner]: 📍 第2轮任务进度: 2/8 - 庄园
19日 18:30:37.71 [ApplicationHook]: 📦应用版本：10.7.86.8000
19日 18:30:37.71 [CoroutineTaskRunner]: ✅ 第2/2轮任务完成，耗时: 2ms
19日 18:30:37.71 [CoroutineTaskRunner]: 🚀 开始执行任务[庄园-Round2]，超时设置: 600秒
19日 18:30:37.71 [CoroutineTaskRunner]: 📈 ===== 协程任务执行统计摘要 =====
19日 18:30:37.71 [ApplicationHook]: 📶网络类型：WIFI
19日 18:30:37.71 [CoroutineTaskRunner]: 🎯 启动模块[庄园]第2轮执行...
19日 18:30:37.71 [CoroutineTaskRunner]: 🕐 执行时间: 374704ms (374.7秒)
19日 18:30:37.71 [Config]: 开始加载配置
19日 18:30:37.71 [CoroutineTaskRunner]: 📋 任务总数: 12 (启用: 0)
19日 18:30:37.71 [Config]: 加载配置: 機風
19日 18:30:37.71 [CoroutineTaskRunner]: ✅ 成功任务: 8
19日 18:30:37.72 [CoroutineTaskRunner]: ✅ 模块[庄园]第2轮执行成功，耗时: 5ms
19日 18:30:37.72 [CoroutineTaskRunner]: ❌ 失败任务: 0
19日 18:30:37.72 [CoroutineTaskRunner]: ✅ 任务[庄园-Round2]执行完成，耗时: 8ms
19日 18:30:37.72 [CoroutineTaskRunner]: ⏭️ 跳过任务: 0
19日 18:30:37.72 [CoroutineTaskRunner]: 📍 第2轮任务进度: 3/8 - 海洋
19日 18:30:37.72 [CoroutineTaskRunner]: 🔄 恢复尝试: 0
19日 18:30:37.72 [CoroutineTaskRunner]: 🚀 开始执行任务[海洋-Round2]，超时设置: 600秒
19日 18:30:37.72 [CoroutineTaskRunner]: 📊 成功率: 100.0%
19日 18:30:37.72 [CoroutineTaskRunner]: 🎯 启动模块[海洋]第2轮执行...
19日 18:30:37.72 [CoroutineTaskRunner]: ================================
19日 18:30:37.73 [CoroutineTaskRunner]: ✅ 模块[海洋]第2轮执行成功，耗时: 9ms
19日 18:30:37.73 [CoroutineTaskRunner]: ✅ 任务[海洋-Round2]执行完成，耗时: 13ms
19日 18:30:37.73 [CoroutineTaskRunner]: 📍 第2轮任务进度: 4/8 - 神奇物种
19日 18:30:37.73 [RpcErrorHandler]: ========== RPC接口统计报告 ==========
生成时间: 19日18:30:37

📊 接口调用统计 (前10，按失败次数排序):
  - alipay.tiyubiz.wenti.walk.participate:
    总调用: 4, 成功: 0, 失败: 4
    成功率: 0.00%
  - alipay.tiyubiz.sports.userTaskGroup.query:
    总调用: 12, 成功: 10, 失败: 2
    成功率: 83.33%
  - alipay.antdodo.rpc.h5.consumeProp:
    总调用: 4, 成功: 2, 失败: 2
    成功率: 50.00%
  - alipay.antsports.walk.charity.queryProjectList:
    总调用: 4, 成功: 3, 失败: 1
    成功率: 75.00%
  - alipay.antdodo.rpc.h5.queryAnimalStatus:
    总调用: 4, 成功: 3, 失败: 1
    成功率: 75.00%
  - alipay.antdodo.rpc.h5.queryFriend:
    总调用: 4, 成功: 3, 失败: 1
    成功率: 75.00%
  - alipay.antforest.forest.h5.startEnergyRain:
    总调用: 1, 成功: 0, 失败: 1
    成功率: 0.00%
  - com.alipay.sportsplay.biz.rpc.walk.queryUser:
    总调用: 4, 成功: 3, 失败: 1
    成功率: 75.00%
  - com.alipay.sportshealth.biz.rpc.SportsHealthCoinTaskRpc.queryCoinTaskPanel:
    总调用: 4, 成功: 3, 失败: 1
    成功率: 75.00%
  - com.alipay.sportshealth.biz.rpc.SportsHealthCoinTaskRpc.signInCoinTask:
    总调用: 4, 成功: 3, 失败: 1
    成功率: 75.00%

⚙️ 当前并发配置: 60
建议并发数: 40

=====================================

19日 18:30:37.74 [CoroutineTaskRunner]: 🚀 开始执行任务[神奇物种-Round2]，超时设置: 600秒
19日 18:30:37.74 [CoroutineTaskRunner]: 🎯 启动模块[神奇物种]第2轮执行...
19日 18:30:37.74 [CoroutineTaskRunner]: ✅ 模块[神奇物种]第2轮执行成功，耗时: 5ms
19日 18:30:37.75 [CoroutineTaskRunner]: ✅ 任务[神奇物种-Round2]执行完成，耗时: 10ms
19日 18:30:37.75 [CoroutineTaskRunner]: 📍 第2轮任务进度: 5/8 - 运动
19日 18:30:37.75 [CoroutineTaskRunner]: 🚀 开始执行任务[运动-Round2]，超时设置: 600秒
19日 18:30:37.75 [CoroutineTaskRunner]: 🎯 启动模块[运动]第2轮执行...
19日 18:30:37.76 [CoroutineTaskRunner]: ✅ 模块[运动]第2轮执行成功，耗时: 8ms
19日 18:30:37.76 [CoroutineTaskRunner]: ✅ 任务[运动-Round2]执行完成，耗时: 12ms
19日 18:30:37.76 [CoroutineTaskRunner]: 📍 第2轮任务进度: 6/8 - 农场
19日 18:30:37.77 [CoroutineTaskRunner]: 🚀 开始执行任务[农场-Round2]，超时设置: 600秒
19日 18:30:37.77 [CoroutineTaskRunner]: 🎯 启动模块[农场]第2轮执行...
19日 18:30:37.77 [CoroutineTaskRunner]: ✅ 模块[农场]第2轮执行成功，耗时: 3ms
19日 18:30:37.77 [CoroutineTaskRunner]: ✅ 任务[农场-Round2]执行完成，耗时: 8ms
19日 18:30:37.78 [CoroutineTaskRunner]: 📍 第2轮任务进度: 7/8 - 新村
19日 18:30:37.78 [CoroutineTaskRunner]: 🚀 开始执行任务[新村-Round2]，超时设置: 600秒
19日 18:30:37.78 [CoroutineTaskRunner]: 🎯 启动模块[新村]第2轮执行...
19日 18:30:37.79 [CoroutineTaskRunner]: ✅ 模块[新村]第2轮执行成功，耗时: 6ms
19日 18:30:37.79 [CoroutineTaskRunner]: ✅ 任务[新村-Round2]执行完成，耗时: 11ms
19日 18:30:37.79 [CoroutineTaskRunner]: 📍 第2轮任务进度: 8/8 - 会员
19日 18:30:37.79 [CoroutineTaskRunner]: 🚀 开始执行任务[会员-Round2]，超时设置: 600秒
19日 18:30:37.79 [CoroutineTaskRunner]: 🎯 启动模块[会员]第2轮执行...
19日 18:30:37.80 [CoroutineTaskRunner]: ✅ 模块[会员]第2轮执行成功，耗时: 4ms
19日 18:30:37.80 [CoroutineTaskRunner]: ✅ 任务[会员-Round2]执行完成，耗时: 8ms
19日 18:30:37.80 [CoroutineTaskRunner]: ✅ 第2/2轮任务完成，耗时: 19267ms
19日 18:30:37.81 [CoroutineTaskRunner]: 📈 ===== 协程任务执行统计摘要 =====
19日 18:30:37.81 [CoroutineTaskRunner]: 🕐 执行时间: 374674ms (374.7秒)
19日 18:30:37.81 [CoroutineTaskRunner]: 📋 任务总数: 12 (启用: 0)
19日 18:30:37.81 [CoroutineTaskRunner]: ✅ 成功任务: 16
19日 18:30:37.81 [CoroutineTaskRunner]: ❌ 失败任务: 0
19日 18:30:37.82 [CoroutineTaskRunner]: ⏭️ 跳过任务: 0
19日 18:30:37.82 [CoroutineTaskRunner]: 🔄 恢复尝试: 0
19日 18:30:37.82 [CoroutineTaskRunner]: 📊 成功率: 100.0%
19日 18:30:37.82 [CoroutineTaskRunner]: ================================
19日 18:30:37.83 [Config]: 格式化配置成功:/storage/emulated/0/Android/media/com.eg.android.AlipayGphone/sesame-TK/config/2088632752200481/config_v2.json
19日 18:30:37.83 [RpcErrorHandler]: ========== RPC接口统计报告 ==========
生成时间: 19日18:30:37

📊 接口调用统计 (前10，按失败次数排序):
  - alipay.tiyubiz.wenti.walk.participate:
    总调用: 4, 成功: 0, 失败: 4
    成功率: 0.00%
  - alipay.tiyubiz.sports.userTaskGroup.query:
    总调用: 12, 成功: 10, 失败: 2
    成功率: 83.33%
  - alipay.antdodo.rpc.h5.consumeProp:
    总调用: 4, 成功: 2, 失败: 2
    成功率: 50.00%
  - alipay.antsports.walk.charity.queryProjectList:
    总调用: 4, 成功: 3, 失败: 1
    成功率: 75.00%
  - alipay.antdodo.rpc.h5.queryAnimalStatus:
    总调用: 4, 成功: 3, 失败: 1
    成功率: 75.00%
  - alipay.antdodo.rpc.h5.queryFriend:
    总调用: 4, 成功: 3, 失败: 1
    成功率: 75.00%
  - alipay.antforest.forest.h5.startEnergyRain:
    总调用: 1, 成功: 0, 失败: 1
    成功率: 0.00%
  - com.alipay.sportsplay.biz.rpc.walk.queryUser:
    总调用: 4, 成功: 3, 失败: 1
    成功率: 75.00%
  - com.alipay.sportshealth.biz.rpc.SportsHealthCoinTaskRpc.queryCoinTaskPanel:
    总调用: 4, 成功: 3, 失败: 1
    成功率: 75.00%
  - com.alipay.sportshealth.biz.rpc.SportsHealthCoinTaskRpc.signInCoinTask:
    总调用: 4, 成功: 3, 失败: 1
    成功率: 75.00%

⚙️ 当前并发配置: 60
建议并发数: 40

=====================================

19日 18:30:37.85 [Config]: 格式化配置: 機風
19日 18:30:37.87 [ApplicationHook]: 🚀 启动智能调度器
19日 18:30:37.87 [SmartScheduler]: 🚀 启动智能定时调度器
19日 18:30:37.87 [SmartScheduler]: ✅ 智能调度器已启动，定时启动时间: 00:00, 00:05, 06:58, 11:58, 16:58
19日 18:30:37.88 [ApplicationHook]: 🏥 启动任务健康监控器
19日 18:30:37.88 [TaskHealthMonitor]: ✅ 任务健康监控器已启动
19日 18:30:37.90 [AntForest]: 查询间隔原始设置值: [500-800]
19日 18:30:37.90 [AntForest]: 查询间隔成功创建区间限制
19日 18:30:37.90 [AntForest]: 收取间隔原始设置值: [500-800]
19日 18:30:37.90 [AntForest]: 收取间隔成功创建区间限制
19日 18:30:37.90 [AntForest]: 双击间隔原始设置值: [50-150]
19日 18:30:37.91 [AntForest]: 双击间隔成功创建区间限制
19日 18:30:37.91 [AntForestRpcCall]: 当前支付宝版本: 10.7.86.8000
19日 18:30:37.91 [AntForestRpcCall]: 使用API版本: 20250813
19日 18:30:37.91 [EnergyWaitingManager]: 已设置能量收取回调
19日 18:30:38.08 芝麻粒-TK 加载成功✨
19日 18:30:38.12 [ApplicationHook]: ⏸️ 手动APP触发，自动调度已关闭，跳过执行
19日 18:32:11.10 [Config]: 开始加载配置
19日 18:32:11.10 [Config]: 加载配置: 機風
19日 18:32:11.13 [Config]: 格式化配置成功:/storage/emulated/0/Android/media/com.eg.android.AlipayGphone/sesame-TK/config/2088632752200481/config_v2.json
19日 18:36:27.00 [ApplicationHook]: 清理智能调度器资源
19日 18:36:27.00 [SmartScheduler]: 停止智能定时调度器
19日 18:36:27.01 [ApplicationHook]: 停止任务健康监控
19日 18:36:27.01 [TaskHealthMonitor]: 任务健康监控器已停止
19日 18:36:27.14 [ApplicationHook]: 芝麻粒-TK 开始初始化...
19日 18:36:27.14 [VersionLogger]: ═══════════════ 版本信息 ═══════════════
19日 18:36:27.15 [VersionLogger]: 📦 芝麻粒版本: v0.3.0.自用版rc27-beta
19日 18:36:27.15 [VersionLogger]: 🏗️ 构建类型: release
19日 18:36:27.15 [VersionLogger]: ⏰ 构建时间: 2025-10-19 16:29:20
19日 18:36:27.15 [VersionLogger]: 💰 支付宝版本: 10.7.86.8000 (3170)
19日 18:36:27.15 [VersionLogger]: 🤖 Android版本: 11 (API 30)
19日 18:36:27.15 [VersionLogger]: 📱 设备型号: Xiaomi Redmi K20 Pro
19日 18:36:27.16 [VersionLogger]: ═══════════════════════════════════════
19日 18:36:27.16 [VersionLogger]: ✅ 版本兼容性检查通过
19日 18:36:27.16 [ApplicationHook]: ⚙️模块版本：v0.3.0.自用版rc27-beta
19日 18:36:27.16 [ApplicationHook]: 📦应用版本：10.7.86.8000
19日 18:36:27.16 [ApplicationHook]: 📶网络类型：WIFI
19日 18:36:27.16 [Config]: 开始加载配置
19日 18:36:27.17 [Config]: 加载配置: 機風
19日 18:36:27.27 [Config]: 格式化配置成功:/storage/emulated/0/Android/media/com.eg.android.AlipayGphone/sesame-TK/config/2088632752200481/config_v2.json
19日 18:36:27.30 [ApplicationHook]: 🚀 启动智能调度器
19日 18:36:27.31 [SmartScheduler]: 🚀 启动智能定时调度器
19日 18:36:27.31 [SmartScheduler]: ✅ 智能调度器已启动，定时启动时间: 00:00, 00:05, 06:58, 11:58, 16:58
19日 18:36:27.31 [ApplicationHook]: 🏥 启动任务健康监控器
19日 18:36:27.31 [TaskHealthMonitor]: ✅ 任务健康监控器已启动
19日 18:36:27.32 [AntForest]: 查询间隔原始设置值: [500-800]
19日 18:36:27.32 [AntForest]: 查询间隔成功创建区间限制
19日 18:36:27.32 [AntForest]: 收取间隔原始设置值: [500-800]
19日 18:36:27.33 [AntForest]: 收取间隔成功创建区间限制
19日 18:36:27.33 [AntForest]: 双击间隔原始设置值: [50-150]
19日 18:36:27.33 [AntForest]: 双击间隔成功创建区间限制
19日 18:36:27.34 [AntForestRpcCall]: 当前支付宝版本: 10.7.86.8000
19日 18:36:27.34 [AntForestRpcCall]: 使用API版本: 20250813
19日 18:36:27.34 [EnergyWaitingManager]: 已设置能量收取回调
19日 18:36:27.53 芝麻粒-TK 加载成功✨
19日 18:36:27.55 [ApplicationHook]: ⏸️ 手动APP触发，自动调度已关闭，跳过执行
