27日 20:14:54.65 [AntForest]: 添加蹲点: [惠琴|*惠琴] 能量球[5600178263] 将在[28日06:33:48]成熟
27日 20:14:54.66 [EnergyWaitingManager]: 能量球[5600178263]等待时间过长(618分钟)，跳过蹲点
27日 20:14:54.66 [AntForest]: 添加蹲点: [惠琴|*惠琴] 能量球[5600178312] 将在[28日06:33:49]成熟
27日 20:14:54.67 [EnergyWaitingManager]: ⭐️ [主号|惠琴|*惠琴]不检查保护罩，到时间直接收取
27日 20:14:54.67 [AntForest]: [惠琴|*惠琴] 可收集能量球: 0个
27日 20:14:54.67 [EnergyWaitingManager]: 能量球[5600178312]等待时间过长(618分钟)，跳过蹲点
27日 20:14:54.67 [AntForest]: [惠琴|*惠琴] 等待成熟能量球: 2个
27日 20:14:55.18 [AntForest]: [珊珊|*珊珊] 可收集能量球: 1个
27日 20:14:56.84 [AntForest]: [鑫|*鑫] 可收集能量球: 1个
27日 20:15:00.59 [AntForest]:   正在查询好友 [明珠|*明珠2088612388248073] 的主页...
27日 20:15:00.59 [AntForest]:   正在查询好友 [青玄|*立超2088002896523311] 的主页...
27日 20:15:00.59 [AntForest]:   正在查询好友 [勺子妈|*广艳2088002743413237] 的主页...
27日 20:15:00.59 [AntForest]:   正在查询好友 [sasa|*飒2088002448241630] 的主页...
27日 20:15:00.59 [AntForest]:   正在查询好友 [itssong|*志永2088502963465824] 的主页...
27日 20:15:00.60 [AntForest]:   正在查询好友 [鑫|*鑫2088502754754445] 的主页...
27日 20:15:00.60 [AntForest]:   正在查询好友 [kara|*娇2088302948104810] 的主页...
27日 20:15:00.60 [AntForest]:   正在查询好友 [静影|*静影2088102212584300] 的主页...
27日 20:15:00.85 [AntForest]:   正在查询好友 [翠|*翠2088302255110405] 的主页...
27日 20:15:01.36 [AntForest]: [勺子妈|*广艳] 可收集能量球: 0个
27日 20:15:01.37 [AntForest]:   正在查询好友 [娟|*娟2088502783744358] 的主页...
27日 20:15:01.43 [AntForest]: [青玄|*立超] 可收集能量球: 0个
27日 20:15:01.43 [AntForest]:   正在查询好友 [峰|2088222320229109] 的主页...
27日 20:15:02.11 [AntForest]:   正在查询好友 [静|*静2088002967362953] 的主页...
27日 20:15:02.16 [AntForest]:   正在查询好友 [都市夜归人|*立超2088022496496075] 的主页...
27日 20:15:02.83 [AntForest]:   正在查询好友 [田田|*春艳2088002540800362] 的主页...
27日 20:15:02.85 [AntForest]: [kara|*娇] 可收集能量球: 0个
27日 20:15:02.85 [AntForest]:   正在查询好友 [Sophia|2088002786874299] 的主页...
27日 20:15:03.58 [AntForest]: [静影|*静影] 可收集能量球: 0个
27日 20:15:03.59 [AntForest]:   正在查询好友 [晔|*晔2088312821432710] 的主页...
27日 20:15:03.61 [AntForest]: 添加蹲点: [翠|*翠] 能量球[5600979996] 将在[28日08:29:51]成熟
27日 20:15:03.62 [AntForest]: [翠|*翠] 可收集能量球: 0个
27日 20:15:03.62 [AntForest]: [翠|*翠] 等待成熟能量球: 1个
27日 20:15:03.62 [EnergyWaitingManager]: 能量球[5600979996]等待时间过长(734分钟)，跳过蹲点
27日 20:15:03.62 [AntForest]:   正在查询好友 [漫咖啡|*龙真2088312740648533] 的主页...
27日 20:15:04.27 [AntForest]: [峰|] 可收集能量球: 0个
27日 20:15:04.27 [AntForest]:   正在查询好友 [刘佳|*佳2088412081821481] 的主页...
27日 20:15:04.53 [AntForest]:   正在查询好友 [Tobesy|*德智2088002082389976] 的主页...
27日 20:15:05.15 [AntForest]: [静|*静] 可收集能量球: 0个
27日 20:15:05.15 [EnergyWaitingManager]: 定期清理检查：无过期任务
27日 20:15:05.15 [EnergyWaitingManager]: 定期清理完成，当前无活跃蹲点任务
27日 20:15:05.29 [AntForest]: [都市夜归人|*立超] 可收集能量球: 0个
27日 20:15:05.66 [AntForest]: [Sophia|] 可收集能量球: 0个
27日 20:15:05.71 [AntForest]: [田田|*春艳] 可收集能量球: 0个
27日 20:15:06.34 [AntForest]: [漫咖啡|*龙真] 可收集能量球: 0个
27日 20:15:06.34 [AntForest]: [晔|*晔] 可收集能量球: 0个
27日 20:15:06.83 [AntForest]: [刘佳|*佳] 可收集能量球: 0个
27日 20:15:06.95 [AntForest]: [Tobesy|*德智] 可收集能量球: 0个
27日 20:15:07.10 [AntForest]:   正在查询好友 [甜|*甜2088702440009202] 的主页...
27日 20:15:07.10 [AntForest]:   正在查询好友 [beinglucy|*露西2088102048732243] 的主页...
27日 20:15:07.10 [AntForest]:   正在查询好友 [张小正|*正2088002668232760] 的主页...
27日 20:15:07.10 [AntForest]:   正在查询好友 [希希|2088702678406862] 的主页...
27日 20:15:07.10 [AntForest]:   正在查询好友 [定爱|*定爱2088312029381955] 的主页...
27日 20:15:07.10 [AntForest]:   正在查询好友 [八尾|*应杰2088002445783650] 的主页...
27日 20:15:07.11 [AntForest]:   正在查询好友 [李|*王丹2088502801649135] 的主页...
27日 20:15:07.11 [AntForest]:   正在查询好友 [赵卷卷|*俊辉2088002693382261] 的主页...
27日 20:15:07.38 [AntForest]: [甜|*甜] 可收集能量球: 0个
27日 20:15:07.38 [AntForest]:   正在查询好友 [锦胜|*锦胜2088602061427527] 的主页...
27日 20:15:08.13 [AntForest]: [张小正|*正] 可收集能量球: 0个
27日 20:15:08.13 [AntForest]: [beinglucy|*露西] 可收集能量球: 0个
27日 20:15:08.13 [AntForest]:   正在查询好友 [肖|*艳帅2088502782045382] 的主页...
27日 20:15:08.13 [AntForest]:   正在查询好友 [书琴|*书琴2088002664209384] 的主页...
27日 20:15:08.62 [AntForest]:   正在查询好友 [✨✨✨|2088012440324545] 的主页...
27日 20:15:08.74 [AntForest]: 添加蹲点: [定爱|*定爱] 能量球[5600647715] 将在[28日07:48:52]成熟
27日 20:15:08.74 [AntForest]: [定爱|*定爱] 可收集能量球: 0个
27日 20:15:08.74 [AntForest]: [定爱|*定爱] 等待成熟能量球: 1个
27日 20:15:08.74 [EnergyWaitingManager]: 能量球[5600647715]等待时间过长(693分钟)，跳过蹲点
27日 20:15:08.74 [AntForest]:   正在查询好友 [和平|*和平2088512272759800] 的主页...
27日 20:15:09.39 [AntForest]: [李|*王丹] 可收集能量球: 0个
27日 20:15:09.40 [AntForest]:   正在查询好友 [ixiang|2088002779364402] 的主页...
27日 20:15:09.43 [AntForest]:   正在查询好友 [Lulu|*璐2088602069056930] 的主页...
27日 20:15:10.06 [AntForest]: [赵卷卷|*俊辉] 可收集能量球: 0个
27日 20:15:10.07 [AntForest]:   正在查询好友 [喜|*喜2088202687392973] 的主页...
27日 20:15:10.11 [AntForest]:   正在查询好友 [小熊|*娟2088302431050482] 的主页...
27日 20:15:10.81 [AntForest]: [书琴|*书琴] 可收集能量球: 0个
27日 20:15:10.81 [AntForest]:   正在查询好友 [老鱼|*卫伟2088502298508100] 的主页...
27日 20:15:10.92 [AntForest]: [肖|*艳帅] 可收集能量球: 0个
27日 20:15:10.92 [AntForest]:   正在查询好友 [范范|*立双2088112582622535] 的主页...
27日 20:15:11.46 [AntForest]: [✨✨✨|] 可收集能量球: 0个
27日 20:15:11.46 [AntForest]:   正在查询好友 [霖霖麻麻|*圣玮2088702763771093] 的主页...
27日 20:15:11.56 [AntForest]: [和平|*和平] 可收集能量球: 0个
27日 20:15:12.19 [AntForest]: [ixiang|] 可收集能量球: 0个
27日 20:15:12.30 [AntForest]: [Lulu|*璐] 可收集能量球: 0个
27日 20:15:12.86 [AntForest]: [喜|*喜] 可收集能量球: 0个
27日 20:15:13.12 [AntForest]: [小熊|*娟] 可收集能量球: 0个
27日 20:15:13.69 [AntForest]: [老鱼|*卫伟] 可收集能量球: 0个
27日 20:15:14.17 [AntForest]: [霖霖麻麻|*圣玮] 可收集能量球: 0个
27日 20:15:14.32 [AntForest]:   正在查询好友 [波|*波2088502083673305] 的主页...
27日 20:15:14.33 [AntForest]:   正在查询好友 [利贞|*利贞2088112442661872] 的主页...
27日 20:15:14.33 [AntForest]:   正在查询好友 [ball|*欢子2088302489280475] 的主页...
27日 20:15:14.33 [AntForest]:   正在查询好友 [电冰香|*延昕2088102148808491] 的主页...
27日 20:15:14.34 [AntForest]:   正在查询好友 [陈芳|*芳2088012403171881] 的主页...
27日 20:15:14.34 [AntForest]:   正在查询好友 [海燕|*海燕2088802356831299] 的主页...
27日 20:15:14.34 [AntForest]:   正在查询好友 [海洋|*海洋2088502802419939] 的主页...
27日 20:15:14.34 [AntForest]:   正在查询好友 [晴天|*宁2088612883433785] 的主页...
27日 20:15:14.56 [AntForest]: [波|*波] 可收集能量球: 0个
27日 20:15:14.56 [AntForest]:   正在查询好友 [雄|*雄2088802358729921] 的主页...
27日 20:15:15.06 [AntForest]: [利贞|*利贞] 可收集能量球: 0个
27日 20:15:15.07 [AntForest]:   正在查询好友 [帅帅|*帅2088002063139554] 的主页...
27日 20:15:15.26 [AntForest]: [ball|*欢子] 可收集能量球: 0个
27日 20:15:15.27 [AntForest]:   正在查询好友 [健|*健2088402940355875] 的主页...
27日 20:15:15.85 [AntForest]: [陈芳|*芳] 可收集能量球: 0个
27日 20:15:15.86 [AntForest]:   正在查询好友 [小凡|*立超2088002858797084] 的主页...
27日 20:15:15.97 [AntForest]: [电冰香|*延昕] 可收集能量球: 0个
27日 20:15:15.97 [AntForest]:   正在查询好友 [彭大大|2088212039375301] 的主页...
27日 20:15:16.51 [AntForest]:   正在查询好友 [懒懒|*伟2088102840144574] 的主页...
27日 20:15:16.54 [AntForest]: [海燕|*海燕] 可收集能量球: 0个
27日 20:15:16.54 [AntForest]:   正在查询好友 [莉娟|*莉娟2088522914108693] 的主页...
27日 20:15:17.37 [AntForest]:   正在查询好友 [star|2088702208130050] 的主页...
27日 20:15:17.40 [AntForest]: [晴天|*宁] 可收集能量球: 0个
27日 20:15:17.41 [AntForest]:   正在查询好友 [杉|*晓杉2088402826401340] 的主页...
27日 20:15:17.94 [AntForest]: [帅帅|*帅] 可收集能量球: 0个
27日 20:15:17.94 [AntForest]:   正在查询好友 [珊珊|*珊珊2088002230576126] 的主页...
27日 20:15:18.25 [AntForest]: [健|*健] 可收集能量球: 0个
27日 20:15:18.26 [AntForest]:   正在查询好友 [芙蓉|*芙蓉2088902068078424] 的主页...
27日 20:15:18.56 [AntForest]: 添加蹲点: [小凡|*立超] 能量球[5600255449] 将在[28日06:53:13]成熟
27日 20:15:18.56 [AntForest]: 添加蹲点: [小凡|*立超] 能量球[5600255498] 将在[28日06:53:14]成熟
27日 20:15:18.57 [AntForest]: [小凡|*立超] 可收集能量球: 0个
27日 20:15:18.57 [AntForest]: [小凡|*立超] 等待成熟能量球: 2个
27日 20:15:18.57 [EnergyWaitingManager]: 能量球[5600255498]等待时间过长(637分钟)，跳过蹲点
27日 20:15:18.57 [AntForest]:   正在查询好友 [艳|*艳2088702276141642] 的主页...
27日 20:15:18.70 [EnergyWaitingManager]: 能量球[5600255449]等待时间过长(637分钟)，跳过蹲点
27日 20:15:19.31 [AntForest]: [莉娟|*莉娟] 可收集能量球: 0个
27日 20:15:19.97 [AntForest]: [star|] 可收集能量球: 0个
27日 20:15:20.02 [AntForest]: [杉|*晓杉] 可收集能量球: 0个
27日 20:15:20.78 [AntForest]: [芙蓉|*芙蓉] 可收集能量球: 0个
27日 20:15:21.17 [AntForest]: 添加蹲点: [艳|*艳] 能量球[5604401276] 将在[28日16:47:49]成熟
27日 20:15:21.17 [EnergyWaitingManager]: 能量球[5604401276]等待时间过长(1232分钟)，跳过蹲点
27日 20:15:21.18 [AntForest]: [艳|*艳] 可收集能量球: 0个
27日 20:15:21.19 [AntForest]: [艳|*艳] 等待成熟能量球: 1个
27日 20:15:21.41 [AntForest]:   正在查询好友 [Tracy.W|*鹏2088402324074862] 的主页...
27日 20:15:21.41 [AntForest]:   正在查询好友 [木唯钟晨|*林2088702232922409] 的主页...
27日 20:15:21.41 [AntForest]:   正在查询好友 [唐僧洗发爱飘柔|2088302404225194] 的主页...
27日 20:15:21.41 [AntForest]:   正在查询好友 [娟|*娟2088202434991213] 的主页...
27日 20:15:21.41 [AntForest]:   正在查询好友 [力峰|*力峰2088302462486832] 的主页...
27日 20:15:21.41 [AntForest]:   正在查询好友 [雪|*子霞2088202425560855] 的主页...
27日 20:15:21.41 [AntForest]:   正在查询好友 [機風|2088632752200481] 的主页...
27日 20:15:21.41 [AntForest]:   正在查询好友 [anny|*伟红2088002130420730] 的主页...
27日 20:15:21.51 [AntForest]: [Tracy.W|*鹏] 可收集能量球: 0个
27日 20:15:21.51 [AntForest]:   正在查询好友 [亚如|*亚如2088912181351904] 的主页...
27日 20:15:22.17 [AntForest]: [木唯钟晨|*林] 可收集能量球: 0个
27日 20:15:22.18 [AntForest]:   正在查询好友 [无心快语|*乐峰2088002455076948] 的主页...
27日 20:15:22.56 [AntForest]: [唐僧洗发爱飘柔|] 可收集能量球: 0个
27日 20:15:22.84 [AntForest]:   正在查询好友 [RehillMu|2088612059436550] 的主页...
27日 20:15:23.03 [AntForest]: [娟|*娟] 可收集能量球: 0个
27日 20:15:23.17 [AntForest]: [力峰|*力峰] 可收集能量球: 0个
27日 20:15:23.17 [AntForest]:   正在查询好友 [CHRON^ω^|*超2088802372965859] 的主页...
27日 20:15:23.19 [AntForest]:   正在查询好友 [余业海|*业海2088102072730321] 的主页...
27日 20:15:23.30 [AntForest]:   正在查询好友 [旺财宝贝|*琳2088002566814741] 的主页...
27日 20:15:23.60 [AntForest]: 添加蹲点: [機風|] 能量球[5600224437] 将在[28日06:47:10]成熟
27日 20:15:23.60 [AntForest]: 添加蹲点: [機風|] 能量球[5600224506] 将在[28日06:47:11]成熟
27日 20:15:23.60 [AntForest]: [機風|] 可收集能量球: 0个
27日 20:15:23.61 [AntForest]: [機風|] 等待成熟能量球: 2个
27日 20:15:23.61 [EnergyWaitingManager]: 能量球[5600224506]等待时间过长(631分钟)，跳过蹲点
27日 20:15:23.62 [EnergyWaitingManager]: 能量球[5600224437]等待时间过长(631分钟)，跳过蹲点
27日 20:15:23.62 [AntForest]:   正在查询好友 [小茵|*小茵2088102755010456] 的主页...
27日 20:15:23.93 [AntForest]: [anny|*伟红] 可收集能量球: 0个
27日 20:15:23.94 [AntForest]:   正在查询好友 [思懿|*士珍2088202379393996] 的主页...
27日 20:15:24.06 [AntForest]: 添加蹲点: [亚如|*亚如] 能量球[5601080649] 将在[28日08:42:07]成熟
27日 20:15:24.06 [AntForest]: [亚如|*亚如] 可收集能量球: 0个
27日 20:15:24.06 [AntForest]: [亚如|*亚如] 等待成熟能量球: 1个
27日 20:15:24.06 [EnergyWaitingManager]: 能量球[5601080649]等待时间过长(746分钟)，跳过蹲点
27日 20:15:24.07 [AntForest]:   正在查询好友 [丹|*丹2088802901546171] 的主页...
27日 20:15:24.62 [AntForest]:   正在查询好友 [風|*立超2088942482497175] 的主页...
27日 20:15:24.80 [AntForest]: [RehillMu|] 可收集能量球: 0个
27日 20:15:24.82 [AntForest]:   正在查询好友 [刚|*刚2088002046621337] 的主页...
27日 20:15:25.27 [AntForest]: 添加蹲点: [CHRON^ω^|*超] 能量球[5602396159] 将在[28日11:38:30]成熟
27日 20:15:25.30 [AntForest]: [CHRON^ω^|*超] 可收集能量球: 0个
27日 20:15:25.31 [AntForest]: [CHRON^ω^|*超] 等待成熟能量球: 1个
27日 20:15:25.32 [EnergyWaitingManager]: 能量球[5602396159]等待时间过长(923分钟)，跳过蹲点
27日 20:15:25.34 [AntForest]:   正在查询好友 [庆红|*庆红2088002306546792] 的主页...
27日 20:15:26.16 [AntForest]: [旺财宝贝|*琳] 可收集能量球: 0个
27日 20:15:26.17 [AntForest]: [小茵|*小茵] 可收集能量球: 0个
27日 20:15:26.70 [AntForest]: [丹|*丹] 可收集能量球: 0个
27日 20:15:27.35 [AntForest]: [風|*立超] 可收集能量球: 0个
27日 20:15:28.34 [AntForest]:   正在查询好友 [我是庶憧|*书成2088702282877933] 的主页...
27日 20:15:28.34 [AntForest]:   正在查询好友 [独特|*都特2088002888410937] 的主页...
27日 20:15:28.34 [AntForest]:   正在查询好友 [增|*增2088002783102179] 的主页...
27日 20:15:28.34 [AntForest]:   正在查询好友 [礼锦|*礼锦2088802104170353] 的主页...
27日 20:15:28.34 [AntForest]:   正在查询好友 [建建|*建建2088402864983574] 的主页...
27日 20:15:28.35 [AntForest]:   正在查询好友 [业军|*业军2088012854230018] 的主页...
27日 20:15:28.35 [AntForest]:   正在查询好友 [媛媛|*媛媛2088102538570368] 的主页...
27日 20:15:28.35 [AntForest]:   正在查询好友 [淑婷|*淑婷2088112399383193] 的主页...
27日 20:15:28.46 [AntForest]:   正在查询好友 [小美|*杰2088202904466603] 的主页...
27日 20:15:29.15 [AntForest]: 添加蹲点: [独特|*都特] 能量球[5602289675] 将在[28日11:27:17]成熟
27日 20:15:29.15 [AntForest]: 添加蹲点: [独特|*都特] 能量球[5603418845] 将在[28日13:53:59]成熟
27日 20:15:29.15 [AntForest]: [独特|*都特] 可收集能量球: 0个
27日 20:15:29.18 [AntForest]: [独特|*都特] 等待成熟能量球: 2个
27日 20:15:29.18 [EnergyWaitingManager]: 能量球[5603418845]等待时间过长(1058分钟)，跳过蹲点
27日 20:15:29.19 [EnergyWaitingManager]: 能量球[5602289675]等待时间过长(911分钟)，跳过蹲点
27日 20:15:29.20 [AntForest]:   正在查询好友 [敏丽|*敏丽2088702484033261] 的主页...
27日 20:15:29.27 [AntForest]:   正在查询好友 [志澈汽车用品81580216|2088202385407924] 的主页...
27日 20:15:29.86 [AntForest]: [淑婷|*淑婷] 可收集能量球: 0个
27日 20:15:29.87 [AntForest]:   正在查询好友 [777|2088102619641149] 的主页...
27日 20:15:29.89 [AntForest]: [业军|*业军] 可收集能量球: 0个
27日 20:15:29.89 [AntForest]:   正在查询好友 [12345|*瑶2088212250112152] 的主页...
27日 20:15:30.58 [AntForest]: 添加蹲点: [媛媛|*媛媛] 能量球[5604804550] 将在[28日17:39:56]成熟
27日 20:15:30.59 [AntForest]: [媛媛|*媛媛] 可收集能量球: 0个
27日 20:15:30.60 [AntForest]: [媛媛|*媛媛] 等待成熟能量球: 1个
27日 20:15:30.60 [EnergyWaitingManager]: 能量球[5604804550]等待时间过长(1284分钟)，跳过蹲点
27日 20:15:30.61 [AntForest]:   正在查询好友 [桃桃二十二|2088002457140289] 的主页...
27日 20:15:30.66 [AntForest]: [增|*增] 可收集能量球: 0个
27日 20:15:30.67 [AntForest]:   正在查询好友 [丽娜|*丽娜2088802105224888] 的主页...
27日 20:15:31.23 [AntForest]:   正在查询好友 [黑眼滴羞羞|*小芬2088902007615233] 的主页...
27日 20:15:31.35 [AntForest]:   正在查询好友 [cetaer|*伟2088402090348130] 的主页...
27日 20:15:31.69 [AntForest]: [敏丽|*敏丽] 可收集能量球: 0个
27日 20:15:31.70 [AntForest]:   正在查询好友 [李艳|*艳2088022208785783] 的主页...
27日 20:15:32.12 [AntForest]:   正在查询好友 [兰|*兰2088302217939691] 的主页...
27日 20:15:32.54 [AntForest]:   正在查询好友 [李牧远|2088012821190435] 的主页...
27日 20:15:32.74 [AntForest]: [12345|*瑶] 可收集能量球: 0个
27日 20:15:33.48 [AntForest]: [桃桃二十二|] 可收集能量球: 0个
27日 20:15:34.26 [AntForest]: [黑眼滴羞羞|*小芬] 可收集能量球: 0个
27日 20:15:35.22 [AntForest]: 添加蹲点: [兰|*兰] 能量球[5602092477] 将在[28日11:00:33]成熟
27日 20:15:35.37 [EnergyWaitingManager]: 能量球[5602092477]等待时间过长(884分钟)，跳过蹲点
27日 20:15:35.61 [EnergyWaitingManager]: 定期清理检查：无过期任务
27日 20:15:35.69 [AntForest]: [兰|*兰] 可收集能量球: 0个
27日 20:15:35.85 [AntForest]: [李牧远|] 可收集能量球: 0个
27日 20:15:35.93 [EnergyWaitingManager]: 定期清理完成，当前无活跃蹲点任务
27日 20:15:36.02 [AntForest]: [兰|*兰] 等待成熟能量球: 1个
27日 20:15:38.02 [AntForest]:   正在查询好友 [聖柽|*聖柽2088812417019180] 的主页...
27日 20:15:38.12 [AntForest]:   正在查询好友 [幻影|*保富2088032249112178] 的主页...
27日 20:15:38.33 [AntForest]:   正在查询好友 [长坤|*长坤2088002279094067] 的主页...
27日 20:15:38.43 [AntForest]:   正在查询好友 [忠雨|*忠雨2088412168136824] 的主页...
27日 20:15:38.76 [AntForest]:   正在查询好友 [王俊霞|*俊霞2088802410356575] 的主页...
27日 20:15:38.76 [AntForest]:   正在查询好友 [Amy|2088432365802728] 的主页...
27日 20:15:38.86 [AntForest]:   正在查询好友 [解建超|*建超2088802744937727] 的主页...
27日 20:15:38.97 [AntForest]:   正在查询好友 [jacky|*伟伟2088212506323222] 的主页...
27日 20:15:39.30 [AntForest]:   正在查询好友 [娜|*娜2088432371320120] 的主页...
27日 20:15:39.62 [AntForest]:   正在查询好友 [惠琴|2088522836357702] 的主页...
27日 20:15:39.73 [AntForest]:   正在查询好友 [高鹏|2088002039582410] 的主页...
27日 20:15:40.10 [AntForest]: [忠雨|*忠雨] 可收集能量球: 0个
27日 20:15:40.21 [AntForest]: [王俊霞|*俊霞] 可收集能量球: 0个
27日 20:15:40.55 [AntForest]:   正在查询好友 [春霞|*春霞2088002616768008] 的主页...
27日 20:15:40.67 [AntForest]:   正在查询好友 [曾培琛|*力峰2088022847734669] 的主页...
27日 20:15:40.78 [AntForest]:   正在查询好友 [小娟|*小娟2088112774195898] 的主页...
27日 20:15:41.02 [AntForest]: [解建超|*建超] 可收集能量球: 2个
27日 20:15:41.60 [AntForest]: 添加蹲点: [jacky|*伟伟] 能量球[5605865614] 将在[28日19:59:44]成熟
27日 20:15:41.83 [AntForest]:   正在查询好友 [庆栋|*庆栋2088622659649353] 的主页...
27日 20:15:42.07 [AntForest]: [jacky|*伟伟] 可收集能量球: 0个
27日 20:15:42.42 [EnergyWaitingManager]: 能量球[5605865614]等待时间过长(1424分钟)，跳过蹲点
27日 20:15:42.66 [AntForest]: [jacky|*伟伟] 等待成熟能量球: 1个
27日 20:15:42.77 [AntForest]:   正在查询好友 [天山|2088702642228014] 的主页...
27日 20:15:42.89 [AntForest]:   正在查询好友 [精锐|2088702672270821] 的主页...
27日 20:15:43.12 [AntForest]:   正在查询好友 [安民|*安民2088802307855602] 的主页...
27日 20:15:43.36 [AntForest]: [曾培琛|*力峰] 可收集能量球: 3个
27日 20:15:43.49 [EnergyWaitingManager]: 能量球[5602377225]等待时间过长(920分钟)，跳过蹲点
27日 20:15:43.49 [AntForest]: 添加蹲点: [小娟|*小娟] 能量球[5602377225] 将在[28日11:36:14]成熟
27日 20:15:43.85 [AntForest]: [小娟|*小娟] 可收集能量球: 0个
27日 20:15:43.98 [AntForest]: [小娟|*小娟] 等待成熟能量球: 1个
27日 20:15:44.42 [AntForest]: [精锐|] 可收集能量球: 1个
27日 20:15:44.90 [AntForest]: [安民|*安民] 可收集能量球: 1个
27日 20:16:05.18 [EnergyWaitingManager]: 定期清理检查：无过期任务
27日 20:16:05.18 [EnergyWaitingManager]: 定期清理完成，当前无活跃蹲点任务
27日 20:16:07.03 任务[森林-Round1]执行成功，耗时: 73704ms
27日 20:16:35.21 [EnergyWaitingManager]: 定期清理检查：无过期任务
27日 20:16:35.23 [EnergyWaitingManager]: 定期清理完成，当前无活跃蹲点任务
27日 20:16:59.44 任务[庄园-Round1]执行成功，耗时: 51321ms
27日 20:17:05.33 [EnergyWaitingManager]: 定期清理检查：无过期任务
27日 20:17:05.48 [EnergyWaitingManager]: 定期清理完成，当前无活跃蹲点任务
27日 20:17:06.50 任务[海洋-Round1]执行成功，耗时: 5827ms
27日 20:17:12.05 任务[农场-Round1]执行成功，耗时: 4333ms
27日 20:17:18.65 任务[新村-Round1]执行成功，耗时: 6539ms
27日 20:17:28.15 任务[神奇物种-Round1]执行成功，耗时: 9333ms
27日 20:17:35.20 [EnergyWaitingManager]: 定期清理检查：无过期任务
27日 20:17:35.20 [EnergyWaitingManager]: 定期清理完成，当前无活跃蹲点任务
27日 20:18:05.21 [EnergyWaitingManager]: 定期清理检查：无过期任务
27日 20:18:05.21 [EnergyWaitingManager]: 定期清理完成，当前无活跃蹲点任务
27日 20:18:35.40 [EnergyWaitingManager]: 定期清理检查：无过期任务
27日 20:18:35.67 [EnergyWaitingManager]: 定期清理完成，当前无活跃蹲点任务
27日 20:19:05.25 [EnergyWaitingManager]: 定期清理检查：无过期任务
27日 20:19:05.29 [EnergyWaitingManager]: 定期清理完成，当前无活跃蹲点任务
27日 20:22:46.86 [ApplicationHook]: 取消定时唤醒将由destroyHandler统一处理
27日 20:22:56.26 [AntForest]: 添加蹲点: [惠琴|*惠琴] 能量球[5600178263] 将在[28日06:33:48]成熟
27日 20:22:56.26 [EnergyWaitingManager]: ⭐️ [主号|惠琴|*惠琴]不检查保护罩，到时间直接收取
27日 20:22:56.26 [AntForest]: 添加蹲点: [惠琴|*惠琴] 能量球[5600178312] 将在[28日06:33:49]成熟
27日 20:22:56.28 [EnergyWaitingManager]: 能量球[5600178263]等待时间过长(610分钟)，跳过蹲点
27日 20:22:56.28 [AntForest]: [惠琴|*惠琴] 可收集能量球: 0个
27日 20:22:56.29 [EnergyWaitingManager]: ⭐️ [主号|惠琴|*惠琴]不检查保护罩，到时间直接收取
27日 20:22:56.29 [AntForest]: [惠琴|*惠琴] 等待成熟能量球: 2个
27日 20:22:56.30 [EnergyWaitingManager]: 能量球[5600178312]等待时间过长(610分钟)，跳过蹲点
27日 20:22:56.33 [EnergyWaitingPersistence]:   跳过[官人|]：能量已过期超过1小时
27日 20:22:56.33 [EnergyWaitingPersistence]:   跳过[官人|]：能量已过期超过1小时
27日 20:22:56.35 [EnergyWaitingManager]: 持久化存储中无任务需要恢复
27日 20:22:58.79 [AntForest]:   正在查询好友 [明珠|*明珠2088612388248073] 的主页...
27日 20:22:58.79 [AntForest]:   正在查询好友 [青玄|*立超2088002896523311] 的主页...
27日 20:22:58.79 [AntForest]:   正在查询好友 [勺子妈|*广艳2088002743413237] 的主页...
27日 20:22:58.81 [AntForest]:   正在查询好友 [sasa|*飒2088002448241630] 的主页...
27日 20:22:58.82 [AntForest]:   正在查询好友 [鑫|*鑫2088502754754445] 的主页...
27日 20:22:58.82 [AntForest]:   正在查询好友 [itssong|*志永2088502963465824] 的主页...
27日 20:22:58.82 [AntForest]:   正在查询好友 [kara|*娇2088302948104810] 的主页...
27日 20:22:58.83 [AntForest]:   正在查询好友 [静影|*静影2088102212584300] 的主页...
27日 20:22:59.11 [AntForest]: [青玄|*立超] 可收集能量球: 0个
27日 20:22:59.11 [AntForest]:   正在查询好友 [翠|*翠2088302255110405] 的主页...
27日 20:22:59.56 [AntForest]: [勺子妈|*广艳] 可收集能量球: 0个
27日 20:22:59.56 [AntForest]:   正在查询好友 [娟|*娟2088502783744358] 的主页...
27日 20:22:59.89 [AntForest]:   正在查询好友 [峰|2088222320229109] 的主页...
27日 20:23:00.20 [AntForest]:   正在查询好友 [静|*静2088002967362953] 的主页...
27日 20:23:00.61 [AntForest]: [鑫|*鑫] 可收集能量球: 0个
27日 20:23:00.63 [AntForest]:   正在查询好友 [都市夜归人|*立超2088022496496075] 的主页...
27日 20:23:00.78 [AntForest]:   正在查询好友 [田田|*春艳2088002540800362] 的主页...
27日 20:23:01.15 [AntForest]: [kara|*娇] 可收集能量球: 0个
27日 20:23:01.15 [AntForest]:   正在查询好友 [Sophia|2088002786874299] 的主页...
27日 20:23:01.38 [AntForest]: [静影|*静影] 可收集能量球: 0个
27日 20:23:01.39 [AntForest]:   正在查询好友 [晔|*晔2088312821432710] 的主页...
27日 20:23:01.82 [AntForest]: 添加蹲点: [翠|*翠] 能量球[5600979996] 将在[28日08:29:51]成熟
27日 20:23:01.83 [AntForest]: [翠|*翠] 可收集能量球: 0个
27日 20:23:01.83 [AntForest]: [翠|*翠] 等待成熟能量球: 1个
27日 20:23:01.84 [EnergyWaitingManager]: 能量球[5600979996]等待时间过长(726分钟)，跳过蹲点
27日 20:23:01.90 [AntForest]:   正在查询好友 [漫咖啡|*龙真2088312740648533] 的主页...
27日 20:23:02.20 [AntForest]:   正在查询好友 [刘佳|*佳2088412081821481] 的主页...
27日 20:23:02.94 [AntForest]: [峰|] 可收集能量球: 0个
27日 20:23:02.95 [AntForest]:   正在查询好友 [Tobesy|*德智2088002082389976] 的主页...
27日 20:23:03.05 [AntForest]: [静|*静] 可收集能量球: 0个
27日 20:23:03.15 [AntForest]: [都市夜归人|*立超] 可收集能量球: 0个
27日 20:23:03.79 [AntForest]: [田田|*春艳] 可收集能量球: 0个
27日 20:23:03.84 [AntForest]: [Sophia|] 可收集能量球: 0个
27日 20:23:04.53 [AntForest]: [漫咖啡|*龙真] 可收集能量球: 0个
27日 20:23:04.54 [AntForest]: [晔|*晔] 可收集能量球: 0个
27日 20:23:04.92 [AntForest]: [刘佳|*佳] 可收集能量球: 0个
27日 20:23:05.15 [AntForest]: [Tobesy|*德智] 可收集能量球: 0个
27日 20:23:05.65 [AntForest]:   正在查询好友 [甜|*甜2088702440009202] 的主页...
27日 20:23:05.65 [AntForest]:   正在查询好友 [八尾|*应杰2088002445783650] 的主页...
27日 20:23:05.67 [AntForest]:   正在查询好友 [张小正|*正2088002668232760] 的主页...
27日 20:23:05.68 [AntForest]:   正在查询好友 [希希|2088702678406862] 的主页...
27日 20:23:05.68 [AntForest]:   正在查询好友 [beinglucy|*露西2088102048732243] 的主页...
27日 20:23:05.68 [AntForest]:   正在查询好友 [定爱|*定爱2088312029381955] 的主页...
27日 20:23:05.70 [AntForest]:   正在查询好友 [李|*王丹2088502801649135] 的主页...
27日 20:23:05.70 [AntForest]:   正在查询好友 [赵卷卷|*俊辉2088002693382261] 的主页...
27日 20:23:05.88 [AntForest]: [甜|*甜] 可收集能量球: 0个
27日 20:23:05.88 [AntForest]:   正在查询好友 [锦胜|*锦胜2088602061427527] 的主页...
27日 20:23:06.56 [AntForest]: [张小正|*正] 可收集能量球: 0个
27日 20:23:06.57 [AntForest]:   正在查询好友 [肖|*艳帅2088502782045382] 的主页...
27日 20:23:06.68 [AntForest]:   正在查询好友 [书琴|*书琴2088002664209384] 的主页...
27日 20:23:07.09 [AntForest]: 添加蹲点: [定爱|*定爱] 能量球[5600647715] 将在[28日07:48:52]成熟
27日 20:23:07.09 [AntForest]: [定爱|*定爱] 可收集能量球: 0个
27日 20:23:07.09 [AntForest]: [定爱|*定爱] 等待成熟能量球: 1个
27日 20:23:07.10 [EnergyWaitingManager]: 能量球[5600647715]等待时间过长(685分钟)，跳过蹲点
27日 20:23:07.10 [AntForest]:   正在查询好友 [✨✨✨|2088012440324545] 的主页...
27日 20:23:07.31 [AntForest]: [beinglucy|*露西] 可收集能量球: 0个
27日 20:23:07.32 [AntForest]:   正在查询好友 [和平|*和平2088512272759800] 的主页...
27日 20:23:07.63 [AntForest]:   正在查询好友 [ixiang|2088002779364402] 的主页...
27日 20:23:08.10 [AntForest]: [李|*王丹] 可收集能量球: 0个
27日 20:23:08.10 [AntForest]:   正在查询好友 [Lulu|*璐2088602069056930] 的主页...
27日 20:23:08.30 [AntForest]: [赵卷卷|*俊辉] 可收集能量球: 0个
27日 20:23:08.31 [AntForest]:   正在查询好友 [喜|*喜2088202687392973] 的主页...
27日 20:23:08.84 [AntForest]:   正在查询好友 [小熊|*娟2088302431050482] 的主页...
27日 20:23:09.05 [AntForest]: [肖|*艳帅] 可收集能量球: 0个
27日 20:23:09.06 [AntForest]:   正在查询好友 [老鱼|*卫伟2088502298508100] 的主页...
27日 20:23:09.40 [AntForest]: [书琴|*书琴] 可收集能量球: 0个
27日 20:23:09.40 [AntForest]:   正在查询好友 [范范|*立双2088112582622535] 的主页...
27日 20:23:09.89 [AntForest]: [✨✨✨|] 可收集能量球: 0个
27日 20:23:09.89 [AntForest]:   正在查询好友 [霖霖麻麻|*圣玮2088702763771093] 的主页...
27日 20:23:10.03 [AntForest]: [和平|*和平] 可收集能量球: 0个
27日 20:23:10.31 [AntForest]: [ixiang|] 可收集能量球: 0个
27日 20:23:10.68 [AntForest]: [Lulu|*璐] 可收集能量球: 0个
27日 20:23:10.98 [AntForest]: [喜|*喜] 可收集能量球: 0个
27日 20:23:11.34 [AntForest]: [小熊|*娟] 可收集能量球: 0个
27日 20:23:11.85 [AntForest]: [老鱼|*卫伟] 可收集能量球: 0个
27日 20:23:12.63 [AntForest]: [霖霖麻麻|*圣玮] 可收集能量球: 0个
27日 20:23:12.83 [AntForest]:   正在查询好友 [波|*波2088502083673305] 的主页...
27日 20:23:12.83 [AntForest]:   正在查询好友 [ball|*欢子2088302489280475] 的主页...
27日 20:23:12.83 [AntForest]:   正在查询好友 [利贞|*利贞2088112442661872] 的主页...
27日 20:23:12.83 [AntForest]:   正在查询好友 [电冰香|*延昕2088102148808491] 的主页...
27日 20:23:12.83 [AntForest]:   正在查询好友 [海洋|*海洋2088502802419939] 的主页...
27日 20:23:12.83 [AntForest]:   正在查询好友 [海燕|*海燕2088802356831299] 的主页...
27日 20:23:12.83 [AntForest]:   正在查询好友 [晴天|*宁2088612883433785] 的主页...
27日 20:23:12.84 [AntForest]:   正在查询好友 [陈芳|*芳2088012403171881] 的主页...
27日 20:23:13.09 [AntForest]: [波|*波] 可收集能量球: 0个
27日 20:23:13.09 [AntForest]:   正在查询好友 [雄|*雄2088802358729921] 的主页...
27日 20:23:13.56 [AntForest]: [利贞|*利贞] 可收集能量球: 0个
27日 20:23:13.57 [AntForest]:   正在查询好友 [帅帅|*帅2088002063139554] 的主页...
27日 20:23:13.69 [AntForest]: [ball|*欢子] 可收集能量球: 0个
27日 20:23:13.69 [AntForest]:   正在查询好友 [健|*健2088402940355875] 的主页...
27日 20:23:14.30 [AntForest]: [电冰香|*延昕] 可收集能量球: 0个
27日 20:23:14.31 [AntForest]:   正在查询好友 [小凡|*立超2088002858797084] 的主页...
27日 20:23:14.31 [AntForest]:   正在查询好友 [彭大大|2088212039375301] 的主页...
27日 20:23:14.89 [AntForest]: [海燕|*海燕] 可收集能量球: 0个
27日 20:23:14.90 [AntForest]:   正在查询好友 [懒懒|*伟2088102840144574] 的主页...
27日 20:23:15.07 [AntForest]: [晴天|*宁] 可收集能量球: 0个
27日 20:23:15.07 [AntForest]:   正在查询好友 [莉娟|*莉娟2088522914108693] 的主页...
27日 20:23:15.48 [AntForest]:   正在查询好友 [star|2088702208130050] 的主页...
27日 20:23:15.49 [AntForest]: [陈芳|*芳] 可收集能量球: 0个
27日 20:23:15.49 [AntForest]:   正在查询好友 [杉|*晓杉2088402826401340] 的主页...
27日 20:23:16.12 [AntForest]: [健|*健] 可收集能量球: 0个
27日 20:23:16.13 [AntForest]:   正在查询好友 [珊珊|*珊珊2088002230576126] 的主页...
27日 20:23:16.45 [AntForest]: [帅帅|*帅] 可收集能量球: 0个
27日 20:23:16.45 [AntForest]:   正在查询好友 [芙蓉|*芙蓉2088902068078424] 的主页...
27日 20:23:16.68 [AntForest]: 添加蹲点: [小凡|*立超] 能量球[5600255449] 将在[28日06:53:13]成熟
27日 20:23:16.68 [AntForest]: 添加蹲点: [小凡|*立超] 能量球[5600255498] 将在[28日06:53:14]成熟
27日 20:23:16.69 [AntForest]: [小凡|*立超] 可收集能量球: 0个
27日 20:23:16.69 [AntForest]: [小凡|*立超] 等待成熟能量球: 2个
27日 20:23:16.70 [EnergyWaitingManager]: 能量球[5600255498]等待时间过长(629分钟)，跳过蹲点
27日 20:23:16.70 [AntForest]:   正在查询好友 [艳|*艳2088702276141642] 的主页...
27日 20:23:16.71 [EnergyWaitingManager]: 能量球[5600255449]等待时间过长(629分钟)，跳过蹲点
27日 20:23:17.07 [EnergyWaitingManager]: 定期清理检查：无过期任务
27日 20:23:17.07 [EnergyWaitingManager]: 定期清理完成，当前无活跃蹲点任务
27日 20:23:17.43 [AntForest]: [莉娟|*莉娟] 可收集能量球: 0个
27日 20:23:17.85 [AntForest]: [star|] 可收集能量球: 0个
27日 20:23:18.12 [AntForest]: [杉|*晓杉] 可收集能量球: 0个
27日 20:23:18.50 [AntForest]: [珊珊|*珊珊] 可收集能量球: 0个
27日 20:23:18.81 [AntForest]: [芙蓉|*芙蓉] 可收集能量球: 0个
27日 20:23:19.08 [EnergyWaitingManager]: 能量球[5604401276]等待时间过长(1224分钟)，跳过蹲点
27日 20:23:19.08 [AntForest]: 添加蹲点: [艳|*艳] 能量球[5604401276] 将在[28日16:47:49]成熟
27日 20:23:19.08 [AntForest]: [艳|*艳] 可收集能量球: 0个
27日 20:23:19.09 [AntForest]: [艳|*艳] 等待成熟能量球: 1个
27日 20:23:19.30 [AntForest]:   正在查询好友 [木唯钟晨|*林2088702232922409] 的主页...
27日 20:23:19.31 [AntForest]:   正在查询好友 [雪|*子霞2088202425560855] 的主页...
27日 20:23:19.31 [AntForest]:   正在查询好友 [唐僧洗发爱飘柔|2088302404225194] 的主页...
27日 20:23:19.30 [AntForest]:   正在查询好友 [Tracy.W|*鹏2088402324074862] 的主页...
27日 20:23:19.31 [AntForest]:   正在查询好友 [娟|*娟2088202434991213] 的主页...
27日 20:23:19.31 [AntForest]:   正在查询好友 [機風|2088632752200481] 的主页...
27日 20:23:19.31 [AntForest]:   正在查询好友 [力峰|*力峰2088302462486832] 的主页...
27日 20:23:19.32 [AntForest]:   正在查询好友 [anny|*伟红2088002130420730] 的主页...
27日 20:23:19.51 [AntForest]:   正在查询好友 [亚如|*亚如2088912181351904] 的主页...
27日 20:23:20.24 [AntForest]: [木唯钟晨|*林] 可收集能量球: 0个
27日 20:23:20.25 [AntForest]:   正在查询好友 [无心快语|*乐峰2088002455076948] 的主页...
27日 20:23:20.27 [AntForest]: [唐僧洗发爱飘柔|] 可收集能量球: 0个
27日 20:23:20.27 [AntForest]:   正在查询好友 [RehillMu|2088612059436550] 的主页...
27日 20:23:20.95 [AntForest]: [Tracy.W|*鹏] 可收集能量球: 0个
27日 20:23:20.96 [AntForest]:   正在查询好友 [CHRON^ω^|*超2088802372965859] 的主页...
27日 20:23:21.03 [AntForest]: [娟|*娟] 可收集能量球: 0个
27日 20:23:21.03 [AntForest]:   正在查询好友 [余业海|*业海2088102072730321] 的主页...
27日 20:23:21.77 [AntForest]: 添加蹲点: [機風|] 能量球[5600224437] 将在[28日06:47:10]成熟
27日 20:23:21.78 [AntForest]: 添加蹲点: [機風|] 能量球[5600224506] 将在[28日06:47:11]成熟
27日 20:23:21.79 [AntForest]: [機風|] 可收集能量球: 0个
27日 20:23:21.79 [AntForest]: [機風|] 等待成熟能量球: 2个
27日 20:23:21.80 [EnergyWaitingManager]: 能量球[5600224506]等待时间过长(623分钟)，跳过蹲点
27日 20:23:21.80 [AntForest]: [力峰|*力峰] 可收集能量球: 0个
27日 20:23:21.80 [EnergyWaitingManager]: 能量球[5600224437]等待时间过长(623分钟)，跳过蹲点
27日 20:23:21.80 [AntForest]:   正在查询好友 [旺财宝贝|*琳2088002566814741] 的主页...
27日 20:23:21.81 [AntForest]:   正在查询好友 [小茵|*小茵2088102755010456] 的主页...
27日 20:23:22.49 [AntForest]: 添加蹲点: [亚如|*亚如] 能量球[5601080649] 将在[28日08:42:07]成熟
27日 20:23:22.49 [AntForest]: [亚如|*亚如] 可收集能量球: 0个
27日 20:23:22.50 [AntForest]: [亚如|*亚如] 等待成熟能量球: 1个
27日 20:23:22.50 [AntForest]: [anny|*伟红] 可收集能量球: 0个
27日 20:23:22.50 [EnergyWaitingManager]: 能量球[5601080649]等待时间过长(738分钟)，跳过蹲点
27日 20:23:22.50 [AntForest]:   正在查询好友 [思懿|*士珍2088202379393996] 的主页...
27日 20:23:22.50 [AntForest]:   正在查询好友 [丹|*丹2088802901546171] 的主页...
27日 20:23:23.17 [AntForest]:   正在查询好友 [風|*立超2088942482497175] 的主页...
27日 20:23:23.25 [AntForest]: [RehillMu|] 可收集能量球: 0个
27日 20:23:23.25 [AntForest]:   正在查询好友 [刚|*刚2088002046621337] 的主页...
27日 20:23:23.90 [AntForest]: 添加蹲点: [CHRON^ω^|*超] 能量球[5602396159] 将在[28日11:38:30]成熟
27日 20:23:23.91 [AntForest]: [CHRON^ω^|*超] 可收集能量球: 0个
27日 20:23:23.91 [AntForest]: [CHRON^ω^|*超] 等待成熟能量球: 1个
27日 20:23:23.91 [AntForest]:   正在查询好友 [庆红|*庆红2088002306546792] 的主页...
27日 20:23:23.91 [EnergyWaitingManager]: 能量球[5602396159]等待时间过长(915分钟)，跳过蹲点
27日 20:23:24.64 [AntForest]: [旺财宝贝|*琳] 可收集能量球: 0个
27日 20:23:24.65 [AntForest]: [小茵|*小茵] 可收集能量球: 0个
27日 20:23:25.23 [AntForest]: [丹|*丹] 可收集能量球: 0个
27日 20:23:26.02 [AntForest]: [風|*立超] 可收集能量球: 0个
27日 20:23:26.70 [AntForest]:   正在查询好友 [我是庶憧|*书成2088702282877933] 的主页...
27日 20:23:26.70 [AntForest]:   正在查询好友 [淑婷|*淑婷2088112399383193] 的主页...
27日 20:23:26.71 [AntForest]:   正在查询好友 [增|*增2088002783102179] 的主页...
27日 20:23:26.71 [AntForest]:   正在查询好友 [礼锦|*礼锦2088802104170353] 的主页...
27日 20:23:26.72 [AntForest]:   正在查询好友 [建建|*建建2088402864983574] 的主页...
27日 20:23:26.72 [AntForest]:   正在查询好友 [业军|*业军2088012854230018] 的主页...
27日 20:23:26.72 [AntForest]:   正在查询好友 [独特|*都特2088002888410937] 的主页...
27日 20:23:26.72 [AntForest]:   正在查询好友 [媛媛|*媛媛2088102538570368] 的主页...
27日 20:23:26.88 [AntForest]:   正在查询好友 [小美|*杰2088202904466603] 的主页...
27日 20:23:27.57 [AntForest]: [增|*增] 可收集能量球: 0个
27日 20:23:27.57 [AntForest]:   正在查询好友 [敏丽|*敏丽2088702484033261] 的主页...
27日 20:23:27.65 [AntForest]: [淑婷|*淑婷] 可收集能量球: 0个
27日 20:23:27.65 [AntForest]:   正在查询好友 [志澈汽车用品81580216|2088202385407924] 的主页...
27日 20:23:28.16 [AntForest]:   正在查询好友 [777|2088102619641149] 的主页...
27日 20:23:28.36 [AntForest]: [业军|*业军] 可收集能量球: 0个
27日 20:23:28.36 [AntForest]:   正在查询好友 [12345|*瑶2088212250112152] 的主页...
27日 20:23:28.91 [AntForest]:   正在查询好友 [桃桃二十二|2088002457140289] 的主页...
27日 20:23:28.99 [AntForest]: 添加蹲点: [独特|*都特] 能量球[5602289675] 将在[28日11:27:17]成熟
27日 20:23:28.99 [AntForest]: 添加蹲点: [独特|*都特] 能量球[5603418845] 将在[28日13:53:59]成熟
27日 20:23:29.00 [AntForest]: [独特|*都特] 可收集能量球: 0个
27日 20:23:29.00 [AntForest]: [独特|*都特] 等待成熟能量球: 2个
27日 20:23:29.01 [EnergyWaitingManager]: 能量球[5603418845]等待时间过长(1050分钟)，跳过蹲点
27日 20:23:29.01 [EnergyWaitingManager]: 能量球[5602289675]等待时间过长(903分钟)，跳过蹲点
27日 20:23:29.01 [AntForest]:   正在查询好友 [丽娜|*丽娜2088802105224888] 的主页...
27日 20:23:29.68 [AntForest]: 添加蹲点: [媛媛|*媛媛] 能量球[5604804550] 将在[28日17:39:56]成熟
27日 20:23:29.69 [AntForest]: [媛媛|*媛媛] 可收集能量球: 0个
27日 20:23:29.69 [AntForest]: [媛媛|*媛媛] 等待成熟能量球: 1个
27日 20:23:29.70 [EnergyWaitingManager]: 能量球[5604804550]等待时间过长(1276分钟)，跳过蹲点
27日 20:23:29.70 [AntForest]:   正在查询好友 [黑眼滴羞羞|*小芬2088902007615233] 的主页...
27日 20:23:29.77 [AntForest]:   正在查询好友 [cetaer|*伟2088402090348130] 的主页...
27日 20:23:30.24 [AntForest]: [敏丽|*敏丽] 可收集能量球: 0个
27日 20:23:30.24 [AntForest]:   正在查询好友 [李艳|*艳2088022208785783] 的主页...
27日 20:23:30.38 [AntForest]:   正在查询好友 [兰|*兰2088302217939691] 的主页...
27日 20:23:31.05 [AntForest]:   正在查询好友 [李牧远|2088012821190435] 的主页...
27日 20:23:31.12 [AntForest]: [12345|*瑶] 可收集能量球: 0个
27日 20:23:31.61 [AntForest]: [桃桃二十二|] 可收集能量球: 0个
27日 20:23:32.24 [AntForest]: [黑眼滴羞羞|*小芬] 可收集能量球: 0个
27日 20:23:33.17 [AntForest]: 添加蹲点: [兰|*兰] 能量球[5602092477] 将在[28日11:00:33]成熟
27日 20:23:33.17 [EnergyWaitingManager]: 能量球[5602092477]等待时间过长(876分钟)，跳过蹲点
27日 20:23:33.18 [AntForest]: [兰|*兰] 可收集能量球: 0个
27日 20:23:33.18 [AntForest]: [兰|*兰] 等待成熟能量球: 1个
27日 20:23:33.50 [AntForest]: [李牧远|] 可收集能量球: 0个
27日 20:23:33.66 [AntForest]:   正在查询好友 [聖柽|*聖柽2088812417019180] 的主页...
27日 20:23:33.66 [AntForest]:   正在查询好友 [忠雨|*忠雨2088412168136824] 的主页...
27日 20:23:33.67 [AntForest]:   正在查询好友 [王俊霞|*俊霞2088802410356575] 的主页...
27日 20:23:33.67 [AntForest]:   正在查询好友 [Amy|2088432365802728] 的主页...
27日 20:23:33.68 [AntForest]:   正在查询好友 [长坤|*长坤2088002279094067] 的主页...
27日 20:23:33.68 [AntForest]:   正在查询好友 [jacky|*伟伟2088212506323222] 的主页...
27日 20:23:33.68 [AntForest]:   正在查询好友 [幻影|*保富2088032249112178] 的主页...
27日 20:23:33.68 [AntForest]:   正在查询好友 [解建超|*建超2088802744937727] 的主页...
27日 20:23:33.92 [AntForest]:   正在查询好友 [娜|*娜2088432371320120] 的主页...
27日 20:23:34.40 [AntForest]: [忠雨|*忠雨] 可收集能量球: 0个
27日 20:23:34.40 [AntForest]:   正在查询好友 [惠琴|2088522836357702] 的主页...
27日 20:23:34.54 [AntForest]: [王俊霞|*俊霞] 可收集能量球: 0个
27日 20:23:34.54 [AntForest]:   正在查询好友 [高鹏|2088002039582410] 的主页...
27日 20:23:34.99 [AntForest]:   正在查询好友 [春霞|*春霞2088002616768008] 的主页...
27日 20:23:35.07 [AntForest]:   正在查询好友 [曾培琛|*力峰2088022847734669] 的主页...
27日 20:23:35.56 [AntForest]:   正在查询好友 [小娟|*小娟2088112774195898] 的主页...
27日 20:23:35.64 [AntForest]: [解建超|*建超] 可收集能量球: 2个
27日 20:23:35.80 [AntForest]:   正在查询好友 [庆栋|*庆栋2088622659649353] 的主页...
27日 20:23:36.19 [AntForest]: 添加蹲点: [jacky|*伟伟] 能量球[5605865614] 将在[28日19:59:44]成熟
27日 20:23:36.20 [AntForest]: [jacky|*伟伟] 可收集能量球: 0个
27日 20:23:36.21 [AntForest]: [jacky|*伟伟] 等待成熟能量球: 1个
27日 20:23:36.21 [EnergyWaitingManager]: 能量球[5605865614]等待时间过长(1416分钟)，跳过蹲点
27日 20:23:36.21 [AntForest]:   正在查询好友 [天山|2088702642228014] 的主页...
27日 20:23:36.29 [AntForest]:   正在查询好友 [精锐|2088702672270821] 的主页...
27日 20:23:36.73 [AntForest]:   正在查询好友 [安民|*安民2088802307855602] 的主页...
27日 20:23:37.48 [AntForest]: [曾培琛|*力峰] 可收集能量球: 3个
27日 20:23:38.06 [AntForest]: [安民|*安民] 可收集能量球: 1个
27日 20:23:38.68 [AntForest]: [精锐|] 可收集能量球: 1个
27日 20:23:39.43 [AntForest]: 添加蹲点: [小娟|*小娟] 能量球[5602377225] 将在[28日11:36:14]成熟
27日 20:23:39.43 [EnergyWaitingManager]: 能量球[5602377225]等待时间过长(912分钟)，跳过蹲点
27日 20:23:39.43 [AntForest]: [小娟|*小娟] 可收集能量球: 0个
27日 20:23:39.43 [AntForest]: [小娟|*小娟] 等待成熟能量球: 1个
27日 20:23:47.05 [EnergyWaitingManager]: 定期清理检查：无过期任务
27日 20:23:47.05 [EnergyWaitingManager]: 定期清理完成，当前无活跃蹲点任务
27日 20:23:49.44 任务[森林-Round1]执行成功，耗时: 58857ms
27日 20:24:17.06 [EnergyWaitingManager]: 定期清理检查：无过期任务
27日 20:24:17.07 [EnergyWaitingManager]: 定期清理完成，当前无活跃蹲点任务
27日 20:24:47.07 [EnergyWaitingManager]: 定期清理检查：无过期任务
27日 20:24:47.08 [EnergyWaitingManager]: 定期清理完成，当前无活跃蹲点任务
27日 20:25:00.88 任务[庄园-Round1]执行成功，耗时: 71402ms
27日 20:25:06.01 任务[海洋-Round1]执行成功，耗时: 5102ms
27日 20:25:10.35 [ApplicationHook]: 取消定时唤醒将由destroyHandler统一处理
27日 20:25:10.71 任务[农场-Round1]执行成功，耗时: 4646ms
27日 20:25:13.09 [AntForest]: 添加蹲点: [機風|*新霞] 能量球[5600224437] 将在[28日06:47:10]成熟
27日 20:25:13.10 [EnergyWaitingManager]: ⭐️ [主号|機風|*新霞]不检查保护罩，到时间直接收取
27日 20:25:13.10 [AntForest]: 添加蹲点: [機風|*新霞] 能量球[5600224506] 将在[28日06:47:11]成熟
27日 20:25:13.11 [EnergyWaitingManager]: 能量球[5600224437]等待时间过长(621分钟)，跳过蹲点
27日 20:25:13.12 [AntForest]: [機風|*新霞] 可收集能量球: 0个
27日 20:25:13.12 [EnergyWaitingManager]: ⭐️ [主号|機風|*新霞]不检查保护罩，到时间直接收取
27日 20:25:13.12 [AntForest]: [機風|*新霞] 等待成熟能量球: 2个
27日 20:25:13.13 [EnergyWaitingManager]: 能量球[5600224506]等待时间过长(621分钟)，跳过蹲点
27日 20:25:13.55 [AntForest]:   正在查询好友 [湘江₈₅₁|2088122957667924] 的主页...
27日 20:25:13.56 [AntForest]:   正在查询好友 [青玄|2088002896523311] 的主页...
27日 20:25:13.56 [AntForest]:   正在查询好友 [道见百山|*丰2088102353760489] 的主页...
27日 20:25:13.56 [AntForest]:   正在查询好友 [ARS|*福宁2088902310321658] 的主页...
27日 20:25:13.56 [AntForest]:   正在查询好友 [༺ༀ༂࿅无࿆风࿅࿆ༀ༂༻767|*伟2088002519651935] 的主页...
27日 20:25:13.56 [AntForest]:   正在查询好友 [xy8689|2088102849489685] 的主页...
27日 20:25:13.56 [AntForest]:   正在查询好友 [allen|*彦笛2088202905310701] 的主页...
27日 20:25:13.56 [AntForest]:   正在查询好友 [库多多服装厂|*兆东2088112995944905] 的主页...
27日 20:25:13.86 [AntForest]:   正在查询好友 [文宣|2088912438897177] 的主页...
27日 20:25:14.56 [AntForest]: [道见百山|*丰] 可收集能量球: 0个
27日 20:25:14.56 [AntForest]:   正在查询好友 [熊天天|2088402394980144] 的主页...
27日 20:25:14.58 [AntForest]: [青玄|] 可收集能量球: 0个
27日 20:25:14.59 [AntForest]:   正在查询好友 [新佳源环保工程有限公司|2088412999180690] 的主页...
27日 20:25:15.01 [AntForest]: [ARS|*福宁] 可收集能量球: 0个
27日 20:25:15.02 [AntForest]:   正在查询好友 [陈肇梁|*肇梁2088802175738933] 的主页...
27日 20:25:15.18 [AntForest]: [xy8689|] 可收集能量球: 0个
27日 20:25:15.19 [AntForest]:   正在查询好友 [风清云淡|*增强2088022915521911] 的主页...
27日 20:25:15.73 [AntForest]:   正在查询好友 [pantylor|*忠跳2088702903539080] 的主页...
27日 20:25:15.92 [AntForest]: 添加蹲点: [allen|*彦笛] 能量球[5800020491] 将在[27日23:55:16]成熟
27日 20:25:15.92 [AntForest]: [allen|*彦笛] 可收集能量球: 0个
27日 20:25:15.93 [AntForest]: [allen|*彦笛] 等待成熟能量球: 1个
27日 20:25:15.94 [EnergyWaitingManager]: 蹲点[好友|allen|*彦笛]将在208分钟后验证
27日 20:25:15.94 [AntForest]:   正在查询好友 [一门|*金雄2088102167210637] 的主页...
27日 20:25:16.11 [EnergyWaitingPersistence]: ✅ 保存1个蹲点任务到持久化存储 (key: energy_waiting_tasks_2088632752200481)
27日 20:25:16.46 [AntForest]: [库多多服装厂|*兆东] 可收集能量球: 0个
27日 20:25:16.47 [AntForest]:   正在查询好友 [foreverloveyou|2088702758460438] 的主页...
27日 20:25:16.63 [AntForest]:   正在查询好友 [李承酉|*承酉2088102568749055] 的主页...
27日 20:25:17.15 [AntForest]: [熊天天|] 可收集能量球: 0个
27日 20:25:17.15 [EnergyWaitingManager]: 定期清理检查：无过期任务
27日 20:25:17.15 [EnergyWaitingManager]: 定期清理完成，当前活跃蹲点1个
27日 20:25:17.16 [AntForest]:   正在查询好友 [逍遥鱼|*宁帆2088212009635659] 的主页...
27日 20:25:17.27 [AntForest]: [新佳源环保工程有限公司|] 可收集能量球: 0个
27日 20:25:17.27 [AntForest]:   正在查询好友 [唐树权东山起粉丝经济赶谷榜壹美云|*树权2088102506929167] 的主页...
27日 20:25:17.83 [AntForest]: [陈肇梁|*肇梁] 可收集能量球: 0个
27日 20:25:17.84 [AntForest]:   正在查询好友 [Red|2088502792467574] 的主页...
27日 20:25:18.32 [AntForest]: [pantylor|*忠跳] 可收集能量球: 0个
27日 20:25:18.74 [AntForest]: [一门|*金雄] 可收集能量球: 0个
27日 20:25:19.53 [AntForest]: 添加蹲点: [李承酉|*承酉] 能量球[5600788772] 将在[28日08:05:32]成熟
27日 20:25:19.54 [EnergyWaitingManager]: 能量球[5600788772]等待时间过长(700分钟)，跳过蹲点
27日 20:25:19.54 [AntForest]: 添加蹲点: [李承酉|*承酉] 能量球[5604977510] 将在[28日17:57:45]成熟
27日 20:25:19.55 [EnergyWaitingManager]: 能量球[5604977510]等待时间过长(1292分钟)，跳过蹲点
27日 20:25:19.55 [AntForest]: [李承酉|*承酉] 可收集能量球: 0个
27日 20:25:19.56 [AntForest]: [李承酉|*承酉] 等待成熟能量球: 2个
27日 20:25:19.80 [AntForest]: [逍遥鱼|*宁帆] 可收集能量球: 0个
27日 20:25:20.25 [AntForest]: [唐树权东山起粉丝经济赶谷榜壹美云|*树权] 可收集能量球: 0个
27日 20:25:20.45 [AntForest]: [Red|] 可收集能量球: 0个
27日 20:25:20.61 [AntForest]:   正在查询好友 [张磊|*磊2088902261327101] 的主页...
27日 20:25:20.61 [AntForest]:   正在查询好友 [南瓜稀饭800|*报2088002027871612] 的主页...
27日 20:25:20.61 [AntForest]:   正在查询好友 [Mick|2088802394284402] 的主页...
27日 20:25:20.61 [AntForest]:   正在查询好友 [Ryan|*潇弈2088302380780250] 的主页...
27日 20:25:20.62 [AntForest]:   正在查询好友 [传栋|*晓磊2088002236894763] 的主页...
27日 20:25:20.62 [AntForest]:   正在查询好友 [惠琴|*惠琴2088602261779903] 的主页...
27日 20:25:20.62 [AntForest]:   正在查询好友 [中国电信体彩广场营业厅|2088602013882574] 的主页...
27日 20:25:20.62 [AntForest]:   正在查询好友 [少少情|*波2088402836349733] 的主页...
27日 20:25:20.87 [AntForest]: [张磊|*磊] 可收集能量球: 0个
27日 20:25:20.89 [AntForest]:   正在查询好友 [一曲飘零|*新愿2088612904629412] 的主页...
27日 20:25:21.53 [AntForest]: 添加蹲点: [南瓜稀饭800|*报] 能量球[5406935457] 将在[28日00:01:52]成熟
27日 20:25:21.53 [AntForest]: 添加蹲点: [Mick|] 能量球[5602936949] 将在[28日12:36:26]成熟
27日 20:25:21.53 [AntForest]: [南瓜稀饭800|*报] 可收集能量球: 0个
27日 20:25:21.53 [AntForest]: [Mick|] 可收集能量球: 0个
27日 20:25:21.53 [AntForest]: [南瓜稀饭800|*报] 等待成熟能量球: 1个
27日 20:25:21.53 [AntForest]: [Mick|] 等待成熟能量球: 1个
27日 20:25:21.54 [AntForest]:   正在查询好友 [hgs|*广生2088002595718623] 的主页...
27日 20:25:21.54 [EnergyWaitingManager]: 能量球[5602936949]等待时间过长(971分钟)，跳过蹲点
27日 20:25:21.54 [EnergyWaitingManager]: 蹲点[好友|南瓜稀饭800|*报]将在214分钟后验证
27日 20:25:21.55 [AntForest]:   正在查询好友 [SZ丶cm丨|2088002048663032] 的主页...
27日 20:25:21.57 [EnergyWaitingPersistence]: ✅ 保存2个蹲点任务到持久化存储 (key: energy_waiting_tasks_2088632752200481)
27日 20:25:22.20 [AntForest]:   正在查询好友 [帝少|*少基2088002261378494] 的主页...
27日 20:25:22.24 [AntForest]: [Ryan|*潇弈] 可收集能量球: 0个
27日 20:25:22.24 [AntForest]:   正在查询好友 [会兰|2088802810822535] 的主页...
27日 20:25:22.71 [AntForest]: [中国电信体彩广场营业厅|] 可收集能量球: 0个
27日 20:25:22.71 [AntForest]:   正在查询好友 [江红数字|2088202760548660] 的主页...
27日 20:25:22.84 [AntForest]: [惠琴|*惠琴] 可收集能量球: 0个
27日 20:25:22.85 [AntForest]:   正在查询好友 [sea|*建平2088002024683847] 的主页...
27日 20:25:23.29 [AntForest]:   正在查询好友 [风轻云淡|2088612421944142] 的主页...
27日 20:25:23.30 [AntForest]:   正在查询好友 [好事发生|2088802422383781] 的主页...
27日 20:25:24.12 [AntForest]: [hgs|*广生] 可收集能量球: 0个
27日 20:25:24.13 [AntForest]:   正在查询好友 [小明上广州750  免验证|2088802654559905] 的主页...
27日 20:25:24.16 [AntForest]: [SZ丶cm丨|] 可收集能量球: 0个
27日 20:25:24.16 [AntForest]:   正在查询好友 [王广敏|*广敏2088112114578952] 的主页...
27日 20:25:24.80 [AntForest]: [帝少|*少基] 可收集能量球: 0个
27日 20:25:24.81 [AntForest]:   正在查询好友 [༺齐天大圣༻|2088102142893501] 的主页...
27日 20:25:25.62 [AntForest]: [sea|*建平] 可收集能量球: 0个
27日 20:25:26.13 [AntForest]: [风轻云淡|] 可收集能量球: 0个
27日 20:25:26.27 [AntForest]: [好事发生|] 可收集能量球: 0个
27日 20:25:26.85 [AntForest]: [小明上广州750  免验证|] 可收集能量球: 0个
27日 20:25:27.03 [AntForest]: [王广敏|*广敏] 可收集能量球: 0个
27日 20:25:27.47 [AntForest]: [༺齐天大圣༻|] 可收集能量球: 0个
27日 20:25:27.66 [AntForest]:   正在查询好友 [旺|*旺2088502780134738] 的主页...
27日 20:25:27.66 [AntForest]:   正在查询好友 [悲泣|2088712591074109] 的主页...
27日 20:25:27.66 [AntForest]:   正在查询好友 [阿兴|2088502960253132] 的主页...
27日 20:25:27.66 [AntForest]:   正在查询好友 [小凡|*立超2088002858797084] 的主页...
27日 20:25:27.66 [AntForest]:   正在查询好友 [M.be|*双合2088402800303851] 的主页...
27日 20:25:27.67 [AntForest]:   正在查询好友 [私人专属|*振宇2088802724325508] 的主页...
27日 20:25:27.67 [AntForest]:   正在查询好友 [|*聪2088202356044570] 的主页...
27日 20:25:27.67 [AntForest]:   正在查询好友 [瑶峰|*瑶峰2088802319960396] 的主页...
27日 20:25:27.85 [AntForest]:   正在查询好友 [浮生如此|*宏2088002573126589] 的主页...
27日 20:25:28.58 [AntForest]:   正在查询好友 [随遇而安|2088502713743312] 的主页...
27日 20:25:28.59 [AntForest]: [阿兴|] 可收集能量球: 0个
27日 20:25:28.60 [AntForest]:   正在查询好友 [黎博|*博2088022664281333] 的主页...
27日 20:25:29.20 [AntForest]:   正在查询好友 [香味|*强2088602121551555] 的主页...
27日 20:25:29.27 [AntForest]: [|*聪] 可收集能量球: 0个
27日 20:25:29.28 [AntForest]:   正在查询好友 [甜甜|2088402050852916] 的主页...
27日 20:25:29.93 [AntForest]: 添加蹲点: [小凡|*立超] 能量球[5600255449] 将在[28日06:53:13]成熟
27日 20:25:29.94 [AntForest]: 添加蹲点: [小凡|*立超] 能量球[5600255498] 将在[28日06:53:14]成熟
27日 20:25:29.96 [AntForest]: [小凡|*立超] 可收集能量球: 0个
27日 20:25:29.96 [EnergyWaitingManager]: 能量球[5600255449]等待时间过长(627分钟)，跳过蹲点
27日 20:25:29.97 [AntForest]: [小凡|*立超] 等待成熟能量球: 2个
27日 20:25:29.98 [EnergyWaitingManager]: 能量球[5600255498]等待时间过长(627分钟)，跳过蹲点
27日 20:25:29.99 [AntForest]:   正在查询好友 [大志|*立志2088312613360355] 的主页...
27日 20:25:29.99 [AntForest]:   正在查询好友 [加载中...|2088512204070445] 的主页...
27日 20:25:30.56 [AntForest]: [甜甜|] 可收集能量球: 0个
27日 20:25:30.58 [AntForest]:   正在查询好友 [支付宝碰一碰一下一级服务商|2088702751829580] 的主页...
27日 20:25:30.79 [AntForest]: [瑶峰|*瑶峰] 可收集能量球: 0个
27日 20:25:30.82 [AntForest]:   正在查询好友 [钢镚当钱花|*昆2088202255763211] 的主页...
27日 20:25:31.27 [AntForest]:   正在查询好友 [If|*文通2088302341515994] 的主页...
27日 20:25:31.47 [AntForest]: [浮生如此|*宏] 可收集能量球: 0个
27日 20:25:31.48 [AntForest]:   正在查询好友 [龍|*小龙2088712057624172] 的主页...
27日 20:25:31.68 [AntForest]: [私人专属|*振宇] 可收集能量球: 0个
27日 20:25:31.69 [AntForest]:   正在查询好友 [红哥|*孙云2088302074746140] 的主页...
27日 20:25:32.22 [AntForest]: [黎博|*博] 可收集能量球: 0个
27日 20:25:32.85 [AntForest]: [支付宝碰一碰一下一级服务商|] 可收集能量球: 0个
27日 20:25:33.39 [AntForest]: 添加蹲点: [钢镚当钱花|*昆] 能量球[5406324581] 将在[27日21:40:37]成熟
27日 20:25:33.40 [AntForest]: [钢镚当钱花|*昆] 可收集能量球: 0个
27日 20:25:33.41 [AntForest]: [钢镚当钱花|*昆] 等待成熟能量球: 1个
27日 20:25:33.42 [EnergyWaitingManager]: 蹲点[好友|钢镚当钱花|*昆]将在73分钟后验证
27日 20:25:33.48 [EnergyWaitingPersistence]: ✅ 保存3个蹲点任务到持久化存储 (key: energy_waiting_tasks_2088632752200481)
27日 20:25:34.39 [AntForest]:   正在查询好友 [風|*立超2088942482497175] 的主页...
27日 20:25:34.40 [AntForest]:   正在查询好友 [雪秋风|*敬启2088022541591924] 的主页...
27日 20:25:34.40 [AntForest]:   正在查询好友 [she's gone|2088102704106216] 的主页...
27日 20:25:34.41 [AntForest]:   正在查询好友 [oh✖oh✖|*振亚2088702307526972] 的主页...
27日 20:25:34.42 [AntForest]:   正在查询好友 [春花秋月|2088302218538060] 的主页...
27日 20:25:34.42 [AntForest]:   正在查询好友 [Gaozhong98|*胜元2088002498828755] 的主页...
27日 20:25:34.43 [AntForest]:   正在查询好友 [无聊透顶|2088912802831211] 的主页...
27日 20:25:34.43 [AntForest]:   正在查询好友 [转角|2088402985908357] 的主页...
27日 20:25:34.83 [AntForest]: [雪秋风|*敬启] 可收集能量球: 0个
27日 20:25:34.87 [AntForest]:   正在查询好友 [枫林|*献力2088102228363438] 的主页...
27日 20:25:35.42 [AntForest]: [風|*立超] 可收集能量球: 0个
27日 20:25:35.44 [AntForest]:   正在查询好友 [雨诗|*凤芝2088122923464793] 的主页...
27日 20:25:35.54 [AntForest]: [oh✖oh✖|*振亚] 可收集能量球: 0个
27日 20:25:35.55 [AntForest]:   正在查询好友 [诗然|2088042784367951] 的主页...
27日 20:25:36.04 [AntForest]: [Gaozhong98|*胜元] 可收集能量球: 0个
27日 20:25:36.04 [AntForest]:   正在查询好友 [Ordinary、|*宏民2088012262498121] 的主页...
27日 20:25:36.12 [AntForest]:   正在查询好友 [虫二|2088602036896756] 的主页...
27日 20:25:47.17 [EnergyWaitingManager]: 定期清理检查：无过期任务
27日 20:25:47.17 [EnergyWaitingManager]: 定期清理完成，当前活跃蹲点3个
27日 20:25:50.86 任务[森林-Round1]执行成功，耗时: 39209ms
27日 20:26:17.19 [EnergyWaitingManager]: 定期清理检查：无过期任务
27日 20:26:17.19 [EnergyWaitingManager]: 定期清理完成，当前活跃蹲点3个
27日 20:26:47.20 [EnergyWaitingManager]: 定期清理检查：无过期任务
27日 20:26:47.20 [EnergyWaitingManager]: 定期清理完成，当前活跃蹲点3个
27日 20:26:48.97 任务[庄园-Round1]执行成功，耗时: 58079ms
27日 20:26:55.27 任务[海洋-Round1]执行成功，耗时: 6275ms
27日 20:27:06.04 任务[农场-Round1]执行成功，耗时: 10741ms
27日 20:27:17.22 [EnergyWaitingManager]: 定期清理检查：无过期任务
27日 20:27:17.22 [EnergyWaitingManager]: 定期清理完成，当前活跃蹲点3个
27日 20:27:21.43 任务[新村-Round1]执行成功，耗时: 15352ms
27日 20:27:29.25 任务[神奇物种-Round1]执行成功，耗时: 7791ms
27日 20:27:47.24 [EnergyWaitingManager]: 定期清理检查：无过期任务
27日 20:27:47.24 [EnergyWaitingManager]: 定期清理完成，当前活跃蹲点3个
27日 20:28:17.26 [EnergyWaitingManager]: 定期清理检查：无过期任务
27日 20:28:17.26 [EnergyWaitingManager]: 定期清理完成，当前活跃蹲点3个
27日 20:28:47.27 [EnergyWaitingManager]: 定期清理检查：无过期任务
27日 20:28:47.28 [EnergyWaitingManager]: 定期清理完成，当前活跃蹲点3个
27日 20:29:17.28 [EnergyWaitingManager]: 定期清理检查：无过期任务
27日 20:29:17.28 [EnergyWaitingManager]: 定期清理完成，当前活跃蹲点3个
27日 20:29:47.29 [EnergyWaitingManager]: 定期清理检查：无过期任务
27日 20:29:47.30 [EnergyWaitingManager]: 定期清理完成，当前活跃蹲点3个
27日 20:30:15.54 [ApplicationHook]: 取消定时唤醒将由destroyHandler统一处理
27日 20:30:17.31 [EnergyWaitingManager]: 定期清理检查：无过期任务
27日 20:30:17.31 [EnergyWaitingManager]: 定期清理完成，当前活跃蹲点3个
27日 20:30:17.69 [EnergyWaitingManager]: ⭐️ [主号|機風|*新霞]不检查保护罩，到时间直接收取
27日 20:30:17.69 [AntForest]: 添加蹲点: [機風|*新霞] 能量球[5600224437] 将在[28日06:47:10]成熟
27日 20:30:17.70 [EnergyWaitingManager]: 能量球[5600224437]等待时间过长(616分钟)，跳过蹲点
27日 20:30:17.70 [AntForest]: 添加蹲点: [機風|*新霞] 能量球[5600224506] 将在[28日06:47:11]成熟
27日 20:30:17.70 [EnergyWaitingManager]: ⭐️ [主号|機風|*新霞]不检查保护罩，到时间直接收取
27日 20:30:17.70 [AntForest]: [機風|*新霞] 可收集能量球: 0个
27日 20:30:17.70 [EnergyWaitingManager]: 能量球[5600224506]等待时间过长(616分钟)，跳过蹲点
27日 20:30:17.70 [AntForest]: [機風|*新霞] 等待成熟能量球: 2个
27日 20:30:18.06 [AntForest]:   正在查询好友 [青玄|2088002896523311] 的主页...
27日 20:30:18.06 [AntForest]:   正在查询好友 [ARS|*福宁2088902310321658] 的主页...
27日 20:30:18.06 [AntForest]:   正在查询好友 [xy8689|2088102849489685] 的主页...
27日 20:30:18.06 [AntForest]:   正在查询好友 [allen|*彦笛2088202905310701] 的主页...
27日 20:30:18.06 [AntForest]:   正在查询好友 [湘江₈₅₁|2088122957667924] 的主页...
27日 20:30:18.06 [AntForest]:   正在查询好友 [道见百山|*丰2088102353760489] 的主页...
27日 20:30:18.07 [AntForest]:   正在查询好友 [༺ༀ༂࿅无࿆风࿅࿆ༀ༂༻767|*伟2088002519651935] 的主页...
27日 20:30:18.31 [AntForest]: [青玄|] 可收集能量球: 0个
27日 20:30:18.31 [AntForest]:   正在查询好友 [库多多服装厂|*兆东2088112995944905] 的主页...
27日 20:30:19.01 [AntForest]: [ARS|*福宁] 可收集能量球: 0个
27日 20:30:19.01 [AntForest]:   正在查询好友 [文宣|2088912438897177] 的主页...
27日 20:30:19.02 [AntForest]: 添加蹲点: [allen|*彦笛] 能量球[5800020491] 将在[27日23:55:16]成熟
27日 20:30:19.02 [AntForest]: [allen|*彦笛] 可收集能量球: 0个
27日 20:30:19.02 [AntForest]: [allen|*彦笛] 等待成熟能量球: 1个
27日 20:30:19.02 [EnergyWaitingManager]: 蹲点任务[2088202905310701_5800020491]已存在且时间相同，跳过重复添加
27日 20:30:19.02 [AntForest]:   正在查询好友 [熊天天|2088402394980144] 的主页...
27日 20:30:19.72 [AntForest]: [xy8689|] 可收集能量球: 0个
27日 20:30:19.73 [AntForest]:   正在查询好友 [新佳源环保工程有限公司|2088412999180690] 的主页...
27日 20:30:19.73 [AntForest]:   正在查询好友 [陈肇梁|*肇梁2088802175738933] 的主页...
27日 20:30:20.31 [AntForest]: [道见百山|*丰] 可收集能量球: 0个
27日 20:30:20.31 [AntForest]:   正在查询好友 [风清云淡|*增强2088022915521911] 的主页...
27日 20:30:20.32 [AntForest]:   正在查询好友 [pantylor|*忠跳2088702903539080] 的主页...
27日 20:30:20.97 [AntForest]: [库多多服装厂|*兆东] 可收集能量球: 0个
27日 20:30:20.97 [AntForest]:   正在查询好友 [一门|*金雄2088102167210637] 的主页...
27日 20:30:21.07 [AntForest]:   正在查询好友 [foreverloveyou|2088702758460438] 的主页...
27日 20:30:21.71 [AntForest]: [新佳源环保工程有限公司|] 可收集能量球: 0个
27日 20:30:21.71 [AntForest]:   正在查询好友 [李承酉|*承酉2088102568749055] 的主页...
27日 20:30:21.72 [AntForest]: [熊天天|] 可收集能量球: 0个
27日 20:30:21.72 [AntForest]:   正在查询好友 [逍遥鱼|*宁帆2088212009635659] 的主页...
27日 20:30:22.51 [AntForest]:   正在查询好友 [唐树权东山起粉丝经济赶谷榜壹美云|*树权2088102506929167] 的主页...
27日 20:30:22.51 [AntForest]: [陈肇梁|*肇梁] 可收集能量球: 0个
27日 20:30:22.51 [AntForest]:   正在查询好友 [Red|2088502792467574] 的主页...
27日 20:30:23.22 [AntForest]: [pantylor|*忠跳] 可收集能量球: 0个
27日 20:30:23.22 [AntForest]: [一门|*金雄] 可收集能量球: 0个
27日 20:30:24.09 [AntForest]: 添加蹲点: [李承酉|*承酉] 能量球[5600788772] 将在[28日08:05:32]成熟
27日 20:30:24.10 [EnergyWaitingManager]: 能量球[5600788772]等待时间过长(695分钟)，跳过蹲点
27日 20:30:24.10 [AntForest]: 添加蹲点: [李承酉|*承酉] 能量球[5604977510] 将在[28日17:57:45]成熟
27日 20:30:24.10 [EnergyWaitingManager]: 能量球[5604977510]等待时间过长(1287分钟)，跳过蹲点
27日 20:30:24.10 [AntForest]: [李承酉|*承酉] 可收集能量球: 0个
27日 20:30:24.10 [AntForest]: [李承酉|*承酉] 等待成熟能量球: 2个
27日 20:30:24.39 [AntForest]: [逍遥鱼|*宁帆] 可收集能量球: 0个
27日 20:30:24.57 [AntForest]: [唐树权东山起粉丝经济赶谷榜壹美云|*树权] 可收集能量球: 0个
27日 20:30:25.05 [AntForest]: [Red|] 可收集能量球: 0个
27日 20:30:25.25 [AntForest]:   正在查询好友 [张磊|*磊2088902261327101] 的主页...
27日 20:30:25.26 [AntForest]:   正在查询好友 [Ryan|*潇弈2088302380780250] 的主页...
27日 20:30:25.26 [AntForest]:   正在查询好友 [Mick|2088802394284402] 的主页...
27日 20:30:25.26 [AntForest]:   正在查询好友 [传栋|*晓磊2088002236894763] 的主页...
27日 20:30:25.26 [AntForest]:   正在查询好友 [南瓜稀饭800|*报2088002027871612] 的主页...
27日 20:30:25.26 [AntForest]:   正在查询好友 [少少情|*波2088402836349733] 的主页...
27日 20:30:25.28 [AntForest]:   正在查询好友 [惠琴|*惠琴2088602261779903] 的主页...
27日 20:30:25.51 [AntForest]: [张磊|*磊] 可收集能量球: 0个
27日 20:30:25.51 [AntForest]:   正在查询好友 [中国电信体彩广场营业厅|2088602013882574] 的主页...
27日 20:30:26.29 [AntForest]: 添加蹲点: [Mick|] 能量球[5602936949] 将在[28日12:36:26]成熟
27日 20:30:26.30 [AntForest]: [Mick|] 可收集能量球: 0个
27日 20:30:26.30 [AntForest]: [Mick|] 等待成熟能量球: 1个
27日 20:30:26.31 [AntForest]: [Ryan|*潇弈] 可收集能量球: 0个
27日 20:30:26.31 [EnergyWaitingManager]: 能量球[5602936949]等待时间过长(965分钟)，跳过蹲点
27日 20:30:26.31 [AntForest]:   正在查询好友 [一曲飘零|*新愿2088612904629412] 的主页...
27日 20:30:26.32 [AntForest]:   正在查询好友 [hgs|*广生2088002595718623] 的主页...
27日 20:30:27.06 [AntForest]:   正在查询好友 [SZ丶cm丨|2088002048663032] 的主页...
27日 20:30:27.27 [AntForest]: 添加蹲点: [南瓜稀饭800|*报] 能量球[5406935457] 将在[28日00:01:52]成熟
27日 20:30:27.27 [AntForest]: [南瓜稀饭800|*报] 可收集能量球: 0个
27日 20:30:27.27 [AntForest]: [南瓜稀饭800|*报] 等待成熟能量球: 1个
27日 20:30:27.28 [EnergyWaitingManager]: 蹲点任务[2088002027871612_5406935457]已存在且时间相同，跳过重复添加
27日 20:30:27.28 [AntForest]:   正在查询好友 [帝少|*少基2088002261378494] 的主页...
27日 20:30:27.53 [AntForest]:   正在查询好友 [会兰|2088802810822535] 的主页...
27日 20:30:27.66 任务[运动-Round1]执行成功，耗时: 178365ms
27日 20:30:27.76 [AntForest]:   正在查询好友 [江红数字|2088202760548660] 的主页...
27日 20:30:27.85 [AntForest]: [惠琴|*惠琴] 可收集能量球: 0个
27日 20:30:27.86 [AntForest]:   正在查询好友 [sea|*建平2088002024683847] 的主页...
27日 20:30:28.18 [AntForest]: [中国电信体彩广场营业厅|] 可收集能量球: 0个
27日 20:30:28.19 [AntForest]:   正在查询好友 [风轻云淡|2088612421944142] 的主页...
27日 20:30:28.47 [AntForest]:   正在查询好友 [好事发生|2088802422383781] 的主页...
27日 20:30:28.81 [AntForest]: [hgs|*广生] 可收集能量球: 0个
27日 20:30:28.82 [AntForest]:   正在查询好友 [小明上广州750  免验证|2088802654559905] 的主页...
27日 20:30:29.25 [AntForest]: [SZ丶cm丨|] 可收集能量球: 0个
27日 20:30:29.26 [AntForest]:   正在查询好友 [王广敏|*广敏2088112114578952] 的主页...
27日 20:30:29.32 [AntForest]: [帝少|*少基] 可收集能量球: 0个
27日 20:30:29.32 [AntForest]:   正在查询好友 [༺齐天大圣༻|2088102142893501] 的主页...
27日 20:30:30.52 [AntForest]: [sea|*建平] 可收集能量球: 0个
27日 20:30:30.97 [AntForest]: [风轻云淡|] 可收集能量球: 0个
27日 20:30:31.22 [AntForest]: [好事发生|] 可收集能量球: 0个
27日 20:30:31.51 [AntForest]: [小明上广州750  免验证|] 可收集能量球: 0个
27日 20:30:31.83 [AntForest]: [王广敏|*广敏] 可收集能量球: 0个
27日 20:30:31.92 [AntForest]: [༺齐天大圣༻|] 可收集能量球: 0个
27日 20:30:32.19 [AntForest]:   正在查询好友 [旺|*旺2088502780134738] 的主页...
27日 20:30:32.19 [AntForest]:   正在查询好友 [阿兴|2088502960253132] 的主页...
27日 20:30:32.20 [AntForest]:   正在查询好友 [小凡|*立超2088002858797084] 的主页...
27日 20:30:32.20 [AntForest]:   正在查询好友 [悲泣|2088712591074109] 的主页...
27日 20:30:32.21 [AntForest]:   正在查询好友 [|*聪2088202356044570] 的主页...
27日 20:30:32.21 [AntForest]:   正在查询好友 [M.be|*双合2088402800303851] 的主页...
27日 20:30:32.22 [AntForest]:   正在查询好友 [私人专属|*振宇2088802724325508] 的主页...
27日 20:30:32.22 [AntForest]:   正在查询好友 [瑶峰|*瑶峰2088802319960396] 的主页...
27日 20:30:32.48 [AntForest]:   正在查询好友 [浮生如此|*宏2088002573126589] 的主页...
27日 20:30:33.25 [AntForest]: [阿兴|] 可收集能量球: 0个
27日 20:30:33.25 [AntForest]:   正在查询好友 [随遇而安|2088502713743312] 的主页...
27日 20:30:33.27 [AntForest]: 添加蹲点: [小凡|*立超] 能量球[5600255449] 将在[28日06:53:13]成熟
27日 20:30:33.28 [AntForest]: 添加蹲点: [小凡|*立超] 能量球[5600255498] 将在[28日06:53:14]成熟
27日 20:30:33.28 [AntForest]: [小凡|*立超] 可收集能量球: 0个
27日 20:30:33.28 [AntForest]: [小凡|*立超] 等待成熟能量球: 2个
27日 20:30:33.28 [EnergyWaitingManager]: 能量球[5600255498]等待时间过长(622分钟)，跳过蹲点
27日 20:30:33.28 [EnergyWaitingManager]: 能量球[5600255449]等待时间过长(622分钟)，跳过蹲点
27日 20:30:33.29 [AntForest]:   正在查询好友 [黎博|*博2088022664281333] 的主页...
27日 20:30:33.82 [AntForest]: [|*聪] 可收集能量球: 0个
27日 20:30:33.82 [AntForest]:   正在查询好友 [香味|*强2088602121551555] 的主页...
27日 20:30:33.83 [AntForest]:   正在查询好友 [甜甜|2088402050852916] 的主页...
27日 20:30:34.31 [AntForest]: [私人专属|*振宇] 可收集能量球: 0个
27日 20:30:34.32 [AntForest]:   正在查询好友 [大志|*立志2088312613360355] 的主页...
27日 20:30:34.43 [AntForest]:   正在查询好友 [加载中...|2088512204070445] 的主页...
27日 20:30:35.20 [AntForest]: [浮生如此|*宏] 可收集能量球: 0个
27日 20:30:35.20 [AntForest]: [瑶峰|*瑶峰] 可收集能量球: 0个
27日 20:30:35.20 [AntForest]:   正在查询好友 [支付宝碰一碰一下一级服务商|2088702751829580] 的主页...
27日 20:30:35.20 [AntForest]:   正在查询好友 [钢镚当钱花|*昆2088202255763211] 的主页...
27日 20:30:35.91 [AntForest]: [黎博|*博] 可收集能量球: 0个
27日 20:30:35.91 [AntForest]:   正在查询好友 [If|*文通2088302341515994] 的主页...
27日 20:30:35.92 [AntForest]:   正在查询好友 [龍|*小龙2088712057624172] 的主页...
27日 20:30:36.44 [AntForest]:   正在查询好友 [红哥|*孙云2088302074746140] 的主页...
27日 20:30:36.58 [AntForest]: [甜甜|] 可收集能量球: 0个
27日 20:30:37.77 [AntForest]: [支付宝碰一碰一下一级服务商|] 可收集能量球: 0个
27日 20:30:37.92 [EnergyWaitingManager]: 蹲点任务[2088202255763211_5406324581]已存在且时间相同，跳过重复添加
27日 20:30:37.92 [AntForest]: 添加蹲点: [钢镚当钱花|*昆] 能量球[5406324581] 将在[27日21:40:37]成熟
27日 20:30:37.93 [AntForest]: [钢镚当钱花|*昆] 可收集能量球: 0个
27日 20:30:37.93 [AntForest]: [钢镚当钱花|*昆] 等待成熟能量球: 1个
27日 20:30:39.21 [AntForest]:   正在查询好友 [風|*立超2088942482497175] 的主页...
27日 20:30:39.21 [AntForest]:   正在查询好友 [Gaozhong98|*胜元2088002498828755] 的主页...
27日 20:30:39.21 [AntForest]:   正在查询好友 [春花秋月|2088302218538060] 的主页...
27日 20:30:39.22 [AntForest]:   正在查询好友 [she's gone|2088102704106216] 的主页...
27日 20:30:39.22 [AntForest]:   正在查询好友 [oh✖oh✖|*振亚2088702307526972] 的主页...
27日 20:30:39.22 [AntForest]:   正在查询好友 [雪秋风|*敬启2088022541591924] 的主页...
27日 20:30:39.22 [AntForest]:   正在查询好友 [无聊透顶|2088912802831211] 的主页...
27日 20:30:39.24 [AntForest]:   正在查询好友 [转角|2088402985908357] 的主页...
27日 20:30:39.47 [AntForest]: [風|*立超] 可收集能量球: 0个
27日 20:30:39.47 [AntForest]:   正在查询好友 [枫林|*献力2088102228363438] 的主页...
27日 20:30:40.17 [AntForest]: [Gaozhong98|*胜元] 可收集能量球: 0个
27日 20:30:40.18 [AntForest]:   正在查询好友 [雨诗|*凤芝2088122923464793] 的主页...
27日 20:30:40.20 [AntForest]:   正在查询好友 [诗然|2088042784367951] 的主页...
27日 20:30:40.89 [AntForest]:   正在查询好友 [Ordinary、|*宏民2088012262498121] 的主页...
27日 20:30:41.19 [AntForest]: [oh✖oh✖|*振亚] 可收集能量球: 0个
27日 20:30:41.19 [AntForest]:   正在查询好友 [虫二|2088602036896756] 的主页...
27日 20:30:41.66 [AntForest]: [雪秋风|*敬启] 可收集能量球: 0个
27日 20:30:47.32 [EnergyWaitingManager]: 定期清理检查：无过期任务
27日 20:30:47.33 [EnergyWaitingManager]: 定期清理完成，当前活跃蹲点3个
27日 20:30:54.26 任务[森林-Round1]执行成功，耗时: 37614ms
27日 20:31:17.33 [EnergyWaitingManager]: 定期清理检查：无过期任务
27日 20:31:17.33 [EnergyWaitingManager]: 定期清理完成，当前活跃蹲点3个
27日 20:31:47.35 [EnergyWaitingManager]: 定期清理检查：无过期任务
27日 20:31:47.35 [EnergyWaitingManager]: 定期清理完成，当前活跃蹲点3个
27日 20:31:51.54 任务[庄园-Round1]执行成功，耗时: 57252ms
27日 20:31:56.86 任务[海洋-Round1]执行成功，耗时: 5293ms
27日 20:32:01.41 任务[农场-Round1]执行成功，耗时: 4518ms
27日 20:32:09.15 任务[新村-Round1]执行成功，耗时: 7707ms
27日 20:32:16.86 任务[神奇物种-Round1]执行成功，耗时: 7667ms
27日 20:32:17.37 [EnergyWaitingManager]: 定期清理检查：无过期任务
27日 20:32:17.37 [EnergyWaitingManager]: 定期清理完成，当前活跃蹲点3个
27日 23:44:48.97 [ApplicationHook]: 取消定时唤醒将由destroyHandler统一处理
27日 23:44:51.50 [AntForest]: 添加蹲点: [機風|*新霞] 能量球[5600224437] 将在[28日06:47:10]成熟
27日 23:44:51.50 [EnergyWaitingManager]: ⭐️ [主号|機風|*新霞]不检查保护罩，到时间直接收取
27日 23:44:51.52 [AntForest]: 添加蹲点: [機風|*新霞] 能量球[5600224506] 将在[28日06:47:11]成熟
27日 23:44:51.52 [AntForest]: [機風|*新霞] 可收集能量球: 0个
27日 23:44:51.53 [AntForest]: [機風|*新霞] 等待成熟能量球: 2个
27日 23:44:51.64 [EnergyWaitingManager]: ⭐️ [主号|機風|*新霞]不检查保护罩，到时间直接收取
27日 23:44:52.55 [AntForest]: [小明上广州750  免验证|] 可收集能量球: 1个
27日 23:44:55.19 [AntForest]: [黎博|*博] 可收集能量球: 1个
27日 23:44:56.12 [EnergyWaitingPersistence]: ✅ 保存1个蹲点任务到持久化存储 (key: energy_waiting_tasks_2088632752200481)
27日 23:44:56.29 [EnergyWaitingPersistence]: ✅ 保存2个蹲点任务到持久化存储 (key: energy_waiting_tasks_2088632752200481)
27日 23:44:56.56 [EnergyWaitingManager]: 任务[2088632752200481_5600224506]已存在，跳过重复添加
27日 23:44:57.20 [EnergyWaitingManager]: 任务[2088632752200481_5600224437]已存在，跳过重复添加
27日 23:44:57.31 [AntForest]: [新佳源环保工程有限公司|] 可收集能量球: 1个
27日 23:44:59.34 [AntForest]: [流浪宝贝|] 不允许收取能量，跳过
27日 23:44:59.51 [ApplicationHook]: 取消定时唤醒将由destroyHandler统一处理
27日 23:45:01.32 [AntForest]: [昊|*昊] 不允许收取能量，跳过
27日 23:45:01.86 [AntForest]: 添加蹲点: [青玄|*立超] 能量球[5406966257] 将在[28日00:07:09]成熟
27日 23:45:01.86 [EnergyWaitingManager]: ⭐️ [主号|青玄|*立超]不检查保护罩，到时间直接收取
27日 23:45:01.87 [AntForest]: 添加蹲点: [青玄|*立超] 能量球[5406966311] 将在[28日00:07:10]成熟
27日 23:45:01.88 [AntForest]: [青玄|*立超] 可收集能量球: 1个
27日 23:45:01.88 [AntForest]: [青玄|*立超] 等待成熟能量球: 2个
27日 23:45:01.95 [EnergyWaitingPersistence]: ✅ 保存3个蹲点任务到持久化存储 (key: energy_waiting_tasks_2088002896523311)
27日 23:45:01.99 [EnergyWaitingManager]: ⭐️ [主号|青玄|*立超]不检查保护罩，到时间直接收取
27日 23:45:02.38 [EnergyWaitingPersistence]: ✅ 保存4个蹲点任务到持久化存储 (key: energy_waiting_tasks_2088002896523311)
27日 23:45:03.54 [AntForest]: [简单|] 不允许收取能量，跳过
27日 23:45:04.44 [AntForest]: [大鹏765|*大鹏] 可收集能量球: 1个
27日 23:45:05.35 [AntForest]: [冥河摆渡人|*成立] 不允许收取能量，跳过
27日 23:45:06.08 [AntForest]: 添加蹲点: [lzno10|*卓] 能量球[5601381739] 将在[28日09:21:37]成熟
27日 23:45:06.08 [EnergyWaitingManager]: 能量球[5601381739]等待时间过长(576分钟)，跳过蹲点
27日 23:45:06.09 [AntForest]: [lzno10|*卓] 可收集能量球: 1个
27日 23:45:06.10 [AntForest]: [lzno10|*卓] 等待成熟能量球: 1个
27日 23:45:07.00 [AntForest]: [魏百万|*恒磊] 不允许收取能量，跳过
27日 23:45:07.70 [AntForest]: [樊培林|*培林] 可收集能量球: 1个
27日 23:45:08.46 [AntForest]: [刘阳|*阳] 不允许收取能量，跳过
27日 23:45:09.28 [AntForest]: [小阚|*迎矿] 可收集能量球: 1个
27日 23:45:09.99 [AntForest]: [裴俊|*俊] 不允许收取能量，跳过
27日 23:45:11.04 [AntForest]: [消消黑眼圈|] 可收集能量球: 1个
27日 23:45:11.25 任务[森林-Round1]被跳过
27日 23:45:12.49 [AntForest]: [刘佳璇|*佳璇] 可收集能量球: 1个
27日 23:45:13.97 [AntForest]: 添加蹲点: [珊啊朵|*珊] 能量球[5601143858] 将在[28日08:50:09]成熟
27日 23:45:13.97 [EnergyWaitingManager]: 能量球[5601143858]等待时间过长(544分钟)，跳过蹲点
27日 23:45:13.98 [AntForest]: 添加蹲点: [珊啊朵|*珊] 能量球[5605208178] 将在[28日18:26:17]成熟
27日 23:45:13.98 [EnergyWaitingManager]: 能量球[5605208178]等待时间过长(1121分钟)，跳过蹲点
27日 23:45:13.98 [AntForest]: [珊啊朵|*珊] 可收集能量球: 1个
27日 23:45:13.98 [AntForest]: [珊啊朵|*珊] 等待成熟能量球: 2个
27日 23:45:15.41 [AntForest]: [为我骄傲742|] 可收集能量球: 1个
27日 23:45:16.91 [AntForest]: [建良|*建良] 可收集能量球: 1个
27日 23:45:17.48 [ApplicationHook]: 取消定时唤醒将由destroyHandler统一处理
27日 23:45:17.85 [ApplicationHook]: 取消定时唤醒将由destroyHandler统一处理
27日 23:45:18.22 任务[森林-Round1]被跳过
27日 23:45:18.45 [ApplicationHook]: 取消定时唤醒将由destroyHandler统一处理
27日 23:45:19.14 [EnergyWaitingManager]: 定期清理检查：无过期任务
27日 23:45:19.14 [EnergyWaitingManager]: 定期清理完成，当前活跃蹲点4个
27日 23:45:49.16 [EnergyWaitingManager]: 定期清理检查：无过期任务
27日 23:45:49.19 [EnergyWaitingManager]: 定期清理完成，当前活跃蹲点4个
27日 23:46:19.14 [EnergyWaitingManager]: 定期清理检查：无过期任务
27日 23:46:19.15 [EnergyWaitingManager]: 定期清理完成，当前活跃蹲点4个
27日 23:46:49.15 [EnergyWaitingManager]: 定期清理检查：无过期任务
27日 23:46:49.15 [EnergyWaitingManager]: 定期清理完成，当前活跃蹲点4个
27日 23:47:19.15 [EnergyWaitingManager]: 定期清理检查：无过期任务
27日 23:47:19.15 [EnergyWaitingManager]: 定期清理完成，当前活跃蹲点4个
27日 23:47:49.15 [EnergyWaitingManager]: 定期清理检查：无过期任务
27日 23:47:49.15 [EnergyWaitingManager]: 定期清理完成，当前活跃蹲点4个
27日 23:48:19.17 [EnergyWaitingManager]: 定期清理检查：无过期任务
27日 23:48:19.17 [EnergyWaitingManager]: 定期清理完成，当前活跃蹲点4个
27日 23:48:49.18 [EnergyWaitingManager]: 定期清理检查：无过期任务
27日 23:48:49.18 [EnergyWaitingManager]: 定期清理完成，当前活跃蹲点4个
27日 23:49:19.19 [EnergyWaitingManager]: 定期清理检查：无过期任务
27日 23:49:19.20 [EnergyWaitingManager]: 定期清理完成，当前活跃蹲点4个
27日 23:49:49.19 [EnergyWaitingManager]: 定期清理检查：无过期任务
27日 23:49:49.20 [EnergyWaitingManager]: 定期清理完成，当前活跃蹲点4个
27日 23:50:19.22 [EnergyWaitingManager]: 定期清理检查：无过期任务
27日 23:50:19.22 [EnergyWaitingManager]: 定期清理完成，当前活跃蹲点4个
27日 23:50:49.24 [EnergyWaitingManager]: 定期清理检查：无过期任务
27日 23:50:49.24 [EnergyWaitingManager]: 定期清理完成，当前活跃蹲点4个
27日 23:51:19.25 [EnergyWaitingManager]: 定期清理检查：无过期任务
27日 23:51:19.26 [EnergyWaitingManager]: 定期清理完成，当前活跃蹲点4个
27日 23:51:49.26 [EnergyWaitingManager]: 定期清理检查：无过期任务
27日 23:51:49.26 [EnergyWaitingManager]: 定期清理完成，当前活跃蹲点4个
27日 23:52:19.27 [EnergyWaitingManager]: 定期清理检查：无过期任务
27日 23:52:19.27 [EnergyWaitingManager]: 定期清理完成，当前活跃蹲点4个
