28日 00:39:28.51 [AntFarm]: Check failed: [来源: task.antFarm.AntFarm.performDonation:1609 <- task.antFarm.AntFarm.handleDonation:1579 <- task.antFarm.AntFarm.runSuspend:651 <- task.antFarm.AntFarm$runSuspend$1.invokeSuspend:14] {"ariverRpcTraceId":"2197ccb017615831674522265e2cf5","memo":"用户爱心值不足","resultCode":"206","success":false}
28日 00:39:29.15 [AntFarm]: Check failed: [来源: task.antFarm.AntFarm.performDonation:1609 <- task.antFarm.AntFarm.handleDonation:1579 <- task.antFarm.AntFarm.runSuspend:651 <- task.antFarm.AntFarm$runSuspend$1.invokeSuspend:14] {"ariverRpcTraceId":"2197ccb017615831681812311e2cf5","memo":"用户爱心值不足","resultCode":"206","success":false}
28日 00:40:05.26 [小鸡家庭]: Check failed: [来源: task.antFarm.AntFarmFamily.familyShareToFriends:438 <- task.antFarm.AntFarmFamily.enterFamily:119 <- task.antFarm.AntFarmFamily.run:56 <- task.antFarm.AntFarm.runSuspend:721] {"ariverRpcTraceId":"2197ccb017615832044514188e2cf5","memo":"任务已完成","resultCode":"FAMILY48","success":false}
28日 00:43:46.04 [小鸡家庭]: Check failed: [来源: task.antFarm.AntFarmFamily.familyShareToFriends:438 <- task.antFarm.AntFarmFamily.enterFamily:119 <- task.antFarm.AntFarmFamily.run:56 <- task.antFarm.AntFarm.runSuspend:721] {"ariverRpcTraceId":"21bbca2f17615834251754132eb954","memo":"任务已完成","resultCode":"FAMILY48","success":false}
28日 00:56:27.67 [NewRpcBridge]: new rpc response1 | id: 121239650 | method: alipay.antmember.forest.h5.collectEnergy
 args: [{"bizType":"GREEN","bubbleIds":[5604151096],"fromAct":"BATCH_ROB_ENERGY","source":"chInfo_ch_appcenter__chsub_9patch","userId":"2088702030466965","version":"20250813"}] |
 data: {"error":48,"errorMessage":"当前网络不可用，请稍后重试","errorNo":3,"errorTip":"48"}
28日 00:56:27.69 [NewRpcBridge]: RPC返回null | 方法: alipay.antmember.forest.h5.collectEnergy | 原因: 网络错误: 48/当前网络不可用，请稍后重试 | 重试: 1
28日 01:06:03.33 [AntForest收取动物派遣能量失败:]: Check failed: [来源: task.antForest.AntForest.handleUserProps:1353 <- task.antForest.AntForest.runSuspend:991 <- task.antForest.AntForest$runSuspend$1.invokeSuspend:14] {"ariverRpcTraceId":"21ba533117615847625635486e461b","resultCode":"ENERGY_HAS_COLLECTED","resultDesc":"能量球已被收过啦，请退出重进试试~","retriable":false,"success":false}
28日 01:14:08.34 [小鸡家庭]: Check failed: [来源: task.antFarm.AntFarmFamily.familyShareToFriends:438 <- task.antFarm.AntFarmFamily.enterFamily:119 <- task.antFarm.AntFarmFamily.run:56 <- task.antFarm.AntFarm.runSuspend:718] {"ariverRpcTraceId":"21ba533117615852475641817e461b","memo":"任务已完成","resultCode":"FAMILY48","success":false}
28日 01:27:58.47 [小鸡家庭]: Check failed: [来源: task.antFarm.AntFarmFamily.familyShareToFriends:438 <- task.antFarm.AntFarmFamily.enterFamily:119 <- task.antFarm.AntFarmFamily.run:56 <- task.antFarm.AntFarm.runSuspend:718] {"ariverRpcTraceId":"21ba533117615860776928438e461b","memo":"任务已完成","resultCode":"FAMILY48","success":false}
28日 06:18:59.71 [小鸡家庭]: Check failed: [来源: task.antFarm.AntFarmFamily.familyFeedFriendAnimal:218 <- task.antFarm.AntFarmFamily.enterFamily:107 <- task.antFarm.AntFarmFamily.run:56 <- task.antFarm.AntFarm.runSuspend:718] {"ariverRpcTraceId":"21848e8017616035389226545ed6b3","memo":"今日帮喂次数已达上限哦！","resultCode":"391","success":false}
28日 06:19:00.25 [小鸡家庭]: Check failed: [来源: task.antFarm.AntFarmFamily.familyFeedFriendAnimal:218 <- task.antFarm.AntFarmFamily.enterFamily:107 <- task.antFarm.AntFarmFamily.run:56 <- task.antFarm.AntFarm.runSuspend:718] {"ariverRpcTraceId":"21848e8017616035394636556ed6b3","memo":"今日帮喂次数已达上限哦！","resultCode":"391","success":false}
28日 06:19:00.36 [小鸡家庭]: Check failed: [来源: task.antFarm.AntFarmFamily.familyFeedFriendAnimal:218 <- task.antFarm.AntFarmFamily.enterFamily:107 <- task.antFarm.AntFarmFamily.run:56 <- task.antFarm.AntFarm.runSuspend:718] {"ariverRpcTraceId":"21848e8017616035395736562ed6b3","memo":"今日帮喂次数已达上限哦！","resultCode":"391","success":false}
28日 06:19:00.86 [小鸡家庭]: Check failed: [来源: task.antFarm.AntFarmFamily.familyFeedFriendAnimal:218 <- task.antFarm.AntFarmFamily.enterFamily:107 <- task.antFarm.AntFarmFamily.run:56 <- task.antFarm.AntFarm.runSuspend:718] {"ariverRpcTraceId":"21848e8017616035400816588ed6b3","memo":"今日帮喂次数已达上限哦！","resultCode":"391","success":false}
28日 06:19:03.21 [NewRpcBridge]: new rpc response1 | id: 48241402 | method: com.alipay.antfarm.QueryExpandContent
 args: [{{"requestType":"NORMAL","sceneCode":"ANTFARM","source":"H5","deliverId":"17616035418782088002896523311"}}] |
 data: {"error":6004,"errorMessage":"系统出错，正在排查","errorNo":3,"errorTip":"6004"}
28日 06:19:03.21 [小鸡家庭]: Check failed: [来源: task.antFarm.AntFarmFamily.deliverMsgSend:382 <- task.antFarm.AntFarmFamily.enterFamily:115 <- task.antFarm.AntFarmFamily.run:56 <- task.antFarm.AntFarm.runSuspend:718] {"error":6004,"errorMessage":"系统出错，正在排查","errorNo":3,"errorTip":"6004"}
28日 06:19:03.36 [小鸡家庭]: Check failed: [来源: task.antFarm.AntFarmFamily.familyShareToFriends:438 <- task.antFarm.AntFarmFamily.enterFamily:119 <- task.antFarm.AntFarmFamily.run:56 <- task.antFarm.AntFarm.runSuspend:718] {"ariverRpcTraceId":"21848e8017616035425586701ed6b3","memo":"任务已完成","resultCode":"FAMILY48","success":false}
28日 06:22:27.87 [NewRpcBridge]: new rpc response1 | id: 53815103 | method: com.alipay.antfarm.queryChickenDiary
 args: [{"queryDayStr":"","requestType":"NORMAL","sceneCode":"DIARY","source":"antfarm_icon"}] |
 data: {"error":24,"errorMessage":"当前网络不可用，请稍后重试","errorNo":3,"errorTip":"24"}
28日 06:22:27.88 [AntFarm]: Check failed: [来源: task.antFarm.AntFarm.diaryTietze:2772 <- task.antFarm.AntFarm.doChickenDiary:2897 <- task.antFarm.AntFarm.runSuspend:633 <- task.antFarm.AntFarm$runSuspend$1.invokeSuspend:14] {"error":24,"errorMessage":"当前网络不可用，请稍后重试","errorNo":3,"errorTip":"24"}
28日 06:22:27.90 [AntFarm]: Throwable error: org.json.JSONException: No value for resultDesc
	at org.json.JSONObject.get(JSONObject.java:400)
	at org.json.JSONObject.getString(JSONObject.java:561)
	at fansirsqi.xposed.sesame.task.antFarm.AntFarm.diaryTietze(AntFarm.kt:2813)
	at fansirsqi.xposed.sesame.task.antFarm.AntFarm.doChickenDiary(AntFarm.kt:2897)
	at fansirsqi.xposed.sesame.task.antFarm.AntFarm.runSuspend(AntFarm.kt:633)
	at fansirsqi.xposed.sesame.task.antFarm.AntFarm$runSuspend$1.invokeSuspend(Unknown Source:14)
	at kotlin.coroutines.jvm.internal.BaseContinuationImpl.resumeWith(ContinuationImpl.kt:34)
	at kotlinx.coroutines.DispatchedTask.run(DispatchedTask.kt:100)
	at kotlinx.coroutines.scheduling.CoroutineScheduler.runSafely(CoroutineScheduler.kt:586)
	at kotlinx.coroutines.scheduling.CoroutineScheduler$Worker.executeTask(CoroutineScheduler.kt:829)
	at kotlinx.coroutines.scheduling.CoroutineScheduler$Worker.runWorker(CoroutineScheduler.kt:717)
	at kotlinx.coroutines.scheduling.CoroutineScheduler$Worker.run(CoroutineScheduler.kt:704)

28日 06:25:50.52 [NewRpcBridge]: new rpc response1 | id: 227410126 | method: com.alipay.antieptask.finishTaskopengreen
 args: [{"outBizNo":"FOREST_NORMAL_DRAW_ANTTODO_1761603944387_2ls30qvz","requestType":"RPC","sceneCode":"ANTFOREST_NORMAL_DRAW_TASK","source":"task_entry","taskType":"FOREST_NORMAL_DRAW_ANTTODO"}] |
 data: {"error":11,"errorMessage":"当前网络不可用，请稍后重试","errorNo":3,"errorTip":"11"}
28日 06:25:50.59 [ForestChouChouLe]: Check failed: [来源: task.antForest.ForestChouChouLe.processChouChouLeScene:165 <- task.antForest.ForestChouChouLe.processKnownScenes:62 <- task.antForest.ForestChouChouLe.chouChouLe:36 <- task.antForest.AntForest.runSuspend:1068] {"error":11,"errorMessage":"当前网络不可用，请稍后重试","errorNo":3,"errorTip":"11"}
28日 06:25:50.62 [ForestChouChouLe]: 森林抽抽乐普通版 任务完成失败: 去物种集卡得机会
28日 06:26:21.00 [ForestChouChouLe]: Check failed: [来源: task.antForest.ForestChouChouLe.processChouChouLeScene:165 <- task.antForest.ForestChouChouLe.processKnownScenes:62 <- task.antForest.ForestChouChouLe.chouChouLe:36 <- task.antForest.AntForest.runSuspend:1068] {"ariverRpcTraceId":"21848e8017616039801325196ed6b3","code":"400000056","desc":"不符合任务投放资格不能完成","success":false}
28日 06:26:21.01 [ForestChouChouLe]: 森林抽抽乐普通版 任务完成失败: 玩一玩森林解压馆
28日 06:30:09.27 [NewRpcBridge]: new rpc response1 | id: 55381673 | method: com.alipay.antiep.finishTask
 args: [{"outBizNo":"FOREST_NORMAL_DRAW_XLIGHT_1_1761604205904_w5fhip2d","requestType":"RPC","sceneCode":"ANTFOREST_NORMAL_DRAW_TASK","source":"ADBASICLIB","taskType":"FOREST_NORMAL_DRAW_XLIGHT_1"}] |
 data: {"error":48,"errorMessage":"当前网络不可用，请稍后重试","errorNo":3,"errorTip":"48"}
28日 06:30:09.27 [NewRpcBridge]: new rpc response1 | id: 98570083 | method: com.alipay.antieptask.finishTaskopengreen
 args: [{"outBizNo":"FOREST_NORMAL_DRAW_XBDL_1761604205908_j0myby1m","requestType":"RPC","sceneCode":"ANTFOREST_NORMAL_DRAW_TASK","source":"task_entry","taskType":"FOREST_NORMAL_DRAW_XBDL"}] |
 data: {"error":48,"errorMessage":"当前网络不可用，请稍后重试","errorNo":3,"errorTip":"48"}
28日 06:30:09.30 [NewRpcBridge]: RPC返回null | 方法: com.alipay.antiep.finishTask | 原因: 网络错误: 48/当前网络不可用，请稍后重试 | 重试: 1
28日 06:30:09.30 [NewRpcBridge]: RPC返回null | 方法: com.alipay.antieptask.finishTaskopengreen | 原因: 网络错误: 48/当前网络不可用，请稍后重试 | 重试: 1
28日 06:30:09.31 [森林抽抽乐普通版 处理异常]: [ForestChouChouLe] Throwable error: org.json.JSONException: End of input at character 0 of 
	at org.json.JSONTokener.syntaxError(JSONTokener.java:460)
	at org.json.JSONTokener.nextValue(JSONTokener.java:101)
	at org.json.JSONObject.<init>(JSONObject.java:165)
	at org.json.JSONObject.<init>(JSONObject.java:182)
	at fansirsqi.xposed.sesame.util.ResChecker.checkRes(ResChecker.kt:142)
	at fansirsqi.xposed.sesame.task.antForest.ForestChouChouLe.processChouChouLeScene(ForestChouChouLe.java:165)
	at fansirsqi.xposed.sesame.task.antForest.ForestChouChouLe.processKnownScenes(ForestChouChouLe.java:62)
	at fansirsqi.xposed.sesame.task.antForest.ForestChouChouLe.chouChouLe(ForestChouChouLe.java:36)
	at fansirsqi.xposed.sesame.task.antForest.AntForest.runSuspend(AntForest.kt:1068)
	at fansirsqi.xposed.sesame.task.antForest.AntForest$runSuspend$1.invokeSuspend(Unknown Source:14)
	at kotlin.coroutines.jvm.internal.BaseContinuationImpl.resumeWith(ContinuationImpl.kt:34)
	at kotlinx.coroutines.UndispatchedCoroutine.afterResume(CoroutineContext.kt:266)
	at kotlinx.coroutines.AbstractCoroutine.resumeWith(AbstractCoroutine.kt:101)
	at kotlin.coroutines.jvm.internal.BaseContinuationImpl.resumeWith(ContinuationImpl.kt:47)
	at kotlinx.coroutines.UndispatchedCoroutine.afterResume(CoroutineContext.kt:266)
	at kotlinx.coroutines.AbstractCoroutine.resumeWith(AbstractCoroutine.kt:101)
	at kotlin.coroutines.jvm.internal.BaseContinuationImpl.resumeWith(ContinuationImpl.kt:47)
	at kotlinx.coroutines.DispatchedTask.run(DispatchedTask.kt:100)
	at kotlinx.coroutines.scheduling.CoroutineScheduler.runSafely(CoroutineScheduler.kt:586)
	at kotlinx.coroutines.scheduling.CoroutineScheduler$Worker.executeTask(CoroutineScheduler.kt:829)
	at kotlinx.coroutines.scheduling.CoroutineScheduler$Worker.runWorker(CoroutineScheduler.kt:717)
	at kotlinx.coroutines.scheduling.CoroutineScheduler$Worker.run(CoroutineScheduler.kt:704)

28日 06:30:09.32 [森林抽抽乐普通版 处理异常]: [ForestChouChouLe] Throwable error: org.json.JSONException: End of input at character 0 of 
	at org.json.JSONTokener.syntaxError(JSONTokener.java:460)
	at org.json.JSONTokener.nextValue(JSONTokener.java:101)
	at org.json.JSONObject.<init>(JSONObject.java:165)
	at org.json.JSONObject.<init>(JSONObject.java:182)
	at fansirsqi.xposed.sesame.util.ResChecker.checkRes(ResChecker.kt:142)
	at fansirsqi.xposed.sesame.task.antForest.ForestChouChouLe.processChouChouLeScene(ForestChouChouLe.java:165)
	at fansirsqi.xposed.sesame.task.antForest.ForestChouChouLe.processKnownScenes(ForestChouChouLe.java:62)
	at fansirsqi.xposed.sesame.task.antForest.ForestChouChouLe.chouChouLe(ForestChouChouLe.java:36)
	at fansirsqi.xposed.sesame.task.antForest.AntForest.runSuspend(AntForest.kt:1068)
	at fansirsqi.xposed.sesame.task.antForest.AntForest$runSuspend$1.invokeSuspend(Unknown Source:14)
	at kotlin.coroutines.jvm.internal.BaseContinuationImpl.resumeWith(ContinuationImpl.kt:34)
	at kotlinx.coroutines.UndispatchedCoroutine.afterResume(CoroutineContext.kt:266)
	at kotlinx.coroutines.AbstractCoroutine.resumeWith(AbstractCoroutine.kt:101)
	at kotlin.coroutines.jvm.internal.BaseContinuationImpl.resumeWith(ContinuationImpl.kt:47)
	at kotlinx.coroutines.UndispatchedCoroutine.afterResume(CoroutineContext.kt:266)
	at kotlinx.coroutines.AbstractCoroutine.resumeWith(AbstractCoroutine.kt:101)
	at kotlin.coroutines.jvm.internal.BaseContinuationImpl.resumeWith(ContinuationImpl.kt:47)
	at kotlinx.coroutines.DispatchedTask.run(DispatchedTask.kt:100)
	at kotlinx.coroutines.scheduling.CoroutineScheduler.runSafely(CoroutineScheduler.kt:586)
	at kotlinx.coroutines.scheduling.CoroutineScheduler$Worker.executeTask(CoroutineScheduler.kt:829)
	at kotlinx.coroutines.scheduling.CoroutineScheduler$Worker.runWorker(CoroutineScheduler.kt:717)
	at kotlinx.coroutines.scheduling.CoroutineScheduler$Worker.run(CoroutineScheduler.kt:704)

28日 06:30:16.62 [ForestChouChouLe]: Check failed: [来源: task.antForest.ForestChouChouLe.processChouChouLeScene:183 <- task.antForest.ForestChouChouLe.processKnownScenes:62 <- task.antForest.ForestChouChouLe.chouChouLe:36 <- task.antForest.AntForest.runSuspend:1068] {"ariverRpcTraceId":"0b9531ca17616042158352842ef84b","code":"400000030","desc":"任务已完结","success":false}
28日 06:30:16.62 [ForestChouChouLe]: 森林抽抽乐活动版 奖励领取失败: 每日签到
28日 06:30:46.98 [ForestChouChouLe]: Check failed: [来源: task.antForest.ForestChouChouLe.processChouChouLeScene:165 <- task.antForest.ForestChouChouLe.processKnownScenes:62 <- task.antForest.ForestChouChouLe.chouChouLe:36 <- task.antForest.AntForest.runSuspend:1068] {"ariverRpcTraceId":"0b9531ca17616042461844011ef84b","code":"400000012","desc":"权益获取次数超过上限","success":false}
28日 06:30:46.98 [ForestChouChouLe]: 森林抽抽乐活动版 任务完成失败: 去森林市集逛一逛
28日 06:31:17.19 [ForestChouChouLe]: Check failed: [来源: task.antForest.ForestChouChouLe.processChouChouLeScene:165 <- task.antForest.ForestChouChouLe.processKnownScenes:62 <- task.antForest.ForestChouChouLe.chouChouLe:36 <- task.antForest.AntForest.runSuspend:1068] {"ariverRpcTraceId":"0b9531ca17616042763875157ef84b","code":"400000012","desc":"权益获取次数超过上限","success":false}
28日 06:31:17.19 [ForestChouChouLe]: 森林抽抽乐活动版 任务完成失败: 玩一玩森林小车车
28日 06:46:49.67 [小鸡家庭]: Check failed: [来源: task.antFarm.AntFarmFamily.familyFeedFriendAnimal:218 <- task.antFarm.AntFarmFamily.enterFamily:107 <- task.antFarm.AntFarmFamily.run:56 <- task.antFarm.AntFarm.runSuspend:718] {"ariverRpcTraceId":"0bffe67017616052088306896e481c","memo":"饲料不足，做任务获取饲料吧~","resultCode":"310","success":false}
28日 06:46:51.33 [NewRpcBridge]: new rpc response1 | id: 84918116 | method: com.alipay.antfarm.QueryExpandContent
 args: [{{"requestType":"NORMAL","sceneCode":"ANTFARM","source":"H5","deliverId":"17616052103452088942482497175"}}] |
 data: {"error":6004,"errorMessage":"系统出错，正在排查","errorNo":3,"errorTip":"6004"}
28日 06:46:51.34 [小鸡家庭]: Check failed: [来源: task.antFarm.AntFarmFamily.deliverMsgSend:382 <- task.antFarm.AntFarmFamily.enterFamily:115 <- task.antFarm.AntFarmFamily.run:56 <- task.antFarm.AntFarm.runSuspend:718] {"error":6004,"errorMessage":"系统出错，正在排查","errorNo":3,"errorTip":"6004"}
28日 06:46:51.93 [小鸡家庭]: Check failed: [来源: task.antFarm.AntFarmFamily.familyShareToFriends:438 <- task.antFarm.AntFarmFamily.enterFamily:119 <- task.antFarm.AntFarmFamily.run:56 <- task.antFarm.AntFarm.runSuspend:718] {"ariverRpcTraceId":"0bffe67017616052110757032e481c","memo":"任务已完成","resultCode":"FAMILY48","success":false}
28日 06:51:58.90 [NewRpcBridge]: new rpc response1 | id: 154743806 | method: alipay.tiyubiz.wenti.walk.participate
 args: [{"bettingPoints":100,"guessInstanceId":"2025052011001031000501605799","guessResultId":"2025052011001031007301610705","newParticipant":false,"roundId":"2025052011001031006001566329","stepTimeZone":"Asia/Shanghai"}] |
 data: {"error":3000,"errorMessage":"系统出错，正在排查","errorNo":3,"errorTip":"3000"}
28日 06:53:02.46 [小鸡家庭]: Check failed: [来源: task.antFarm.AntFarmFamily.familyFeedFriendAnimal:218 <- task.antFarm.AntFarmFamily.enterFamily:107 <- task.antFarm.AntFarmFamily.run:56 <- task.antFarm.AntFarm.runSuspend:718] {"ariverRpcTraceId":"0bffe67017616055816305579e481c","memo":"饲料不足，做任务获取饲料吧~","resultCode":"310","success":false}
28日 06:53:03.91 [NewRpcBridge]: new rpc response1 | id: 239951468 | method: com.alipay.antfarm.QueryExpandContent
 args: [{{"requestType":"NORMAL","sceneCode":"ANTFARM","source":"H5","deliverId":"17616055829232088942482497175"}}] |
 data: {"error":6004,"errorMessage":"系统出错，正在排查","errorNo":3,"errorTip":"6004"}
28日 06:53:03.91 [小鸡家庭]: Check failed: [来源: task.antFarm.AntFarmFamily.deliverMsgSend:382 <- task.antFarm.AntFarmFamily.enterFamily:115 <- task.antFarm.AntFarmFamily.run:56 <- task.antFarm.AntFarm.runSuspend:718] {"error":6004,"errorMessage":"系统出错，正在排查","errorNo":3,"errorTip":"6004"}
28日 06:53:04.43 [小鸡家庭]: Check failed: [来源: task.antFarm.AntFarmFamily.familyShareToFriends:438 <- task.antFarm.AntFarmFamily.enterFamily:119 <- task.antFarm.AntFarmFamily.run:56 <- task.antFarm.AntFarm.runSuspend:718] {"ariverRpcTraceId":"0bffe67017616055836215774e481c","memo":"任务已完成","resultCode":"FAMILY48","success":false}
28日 06:59:11.90 [NewRpcBridge]: new rpc response1 | id: 200724219 | method: com.alipay.antfarm.QueryExpandContent
 args: [{{"requestType":"NORMAL","sceneCode":"ANTFARM","source":"H5","deliverId":"17616059508052088632752200481"}}] |
 data: {"error":6004,"errorMessage":"系统出错，正在排查","errorNo":3,"errorTip":"6004"}
28日 06:59:11.90 [小鸡家庭]: Check failed: [来源: task.antFarm.AntFarmFamily.deliverMsgSend:382 <- task.antFarm.AntFarmFamily.enterFamily:115 <- task.antFarm.AntFarmFamily.run:56 <- task.antFarm.AntFarm.runSuspend:718] {"error":6004,"errorMessage":"系统出错，正在排查","errorNo":3,"errorTip":"6004"}
28日 06:59:12.31 [小鸡家庭]: Check failed: [来源: task.antFarm.AntFarmFamily.familyShareToFriends:438 <- task.antFarm.AntFarmFamily.enterFamily:119 <- task.antFarm.AntFarmFamily.run:56 <- task.antFarm.AntFarm.runSuspend:718] {"ariverRpcTraceId":"0bffe67017616059514845425e481c","memo":"任务已完成","resultCode":"FAMILY48","success":false}
28日 07:00:05.94 [NewRpcBridge]: new rpc response1 | id: 23203775 | method: alipay.antforest.forest.h5.queryFriendHomePage
 args: [{"canRobFlags":"T,F,F,F,F","configVersionMap":{"wateringBubbleConfig":"0"},"source":"chInfo_ch_appcenter__chsub_9patch","userId":"2088002858797084","fromAct":"蹲点收取","version":"20250813"}] |
 data: {"error":24,"errorMessage":"当前网络不可用，请稍后重试","errorNo":3,"errorTip":"24"}
28日 07:00:05.98 [AntForest查询好友主页失败:]: Check failed: [来源: task.antForest.AntForest.queryFriendHome:1523 <- task.antForest.AntForest.access$queryFriendHome:87 <- task.antForest.AntForest$collectUserEnergyForWaiting$2.invokeSuspend:4809 <- task.antForest.AntForest$collectUserEnergyForWaiting$2.invoke:8] {"error":24,"errorMessage":"当前网络不可用，请稍后重试","errorNo":3,"errorTip":"24"}
28日 08:04:14.21 [小鸡家庭]: Check failed: [来源: task.antFarm.AntFarmFamily.familyFeedFriendAnimal:218 <- task.antFarm.AntFarmFamily.enterFamily:107 <- task.antFarm.AntFarmFamily.run:56 <- task.antFarm.AntFarm.runSuspend:718] {"ariverRpcTraceId":"21955d8e17616098534271623e4322","memo":"今日帮喂次数已达上限哦！","resultCode":"391","success":false}
28日 08:04:15.66 [NewRpcBridge]: new rpc response1 | id: 96015886 | method: com.alipay.antfarm.QueryExpandContent
 args: [{{"requestType":"NORMAL","sceneCode":"ANTFARM","source":"H5","deliverId":"17616098546802088002896523311"}}] |
 data: {"error":6004,"errorMessage":"系统出错，正在排查","errorNo":3,"errorTip":"6004"}
28日 08:04:15.67 [小鸡家庭]: Check failed: [来源: task.antFarm.AntFarmFamily.deliverMsgSend:382 <- task.antFarm.AntFarmFamily.enterFamily:115 <- task.antFarm.AntFarmFamily.run:56 <- task.antFarm.AntFarm.runSuspend:718] {"error":6004,"errorMessage":"系统出错，正在排查","errorNo":3,"errorTip":"6004"}
28日 08:04:16.16 [小鸡家庭]: Check failed: [来源: task.antFarm.AntFarmFamily.familyShareToFriends:438 <- task.antFarm.AntFarmFamily.enterFamily:119 <- task.antFarm.AntFarmFamily.run:56 <- task.antFarm.AntFarm.runSuspend:718] {"ariverRpcTraceId":"21955d8e17616098553541837e4322","memo":"任务已完成","resultCode":"FAMILY48","success":false}
28日 12:08:17.78 [NewRpcBridge]: new rpc response1 | id: 72168774 | method: alipay.antmember.forest.h5.collectEnergy
 args: [{"bizType":"GREEN","bubbleIds":[5601381739],"fromAct":"BATCH_ROB_ENERGY","source":"chInfo_ch_appcenter__chsub_9patch","userId":"2088202973794858","version":"20250813"}] |
 data: {"error":1004,"errorMessage":"系统忙，请稍后尝试","errorNo":3,"errorTip":"1004"}
28日 12:08:17.82 [NewRpcBridge]: RPC返回null | 方法: alipay.antmember.forest.h5.collectEnergy | 原因: 网络错误: 1004/系统忙，请稍后尝试 | 重试: 1
28日 12:08:17.99 [AntForest]: Throwable error: org.json.JSONException: End of input at character 0 of 
	at org.json.JSONTokener.syntaxError(JSONTokener.java:460)
	at org.json.JSONTokener.nextValue(JSONTokener.java:101)
	at org.json.JSONObject.<init>(JSONObject.java:165)
	at org.json.JSONObject.<init>(JSONObject.java:182)
	at fansirsqi.xposed.sesame.task.antForest.AntForest.queryUserPatrol(AntForest.kt:3546)
	at fansirsqi.xposed.sesame.task.antForest.AntForest.runSuspend(AntForest.kt:981)
	at fansirsqi.xposed.sesame.task.antForest.AntForest$runSuspend$1.invokeSuspend(Unknown Source:14)
	at kotlin.coroutines.jvm.internal.BaseContinuationImpl.resumeWith(ContinuationImpl.kt:34)
	at kotlinx.coroutines.UndispatchedCoroutine.afterResume(CoroutineContext.kt:266)
	at kotlinx.coroutines.AbstractCoroutine.resumeWith(AbstractCoroutine.kt:101)
	at kotlin.coroutines.jvm.internal.BaseContinuationImpl.resumeWith(ContinuationImpl.kt:47)
	at kotlinx.coroutines.UndispatchedCoroutine.afterResume(CoroutineContext.kt:266)
	at kotlinx.coroutines.AbstractCoroutine.resumeWith(AbstractCoroutine.kt:101)
	at kotlin.coroutines.jvm.internal.BaseContinuationImpl.resumeWith(ContinuationImpl.kt:47)
	at kotlinx.coroutines.DispatchedTask.run(DispatchedTask.kt:100)
	at kotlinx.coroutines.scheduling.CoroutineScheduler.runSafely(CoroutineScheduler.kt:586)
	at kotlinx.coroutines.scheduling.CoroutineScheduler$Worker.executeTask(CoroutineScheduler.kt:829)
	at kotlinx.coroutines.scheduling.CoroutineScheduler$Worker.runWorker(CoroutineScheduler.kt:717)
	at kotlinx.coroutines.scheduling.CoroutineScheduler$Worker.run(CoroutineScheduler.kt:704)

28日 12:08:43.22 [NewRpcBridge]: new rpc response1 | id: 12889642 | method: alipay.antforest.forest.h5.startEnergyRain
 args: [{"version":"20250813"}] |
 data: {"error":1009,"errorMessage":"为保障您的正常访问，请进行验证后继续。","errorNo":3,"errorTip":"1009"}
28日 12:08:43.24 [NewRpcBridge]: RPC返回null | 方法: alipay.antforest.forest.h5.startEnergyRain | 原因: 网络错误: 1009/为保障您的正常访问，请进行验证后继续。 | 重试: 1
28日 12:08:43.25 [EnergyRain]: Throwable error: org.json.JSONException: End of input at character 0 of 
	at org.json.JSONTokener.syntaxError(JSONTokener.java:460)
	at org.json.JSONTokener.nextValue(JSONTokener.java:101)
	at org.json.JSONObject.<init>(JSONObject.java:165)
	at org.json.JSONObject.<init>(JSONObject.java:182)
	at fansirsqi.xposed.sesame.task.antForest.EnergyRainCoroutine.startEnergyRain(EnergyRainCoroutine.kt:148)
	at fansirsqi.xposed.sesame.task.antForest.EnergyRainCoroutine.energyRain(EnergyRainCoroutine.kt:80)
	at fansirsqi.xposed.sesame.task.antForest.EnergyRainCoroutine.access$energyRain(EnergyRainCoroutine.kt:17)
	at fansirsqi.xposed.sesame.task.antForest.EnergyRainCoroutine$energyRain$1.invokeSuspend(Unknown Source:14)
	at kotlin.coroutines.jvm.internal.BaseContinuationImpl.resumeWith(ContinuationImpl.kt:34)
	at kotlinx.coroutines.DispatchedTaskKt.resume(DispatchedTask.kt:233)
	at kotlinx.coroutines.DispatchedTaskKt.dispatch(DispatchedTask.kt:152)
	at kotlinx.coroutines.CancellableContinuationImpl.dispatchResume(CancellableContinuationImpl.kt:470)
	at kotlinx.coroutines.CancellableContinuationImpl.resumeImpl$kotlinx_coroutines_core(CancellableContinuationImpl.kt:504)
	at kotlinx.coroutines.CancellableContinuationImpl.resumeImpl$kotlinx_coroutines_core$default(CancellableContinuationImpl.kt:493)
	at kotlinx.coroutines.CancellableContinuationImpl.resumeUndispatched(CancellableContinuationImpl.kt:596)
	at kotlinx.coroutines.EventLoopImplBase$DelayedResumeTask.run(EventLoop.common.kt:497)
	at kotlinx.coroutines.EventLoopImplBase.processNextEvent(EventLoop.common.kt:263)
	at kotlinx.coroutines.BlockingCoroutine.joinBlocking(Builders.kt:94)
	at kotlinx.coroutines.BuildersKt__BuildersKt.runBlocking(Builders.kt:70)
	at kotlinx.coroutines.BuildersKt.runBlocking(Unknown Source:1)
	at kotlinx.coroutines.BuildersKt__BuildersKt.runBlocking$default(Builders.kt:48)
	at kotlinx.coroutines.BuildersKt.runBlocking$default(Unknown Source:1)
	at fansirsqi.xposed.sesame.task.antForest.EnergyRainCoroutine.execEnergyRainCompat(EnergyRainCoroutine.kt:186)
	at fansirsqi.xposed.sesame.task.antForest.AntForest.runSuspend(AntForest.kt:1029)
	at fansirsqi.xposed.sesame.task.antForest.AntForest$runSuspend$1.invokeSuspend(Unknown Source:14)
	at kotlin.coroutines.jvm.internal.BaseContinuationImpl.resumeWith(ContinuationImpl.kt:34)
	at kotlinx.coroutines.UndispatchedCoroutine.afterResume(CoroutineContext.kt:266)
	at kotlinx.coroutines.AbstractCoroutine.resumeWith(AbstractCoroutine.kt:101)
	at kotlin.coroutines.jvm.internal.BaseContinuationImpl.resumeWith(ContinuationImpl.kt:47)
	at kotlinx.coroutines.UndispatchedCoroutine.afterResume(CoroutineContext.kt:266)
	at kotlinx.coroutines.AbstractCoroutine.resumeWith(AbstractCoroutine.kt:101)
	at kotlin.coroutines.jvm.internal.BaseContinuationImpl.resumeWith(ContinuationImpl.kt:47)
	at kotlinx.coroutines.DispatchedTask.run(DispatchedTask.kt:100)
	at kotlinx.coroutines.scheduling.CoroutineScheduler.runSafely(CoroutineScheduler.kt:586)
	at kotlinx.coroutines.scheduling.CoroutineScheduler$Worker.executeTask(CoroutineScheduler.kt:829)
	at kotlinx.coroutines.scheduling.CoroutineScheduler$Worker.runWorker(CoroutineScheduler.kt:717)
	at kotlinx.coroutines.scheduling.CoroutineScheduler$Worker.run(CoroutineScheduler.kt:704)

28日 12:09:00.14 [NewRpcBridge]: new rpc response1 | id: 59554335 | method: com.alipay.antfarm.doFarmTask
 args: [{"bizKey":"chouchoule_xiaritianpin","requestType":"NORMAL","sceneCode":"ANTFARM","source":"H5","version":"1.8.2302070202.46"}] |
 data: {"error":1009,"errorMessage":"为了保障您的操作安全，请进行验证后继续。","errorNo":3,"errorTip":"1009"}
28日 12:09:00.15 [NewRpcBridge]: RPC返回null | 方法: com.alipay.antfarm.doFarmTask | 原因: 网络错误: 1009/为了保障您的操作安全，请进行验证后继续。 | 重试: 1
28日 12:09:04.94 [NewRpcBridge]: new rpc response1 | id: 191413729 | method: alipay.antforest.forest.h5.grantEnergyRainChance
 args: [{"targetUserId":2088002858797084}] |
 data: {"error":1009,"errorMessage":"为了保障您的操作安全，请进行验证后继续。","errorNo":3,"errorTip":"1009"}
28日 12:09:04.96 [NewRpcBridge]: RPC返回null | 方法: alipay.antforest.forest.h5.grantEnergyRainChance | 原因: 网络错误: 1009/为了保障您的操作安全，请进行验证后继续。 | 重试: 1
28日 12:29:53.59 [NewRpcBridge]: new rpc response1 | id: 212689833 | method: alipay.antmember.forest.h5.collectEnergy
 args: [{"bizType":"GREEN","bubbleIds":[5602809380],"fromAct":"BATCH_ROB_ENERGY","source":"chInfo_ch_appcenter__chsub_9patch","userId":"2088502163007383","version":"20250813"}] |
 data: {"error":1004,"errorMessage":"系统忙，请稍后尝试","errorNo":3,"errorTip":"1004"}
28日 12:29:53.63 [NewRpcBridge]: RPC返回null | 方法: alipay.antmember.forest.h5.collectEnergy | 原因: 网络错误: 1004/系统忙，请稍后尝试 | 重试: 1
28日 12:34:39.52 [NewRpcBridge]: new rpc response1 | id: 216076397 | method: com.alipay.antieptask.listTaskopengreen
 args: [{"requestType":"RPC","sceneCode":"ANTFOREST_NORMAL_DRAW_TASK","source":"task_entry"}] |
 data: {"error":24,"errorMessage":"当前网络不可用，请稍后重试","errorNo":3,"errorTip":"24"}
28日 12:34:39.53 [ForestChouChouLe]: Check failed: [来源: task.antForest.ForestChouChouLe.processChouChouLeScene:108 <- task.antForest.ForestChouChouLe.processKnownScenes:62 <- task.antForest.ForestChouChouLe.chouChouLe:36 <- task.antForest.AntForest.runSuspend:1068] {"error":24,"errorMessage":"当前网络不可用，请稍后重试","errorNo":3,"errorTip":"24"}
28日 12:34:39.53 [ForestChouChouLe]: 森林抽抽乐普通版 - listTaskopengreen 调用失败
28日 12:36:27.81 [NewRpcBridge]: new rpc response1 | id: 110552923 | method: alipay.antmember.forest.h5.collectEnergy
 args: [{"bizType":"GREEN","bubbleIds":[5602936949],"fromAct":"BATCH_ROB_ENERGY","source":"chInfo_ch_appcenter__chsub_9patch","userId":"2088802394284402","version":"20250813"}] |
 data: {"error":1004,"errorMessage":"系统忙，请稍后尝试","errorNo":3,"errorTip":"1004"}
28日 12:36:27.82 [NewRpcBridge]: RPC返回null | 方法: alipay.antmember.forest.h5.collectEnergy | 原因: 网络错误: 1004/系统忙，请稍后尝试 | 重试: 1
28日 12:36:29.00 [chouchoule err:]: Throwable error: org.json.JSONException: End of input at character 0 of 
	at org.json.JSONTokener.syntaxError(JSONTokener.java:460)
	at org.json.JSONTokener.nextValue(JSONTokener.java:101)
	at org.json.JSONObject.<init>(JSONObject.java:165)
	at org.json.JSONObject.<init>(JSONObject.java:182)
	at fansirsqi.xposed.sesame.task.antFarm.ChouChouLe.chouchoule(ChouChouLe.java:40)
	at fansirsqi.xposed.sesame.task.antFarm.AntFarm.runSuspend(AntFarm.kt:697)
	at fansirsqi.xposed.sesame.task.antFarm.AntFarm$runSuspend$1.invokeSuspend(Unknown Source:14)
	at kotlin.coroutines.jvm.internal.BaseContinuationImpl.resumeWith(ContinuationImpl.kt:34)
	at kotlinx.coroutines.DispatchedTask.run(DispatchedTask.kt:100)
	at kotlinx.coroutines.scheduling.CoroutineScheduler.runSafely(CoroutineScheduler.kt:586)
	at kotlinx.coroutines.scheduling.CoroutineScheduler$Worker.executeTask(CoroutineScheduler.kt:829)
	at kotlinx.coroutines.scheduling.CoroutineScheduler$Worker.runWorker(CoroutineScheduler.kt:717)
	at kotlinx.coroutines.scheduling.CoroutineScheduler$Worker.run(CoroutineScheduler.kt:704)

28日 12:36:29.01 Exception error: org.json.JSONException: End of input at character 0 of 
	at org.json.JSONTokener.syntaxError(JSONTokener.java:460)
	at org.json.JSONTokener.nextValue(JSONTokener.java:101)
	at org.json.JSONObject.<init>(JSONObject.java:165)
	at org.json.JSONObject.<init>(JSONObject.java:182)
	at fansirsqi.xposed.sesame.task.antFarm.AntFarm.enterFarm(AntFarm.kt:1013)
	at fansirsqi.xposed.sesame.task.antFarm.AntFarm.hireAnimal(AntFarm.kt:2996)
	at fansirsqi.xposed.sesame.task.antFarm.AntFarm.runSuspend(AntFarm.kt:708)
	at fansirsqi.xposed.sesame.task.antFarm.AntFarm$runSuspend$1.invokeSuspend(Unknown Source:14)
	at kotlin.coroutines.jvm.internal.BaseContinuationImpl.resumeWith(ContinuationImpl.kt:34)
	at kotlinx.coroutines.DispatchedTask.run(DispatchedTask.kt:100)
	at kotlinx.coroutines.scheduling.CoroutineScheduler.runSafely(CoroutineScheduler.kt:586)
	at kotlinx.coroutines.scheduling.CoroutineScheduler$Worker.executeTask(CoroutineScheduler.kt:829)
	at kotlinx.coroutines.scheduling.CoroutineScheduler$Worker.runWorker(CoroutineScheduler.kt:717)
	at kotlinx.coroutines.scheduling.CoroutineScheduler$Worker.run(CoroutineScheduler.kt:704)

28日 12:36:29.17 [AntDodo]: JSON解析错误: End of input at character 0 of 
28日 12:36:30.56 [AntDodo]: JSON解析错误: End of input at character 0 of 
28日 12:36:32.95 [AntForest]: 获取好友主页信息失败：响应为空, userId: Mick|*众中
28日 12:38:35.80 [NewRpcBridge]: new rpc response1 | id: 69033999 | method: alipay.antmember.forest.h5.collectEnergy
 args: [{"bizType":"GREEN","bubbleIds":[5602809380,5802892297],"fromAct":"BATCH_ROB_ENERGY","source":"chInfo_ch_appcenter__chsub_9patch","userId":"2088502163007383","version":"20250813"}] |
 data: {"error":1004,"errorMessage":"系统忙，请稍后尝试","errorNo":3,"errorTip":"1004"}
28日 12:38:35.93 [NewRpcBridge]: RPC返回null | 方法: alipay.antmember.forest.h5.collectEnergy | 原因: 网络错误: 1004/系统忙，请稍后尝试 | 重试: 1
28日 12:41:02.12 [NewRpcBridge]: new rpc response1 | id: 101316587 | method: alipay.antforest.forest.h5.startEnergyRain
 args: [{"version":"20250813"}] |
 data: {"error":1009,"errorMessage":"为保障您的正常访问，请进行验证后继续。","errorNo":3,"errorTip":"1009"}
28日 12:41:02.14 [NewRpcBridge]: RPC返回null | 方法: alipay.antforest.forest.h5.startEnergyRain | 原因: 网络错误: 1009/为保障您的正常访问，请进行验证后继续。 | 重试: 1
28日 12:41:02.21 [EnergyRain]: Throwable error: org.json.JSONException: End of input at character 0 of 
	at org.json.JSONTokener.syntaxError(JSONTokener.java:460)
	at org.json.JSONTokener.nextValue(JSONTokener.java:101)
	at org.json.JSONObject.<init>(JSONObject.java:165)
	at org.json.JSONObject.<init>(JSONObject.java:182)
	at fansirsqi.xposed.sesame.task.antForest.EnergyRainCoroutine.startEnergyRain(EnergyRainCoroutine.kt:148)
	at fansirsqi.xposed.sesame.task.antForest.EnergyRainCoroutine.energyRain(EnergyRainCoroutine.kt:80)
	at fansirsqi.xposed.sesame.task.antForest.EnergyRainCoroutine.access$energyRain(EnergyRainCoroutine.kt:17)
	at fansirsqi.xposed.sesame.task.antForest.EnergyRainCoroutine$energyRain$1.invokeSuspend(Unknown Source:14)
	at kotlin.coroutines.jvm.internal.BaseContinuationImpl.resumeWith(ContinuationImpl.kt:34)
	at kotlinx.coroutines.DispatchedTaskKt.resume(DispatchedTask.kt:233)
	at kotlinx.coroutines.DispatchedTaskKt.dispatch(DispatchedTask.kt:152)
	at kotlinx.coroutines.CancellableContinuationImpl.dispatchResume(CancellableContinuationImpl.kt:470)
	at kotlinx.coroutines.CancellableContinuationImpl.resumeImpl$kotlinx_coroutines_core(CancellableContinuationImpl.kt:504)
	at kotlinx.coroutines.CancellableContinuationImpl.resumeImpl$kotlinx_coroutines_core$default(CancellableContinuationImpl.kt:493)
	at kotlinx.coroutines.CancellableContinuationImpl.resumeUndispatched(CancellableContinuationImpl.kt:596)
	at kotlinx.coroutines.EventLoopImplBase$DelayedResumeTask.run(EventLoop.common.kt:497)
	at kotlinx.coroutines.EventLoopImplBase.processNextEvent(EventLoop.common.kt:263)
	at kotlinx.coroutines.BlockingCoroutine.joinBlocking(Builders.kt:94)
	at kotlinx.coroutines.BuildersKt__BuildersKt.runBlocking(Builders.kt:70)
	at kotlinx.coroutines.BuildersKt.runBlocking(Unknown Source:1)
	at kotlinx.coroutines.BuildersKt__BuildersKt.runBlocking$default(Builders.kt:48)
	at kotlinx.coroutines.BuildersKt.runBlocking$default(Unknown Source:1)
	at fansirsqi.xposed.sesame.task.antForest.EnergyRainCoroutine.execEnergyRainCompat(EnergyRainCoroutine.kt:186)
	at fansirsqi.xposed.sesame.task.antForest.AntForest.runSuspend(AntForest.kt:1027)
	at fansirsqi.xposed.sesame.task.antForest.AntForest$runSuspend$1.invokeSuspend(Unknown Source:14)
	at kotlin.coroutines.jvm.internal.BaseContinuationImpl.resumeWith(ContinuationImpl.kt:34)
	at kotlinx.coroutines.UndispatchedCoroutine.afterResume(CoroutineContext.kt:266)
	at kotlinx.coroutines.AbstractCoroutine.resumeWith(AbstractCoroutine.kt:101)
	at kotlin.coroutines.jvm.internal.BaseContinuationImpl.resumeWith(ContinuationImpl.kt:47)
	at kotlinx.coroutines.UndispatchedCoroutine.afterResume(CoroutineContext.kt:266)
	at kotlinx.coroutines.AbstractCoroutine.resumeWith(AbstractCoroutine.kt:101)
	at kotlin.coroutines.jvm.internal.BaseContinuationImpl.resumeWith(ContinuationImpl.kt:47)
	at kotlinx.coroutines.DispatchedTask.run(DispatchedTask.kt:100)
	at kotlinx.coroutines.scheduling.CoroutineScheduler.runSafely(CoroutineScheduler.kt:586)
	at kotlinx.coroutines.scheduling.CoroutineScheduler$Worker.executeTask(CoroutineScheduler.kt:829)
	at kotlinx.coroutines.scheduling.CoroutineScheduler$Worker.runWorker(CoroutineScheduler.kt:717)
	at kotlinx.coroutines.scheduling.CoroutineScheduler$Worker.run(CoroutineScheduler.kt:704)

28日 12:41:04.79 [NewRpcBridge]: new rpc response1 | id: 217941620 | method: alipay.antforest.forest.h5.grantEnergyRainChance
 args: [{"targetUserId":2088002896523311}] |
 data: {"error":1009,"errorMessage":"为了保障您的操作安全，请进行验证后继续。","errorNo":3,"errorTip":"1009"}
28日 12:41:05.69 [NewRpcBridge]: RPC返回null | 方法: alipay.antforest.forest.h5.grantEnergyRainChance | 原因: 网络错误: 1009/为了保障您的操作安全，请进行验证后继续。 | 重试: 1
28日 12:41:07.28 [EnergyRain]: Throwable error: org.json.JSONException: End of input at character 0 of 
	at org.json.JSONTokener.syntaxError(JSONTokener.java:460)
	at org.json.JSONTokener.nextValue(JSONTokener.java:101)
	at org.json.JSONObject.<init>(JSONObject.java:165)
	at org.json.JSONObject.<init>(JSONObject.java:182)
	at fansirsqi.xposed.sesame.task.antForest.EnergyRainCoroutine.energyRain(EnergyRainCoroutine.kt:97)
	at fansirsqi.xposed.sesame.task.antForest.EnergyRainCoroutine.access$energyRain(EnergyRainCoroutine.kt:17)
	at fansirsqi.xposed.sesame.task.antForest.EnergyRainCoroutine$energyRain$1.invokeSuspend(Unknown Source:14)
	at kotlin.coroutines.jvm.internal.BaseContinuationImpl.resumeWith(ContinuationImpl.kt:34)
	at kotlinx.coroutines.DispatchedTaskKt.resume(DispatchedTask.kt:233)
	at kotlinx.coroutines.DispatchedTaskKt.dispatch(DispatchedTask.kt:152)
	at kotlinx.coroutines.CancellableContinuationImpl.dispatchResume(CancellableContinuationImpl.kt:470)
	at kotlinx.coroutines.CancellableContinuationImpl.resumeImpl$kotlinx_coroutines_core(CancellableContinuationImpl.kt:504)
	at kotlinx.coroutines.CancellableContinuationImpl.resumeImpl$kotlinx_coroutines_core$default(CancellableContinuationImpl.kt:493)
	at kotlinx.coroutines.CancellableContinuationImpl.resumeUndispatched(CancellableContinuationImpl.kt:596)
	at kotlinx.coroutines.EventLoopImplBase$DelayedResumeTask.run(EventLoop.common.kt:497)
	at kotlinx.coroutines.EventLoopImplBase.processNextEvent(EventLoop.common.kt:263)
	at kotlinx.coroutines.BlockingCoroutine.joinBlocking(Builders.kt:94)
	at kotlinx.coroutines.BuildersKt__BuildersKt.runBlocking(Builders.kt:70)
	at kotlinx.coroutines.BuildersKt.runBlocking(Unknown Source:1)
	at kotlinx.coroutines.BuildersKt__BuildersKt.runBlocking$default(Builders.kt:48)
	at kotlinx.coroutines.BuildersKt.runBlocking$default(Unknown Source:1)
	at fansirsqi.xposed.sesame.task.antForest.EnergyRainCoroutine.execEnergyRainCompat(EnergyRainCoroutine.kt:186)
	at fansirsqi.xposed.sesame.task.antForest.AntForest.runSuspend(AntForest.kt:1027)
	at fansirsqi.xposed.sesame.task.antForest.AntForest$runSuspend$1.invokeSuspend(Unknown Source:14)
	at kotlin.coroutines.jvm.internal.BaseContinuationImpl.resumeWith(ContinuationImpl.kt:34)
	at kotlinx.coroutines.UndispatchedCoroutine.afterResume(CoroutineContext.kt:266)
	at kotlinx.coroutines.AbstractCoroutine.resumeWith(AbstractCoroutine.kt:101)
	at kotlin.coroutines.jvm.internal.BaseContinuationImpl.resumeWith(ContinuationImpl.kt:47)
	at kotlinx.coroutines.UndispatchedCoroutine.afterResume(CoroutineContext.kt:266)
	at kotlinx.coroutines.AbstractCoroutine.resumeWith(AbstractCoroutine.kt:101)
	at kotlin.coroutines.jvm.internal.BaseContinuationImpl.resumeWith(ContinuationImpl.kt:47)
	at kotlinx.coroutines.DispatchedTask.run(DispatchedTask.kt:100)
	at kotlinx.coroutines.scheduling.CoroutineScheduler.runSafely(CoroutineScheduler.kt:586)
	at kotlinx.coroutines.scheduling.CoroutineScheduler$Worker.executeTask(CoroutineScheduler.kt:829)
	at kotlinx.coroutines.scheduling.CoroutineScheduler$Worker.runWorker(CoroutineScheduler.kt:717)
	at kotlinx.coroutines.scheduling.CoroutineScheduler$Worker.run(CoroutineScheduler.kt:704)

28日 12:41:21.43 [AntDodo]: JSON解析错误: End of input at character 0 of 
28日 12:41:21.65 [AntSports]: 同步运动步数失败:100000
28日 12:41:21.89 [AntDodo]: JSON解析错误: End of input at character 0 of 
28日 12:48:47.23 [小鸡家庭]: Check failed: [来源: task.antFarm.AntFarmFamily.familyShareToFriends:438 <- task.antFarm.AntFarmFamily.enterFamily:119 <- task.antFarm.AntFarmFamily.run:56 <- task.antFarm.AntFarm.runSuspend:721] {"ariverRpcTraceId":"2184a73417616269262607726eb86c","memo":"任务已完成","resultCode":"FAMILY48","success":false}
28日 12:51:49.31 Exception error: org.json.JSONException: No value for taskList
	at org.json.JSONObject.get(JSONObject.java:400)
	at org.json.JSONObject.getJSONArray(JSONObject.java:595)
	at fansirsqi.xposed.sesame.task.antSports.AntSports.sportsTasks(AntSports.java:304)
	at fansirsqi.xposed.sesame.task.antSports.AntSports.runJava(AntSports.java:184)
	at fansirsqi.xposed.sesame.task.ModelTask.runSuspend$suspendImpl(ModelTask.kt:119)
	at fansirsqi.xposed.sesame.task.ModelTask.runSuspend(Unknown Source:0)
	at fansirsqi.xposed.sesame.task.ModelTask.run(ModelTask.kt:136)
	at fansirsqi.xposed.sesame.task.ModelTask.executeSequential(ModelTask.kt:297)
	at fansirsqi.xposed.sesame.task.ModelTask.executeMultiRoundTask(ModelTask.kt:276)
	at fansirsqi.xposed.sesame.task.ModelTask.access$executeMultiRoundTask(ModelTask.kt:50)
	at fansirsqi.xposed.sesame.task.ModelTask$startTask$1.invokeSuspend(ModelTask.kt:251)
	at kotlin.coroutines.jvm.internal.BaseContinuationImpl.resumeWith(ContinuationImpl.kt:34)
	at kotlinx.coroutines.DispatchedTask.run(DispatchedTask.kt:100)
	at kotlinx.coroutines.scheduling.CoroutineScheduler.runSafely(CoroutineScheduler.kt:586)
	at kotlinx.coroutines.scheduling.CoroutineScheduler$Worker.executeTask(CoroutineScheduler.kt:829)
	at kotlinx.coroutines.scheduling.CoroutineScheduler$Worker.runWorker(CoroutineScheduler.kt:717)
	at kotlinx.coroutines.scheduling.CoroutineScheduler$Worker.run(CoroutineScheduler.kt:704)

28日 12:52:12.15 [NewRpcBridge]: new rpc response1 | id: 113203109 | method: alipay.tiyubiz.wenti.walk.participate
 args: [{"bettingPoints":100,"guessInstanceId":"2025052011001031000501605799","guessResultId":"2025052011001031007301610705","newParticipant":false,"roundId":"2025052011001031006001566329","stepTimeZone":"Asia/Shanghai"}] |
 data: {"error":3000,"errorMessage":"系统出错，正在排查","errorNo":3,"errorTip":"3000"}
28日 12:53:23.79 [小鸡家庭]: Check failed: [来源: task.antFarm.AntFarmFamily.familyShareToFriends:438 <- task.antFarm.AntFarmFamily.enterFamily:119 <- task.antFarm.AntFarmFamily.run:56 <- task.antFarm.AntFarm.runSuspend:721] {"ariverRpcTraceId":"2184a73417616272028952263eb86c","memo":"任务已完成","resultCode":"FAMILY48","success":false}
28日 12:55:09.19 Exception error: org.json.JSONException: No value for taskList
	at org.json.JSONObject.get(JSONObject.java:400)
	at org.json.JSONObject.getJSONArray(JSONObject.java:595)
	at fansirsqi.xposed.sesame.task.antSports.AntSports.sportsTasks(AntSports.java:304)
	at fansirsqi.xposed.sesame.task.antSports.AntSports.runJava(AntSports.java:184)
	at fansirsqi.xposed.sesame.task.ModelTask.runSuspend$suspendImpl(ModelTask.kt:119)
	at fansirsqi.xposed.sesame.task.ModelTask.runSuspend(Unknown Source:0)
	at fansirsqi.xposed.sesame.task.ModelTask.run(ModelTask.kt:136)
	at fansirsqi.xposed.sesame.task.ModelTask.executeSequential(ModelTask.kt:297)
	at fansirsqi.xposed.sesame.task.ModelTask.executeMultiRoundTask(ModelTask.kt:276)
	at fansirsqi.xposed.sesame.task.ModelTask.access$executeMultiRoundTask(ModelTask.kt:50)
	at fansirsqi.xposed.sesame.task.ModelTask$startTask$1.invokeSuspend(ModelTask.kt:251)
	at kotlin.coroutines.jvm.internal.BaseContinuationImpl.resumeWith(ContinuationImpl.kt:34)
	at kotlinx.coroutines.DispatchedTask.run(DispatchedTask.kt:100)
	at kotlinx.coroutines.scheduling.CoroutineScheduler.runSafely(CoroutineScheduler.kt:586)
	at kotlinx.coroutines.scheduling.CoroutineScheduler$Worker.executeTask(CoroutineScheduler.kt:829)
	at kotlinx.coroutines.scheduling.CoroutineScheduler$Worker.runWorker(CoroutineScheduler.kt:717)
	at kotlinx.coroutines.scheduling.CoroutineScheduler$Worker.run(CoroutineScheduler.kt:704)

28日 12:55:16.07 [NewRpcBridge]: new rpc response1 | id: 170770015 | method: alipay.tiyubiz.wenti.walk.participate
 args: [{"bettingPoints":100,"guessInstanceId":"2025052011001031000501605799","guessResultId":"2025052011001031007301610705","newParticipant":false,"roundId":"2025052011001031006001566329","stepTimeZone":"Asia/Shanghai"}] |
 data: {"error":3000,"errorMessage":"系统出错，正在排查","errorNo":3,"errorTip":"3000"}
28日 12:57:34.39 [小鸡家庭]: Check failed: [来源: task.antFarm.AntFarmFamily.familyShareToFriends:438 <- task.antFarm.AntFarmFamily.enterFamily:119 <- task.antFarm.AntFarmFamily.run:56 <- task.antFarm.AntFarm.runSuspend:721] {"ariverRpcTraceId":"2184a73417616274532492254eb86c","memo":"任务已完成","resultCode":"FAMILY48","success":false}
28日 15:57:36.07 [NewRpcBridge]: new rpc response1 | id: 216011099 | method: com.alipay.antfarm.orchardListTask
 args: [{"plantHiddenMMC":"false","requestType":"NORMAL","sceneCode":"ORCHARD","source":"ch_appcenter__chsub_9patch","version":"0.1.2401111000.31"}] |
 data: {"error":46,"errorMessage":"当前网络不可用，请稍后重试","errorNo":3,"errorTip":"46"}
28日 15:57:36.17 [NewRpcBridge]: RPC返回null | 方法: com.alipay.antfarm.orchardListTask | 原因: 网络错误: 46/当前网络不可用，请稍后重试 | 重试: 1
28日 15:57:41.56 [NewRpcBridge]: new rpc response1 | id: 244667093 | method: alipay.antmember.forest.h5.collectEnergy
 args: [{"bizType":"GREEN","bubbleIds":[5603776266],"fromAct":"BATCH_ROB_ENERGY","source":"chInfo_ch_appcenter__chsub_9patch","userId":"2088102648703775","version":"20250813"}] |
 data: {"error":1004,"errorMessage":"系统忙，请稍后尝试","errorNo":3,"errorTip":"1004"}
28日 15:57:42.24 [NewRpcBridge]: RPC返回null | 方法: alipay.antmember.forest.h5.collectEnergy | 原因: 网络错误: 1004/系统忙，请稍后尝试 | 重试: 1
28日 15:58:45.69 [NewRpcBridge]: new rpc response1 | id: 13308046 | method: alipay.antdodo.rpc.h5.collect
 args: [{"targetUserId":2088002000871370}] |
 data: {"error":1009,"errorMessage":"为保障您的正常访问，请进行验证后继续。","errorNo":3,"errorTip":"1009"}
28日 15:58:45.70 [NewRpcBridge]: RPC返回null | 方法: alipay.antdodo.rpc.h5.collect | 原因: 网络错误: 1009/为保障您的正常访问，请进行验证后继续。 | 重试: 1
28日 16:00:52.05 [小鸡家庭]: Check failed: [来源: task.antFarm.AntFarmFamily.familyFeedFriendAnimal:218 <- task.antFarm.AntFarmFamily.enterFamily:107 <- task.antFarm.AntFarmFamily.run:56 <- task.antFarm.AntFarm.runSuspend:721] {"ariverRpcTraceId":"0b2283ae17616384511975827ed363","memo":"今日帮喂次数已达上限哦！","resultCode":"391","success":false}
28日 16:00:52.57 [小鸡家庭]: Check failed: [来源: task.antFarm.AntFarmFamily.familyFeedFriendAnimal:218 <- task.antFarm.AntFarmFamily.enterFamily:107 <- task.antFarm.AntFarmFamily.run:56 <- task.antFarm.AntFarm.runSuspend:721] {"ariverRpcTraceId":"0b2283ae17616384517225857ed363","memo":"今日帮喂次数已达上限哦！","resultCode":"391","success":false}
28日 16:00:53.87 [小鸡家庭]: Check failed: [来源: task.antFarm.AntFarmFamily.familyShareToFriends:438 <- task.antFarm.AntFarmFamily.enterFamily:119 <- task.antFarm.AntFarmFamily.run:56 <- task.antFarm.AntFarm.runSuspend:721] {"ariverRpcTraceId":"0b2283ae17616384529955959ed363","memo":"任务已完成","resultCode":"FAMILY48","success":false}
28日 16:01:38.54 [NewRpcBridge]: new rpc response1 | id: 19426188 | method: alipay.antdodo.rpc.h5.collect
 args: [{"targetUserId":2088002000871370}] |
 data: {"error":1009,"errorMessage":"为保障您的正常访问，请进行验证后继续。","errorNo":3,"errorTip":"1009"}
28日 16:01:38.56 [NewRpcBridge]: RPC返回null | 方法: alipay.antdodo.rpc.h5.collect | 原因: 网络错误: 1009/为保障您的正常访问，请进行验证后继续。 | 重试: 1
28日 16:01:40.61 [AntDodo]: JSON解析错误: End of input at character 0 of 
28日 16:03:49.67 [小鸡家庭]: Check failed: [来源: task.antFarm.AntFarmFamily.familyFeedFriendAnimal:218 <- task.antFarm.AntFarmFamily.enterFamily:107 <- task.antFarm.AntFarmFamily.run:56 <- task.antFarm.AntFarm.runSuspend:721] {"ariverRpcTraceId":"0b2283ae17616386288315984ed363","memo":"今日帮喂次数已达上限哦！","resultCode":"391","success":false}
28日 16:03:50.21 [小鸡家庭]: Check failed: [来源: task.antFarm.AntFarmFamily.familyFeedFriendAnimal:218 <- task.antFarm.AntFarmFamily.enterFamily:107 <- task.antFarm.AntFarmFamily.run:56 <- task.antFarm.AntFarm.runSuspend:721] {"ariverRpcTraceId":"0b2283ae17616386293616013ed363","memo":"今日帮喂次数已达上限哦！","resultCode":"391","success":false}
28日 16:03:50.44 [小鸡家庭]: Check failed: [来源: task.antFarm.AntFarmFamily.familyShareToFriends:438 <- task.antFarm.AntFarmFamily.enterFamily:119 <- task.antFarm.AntFarmFamily.run:56 <- task.antFarm.AntFarm.runSuspend:721] {"ariverRpcTraceId":"0b2283ae17616386295616020ed363","memo":"任务已完成","resultCode":"FAMILY48","success":false}
28日 16:04:15.52 [NewRpcBridge]: new rpc response1 | id: 245436161 | method: alipay.antdodo.rpc.h5.collect
 args: [{"targetUserId":2088002000871370}] |
 data: {"error":1009,"errorMessage":"为保障您的正常访问，请进行验证后继续。","errorNo":3,"errorTip":"1009"}
28日 16:04:15.61 [NewRpcBridge]: RPC返回null | 方法: alipay.antdodo.rpc.h5.collect | 原因: 网络错误: 1009/为保障您的正常访问，请进行验证后继续。 | 重试: 1
28日 16:04:18.00 [AntDodo]: JSON解析错误: End of input at character 0 of 
28日 16:06:35.42 [小鸡家庭]: Check failed: [来源: task.antFarm.AntFarmFamily.familyFeedFriendAnimal:218 <- task.antFarm.AntFarmFamily.enterFamily:107 <- task.antFarm.AntFarmFamily.run:56 <- task.antFarm.AntFarm.runSuspend:721] {"ariverRpcTraceId":"0b2283ae17616387945714272ed363","memo":"今日帮喂次数已达上限哦！","resultCode":"391","success":false}
28日 16:06:35.92 [小鸡家庭]: Check failed: [来源: task.antFarm.AntFarmFamily.familyFeedFriendAnimal:218 <- task.antFarm.AntFarmFamily.enterFamily:107 <- task.antFarm.AntFarmFamily.run:56 <- task.antFarm.AntFarm.runSuspend:721] {"ariverRpcTraceId":"0b2283ae17616387950754295ed363","memo":"今日帮喂次数已达上限哦！","resultCode":"391","success":false}
28日 16:06:36.12 [小鸡家庭]: Check failed: [来源: task.antFarm.AntFarmFamily.familyShareToFriends:438 <- task.antFarm.AntFarmFamily.enterFamily:119 <- task.antFarm.AntFarmFamily.run:56 <- task.antFarm.AntFarm.runSuspend:721] {"ariverRpcTraceId":"0b2283ae17616387952654309ed363","memo":"任务已完成","resultCode":"FAMILY48","success":false}
28日 16:06:59.66 [NewRpcBridge]: new rpc response1 | id: 249372455 | method: alipay.antdodo.rpc.h5.collect
 args: [{"targetUserId":2088002000871370}] |
 data: {"error":1009,"errorMessage":"为保障您的正常访问，请进行验证后继续。","errorNo":3,"errorTip":"1009"}
28日 16:06:59.68 [NewRpcBridge]: RPC返回null | 方法: alipay.antdodo.rpc.h5.collect | 原因: 网络错误: 1009/为保障您的正常访问，请进行验证后继续。 | 重试: 1
28日 16:07:01.58 [AntDodo]: JSON解析错误: End of input at character 0 of 
28日 17:39:44.40 [NewRpcBridge]: new rpc response1 | id: 147303642 | method: alipay.antmember.forest.h5.collectEnergy
 args: [{"bizType":"GREEN","bubbleIds":[5802891963],"fromAct":"BATCH_ROB_ENERGY","source":"chInfo_ch_appcenter__chsub_9patch","userId":"2088002896523311","version":"20250813"}] |
 data: {"error":1004,"errorMessage":"系统忙，请稍后尝试","errorNo":3,"errorTip":"1004"}
28日 17:39:44.44 [NewRpcBridge]: RPC返回null | 方法: alipay.antmember.forest.h5.collectEnergy | 原因: 网络错误: 1004/系统忙，请稍后尝试 | 重试: 1
28日 17:42:05.72 [小鸡家庭]: Check failed: [来源: task.antFarm.AntFarmFamily.familyFeedFriendAnimal:218 <- task.antFarm.AntFarmFamily.enterFamily:107 <- task.antFarm.AntFarmFamily.run:56 <- task.antFarm.AntFarm.runSuspend:721] {"ariverRpcTraceId":"21848dd817616445249137381e793e","memo":"今日帮喂次数已达上限哦！","resultCode":"391","success":false}
28日 17:42:06.24 [小鸡家庭]: Check failed: [来源: task.antFarm.AntFarmFamily.familyFeedFriendAnimal:218 <- task.antFarm.AntFarmFamily.enterFamily:107 <- task.antFarm.AntFarmFamily.run:56 <- task.antFarm.AntFarm.runSuspend:721] {"ariverRpcTraceId":"21848dd817616445254357426e793e","memo":"今日帮喂次数已达上限哦！","resultCode":"391","success":false}
28日 17:42:06.37 [小鸡家庭]: Check failed: [来源: task.antFarm.AntFarmFamily.familyFeedFriendAnimal:218 <- task.antFarm.AntFarmFamily.enterFamily:107 <- task.antFarm.AntFarmFamily.run:56 <- task.antFarm.AntFarm.runSuspend:721] {"ariverRpcTraceId":"21848dd817616445255657437e793e","memo":"今日帮喂次数已达上限哦！","resultCode":"391","success":false}
28日 17:42:06.88 [小鸡家庭]: Check failed: [来源: task.antFarm.AntFarmFamily.familyFeedFriendAnimal:218 <- task.antFarm.AntFarmFamily.enterFamily:107 <- task.antFarm.AntFarmFamily.run:56 <- task.antFarm.AntFarm.runSuspend:721] {"ariverRpcTraceId":"21848dd817616445260657476e793e","memo":"今日帮喂次数已达上限哦！","resultCode":"391","success":false}
28日 17:42:07.01 [小鸡家庭]: Check failed: [来源: task.antFarm.AntFarmFamily.familyShareToFriends:438 <- task.antFarm.AntFarmFamily.enterFamily:119 <- task.antFarm.AntFarmFamily.run:56 <- task.antFarm.AntFarm.runSuspend:721] {"ariverRpcTraceId":"21848dd817616445261947490e793e","memo":"任务已完成","resultCode":"FAMILY48","success":false}
28日 18:04:07.27 [小鸡家庭]: Check failed: [来源: task.antFarm.AntFarmFamily.familyFeedFriendAnimal:218 <- task.antFarm.AntFarmFamily.enterFamily:107 <- task.antFarm.AntFarmFamily.run:56 <- task.antFarm.AntFarm.runSuspend:721] {"ariverRpcTraceId":"21848dd817616458464597459e793e","memo":"今日帮喂次数已达上限哦！","resultCode":"391","success":false}
28日 18:04:07.76 [小鸡家庭]: Check failed: [来源: task.antFarm.AntFarmFamily.familyFeedFriendAnimal:218 <- task.antFarm.AntFarmFamily.enterFamily:107 <- task.antFarm.AntFarmFamily.run:56 <- task.antFarm.AntFarm.runSuspend:721] {"ariverRpcTraceId":"21848dd817616458469597503e793e","memo":"今日帮喂次数已达上限哦！","resultCode":"391","success":false}
28日 18:04:07.93 [小鸡家庭]: Check failed: [来源: task.antFarm.AntFarmFamily.familyFeedFriendAnimal:218 <- task.antFarm.AntFarmFamily.enterFamily:107 <- task.antFarm.AntFarmFamily.run:56 <- task.antFarm.AntFarm.runSuspend:721] {"ariverRpcTraceId":"21848dd817616458471157513e793e","memo":"今日帮喂次数已达上限哦！","resultCode":"391","success":false}
28日 18:04:08.59 [小鸡家庭]: Check failed: [来源: task.antFarm.AntFarmFamily.familyFeedFriendAnimal:218 <- task.antFarm.AntFarmFamily.enterFamily:107 <- task.antFarm.AntFarmFamily.run:56 <- task.antFarm.AntFarm.runSuspend:721] {"ariverRpcTraceId":"21848dd817616458476897543e793e","memo":"今日帮喂次数已达上限哦！","resultCode":"391","success":false}
28日 18:04:08.94 [小鸡家庭]: Check failed: [来源: task.antFarm.AntFarmFamily.familyShareToFriends:438 <- task.antFarm.AntFarmFamily.enterFamily:119 <- task.antFarm.AntFarmFamily.run:56 <- task.antFarm.AntFarm.runSuspend:721] {"ariverRpcTraceId":"21848dd817616458481177585e793e","memo":"任务已完成","resultCode":"FAMILY48","success":false}
28日 18:04:45.31 [AntDodo]: Check failed: [来源: task.antDodo.AntDodo.collectToFriend:422 <- task.antDodo.AntDodo.runJava:86 <- task.ModelTask.runSuspend$suspendImpl:119 <- task.ModelTask.runSuspend:0] {"ariverRpcTraceId":"21848dd817616458844723391e793e","resultCode":"FRIEND_COLLECTED_LIMIT","resultDesc":"啊噢，有人抢在你前面翻开了ta的卡片","resultMessage":"","retryable":false,"success":false}
28日 18:04:45.87 [AntDodo]: Check failed: [来源: task.antDodo.AntDodo.collectToFriend:422 <- task.antDodo.AntDodo.runJava:86 <- task.ModelTask.runSuspend$suspendImpl:119 <- task.ModelTask.runSuspend:0] {"ariverRpcTraceId":"21848dd817616458850073439e793e","resultCode":"FRIEND_COLLECTED_LIMIT","resultDesc":"啊噢，有人抢在你前面翻开了ta的卡片","resultMessage":"","retryable":false,"success":false}
28日 18:04:46.10 [AntDodo]: Check failed: [来源: task.antDodo.AntDodo.collectToFriend:422 <- task.antDodo.AntDodo.runJava:86 <- task.ModelTask.runSuspend$suspendImpl:119 <- task.ModelTask.runSuspend:0] {"ariverRpcTraceId":"21848dd817616458851943456e793e","resultCode":"FRIEND_COLLECTED_LIMIT","resultDesc":"啊噢，有人抢在你前面翻开了ta的卡片","resultMessage":"","retryable":false,"success":false}
28日 18:04:46.58 [AntDodo]: Check failed: [来源: task.antDodo.AntDodo.collectToFriend:422 <- task.antDodo.AntDodo.runJava:86 <- task.ModelTask.runSuspend$suspendImpl:119 <- task.ModelTask.runSuspend:0] {"ariverRpcTraceId":"21848dd817616458857193514e793e","resultCode":"FRIEND_COLLECTED_LIMIT","resultDesc":"啊噢，有人抢在你前面翻开了ta的卡片","resultMessage":"","retryable":false,"success":false}
28日 18:15:30.93 [NewRpcBridge]: new rpc response1 | id: 122134844 | method: alipay.antmember.forest.h5.collectEnergy
 args: [{"bizType":"GREEN","bubbleIds":[5802891963,5607357270],"fromAct":"BATCH_ROB_ENERGY","source":"chInfo_ch_appcenter__chsub_9patch","userId":"2088002896523311","version":"20250813"}] |
 data: {"error":1004,"errorMessage":"系统忙，请稍后尝试","errorNo":3,"errorTip":"1004"}
28日 18:15:31.45 [NewRpcBridge]: RPC返回null | 方法: alipay.antmember.forest.h5.collectEnergy | 原因: 网络错误: 1004/系统忙，请稍后尝试 | 重试: 1
28日 19:13:30.48 [小鸡家庭]: Check failed: [来源: task.antFarm.AntFarmFamily.familyFeedFriendAnimal:218 <- task.antFarm.AntFarmFamily.enterFamily:107 <- task.antFarm.AntFarmFamily.run:56 <- task.antFarm.AntFarm.runSuspend:721] {"ariverRpcTraceId":"218bc7f317616500096326285e085c","memo":"饲料不足，做任务获取饲料吧~","resultCode":"310","success":false}
28日 19:13:30.87 [小鸡家庭]: Check failed: [来源: task.antFarm.AntFarmFamily.familyFeedFriendAnimal:218 <- task.antFarm.AntFarmFamily.enterFamily:107 <- task.antFarm.AntFarmFamily.run:56 <- task.antFarm.AntFarm.runSuspend:721] {"ariverRpcTraceId":"218bc7f317616500099936309e085c","memo":"饲料不足，做任务获取饲料吧~","resultCode":"310","success":false}
28日 19:13:31.20 [小鸡家庭]: Check failed: [来源: task.antFarm.AntFarmFamily.familyFeedFriendAnimal:218 <- task.antFarm.AntFarmFamily.enterFamily:107 <- task.antFarm.AntFarmFamily.run:56 <- task.antFarm.AntFarm.runSuspend:721] {"ariverRpcTraceId":"218bc7f317616500103446358e085c","memo":"饲料不足，做任务获取饲料吧~","resultCode":"310","success":false}
28日 19:13:31.61 [小鸡家庭]: Check failed: [来源: task.antFarm.AntFarmFamily.familyShareToFriends:438 <- task.antFarm.AntFarmFamily.enterFamily:119 <- task.antFarm.AntFarmFamily.run:56 <- task.antFarm.AntFarm.runSuspend:721] {"ariverRpcTraceId":"218bc7f317616500107526411e085c","memo":"任务已完成","resultCode":"FAMILY48","success":false}
28日 19:47:22.46 [NewRpcBridge]: new rpc response1 | id: 166804110 | method: com.alipay.antiep.receiveTaskAward
 args: [{"ignoreLimit":false,"requestType":"RPC","sceneCode":"ANTOCEAN_TASK","source":"ANT_FOREST","taskType":"DAOLIU_TAOBAO_TAB2","uniqueId":"1761652042230-563158660358074359"}] |
 data: {"error":48,"errorMessage":"当前网络不可用，请稍后重试","errorNo":3,"errorTip":"48"}
28日 19:47:22.48 [NewRpcBridge]: RPC返回null | 方法: com.alipay.antiep.receiveTaskAward | 原因: 网络错误: 48/当前网络不可用，请稍后重试 | 重试: 1
28日 19:47:22.50 [AntOcean]: Throwable error: org.json.JSONException: End of input at character 0 of 
	at org.json.JSONTokener.syntaxError(JSONTokener.java:460)
	at org.json.JSONTokener.nextValue(JSONTokener.java:101)
	at org.json.JSONObject.<init>(JSONObject.java:165)
	at org.json.JSONObject.<init>(JSONObject.java:182)
	at fansirsqi.xposed.sesame.task.antOcean.AntOcean.receiveTaskAward(AntOcean.java:697)
	at fansirsqi.xposed.sesame.task.antOcean.AntOcean.runJava(AntOcean.java:185)
	at fansirsqi.xposed.sesame.task.ModelTask.runSuspend$suspendImpl(ModelTask.kt:119)
	at fansirsqi.xposed.sesame.task.ModelTask.runSuspend(Unknown Source:0)
	at fansirsqi.xposed.sesame.task.ModelTask.run(ModelTask.kt:136)
	at fansirsqi.xposed.sesame.task.ModelTask.executeSequential(ModelTask.kt:297)
	at fansirsqi.xposed.sesame.task.ModelTask.executeMultiRoundTask(ModelTask.kt:276)
	at fansirsqi.xposed.sesame.task.ModelTask.access$executeMultiRoundTask(ModelTask.kt:50)
	at fansirsqi.xposed.sesame.task.ModelTask$startTask$1.invokeSuspend(ModelTask.kt:251)
	at kotlin.coroutines.jvm.internal.BaseContinuationImpl.resumeWith(ContinuationImpl.kt:34)
	at kotlinx.coroutines.DispatchedTask.run(DispatchedTask.kt:100)
	at kotlinx.coroutines.scheduling.CoroutineScheduler.runSafely(CoroutineScheduler.kt:586)
	at kotlinx.coroutines.scheduling.CoroutineScheduler$Worker.executeTask(CoroutineScheduler.kt:829)
	at kotlinx.coroutines.scheduling.CoroutineScheduler$Worker.runWorker(CoroutineScheduler.kt:717)
	at kotlinx.coroutines.scheduling.CoroutineScheduler$Worker.run(CoroutineScheduler.kt:704)

28日 19:47:23.07 [AntOcean]: Throwable error: org.json.JSONException: End of input at character 0 of 
	at org.json.JSONTokener.syntaxError(JSONTokener.java:460)
	at org.json.JSONTokener.nextValue(JSONTokener.java:101)
	at org.json.JSONObject.<init>(JSONObject.java:165)
	at org.json.JSONObject.<init>(JSONObject.java:182)
	at fansirsqi.xposed.sesame.task.antOcean.AntOcean.exchangeProp(AntOcean.java:951)
	at fansirsqi.xposed.sesame.task.antOcean.AntOcean.runJava(AntOcean.java:194)
	at fansirsqi.xposed.sesame.task.ModelTask.runSuspend$suspendImpl(ModelTask.kt:119)
	at fansirsqi.xposed.sesame.task.ModelTask.runSuspend(Unknown Source:0)
	at fansirsqi.xposed.sesame.task.ModelTask.run(ModelTask.kt:136)
	at fansirsqi.xposed.sesame.task.ModelTask.executeSequential(ModelTask.kt:297)
	at fansirsqi.xposed.sesame.task.ModelTask.executeMultiRoundTask(ModelTask.kt:276)
	at fansirsqi.xposed.sesame.task.ModelTask.access$executeMultiRoundTask(ModelTask.kt:50)
	at fansirsqi.xposed.sesame.task.ModelTask$startTask$1.invokeSuspend(ModelTask.kt:251)
	at kotlin.coroutines.jvm.internal.BaseContinuationImpl.resumeWith(ContinuationImpl.kt:34)
	at kotlinx.coroutines.DispatchedTask.run(DispatchedTask.kt:100)
	at kotlinx.coroutines.scheduling.CoroutineScheduler.runSafely(CoroutineScheduler.kt:586)
	at kotlinx.coroutines.scheduling.CoroutineScheduler$Worker.executeTask(CoroutineScheduler.kt:829)
	at kotlinx.coroutines.scheduling.CoroutineScheduler$Worker.runWorker(CoroutineScheduler.kt:717)
	at kotlinx.coroutines.scheduling.CoroutineScheduler$Worker.run(CoroutineScheduler.kt:704)

