30日 00:09:35.57 打赏好友💰[機風|]# 得0.05颗爱心鸡蛋
30日 00:09:35.83 打赏好友💰[惠琴|*惠琴]# 得0.05颗爱心鸡蛋
30日 00:09:36.36 [刘乐峰|*乐峰]的小鸡躲开了攻击
30日 00:09:36.58 [孟成龙733|*成龙]的小鸡躲开了攻击
30日 00:09:37.82 小鸡厨房👨🏻‍🍳[领取今日食材]#60g
30日 00:09:38.50 小鸡厨房👨🏻‍🍳[领取爱心食材店食材]#10g
30日 00:09:39.26 小鸡厨房👨🏻‍🍳[桂香雪糯]制作成功
30日 00:09:40.35 [2025-10-29]贴贴小鸡💞[60g饲料*1]
30日 00:09:40.64 [2025-10-29]贴贴小鸡💞[30g厨房食材*1]
30日 00:09:41.17 [2025-10-29]贴贴小鸡💞[10g厨房食材*1]
30日 00:09:42.18 [2025-10-29]点赞小鸡日记💞成功
30日 00:09:44.55 捐赠活动❤️[乡村老人大食堂]#累计捐赠1233次
30日 00:09:45.28 庄园签到📅获得饲料180g
30日 00:09:59.02 庄园小鸡💞[换装:心有灵犀]
30日 00:10:13.49 雇佣小鸡👷[当前可雇佣小鸡数量:2只]
30日 00:10:15.07 家庭任务🏡每日签到
30日 00:10:15.38 家庭任务🏡[使用顶梁柱特权] 给我敷面膜
30日 00:11:23.38 农场签到📅[获得肥料]#600g
30日 00:11:23.81 农场任务🧾[逛双11会场领红包]
30日 00:11:24.09 农场任务🧾[逛一逛支付宝会员]
30日 00:11:24.50 农场任务🧾[逛一逛手机充值金频道]
30日 00:11:24.86 农场任务🧾[去天猫攒福气兑红包]
30日 00:11:26.07 领取奖励🎖️[逛双11会场领红包]#100g肥料
30日 00:11:26.54 领取奖励🎖️[逛一逛支付宝会员]#100g肥料
30日 00:11:26.94 领取奖励🎖️[逛一逛手机充值金频道]#100g肥料
30日 00:11:27.47 领取奖励🎖️[去天猫攒福气兑红包]#100g肥料
30日 00:11:28.46 农场施肥💩[再施78.96%果实将成熟]
30日 00:11:30.33 丰收礼包🎁[肥料*100]
30日 00:11:30.95 农场施肥💩[再施78.87%果实将成熟]
30日 00:11:32.89 农场施肥💩[再施78.78%果实将成熟]
30日 00:11:34.95 农场施肥💩[再施78.69%果实将成熟]
30日 00:11:36.99 农场施肥💩[再施78.59%果实将成熟]
30日 00:11:38.78 丰收礼包🎁[肥料*100]
30日 00:11:39.56 农场施肥💩[再施78.50%果实将成熟]
30日 00:11:41.82 农场施肥💩[再施78.41%果实将成熟]
30日 00:11:43.86 农场施肥💩[再施78.31%果实将成熟]
30日 00:11:46.01 农场施肥💩[再施78.22%果实将成熟]
30日 00:11:47.94 丰收礼包🎁[肥料*100]
30日 00:11:48.66 农场施肥💩[再施78.13%果实将成熟]
30日 00:11:52.38 蚂蚁新村⛪收取应收金币
30日 00:11:53.10 蚂蚁新村⛪扔肥料
30日 00:11:54.34 蚂蚁新村⛪扔肥料
30日 00:11:55.61 蚂蚁新村⛪扔肥料
30日 00:11:56.86 蚂蚁新村⛪扔肥料
30日 00:11:58.12 蚂蚁新村⛪扔肥料
30日 00:11:59.33 蚂蚁新村⛪[收取金币]#187
30日 00:12:00.02 蚂蚁新村⛪获得肥料180g
30日 00:12:01.27 蚂蚁新村⛪收取在[雏菊|]的摊位获得256.38
30日 00:12:02.02 蚂蚁新村⛪收取在[小凡|*立超]的摊位获得291.41
30日 00:12:02.77 蚂蚁新村⛪收取在[林大涯|*大涯]的摊位获得144.0
30日 00:12:04.43 蚂蚁新村⛪在[小凡|*立超]家摆摊
30日 00:12:05.36 蚂蚁新村⛪在[雏菊|]家摆摊
30日 00:12:06.26 蚂蚁新村⛪在[简单|]家摆摊
30日 00:12:06.99 蚂蚁新村⛪在[林大涯|*大涯]家摆摊
30日 00:12:07.74 蚂蚁新村⛪[签到成功]
30日 00:12:08.72 蚂蚁新村⛪[领取奖励]
30日 00:12:09.24 蚂蚁新村⛪[领取奖励]
30日 00:12:27.45 蚂蚁新村👣任务[去淘金币赢20亿]完成
30日 00:12:28.28 蚂蚁新村👣任务[逛羊舍喂小羊]完成
30日 00:12:28.80 蚂蚁新村👣任务[去饿了么果园逛一逛]完成
30日 00:12:29.25 蚂蚁新村👣任务[去点淘赚元宝提现]完成
30日 00:12:30.12 蚂蚁新村👣任务[去玩解压小游戏]完成
30日 00:12:30.56 蚂蚁新村👣任务[去支付宝会员签到]完成
30日 00:12:32.04 蚂蚁新村⛪[领取奖励]
30日 00:12:32.69 蚂蚁新村⛪[领取奖励]
30日 00:12:33.39 蚂蚁新村⛪[领取奖励]
30日 00:12:33.90 蚂蚁新村⛪[领取奖励]
30日 00:12:34.13 蚂蚁新村⛪[领取奖励]
30日 00:12:34.80 蚂蚁新村⛪[领取奖励]
30日 00:12:35.28 蚂蚁新村⛪[领取奖励]
30日 00:12:36.36 蚂蚁新村⛪[进入:木兰村]成功
30日 00:12:38.45 蚂蚁新村🚫在[降落傘|*忠华]贴罚单
30日 00:12:43.20 蚂蚁新村🚫在[alwaysonline735|*小军]贴罚单
30日 00:12:49.64 蚂蚁新村🚫在[扌ヨ码转账|]贴罚单
30日 00:12:54.30 蚂蚁新村🚫在[魏百万|*恒磊]贴罚单
30日 00:19:09.01 小鸡厨房👨🏻‍🍳[领取农场食材]#60g
30日 00:19:09.18 小鸡厨房👨🏻‍🍳[领取肥料]#51g
30日 00:19:10.34 小鸡厨房👨🏻‍🍳[炭烤牛排]制作成功
30日 00:25:35.03 惊喜礼包🎁[稀有永久装扮*1]
30日 00:25:36.51 [2025-10-29]贴贴小鸡💞[30g饲料*1]
30日 00:25:37.08 [2025-10-29]贴贴小鸡💞[30g厨房食材*1]
30日 00:25:37.35 [2025-10-29]贴贴小鸡💞[60g饲料*1]
30日 00:25:38.30 [2025-10-29]点赞小鸡日记💞成功
30日 00:25:40.61 捐赠活动❤️[助乡村学校开电脑课]#累计捐赠179次
30日 00:25:40.97 捐赠活动❤️[乡村老人大食堂]#累计捐赠180次
30日 00:25:41.49 捐赠活动❤️[助农增收帮帮队]#累计捐赠181次
30日 00:25:42.42 庄园签到📅获得饲料120g
30日 00:25:48.24 庄园奖励[家庭2人贡献亲密度]#90g
30日 00:26:33.19 庄园小鸡💞[换装:山河辞暑]
30日 00:26:53.09 雇佣小鸡👷[当前可雇佣小鸡数量:2只]
30日 00:26:53.76 一起拿小鸡饲料🥡 [送饲料：莉娟|*莉娟]
30日 00:26:53.90 一起拿小鸡饲料🥡 [送饲料：思懿|*士珍]
30日 00:26:54.45 一起拿小鸡饲料🥡 [送饲料：范范|*立双]
30日 00:26:54.60 一起拿小鸡饲料🥡 [送饲料：王俊霞|*俊霞]
30日 00:26:55.11 一起拿小鸡饲料🥡 [送饲料：海洋|*海洋]
30日 00:26:56.44 家庭任务🏡每日签到
30日 00:26:57.19 家庭奖励🏆: 拔丝蜜桔 x 1
30日 00:26:59.10 乐园币兑换💸#花费[15乐园币]#第1次兑换[加速卡]
30日 00:27:03.00 乐园币兑换💸#花费[15乐园币]#第2次兑换[加速卡]
30日 00:27:06.99 乐园币兑换💸#花费[15乐园币]#第3次兑换[加速卡]
30日 00:28:10.08 农场签到📅[获得肥料]#600g
30日 00:28:10.51 农场任务🧾[逛双11会场领红包]
30日 00:28:10.79 农场任务🧾[逛一逛支付宝会员]
30日 00:28:11.19 农场任务🧾[逛一逛手机充值金频道]
30日 00:28:11.51 农场任务🧾[逛支付有礼领到店红包]
30日 00:28:12.63 领取奖励🎖️[逛双11会场领红包]#100g肥料
30日 00:28:13.24 领取奖励🎖️[逛一逛支付宝会员]#100g肥料
30日 00:28:13.56 领取奖励🎖️[逛一逛手机充值金频道]#100g肥料
30日 00:28:14.10 领取奖励🎖️[逛支付有礼领到店红包]#100g肥料
30日 00:28:14.99 农场施肥💩[再施49.19%果实将成熟]
30日 00:28:16.53 农场施肥💩[再施49.08%果实将成熟]
30日 00:28:17.96 农场施肥💩[再施48.96%果实将成熟]
30日 00:28:19.28 丰收礼包🎁[肥料*200]
30日 00:28:19.91 农场施肥💩[再施48.84%果实将成熟]
30日 00:28:21.55 农场施肥💩[再施48.72%果实将成熟]
30日 00:28:24.53 蚂蚁新村⛪扔肥料
30日 00:28:26.21 蚂蚁新村⛪获得肥料10g
30日 00:28:27.72 蚂蚁新村⛪[签到成功]
30日 00:28:28.66 蚂蚁新村⛪[领取奖励]
30日 00:28:46.94 蚂蚁新村👣任务[去淘金币赢20亿]完成
30日 00:28:47.75 蚂蚁新村👣任务[逛羊舍喂小羊]完成
30日 00:28:48.26 蚂蚁新村👣任务[去饿了么果园逛一逛]完成
30日 00:28:48.61 蚂蚁新村👣任务[去点淘赚元宝提现]完成
30日 00:28:49.41 蚂蚁新村👣任务[去玩解压小游戏]完成
30日 00:28:49.91 蚂蚁新村👣任务[去支付宝会员签到]完成
30日 00:28:51.39 蚂蚁新村⛪[领取奖励]
30日 00:28:52.01 蚂蚁新村⛪[领取奖励]
30日 00:28:52.65 蚂蚁新村⛪[领取奖励]
30日 00:28:53.15 蚂蚁新村⛪[领取奖励]
30日 00:28:53.36 蚂蚁新村⛪[领取奖励]
30日 00:28:54.00 蚂蚁新村⛪[领取奖励]
30日 00:28:54.52 蚂蚁新村⛪[领取奖励]
30日 00:28:55.72 蚂蚁新村⛪[进入:戈壁村]成功
30日 00:28:57.07 蚂蚁新村🚫在[star|]贴罚单
30日 00:29:02.71 蚂蚁新村🚫在[✨✨✨|]贴罚单
30日 00:44:01.13 雇佣小鸡👷[当前可雇佣小鸡数量:2只]
30日 00:44:16.04 农场任务🧾[去领取你的商家奖励]
30日 00:44:17.43 领取奖励🎖️[去领取你的商家奖励]#100g肥料
30日 06:15:13.19 打扫鸡屎🧹[231g]01次
30日 06:15:14.51 小鸡厨房👨🏻‍🍳[领取农场食材]#60g
30日 06:15:14.93 小鸡厨房👨🏻‍🍳[领取今日食材]#60g
30日 06:15:15.57 小鸡厨房👨🏻‍🍳[领取爱心食材店食材]#10g
30日 06:15:16.30 小鸡厨房👨🏻‍🍳[芒莓双享包]制作成功
30日 06:15:16.69 小鸡厨房👨🏻‍🍳[甜菜胭脂露]制作成功
30日 06:15:17.22 小鸡厨房👨🏻‍🍳[柿饼小馒]制作成功
30日 06:15:19.88 收取鸡蛋🥚[1.0颗]#剩余119.0颗
30日 06:15:32.37 庄园奖励[小鸡厨房]#90g
30日 06:16:21.18 雇佣小鸡👷[当前可雇佣小鸡数量:2只]
30日 06:16:22.67 家庭任务🏠帮喂好友🥣[青玄|*立超]的小鸡180g #剩余1269g
30日 06:17:36.93 家庭任务🏠请客早餐#消耗美食5份
30日 06:17:42.16 庄园小鸡🎁[开宝箱:获得乐园币*10]
30日 06:17:49.17 农场任务🧾[逛一逛乐动力频道]
30日 06:17:50.34 领取奖励🎖️[逛一逛乐动力频道]#100g肥料
30日 06:23:55.42 打扫鸡屎🧹[208g]01次
30日 06:23:56.23 打赏好友💰[惠琴|*惠琴]# 得0.05颗爱心鸡蛋
30日 06:23:57.24 小鸡厨房👨🏻‍🍳[领取肥料]#51g
30日 07:36:08.42 [心无止境|]的小鸡躲开了攻击
30日 07:37:36.61 雇佣小鸡👷[当前可雇佣小鸡数量:2只]
30日 07:37:38.62 家庭奖励🏆: 杏仁青酱意面 x 1
30日 07:37:38.98 家庭任务🏠帮喂好友🥣[風|*立超]的小鸡180g #剩余1560g
30日 07:37:45.06 庄园小鸡🎁[开宝箱:获得乐园币*10]
30日 07:38:10.54 农场任务🧾[逛一逛乐动力频道]
30日 07:38:11.93 领取奖励🎖️[逛一逛乐动力频道]#100g肥料
30日 07:38:15.31 蚂蚁新村⛪扔肥料
30日 07:38:16.65 蚂蚁新村⛪扔肥料
30日 07:38:17.86 蚂蚁新村⛪[收取金币]#337
30日 07:38:18.55 蚂蚁新村⛪获得肥料50g
30日 07:38:19.25 蚂蚁新村⛪请走[機風|]的小摊获得金币180
30日 07:38:20.11 蚂蚁新村⛪邀请[雨柠檬|*海莲]开店成功
30日 07:38:21.34 蚂蚁新村⛪收取在[小凡|*立超]的摊位获得282.0
30日 07:38:22.23 蚂蚁新村⛪收取在[雏菊|]的摊位获得228.0
30日 07:38:23.08 蚂蚁新村⛪收取在[简单|]的摊位获得150.0
30日 07:38:23.79 蚂蚁新村⛪收取在[林大涯|*大涯]的摊位获得120.0
30日 07:38:25.43 蚂蚁新村⛪在[假如你是我的唯一|]家摆摊
30日 07:38:26.15 蚂蚁新村⛪在[提醒-L̶i̶k̶e̶.|*来根]家摆摊
30日 07:38:26.96 蚂蚁新村⛪在[小凡|*立超]家摆摊
30日 07:38:27.74 蚂蚁新村⛪在[简单|]家摆摊
30日 07:53:10.58 庄园奖励[家庭2人贡献亲密度]#90g
30日 07:53:17.50 庄园奖励[小鸡厨房]#90g
30日 07:54:59.99 雇佣小鸡👷[当前可雇佣小鸡数量:2只]
30日 08:00:35.24 打扫鸡屎🧹[347g]01次
30日 08:00:35.64 惊喜礼包🎁[装扮补签卡*1]
30日 08:00:37.05 小鸡厨房👨🏻‍🍳[领取今日食材]#60g
30日 08:00:37.71 小鸡厨房👨🏻‍🍳[领取爱心食材店食材]#10g
30日 08:00:38.52 小鸡厨房👨🏻‍🍳[蕉巧熔岩]制作成功
30日 08:00:39.55 [2025-10-29]贴贴小鸡💞[60g饲料*1]
30日 08:00:40.00 [2025-10-29]贴贴小鸡💞[香橙曲奇*1]
30日 08:00:40.36 [2025-10-29]贴贴小鸡💞[10g厨房食材*1]
30日 08:00:41.38 [2025-10-29]点赞小鸡日记💞成功
30日 08:00:44.21 捐赠活动❤️[乡村老人大食堂]#累计捐赠46次
30日 08:00:44.57 捐赠活动❤️[助乡村学校开电脑课]#累计捐赠47次
30日 08:00:45.78 庄园签到📅获得饲料180g
30日 08:00:52.49 使用道具🎭[加速卡]#剩余12张
30日 08:00:54.27 使用道具🎭[加速卡]#剩余11张
30日 08:00:56.06 使用道具🎭[加速卡]#剩余10张
30日 08:00:57.88 使用道具🎭[加速卡]⏩成功
30日 08:00:58.59 打扫鸡屎🧹[107g]01次
30日 08:01:00.16 庄园小鸡💞[换装:秋日宝藏罐]
30日 08:01:07.77 雇佣小鸡👷[当前可雇佣小鸡数量:2只]
30日 08:01:08.54 一起拿小鸡饲料🥡 [送饲料：悲泣|]
30日 08:01:08.75 一起拿小鸡饲料🥡 [送饲料：南瓜稀饭800|*报]
30日 08:01:09.27 一起拿小鸡饲料🥡 [送饲料：李承酉|*承酉]
30日 08:01:09.49 一起拿小鸡饲料🥡 [送饲料：甜甜|]
30日 08:01:10.00 一起拿小鸡饲料🥡 [送饲料：传栋|*晓磊]
30日 08:01:11.03 家庭任务🏡每日签到
30日 08:01:11.79 家庭奖励🏆: 杏仁青酱意面 x 1
30日 08:01:12.10 家庭任务🏠帮喂好友🥣[機風|*新霞]的小鸡180g #剩余540g
30日 08:01:17.89 庄园小鸡🎁[开宝箱:获得乐园币*10]
30日 08:01:19.04 乐园币兑换💸#花费[15乐园币]#第1次兑换[加速卡]
30日 08:02:28.22 每日肥料💩[1000g]
30日 08:02:29.66 农场签到📅[获得肥料]#600g
30日 08:02:30.10 农场任务🧾[逛双11会场领红包]
30日 08:02:30.42 农场任务🧾[添加农场到支付宝首页]
30日 08:02:30.97 农场任务🧾[逛一逛支付宝会员]
30日 08:02:32.44 领取奖励🎖️[逛双11会场领红包]#100g肥料
30日 08:02:32.82 领取奖励🎖️[添加农场到支付宝首页]#1000g肥料
30日 08:02:33.30 领取奖励🎖️[逛一逛支付宝会员]#100g肥料
30日 08:02:34.45 农场施肥💩[再施7.87%将花香飘逸]
30日 08:02:36.19 农场施肥💩[再施7.03%将花香飘逸]
30日 08:02:37.60 丰收礼包🎁[肥料*100]
30日 08:02:38.26 农场施肥💩[再施6.19%将花香飘逸]
30日 08:02:39.86 农场施肥💩[再施5.35%将花香飘逸]
30日 08:02:41.50 农场施肥💩[再施4.51%将花香飘逸]
30日 08:02:44.38 蚂蚁新村⛪收取应收金币
30日 08:02:45.12 蚂蚁新村⛪扔肥料
30日 08:02:46.35 蚂蚁新村⛪[收取金币]#252
30日 08:02:47.06 蚂蚁新村⛪获得肥料40g
30日 08:02:47.85 蚂蚁新村⛪请走[小明上广州750  免验证|]的小摊获得金币147
30日 08:02:48.70 蚂蚁新村⛪邀请[文宣|]开店成功
30日 08:02:49.42 蚂蚁新村⛪请走[foreverloveyou|]的小摊获得金币147
30日 08:02:50.26 蚂蚁新村⛪邀请[oh✖oh✖|*振亚]开店成功
30日 08:02:51.22 蚂蚁新村⛪收取在[allen|*彦笛]的摊位获得172.43
30日 08:02:52.01 蚂蚁新村⛪收取在[南瓜稀饭800|*报]的摊位获得120.0
30日 08:02:53.14 蚂蚁新村⛪收取在[春花秋月|]的摊位获得120.0
30日 08:02:54.64 蚂蚁新村⛪在[allen|*彦笛]家摆摊
30日 08:02:55.43 蚂蚁新村⛪在[南瓜稀饭800|*报]家摆摊
30日 08:02:56.28 蚂蚁新村⛪在[春花秋月|]家摆摊
30日 08:02:57.07 蚂蚁新村⛪在[Mick|]家摆摊
30日 08:02:57.79 蚂蚁新村⛪[签到成功]
30日 08:02:58.93 蚂蚁新村⛪[领取奖励]
30日 08:02:59.49 蚂蚁新村⛪[领取奖励]
30日 08:03:12.15 蚂蚁新村👣任务[去饿了么果园逛一逛]完成
30日 08:03:12.59 蚂蚁新村👣任务[去点淘赚元宝提现]完成
30日 08:03:13.97 蚂蚁新村👣任务[去玩解压小游戏]完成
30日 08:03:14.43 蚂蚁新村👣任务[去支付宝会员签到]完成
30日 08:03:16.83 蚂蚁新村⛪[领取奖励]
30日 08:03:17.95 蚂蚁新村⛪[领取奖励]
30日 08:03:18.40 蚂蚁新村⛪[领取奖励]
30日 08:03:18.92 蚂蚁新村⛪[领取奖励]
30日 08:03:19.37 蚂蚁新村⛪[领取奖励]
30日 08:03:20.59 蚂蚁新村⛪[进入:海浪村]成功
30日 08:03:22.40 蚂蚁新村🚫在[李承酉|*承酉]贴罚单
30日 08:03:28.06 蚂蚁新村🚫在[文宣|]贴罚单
30日 08:03:33.84 蚂蚁新村🚫在[allen|*彦笛]贴罚单
30日 08:13:37.26 打扫鸡屎🧹[360g]01次
30日 08:13:37.66 惊喜礼包🎁[加速卡5张*5]
30日 08:13:38.46 打赏好友💰[惠琴|*惠琴]# 得0.05颗爱心鸡蛋
30日 08:13:38.91 打赏好友💰[機風|]# 得0.05颗爱心鸡蛋
30日 08:13:39.26 打赏好友💰[惠琴|*惠琴]# 得0.05颗爱心鸡蛋
30日 08:13:39.87 [哈哈|*威]的小鸡躲开了攻击
30日 08:13:40.33 [天道酬勤|]的小鸡躲开了攻击
30日 08:13:41.34 小鸡厨房👨🏻‍🍳[领取今日食材]#60g
30日 08:13:41.95 小鸡厨房👨🏻‍🍳[领取肥料]#1800g
30日 08:13:42.71 小鸡厨房👨🏻‍🍳[领取爱心食材店食材]#10g
30日 08:13:43.64 小鸡厨房👨🏻‍🍳[果颂吐司]制作成功
30日 08:13:44.80 [2025-10-29]贴贴小鸡💞[30g厨房食材*1]
30日 08:13:45.19 [2025-10-29]贴贴小鸡💞[10g厨房食材*1]
30日 08:13:45.72 [2025-10-29]贴贴小鸡💞[10g厨房食材*1]
30日 08:13:46.78 [2025-10-29]点赞小鸡日记💞成功
30日 08:13:48.68 收取鸡蛋🥚[2.0颗]#剩余49.0颗
30日 08:13:49.68 捐赠活动❤️[助农增收帮帮队]#累计捐赠53次
30日 08:13:50.52 庄园签到📅获得饲料90g
30日 08:13:56.48 庄园奖励[家庭2人贡献亲密度]#90g
30日 08:14:02.43 庄园奖励[小鸡厨房]#90g
30日 08:14:36.49 庄园小鸡💞[换装:秋日宝藏罐]
30日 08:14:41.11 惊喜礼包🎁[加速卡5张*5]
30日 08:14:41.11 雇佣小鸡👷[当前可雇佣小鸡数量:2只]
30日 08:14:43.03 家庭任务🏡每日签到
30日 08:14:43.86 家庭奖励🏆: 胡萝卜姜枣汤 x 1
30日 08:14:49.62 庄园小鸡🎁[开宝箱:获得乐园币*10]
30日 08:14:50.87 乐园币兑换💸#花费[15乐园币]#第1次兑换[加速卡]
30日 08:16:08.99 每日肥料💩[9800g]
30日 08:16:10.26 农场签到📅[获得肥料]#1000g
30日 08:16:10.74 农场任务🧾[逛双11会场领红包]
30日 08:16:11.09 农场任务🧾[逛一逛支付宝会员]
30日 08:16:12.22 领取奖励🎖️[逛双11会场领红包]#100g肥料
30日 08:16:12.74 领取奖励🎖️[逛一逛支付宝会员]#100g肥料
30日 08:16:13.82 农场施肥💩[再施45.95%果实将变甜]
30日 08:16:15.26 丰收礼包🎁[肥料*600]
30日 08:16:17.22 蚂蚁新村⛪收取应收金币
30日 08:16:17.99 蚂蚁新村⛪扔肥料
30日 08:16:19.41 蚂蚁新村⛪扔肥料
30日 08:16:20.73 蚂蚁新村⛪扔肥料
30日 08:16:22.01 蚂蚁新村⛪[收取金币]#176
30日 08:16:22.72 蚂蚁新村⛪获得肥料80g
30日 08:16:23.54 蚂蚁新村⛪请走[惠琴|*惠琴]的小摊获得金币141
30日 08:16:24.46 蚂蚁新村⛪邀请[情若能自控|*信华]开店成功
30日 08:16:25.45 蚂蚁新村⛪收取在[蒲金堂|*金堂]的摊位获得120.0
30日 08:16:26.27 蚂蚁新村⛪收取在[天道酬勤|]的摊位获得120.0
30日 08:16:27.06 蚂蚁新村⛪收取在[情若能自控|*信华]的摊位获得120.0
30日 08:16:28.63 蚂蚁新村⛪在[✨✨✨|]家摆摊
30日 08:16:29.45 蚂蚁新村⛪在[蒲金堂|*金堂]家摆摊
30日 08:16:30.26 蚂蚁新村⛪在[天道酬勤|]家摆摊
30日 08:16:31.09 蚂蚁新村⛪在[情若能自控|*信华]家摆摊
30日 08:16:31.98 蚂蚁新村⛪[签到成功]
30日 08:16:33.26 蚂蚁新村⛪[领取奖励]
30日 08:16:33.74 蚂蚁新村⛪[领取奖励]
30日 08:16:46.23 蚂蚁新村👣任务[去饿了么果园逛一逛]完成
30日 08:16:46.79 蚂蚁新村👣任务[去点淘赚元宝提现]完成
30日 08:16:47.50 蚂蚁新村👣任务[去玩解压小游戏]完成
30日 08:16:47.98 蚂蚁新村👣任务[去支付宝会员签到]完成
30日 08:51:48.23 打扫鸡屎🧹[0g]01次
30日 08:51:48.87 惊喜礼包🎁[体验装扮*1]
30日 08:51:50.11 打赏好友💰[青玄|]# 得0.05颗爱心鸡蛋
30日 08:51:50.71 打赏好友💰[機風|]# 得0.05颗爱心鸡蛋
30日 08:51:51.04 打赏好友💰[惠琴|*惠琴]# 得0.05颗爱心鸡蛋
30日 08:51:51.59 [𓆉|*昆]的小鸡躲开了攻击
30日 08:51:53.10 小鸡厨房👨🏻‍🍳[领取今日食材]#60g
30日 12:01:18.23 打扫鸡屎🧹[158g]01次
30日 12:01:32.83 召回小鸡📣，偷吃[y先生|*成成]#0.327g
30日 12:01:34.52 投喂小鸡🥣[180g]#剩余1513g
30日 12:22:32.25 收取鸡蛋🥚[1.0颗]#剩余2076.0颗
30日 12:22:33.16 🎉 缓存[用来计分] 🎯 题目：为什么击剑运动员背后要系一根“绳子”|2025-10-30
30日 12:22:33.78 饲料任务答题：正确领取饲料［180g］
30日 12:24:28.33 打扫鸡屎🧹[101g]01次
30日 12:24:29.71 小鸡厨房👨🏻‍🍳[领取肥料]#169g
30日 12:24:33.71 🎉 缓存[用来计分] 🎯 题目：为什么击剑运动员背后要系一根“绳子”|2025-10-30
30日 12:24:34.09 饲料任务答题：正确领取饲料［180g］
30日 12:24:51.24 庄园任务🧾[看庄园小视频]
30日 12:24:52.57 庄园任务🧾[去杂货铺逛一逛]
30日 12:24:53.80 庄园任务🧾[【抽抽乐】森野探险家来啦]
30日 12:24:55.00 庄园任务🧾[去美食奇遇记合成30次]
30日 12:24:56.20 庄园任务🧾[玩开心消消乐通过1关]
30日 12:24:57.38 庄园任务🧾[去淘金币赢20亿]
30日 12:24:58.58 庄园任务🧾[去芭芭农场逛一逛]
30日 12:24:59.80 庄园任务🧾[雇佣小鸡拿饲料]
30日 12:25:01.03 庄园任务🧾[去快手逛一逛]
30日 12:25:02.25 庄园任务🧾[去支付宝会员签到]
30日 12:25:03.54 庄园任务🧾[去淘宝签到逛一逛]
30日 12:25:04.79 庄园任务🧾[逛一逛今日头条极速版]
30日 12:25:06.00 庄园任务🧾[去UC浏览器逛一逛]
30日 12:25:07.44 庄园任务🧾[去鲸探喂鱼集福气]
30日 12:25:11.59 庄园奖励[庄园小课堂]#180g
30日 12:25:13.37 庄园奖励[看庄园小视频]#90g
30日 12:25:15.15 庄园奖励[去杂货铺逛一逛]#90g
30日 12:25:16.95 庄园奖励[【抽抽乐】森野探险家来啦]#90g
30日 12:25:18.73 庄园奖励[去美食奇遇记合成30次]#90g
30日 12:25:20.49 庄园奖励[玩开心消消乐通过1关]#90g
30日 12:25:22.25 投喂小鸡🥣[180g]#剩余1539g
30日 12:25:24.17 庄园奖励[去淘金币赢20亿]#90g
30日 12:25:50.97 抽抽乐🧾️[任务: 去杂货铺逛一逛]
30日 12:25:56.41 抽抽乐🧾️[任务: 消耗饲料换机会]
30日 12:25:57.60 抽抽乐🧾️[任务: 【限时】玩游戏得新机会]
30日 12:26:08.84 抽抽乐🧾️[任务: 消耗饲料换机会]
30日 12:26:15.82 抽抽乐🧾️[任务: 去杂货铺逛一逛]
30日 12:26:27.44 抽抽乐🧾️[任务: 去杂货铺逛一逛]
30日 12:26:39.41 抽抽乐🎁[领取: 庄园加速卡 (2张)*2]
30日 12:26:44.80 抽抽乐🎁[领取: 南瓜古法面包 (1份)*1]
30日 12:26:50.25 抽抽乐🎁[领取: 南瓜古法面包 (1份)*1]
30日 12:26:55.71 抽抽乐🎁[领取: 南瓜古法面包 (1份)*1]
30日 12:27:01.14 抽抽乐🎁[领取: 冰淇淋月饼 (3份)*3]
30日 12:27:06.59 抽抽乐🎁[领取: 桂花月饼 (1份)*1]
30日 12:27:12.01 抽抽乐🎁[领取: 南瓜古法面包 (1份)*1]
30日 12:27:17.43 抽抽乐🎁[领取: 冰淇淋月饼 (3份)*3]
30日 12:27:22.88 抽抽乐🎁[领取: 冰淇淋月饼 (3份)*3]
30日 12:27:28.28 抽抽乐🎁[领取: 南瓜古法面包 (1份)*1]
30日 12:27:33.66 抽抽乐🎁[领取: 冰淇淋月饼 (3份)*3]
30日 12:27:39.03 抽抽乐🎁[领取: 南瓜古法面包 (1份)*1]
30日 12:27:44.42 抽抽乐🎁[领取: 菠萝银耳羹 (2份)*2]
30日 12:27:49.89 抽抽乐🎁[领取: 南瓜古法面包 (1份)*1]
30日 12:27:55.29 抽抽乐🎁[领取: 南瓜古法面包 (1份)*1]
30日 12:28:00.66 抽抽乐🎁[领取: 冰淇淋月饼 (3份)*3]
30日 12:28:06.15 抽抽乐🎁[领取: 菠萝银耳羹 (2份)*2]
30日 12:28:11.59 雇佣小鸡👷[当前可雇佣小鸡数量:2只]
30日 12:28:13.02 家庭任务🏠帮喂好友🥣[機風|]的小鸡180g #剩余1269g
30日 12:28:13.68 家庭任务🏠帮喂好友🥣[小凡|*立超]的小鸡180g #剩余1089g
30日 12:28:13.96 家庭任务🏠帮喂好友🥣[風|*立超]的小鸡180g #剩余909g
30日 12:28:14.87 家庭任务🏠请客午餐#消耗美食5份
30日 12:28:28.46 [陈艳艳|]的小鸡躲开了攻击
30日 12:28:49.98 庄园任务🧾[看庄园小视频]
30日 12:28:55.05 庄园任务🧾[去杂货铺逛一逛]
30日 12:28:56.24 庄园任务🧾[【抽抽乐】森野探险家来啦]
30日 12:28:57.42 庄园任务🧾[玩国民斗地主完成一局]
30日 12:28:58.61 庄园任务🧾[玩开心消消乐通过1关]
30日 12:28:59.75 庄园任务🧾[去淘金币赢20亿]
30日 12:29:00.95 庄园任务🧾[去芭芭农场逛一逛]
30日 12:29:02.17 庄园任务🧾[雇佣小鸡拿饲料]
30日 12:29:03.37 庄园任务🧾[去百度地图逛一逛]
30日 12:29:04.53 庄园任务🧾[去商家积分逛一逛]
30日 12:29:05.73 庄园任务🧾[去淘宝芭芭农场逛一逛]
30日 12:29:06.96 庄园任务🧾[逛一逛今日头条极速版]
30日 12:29:08.16 庄园任务🧾[去饿了么农场逛一逛]
30日 12:29:09.36 庄园任务🧾[去鲸探喂鱼集福气]
