26日 22:56:35.85 开始处理森林抽抽乐
26日 22:56:35.87 开始处理：森林抽抽乐普通版 (ActivityId: 2025101301, SceneCode: ANTFOREST_NORMAL_DRAW)
26日 22:56:36.78 森林抽抽乐普通版 发现 7 个任务
26日 22:56:36.92 森林抽抽乐普通版 开始处理抽奖
26日 22:56:37.55 森林抽抽乐普通版 剩余抽奖次数：0/87
26日 22:56:40.70 开始处理：森林抽抽乐活动版 (ActivityId: 20251024, SceneCode: ANTFOREST_ACTIVITY_DRAW)
26日 22:56:46.71 森林抽抽乐活动版 发现 4 个任务
26日 22:56:46.73 森林抽抽乐活动版 开始处理抽奖
26日 22:56:46.90 森林抽抽乐活动版 剩余抽奖次数：0/10
26日 22:59:37.14 开始处理森林抽抽乐
26日 22:59:37.14 开始处理：森林抽抽乐普通版 (ActivityId: 2025101301, SceneCode: ANTFOREST_NORMAL_DRAW)
26日 22:59:37.84 森林抽抽乐普通版 发现 7 个任务
26日 22:59:37.88 森林抽抽乐普通版 开始处理抽奖
26日 22:59:38.35 森林抽抽乐普通版 剩余抽奖次数：0/87
26日 22:59:41.38 开始处理：森林抽抽乐活动版 (ActivityId: 20251024, SceneCode: ANTFOREST_ACTIVITY_DRAW)
26日 22:59:42.06 森林抽抽乐活动版 发现 4 个任务
26日 22:59:42.08 森林抽抽乐活动版 开始处理抽奖
26日 22:59:42.31 森林抽抽乐活动版 剩余抽奖次数：0/10
26日 23:00:54.37 开始处理森林抽抽乐
26日 23:00:54.37 开始处理：森林抽抽乐普通版 (ActivityId: 2025101301, SceneCode: ANTFOREST_NORMAL_DRAW)
26日 23:00:54.97 森林抽抽乐普通版 发现 7 个任务
26日 23:00:54.99 森林抽抽乐普通版 开始处理抽奖
26日 23:00:55.40 森林抽抽乐普通版 剩余抽奖次数：0/87
26日 23:00:58.40 开始处理：森林抽抽乐活动版 (ActivityId: 20251024, SceneCode: ANTFOREST_ACTIVITY_DRAW)
26日 23:00:59.03 森林抽抽乐活动版 发现 4 个任务
26日 23:00:59.05 森林抽抽乐活动版 开始处理抽奖
26日 23:00:59.20 森林抽抽乐活动版 剩余抽奖次数：0/10
