26日 22:42:41.51 [AlarmManager]: ✅ AlarmScheduler初始化成功
26日 22:42:42.61 [ApplicationHook]: ━━━━━━━━━━ 初始化开始 ━━━━━━━━━━
26日 22:42:42.62 [ApplicationHook]: 芝麻粒-TK 开始初始化...
26日 22:42:42.62 [ApplicationHook]: ⚙️模块版本：v0.3.0.重构版rc48-beta-debug
26日 22:42:42.62 [ApplicationHook]: 📦应用版本：10.7.86.8000
26日 22:42:42.63 [ApplicationHook]: 📶网络类型：WIFI
26日 22:42:42.63 [ApplicationHook]: 👤用户ID：2088002858797084
26日 22:42:42.64 [ApplicationHook]: 🕐初始化时间：26日22:42:42
26日 22:42:42.64 [ApplicationHook]: ━━━━━━━━━━━━━━━━━━━━━━━━━━━━━━━━━━━━━━━━
26日 22:42:42.64 [Config]: 开始加载配置
26日 22:42:42.65 [Config]: 加载配置: 小凡
26日 22:42:42.71 [Config]: 格式化配置成功:/storage/emulated/0/Android/media/com.eg.android.AlipayGphone/sesame-TK/config/2088002858797084/config_v2.json
26日 22:42:42.74 [Config]: 格式化配置: 小凡
26日 22:42:42.78 [AlarmScheduler]: 已设置多重保护闹钟: ID=0, 预定时间=00:00:00
26日 22:42:42.78 [AlarmManager]: ⏰ 主闹钟设置成功: ID=0
26日 22:42:42.79 [ApplicationHook]: ⏰ 设置0点定时唤醒成功
26日 22:42:42.79 [AlarmScheduler]: 已设置多重保护闹钟: ID=4, 预定时间=23:50:00
26日 22:42:42.80 [AlarmManager]: ⏰ 自定义闹钟设置成功: ID=4
26日 22:42:42.80 [ApplicationHook]: ⏰ 设置定时唤醒成功: 2350
26日 22:42:42.81 [ApplicationHook]: ⏰ 共设置了 1 个自定义定时唤醒
26日 22:42:42.87 [AntForest]: 查询间隔原始设置值: [500-800]
26日 22:42:42.87 [AntForest]: 查询间隔成功创建区间限制
26日 22:42:42.87 [AntForest]: 收取间隔原始设置值: [500-800]
26日 22:42:42.87 [AntForest]: 收取间隔成功创建区间限制
26日 22:42:42.88 [AntForest]: 双击间隔原始设置值: [50-150]
26日 22:42:42.88 [AntForest]: 双击间隔成功创建区间限制
26日 22:42:42.89 [AntForestRpcCall]: 当前支付宝版本: 10.7.86.8000
26日 22:42:42.89 [AntForestRpcCall]: 使用API版本: 20250813
26日 22:42:42.93 [EnergyWaitingManager]: 精确能量球蹲点管理器已初始化（支持持久化）
26日 22:42:42.94 [EnergyWaitingManager]: 已设置能量收取回调
26日 22:42:42.97 [AlarmManager]: ✅ AlarmScheduler初始化成功
26日 22:42:43.09 [ApplicationHook]: ━━━━━━━━━━ 初始化完成 ━━━━━━━━━━
26日 22:42:43.09 [ApplicationHook]: ✅ 芝麻粒-TK 加载成功✨
26日 22:42:43.10 [ApplicationHook]: ━━━━━━━━━━━━━━━━━━━━━━━━━━━━━━━━━━━━━━━━
26日 22:42:43.11 [ApplicationHook]: ▶️ 首次手动触发，开始运行
26日 22:42:43.12 [CoroutineTaskRunner]: 初始化协程任务执行器，共发现 12 个任务
26日 22:42:43.12 [CoroutineTaskRunner]: ⚙️ 任务执行配置：传入2轮，BaseModel配置2轮（用户可在基础设置中调整）
26日 22:42:43.12 [ApplicationHook]: 设置定时执行:2359
26日 22:42:43.13 [CoroutineTaskRunner]: 🔄 开始顺序执行第1/2轮任务，共7个启用任务
26日 22:42:43.14 [CoroutineTaskRunner]: 📍 第1轮任务进度: 1/7 - 森林
26日 22:42:43.14 [AlarmScheduler]: 已设置多重保护闹钟: ID=6, 预定时间=23:59:00
26日 22:42:43.14 [CoroutineTaskRunner]: 🚀 开始执行任务[森林-Round1]，超时设置: 600秒
26日 22:42:43.15 [CoroutineTaskRunner]: 🎯 启动模块[森林]第1轮执行...
26日 22:42:43.16 [AlarmScheduler]: ⏰ 下次执行(Alarm) 23:59:00
26日 22:42:43.18 [ModelTask]: 开始执行第1轮任务: 森林
26日 22:42:43.19 [AntForest]: 🌲🌲🌲 森林主任务开始执行 🌲🌲🌲
26日 22:42:43.20 [AntForest]: 任务计数器已重置
26日 22:42:43.20 [AntForest]: ✅ 检测到新的一天[2025年10月26日]，重置计数器
26日 22:42:43.21 [AntForest]: 执行开始-蚂蚁森林
26日 22:42:43.21 [AlarmManager]: ⏰ 精确执行调度成功: 延迟4576886ms
26日 22:42:43.46 [AntForest]: ========================
查询道具状态 耗时: 241 ms
26日 22:42:43.48 [AntForest]: ========================
使用自己道具卡 耗时: 26 ms
26日 22:42:43.51 [AntForest]: 开始处理PK排行榜...
26日 22:42:43.68 [AntForest]: 成功获取PK排行榜数据，共发现0位好友。
26日 22:42:43.69 [AntForest]: ========================
获取PK排行榜 耗时: 175 ms
26日 22:42:43.70 [AntForest]: ========================
收PK好友能量（同步） 耗时: 215 ms
26日 22:42:43.70 [AntForest]: 🌳 【正常流程】开始收取自己的能量...
26日 22:42:43.91 [AntForest]: ========================
获取自己主页对象信息 耗时: 221 ms
26日 22:42:43.93 [EnergyWaitingManager]: 添加蹲点：[⭐️主号|蹲点收取|小凡|*立超]球[5207080798]在[27日00:11:39]成熟(等待88分钟)
26日 22:42:43.95 [AntForest]: ✅ 【正常流程】收取自己的能量完成
26日 22:42:43.96 [AntForest]: ========================
收取自己的能量 耗时: 42 ms
26日 22:42:43.98 [AntForest]: 开始使用找能量功能收取好友能量
26日 22:42:43.99 [EnergyWaitingManager]: 🕐 蹲点[⭐️主号|小凡|*立超]等待88分钟(能量成熟→27日00:11:39)
26日 22:42:43.99 [EnergyWaitingManager]: 添加蹲点：[⭐️主号|蹲点收取|小凡|*立超]球[5207080854]在[27日00:11:40]成熟(等待88分钟)
26日 22:42:44.00 [EnergyWaitingManager]: 🕐 蹲点[⭐️主号|小凡|*立超]等待88分钟(能量成熟→27日00:11:40)
26日 22:42:45.27 [AntForest]: 第3次找能量没有发现新好友，继续尝试:{}
26日 22:42:45.28 [AntForest]: 连续3次未发现新好友，提前结束找能量，休息15分钟
26日 22:42:45.30 [AntForest]: ========================
找能量收取完成 耗时: 1314 ms
26日 22:42:45.31 [AntForest]: 找能量功能完成，共发现 0 个好友
26日 22:42:45.32 [AntForest]: ========================
找能量收取（协程） 耗时: 1358 ms
26日 22:42:45.36 [AntForest]: 开始处理好友排行榜...
26日 22:42:45.68 [AntForest]: 成功获取好友排行榜数据，共发现13位好友。
26日 22:42:45.68 [AntForest]: ========================
获取好友排行榜 耗时: 319 ms
26日 22:42:45.69 [AntForest]: 开始处理好友排行榜前20位好友...
26日 22:42:45.70 [AntForest]: 📋 开始处理13个好友排行榜前20位（并发数:60）
26日 22:42:45.71 [AntForest]: 👥 青玄| | 蒲金堂|*金堂 | 惠琴|*惠琴 | 天道酬勤| | 情若能自控|*信华 | ✨✨✨| | 哈哈|*威 | 黄楚淮|*楚淮 | 小凡|*立超 | 五六七| | 機風| | 風|*立超 | 风儿|*杰
26日 22:42:45.94 [AntForest]: ⏭️ 跳过好友蹲点[惠琴|*惠琴]球[5400718132]：保护罩覆盖整个成熟期(保护还剩33h，能量27日08:37:19成熟)
26日 22:42:45.96 [AntForest]: ⏭️ 跳过好友蹲点[惠琴|*惠琴]球[5400718174]：保护罩覆盖整个成熟期(保护还剩33h，能量27日08:37:19成熟)
26日 22:42:46.26 [AlarmManager]: ✅ AlarmScheduler初始化成功
26日 22:42:46.35 [AlarmManager]: ✅ AlarmScheduler初始化成功
26日 22:42:50.47 [EnergyWaitingManager]: 添加蹲点：[好友|蹲点收取|風|*立超]球[5207226818]在[27日01:08:30]成熟(等待145分钟)
26日 22:42:50.50 [EnergyWaitingManager]: 🕐 蹲点[好友|風|*立超]等待145分钟(能量成熟→27日01:08:30)
26日 22:42:50.52 [EnergyWaitingManager]: 添加蹲点：[好友|蹲点收取|風|*立超]球[5207226854]在[27日01:08:31]成熟(等待145分钟)
26日 22:42:50.54 [AntForest]: ✅ 好友排行榜前20位处理完成，耗时4805ms，平均369ms/人
26日 22:42:50.55 [AntForest]: ========================
处理好友排行榜靠前的好友 耗时: 4868 ms
26日 22:42:50.59 [AntForest]: 好友排行榜没有更多的好友需要处理，跳过
26日 22:42:50.62 [AntForest]: ========================
收取好友能量（同步） 耗时: 5291 ms
26日 22:42:50.62 [AntForest]: ========================
收取道具 耗时: 16 ms
26日 22:42:50.78 [EnergyWaitingManager]: 🕐 蹲点[好友|風|*立超]等待145分钟(能量成熟→27日01:08:31)
26日 22:42:53.18 [CoroutineTaskRunner]: 🔄 模块[森林]第1轮运行中... 已执行10秒
26日 22:42:55.40 [AntForest]: ========================
动物巡护任务 耗时: 4763 ms
26日 22:42:55.41 已经有动物伙伴在巡护森林~
26日 22:42:55.41 [AntForest]: ========================
收取动物派遣能量 耗时: 28 ms
26日 22:42:55.99 [AntForest]: ========================
合成动物碎片 耗时: 580 ms
26日 22:42:56.57 [AlarmManager]: ✅ AlarmScheduler初始化成功
26日 22:42:58.02 [EnergyWaitingPersistence]: 📥 从持久化存储恢复2个有效任务（跳过0个过期，0个过旧）
26日 22:42:58.03 [EnergyWaitingManager]: 🔄 从持久化存储恢复2个蹲点任务...
26日 22:42:58.04 [EnergyWaitingPersistence]: 🔄 开始验证2个恢复的蹲点任务...
26日 22:42:58.51 [AntForest]: ========================
森林任务 耗时: 2521 ms
26日 22:42:58.85 [EnergyWaitingPersistence]: ✅ 恢复完成：成功0个，跳过2个
26日 22:42:59.23 [AntForest]: ========================
绿色行动 耗时: 716 ms
26日 22:42:59.23 [AntForest]: ========================
给好友浇水 耗时: 5 ms
26日 22:42:59.99 [AntForest]: ========================
能量雨 耗时: 755 ms
26日 22:43:00.67 [AntForest]: ========================
森林集市 耗时: 677 ms
26日 22:43:01.21 [AntForest]: ========================
绿色医疗 耗时: 537 ms
26日 22:43:01.39 [AntForest]: ========================
电子小票 耗时: 181 ms
26日 22:43:01.41 开始处理森林抽抽乐
26日 22:43:01.41 开始处理：森林抽抽乐普通版 (ActivityId: 2025101301, SceneCode: ANTFOREST_NORMAL_DRAW)
26日 22:43:01.42 [AntForestRpcCall]: enterDrawActivityopengreen - 活动: 2025101301, 场景: ANTFOREST_NORMAL_DRAW, source: task_entry
26日 22:43:01.88 森林抽抽乐普通版 第 1 轮任务处理开始
26日 22:43:01.88 [AntForestRpcCall]: listTaskopengreen - 场景: ANTFOREST_NORMAL_DRAW_TASK, source: task_entry
26日 22:43:02.07 森林抽抽乐普通版 发现 7 个任务
26日 22:43:02.08 森林抽抽乐普通版 任务: 邀请好友助力得机会 [FOREST_NORMAL_DRAW_SHARE] 状态: TODO 进度: 0/2
26日 22:43:02.08 森林抽抽乐普通版 已屏蔽任务，跳过：邀请好友助力得机会
26日 22:43:02.09 森林抽抽乐普通版 任务: 每日签到 [FOREST_NORMAL_DRAW_DAILY_SIGN] 状态: RECEIVED 进度: 1/1
26日 22:43:02.10 森林抽抽乐普通版 任务: 消耗活力值得机会 [NORMAL_DRAW_EXCHANGE_VITALITY] 状态: RECEIVED 进度: 2/2
26日 22:43:02.10 森林抽抽乐普通版 任务: 去森林市集逛一逛 [FOREST_NORMAL_DRAW_XLIGHT_1] 状态: RECEIVED 进度: 2/2
26日 22:43:02.11 森林抽抽乐普通版 任务: 去物种集卡得机会 [FOREST_NORMAL_DRAW_ANTTODO] 状态: RECEIVED 进度: 1/1
26日 22:43:02.12 森林抽抽乐普通版 任务: 玩一玩森林小车车 [FOREST_NORMAL_DRAW_SLXCC] 状态: RECEIVED 进度: 1/1
26日 22:43:02.13 森林抽抽乐普通版 任务: 去得故宫限定版皮肤 [FOREST_NORMAL_DRAW_XBDL] 状态: RECEIVED 进度: 1/1
26日 22:43:02.13 森林抽抽乐普通版 开始处理抽奖
26日 22:43:02.14 [AntForestRpcCall]: enterDrawActivityopengreen - 活动: 2025101301, 场景: ANTFOREST_NORMAL_DRAW, source: task_entry
26日 22:43:02.59 森林抽抽乐普通版 剩余抽奖次数：0/40
26日 22:43:03.22 [CoroutineTaskRunner]: 🔄 模块[森林]第1轮运行中... 已执行20秒
26日 22:43:03.75 [Config]: 开始加载配置
26日 22:43:03.75 [Config]: 加载配置: 機風
26日 22:43:03.80 [Config]: 格式化配置成功:/storage/emulated/0/Android/media/com.eg.android.AlipayGphone/sesame-TK/config/2088632752200481/config_v2.json
26日 22:43:03.83 [Config]: 格式化配置: 機風
26日 22:43:05.61 开始处理：森林抽抽乐活动版 (ActivityId: 20251024, SceneCode: ANTFOREST_ACTIVITY_DRAW)
26日 22:43:05.62 [AntForestRpcCall]: enterDrawActivityopengreen - 活动: 20251024, 场景: ANTFOREST_ACTIVITY_DRAW, source: task_entry
26日 22:43:05.79 森林抽抽乐活动版 第 1 轮任务处理开始
26日 22:43:05.79 [AntForestRpcCall]: listTaskopengreen - 场景: ANTFOREST_ACTIVITY_DRAW_TASK, source: task_entry
26日 22:43:06.28 森林抽抽乐活动版 发现 4 个任务
26日 22:43:06.28 森林抽抽乐活动版 任务: 邀请好友助力得机会 [FOREST_ACTIVITY_DRAW_SHARE] 状态: TODO 进度: 0/1
26日 22:43:06.28 森林抽抽乐活动版 已屏蔽任务，跳过：邀请好友助力得机会
26日 22:43:06.28 森林抽抽乐活动版 任务: 每日签到 [FOREST_ACTIVITY_DRAW_DAILY_SIGN] 状态: RECEIVED 进度: 1/1
26日 22:43:06.29 森林抽抽乐活动版 任务: 去森林市集逛一逛 [FOREST_ACTIVITY_DRAW_XLIGHT_2] 状态: RECEIVED 进度: 1/1
26日 22:43:06.29 森林抽抽乐活动版 任务: 玩一玩森林小车车 [FOREST_ACTIVITY_DRAW_SLXCC] 状态: RECEIVED 进度: 1/1
26日 22:43:06.29 森林抽抽乐活动版 开始处理抽奖
26日 22:43:06.30 [AntForestRpcCall]: enterDrawActivityopengreen - 活动: 20251024, 场景: ANTFOREST_ACTIVITY_DRAW, source: task_entry
26日 22:43:06.53 森林抽抽乐活动版 剩余抽奖次数：0/6
26日 22:43:09.56 [AntForest]: ========================
抽抽乐 耗时: 8171 ms
26日 22:43:09.56 [AntForest]: ========================
AntForest 耗时: 26348 ms ()
26日 22:43:09.56 [AntForest]: ==================================================
26日 22:43:09.56 [AntForest]: 🌲🌲🌲 森林主任务执行完毕 🌲🌲🌲
26日 22:43:09.56 [AntForest]: ⏱️ 主任务耗时: 26秒 (26377ms)
26日 22:43:09.57 [AntForest]: 📊 收取统计: 收0g 帮0g 浇0g
26日 22:43:09.57 [AntForest]: ⏰ 后台蹲点任务: 4 个 (将在指定时间自动收取)
26日 22:43:09.58 [AntForest]: 📋 蹲点任务状态 (4个，显示最近3个):
  - [小凡|*立超] 球[5207080798] 剩余88分29秒 → 27日00:11:39
  - [小凡|*立超] 球[5207080854] 剩余88分30秒 → 27日00:11:40
  - [風|*立超] 球[5207226818] 剩余145分20秒 → 27日01:08:30
  ... 还有1个任务
26日 22:43:09.58 [AntForest]: ==================================================
26日 22:43:09.60 [ModelTask]: 任务 森林 完成，总耗时: 26416ms
26日 22:43:09.60 [ModelTask]: 任务执行统计 - 总耗时: 26416ms, 成功: 1, 失败: 0, 跳过: 0
26日 22:43:09.61 [CoroutineTaskRunner]: ✅ 模块[森林]第1轮执行成功，耗时: 26457ms
26日 22:43:09.61 [CoroutineTaskRunner]: ✅ 任务[森林-Round1]执行完成，耗时: 26470ms
26日 22:43:09.61 [CoroutineTaskRunner]: 📍 第1轮任务进度: 2/7 - 庄园
26日 22:43:09.61 [CoroutineTaskRunner]: 🚀 开始执行任务[庄园-Round1]，超时设置: 600秒
26日 22:43:09.62 [CoroutineTaskRunner]: 🎯 启动模块[庄园]第1轮执行...
26日 22:43:09.63 [ModelTask]: 开始执行第1轮任务: 庄园
26日 22:43:09.63 [AntFarm]: 执行开始-蚂蚁庄园
26日 22:43:10.14 [AlarmManager]: 🧹 开始清理AlarmScheduler: 协程状态: 作用域=活跃, 活跃任务=2, 完成任务=0, 取消任务=0
26日 22:43:10.18 [AlarmScheduler]: AlarmScheduler协程资源已清理 (清理了2个备份任务)
26日 22:43:10.19 [AlarmManager]: ✅ AlarmScheduler清理完成
26日 22:43:10.19 [AlarmManager]: ✅ AlarmScheduler初始化成功
26日 22:43:10.31 ApplicationHook.rpcBridge 为空，等待5秒
26日 22:43:10.45 [ApplicationHook]: ━━━━━━━━━━ 初始化开始 ━━━━━━━━━━
26日 22:43:10.45 [ApplicationHook]: 芝麻粒-TK 开始初始化...
26日 22:43:10.45 [ApplicationHook]: ⚙️模块版本：v0.3.0.重构版rc48-beta-debug
26日 22:43:10.46 [ApplicationHook]: 📦应用版本：10.7.86.8000
26日 22:43:10.47 [ApplicationHook]: 📶网络类型：WIFI
26日 22:43:10.47 [ApplicationHook]: 👤用户ID：2088002858797084
26日 22:43:10.48 [ApplicationHook]: 🕐初始化时间：26日22:43:10
26日 22:43:10.48 [ApplicationHook]: ━━━━━━━━━━━━━━━━━━━━━━━━━━━━━━━━━━━━━━━━
26日 22:43:10.49 [Config]: 开始加载配置
26日 22:43:10.49 [Config]: 加载配置: 小凡
26日 22:43:10.68 [Config]: 格式化配置成功:/storage/emulated/0/Android/media/com.eg.android.AlipayGphone/sesame-TK/config/2088002858797084/config_v2.json
26日 22:43:10.71 [Config]: 格式化配置: 小凡
26日 22:43:10.74 [AlarmScheduler]: 已设置多重保护闹钟: ID=0, 预定时间=00:00:00
26日 22:43:10.74 [AlarmManager]: ⏰ 主闹钟设置成功: ID=0
26日 22:43:10.75 [ApplicationHook]: ⏰ 设置0点定时唤醒成功
26日 22:43:10.75 [AlarmScheduler]: 已设置多重保护闹钟: ID=4, 预定时间=23:50:00
26日 22:43:10.76 [AlarmManager]: ⏰ 自定义闹钟设置成功: ID=4
26日 22:43:10.76 [ApplicationHook]: ⏰ 设置定时唤醒成功: 2350
26日 22:43:10.76 [ApplicationHook]: ⏰ 共设置了 1 个自定义定时唤醒
26日 22:43:10.77 [AntForest]: 查询间隔原始设置值: [500-800]
26日 22:43:10.77 [AntForest]: 查询间隔成功创建区间限制
26日 22:43:10.78 [AntForest]: 收取间隔原始设置值: [500-800]
26日 22:43:10.78 [AntForest]: 收取间隔成功创建区间限制
26日 22:43:10.78 [AntForest]: 双击间隔原始设置值: [50-150]
26日 22:43:10.79 [AntForest]: 双击间隔成功创建区间限制
26日 22:43:10.79 [AntForestRpcCall]: 当前支付宝版本: 10.7.86.8000
26日 22:43:10.80 [AntForestRpcCall]: 使用API版本: 20250813
26日 22:43:10.80 [EnergyWaitingManager]: 已设置能量收取回调
26日 22:43:10.92 [ApplicationHook]: ━━━━━━━━━━ 初始化完成 ━━━━━━━━━━
26日 22:43:10.93 [ApplicationHook]: ✅ 芝麻粒-TK 加载成功✨
26日 22:43:10.93 [ApplicationHook]: ━━━━━━━━━━━━━━━━━━━━━━━━━━━━━━━━━━━━━━━━
26日 22:43:10.97 [ApplicationHook]: 手动APP触发，已关闭
26日 22:43:15.49 [AntFarm]: ========================
装载道具信息 耗时: 5860 ms
26日 22:43:15.49 [AntFarm]: ========================
召回小鸡 耗时: 4 ms
26日 22:43:15.50 [AntFarm]: 蹲点时间计算🕐[开始时间=26日22:22:33, 已吃(含增量)=15.367599999999996, 速度总计=0.0198, 食槽上限=180, 计算时间=27日01:01:50]
26日 22:43:15.51 [AntFarm]: 添加蹲点投喂🥣[小凡|*立超]在[27日01:01:50]执行
26日 22:43:15.51 [AntFarm]: ========================
喂食 耗时: 15 ms
26日 22:43:15.51 [AntFarm]: ========================
帮好友喂鸡 耗时: 3 ms
26日 22:43:15.52 [AntFarm]: 添加定时睡觉🛌[小凡|*立超]在[26日23:30:00]执行
26日 22:43:15.52 [AntFarm]: 添加定时起床🛌[小凡|*立超]在[27日05:30:00]执行
26日 22:43:15.52 [AntFarm]: ========================
小鸡睡觉&起床 耗时: 11 ms
26日 22:43:15.53 [AntFarm]: ========================
AntFarm 耗时: 5895 ms ()
26日 22:43:15.53 [AntFarm]: 执行结束-蚂蚁庄园
26日 22:43:15.53 [ModelTask]: 任务 庄园 完成，总耗时: 5908ms
26日 22:43:15.54 [ModelTask]: 任务执行统计 - 总耗时: 5908ms, 成功: 1, 失败: 0, 跳过: 0
26日 22:43:15.54 [CoroutineTaskRunner]: ✅ 模块[庄园]第1轮执行成功，耗时: 5926ms
26日 22:43:15.55 [CoroutineTaskRunner]: ✅ 任务[庄园-Round1]执行完成，耗时: 5934ms
26日 22:43:15.55 [CoroutineTaskRunner]: 📍 第1轮任务进度: 3/7 - 海洋
26日 22:43:15.55 [CoroutineTaskRunner]: 🚀 开始执行任务[海洋-Round1]，超时设置: 600秒
26日 22:43:15.56 [CoroutineTaskRunner]: 🎯 启动模块[海洋]第1轮执行...
26日 22:43:15.56 [CoroutineTaskRunner]: ✅ 模块[海洋]第1轮执行成功，耗时: 6ms
26日 22:43:15.56 [CoroutineTaskRunner]: ✅ 任务[海洋-Round1]执行完成，耗时: 12ms
26日 22:43:15.57 [CoroutineTaskRunner]: 📍 第1轮任务进度: 4/7 - 农场
26日 22:43:15.57 [CoroutineTaskRunner]: 🚀 开始执行任务[农场-Round1]，超时设置: 600秒
26日 22:43:15.57 [CoroutineTaskRunner]: 🎯 启动模块[农场]第1轮执行...
26日 22:43:15.58 [CoroutineTaskRunner]: ✅ 模块[农场]第1轮执行成功，耗时: 5ms
26日 22:43:15.58 [CoroutineTaskRunner]: ✅ 任务[农场-Round1]执行完成，耗时: 11ms
26日 22:43:15.58 [CoroutineTaskRunner]: 📍 第1轮任务进度: 5/7 - 新村
26日 22:43:15.59 [CoroutineTaskRunner]: 🚀 开始执行任务[新村-Round1]，超时设置: 600秒
26日 22:43:15.59 [CoroutineTaskRunner]: 🎯 启动模块[新村]第1轮执行...
26日 22:43:15.59 [CoroutineTaskRunner]: ✅ 模块[新村]第1轮执行成功，耗时: 6ms
26日 22:43:15.60 [CoroutineTaskRunner]: ✅ 任务[新村-Round1]执行完成，耗时: 11ms
26日 22:43:15.60 [CoroutineTaskRunner]: 📍 第1轮任务进度: 6/7 - 神奇物种
26日 22:43:15.60 [CoroutineTaskRunner]: 🚀 开始执行任务[神奇物种-Round1]，超时设置: 600秒
26日 22:43:15.60 [CoroutineTaskRunner]: 🎯 启动模块[神奇物种]第1轮执行...
26日 22:43:15.61 [CoroutineTaskRunner]: ✅ 模块[神奇物种]第1轮执行成功，耗时: 6ms
26日 22:43:15.61 [CoroutineTaskRunner]: ✅ 任务[神奇物种-Round1]执行完成，耗时: 11ms
26日 22:43:15.61 [CoroutineTaskRunner]: 📍 第1轮任务进度: 7/7 - 运动
26日 22:43:15.62 [CoroutineTaskRunner]: 🚀 开始执行任务[运动-Round1]，超时设置: 600秒
26日 22:43:15.62 [CoroutineTaskRunner]: 🎯 启动模块[运动]第1轮执行...
26日 22:43:15.63 [CoroutineTaskRunner]: ✅ 模块[运动]第1轮执行成功，耗时: 7ms
26日 22:43:15.63 [CoroutineTaskRunner]: ✅ 任务[运动-Round1]执行完成，耗时: 13ms
26日 22:43:15.63 [CoroutineTaskRunner]: ✅ 第1/2轮任务完成，耗时: 32502ms
26日 22:43:15.64 [CoroutineTaskRunner]: 🔄 开始顺序执行第2/2轮任务，共0个启用任务
26日 22:43:15.64 [CoroutineTaskRunner]: ✅ 第2/2轮任务完成，耗时: 2ms
26日 22:43:15.64 [CoroutineTaskRunner]: 📈 ===== 协程任务执行统计摘要 =====
26日 22:43:15.64 [CoroutineTaskRunner]: 🕐 执行时间: 32519ms (32.5秒)
26日 22:43:15.65 [CoroutineTaskRunner]: 📅 下次执行: 26日23:59:00
26日 22:43:15.65 [CoroutineTaskRunner]: 📋 任务总数: 12 (启用: 0)
26日 22:43:15.65 [CoroutineTaskRunner]: ✅ 成功任务: 7
26日 22:43:15.65 [CoroutineTaskRunner]: ❌ 失败任务: 0
26日 22:43:15.66 [CoroutineTaskRunner]: ⏭️ 跳过任务: 0
26日 22:43:15.66 [CoroutineTaskRunner]: 🔄 恢复尝试: 0
26日 22:43:15.66 [CoroutineTaskRunner]: 📊 成功率: 100.0%
26日 22:43:15.67 [CoroutineTaskRunner]: ================================
26日 22:44:17.18 [ApplicationHook]: 手动APP触发，已关闭
26日 22:44:22.92 [ApplicationHook]: ━━━━━━━━━━━━━━━━━━━━━━━━━━━━━━━━━━━━━━━━
26日 22:44:22.93 [ApplicationHook]: 🔄 检测到用户切换
26日 22:44:22.93 [ApplicationHook]:    旧用户: 2088002858797084
26日 22:44:22.94 [ApplicationHook]:    新用户: 2088942482497175
26日 22:44:22.94 [ApplicationHook]: ━━━━━━━━━━━━━━━━━━━━━━━━━━━━━━━━━━━━━━━━
26日 22:44:23.16 [AlarmManager]: 🧹 开始清理AlarmScheduler: 协程状态: 作用域=活跃, 活跃任务=0, 完成任务=0, 取消任务=0
26日 22:44:23.16 [AlarmScheduler]: AlarmScheduler协程资源已清理 (清理了0个备份任务)
26日 22:44:23.17 [AlarmManager]: ✅ AlarmScheduler清理完成
26日 22:44:23.18 [AlarmManager]: ✅ AlarmScheduler初始化成功
26日 22:44:23.28 [ApplicationHook]: ━━━━━━━━━━ 初始化开始 ━━━━━━━━━━
26日 22:44:23.28 [ApplicationHook]: 芝麻粒-TK 开始初始化...
26日 22:44:23.29 [ApplicationHook]: ⚙️模块版本：v0.3.0.重构版rc48-beta-debug
26日 22:44:23.29 [ApplicationHook]: 📦应用版本：10.7.86.8000
26日 22:44:23.30 [ApplicationHook]: 📶网络类型：WIFI
26日 22:44:23.30 [ApplicationHook]: 👤用户ID：2088942482497175
26日 22:44:23.31 [ApplicationHook]: 🕐初始化时间：26日22:44:23
26日 22:44:23.31 [ApplicationHook]: ━━━━━━━━━━━━━━━━━━━━━━━━━━━━━━━━━━━━━━━━
26日 22:44:23.32 [Config]: 开始加载配置
26日 22:44:23.32 [Config]: 加载配置: 風
26日 22:44:23.70 [Config]: 格式化配置成功:/storage/emulated/0/Android/media/com.eg.android.AlipayGphone/sesame-TK/config/2088942482497175/config_v2.json
26日 22:44:23.71 [Config]: 格式化配置: 風
26日 22:44:23.79 [AlarmScheduler]: 已设置多重保护闹钟: ID=0, 预定时间=00:00:00
26日 22:44:23.80 [AlarmManager]: ⏰ 主闹钟设置成功: ID=0
26日 22:44:23.80 [ApplicationHook]: ⏰ 设置0点定时唤醒成功
26日 22:44:23.84 [AlarmScheduler]: 已设置多重保护闹钟: ID=4, 预定时间=23:50:00
26日 22:44:23.84 [AlarmManager]: ⏰ 自定义闹钟设置成功: ID=4
26日 22:44:23.85 [ApplicationHook]: ⏰ 设置定时唤醒成功: 2350
26日 22:44:23.85 [ApplicationHook]: ⏰ 共设置了 1 个自定义定时唤醒
26日 22:44:23.86 [AntForest]: 查询间隔原始设置值: [500-800]
26日 22:44:23.87 [AntForest]: 查询间隔成功创建区间限制
26日 22:44:23.88 [AntForest]: 收取间隔原始设置值: [500-800]
26日 22:44:23.88 [AntForest]: 收取间隔成功创建区间限制
26日 22:44:23.89 [AntForest]: 双击间隔原始设置值: [50-150]
26日 22:44:23.89 [AntForest]: 双击间隔成功创建区间限制
26日 22:44:23.90 [AntForestRpcCall]: 当前支付宝版本: 10.7.86.8000
26日 22:44:23.91 [AntForestRpcCall]: 使用API版本: 20250813
26日 22:44:23.92 [EnergyWaitingManager]: 已设置能量收取回调
26日 22:44:24.48 [ApplicationHook]: ━━━━━━━━━━ 初始化完成 ━━━━━━━━━━
26日 22:44:24.48 [ApplicationHook]: ✅ 芝麻粒-TK 加载成功✨
26日 22:44:24.49 [ApplicationHook]: ━━━━━━━━━━━━━━━━━━━━━━━━━━━━━━━━━━━━━━━━
26日 22:44:24.54 [ApplicationHook]: ✅ 用户切换完成，已重新初始化
26日 22:44:24.54 [ApplicationHook]: ▶️ 首次手动触发，开始运行
26日 22:44:24.56 [CoroutineTaskRunner]: 初始化协程任务执行器，共发现 12 个任务
26日 22:44:24.57 [CoroutineTaskRunner]: ⚙️ 任务执行配置：传入2轮，BaseModel配置2轮（用户可在基础设置中调整）
26日 22:44:24.57 [ApplicationHook]: 设置定时执行:2359
26日 22:44:24.57 [CoroutineTaskRunner]: 🔄 开始顺序执行第1/2轮任务，共6个启用任务
26日 22:44:24.58 [CoroutineTaskRunner]: 📍 第1轮任务进度: 1/6 - 森林
26日 22:44:24.59 [AlarmScheduler]: 已设置多重保护闹钟: ID=3, 预定时间=23:59:00
26日 22:44:24.59 [CoroutineTaskRunner]: 🚀 开始执行任务[森林-Round1]，超时设置: 600秒
26日 22:44:24.61 [CoroutineTaskRunner]: 🎯 启动模块[森林]第1轮执行...
26日 22:44:24.61 [AlarmScheduler]: ⏰ 下次执行(Alarm) 23:59:00
26日 22:44:24.72 [ModelTask]: 开始执行第1轮任务: 森林
26日 22:44:24.73 [AntForest]: 🌲🌲🌲 森林主任务开始执行 🌲🌲🌲
26日 22:44:24.74 [AntForest]: 任务计数器已重置
26日 22:44:24.74 [AntForest]: ✅ 检测到新的一天[2025年10月26日]，重置计数器
26日 22:44:24.76 [AntForest]: 执行开始-蚂蚁森林
26日 22:44:24.76 [AlarmManager]: ⏰ 精确执行调度成功: 延迟4475450ms
26日 22:44:25.10 [AntForest]: ========================
查询道具状态 耗时: 343 ms
26日 22:44:25.11 [AntForest]: ========================
使用自己道具卡 耗时: 12 ms
26日 22:44:25.12 [AntForest]: 开始处理PK排行榜...
26日 22:44:25.40 [AntForest]: 成功获取PK排行榜数据，共发现0位好友。
26日 22:44:25.40 [AntForest]: ========================
获取PK排行榜 耗时: 278 ms
26日 22:44:25.43 [AntForest]: ========================
收PK好友能量（同步） 耗时: 310 ms
26日 22:44:25.45 [AntForest]: 🌳 【正常流程】开始收取自己的能量...
26日 22:44:25.69 [AntForest]: ========================
获取自己主页对象信息 耗时: 276 ms
26日 22:44:25.78 [AntForest]: ✅ 【正常流程】收取自己的能量完成
26日 22:44:25.79 [AntForest]: ========================
收取自己的能量 耗时: 90 ms
26日 22:44:25.80 [AntForest]: 找能量功能冷却中，还需等待 13分19秒
26日 22:44:25.80 [AntForest]: ========================
找能量收取（协程） 耗时: 17 ms
26日 22:44:25.85 [AntForest]: 开始处理好友排行榜...
26日 22:44:26.07 [AntForest]: 成功获取好友排行榜数据，共发现6位好友。
26日 22:44:26.07 [AntForest]: ========================
获取好友排行榜 耗时: 213 ms
26日 22:44:26.07 [AntForest]: 开始处理好友排行榜前20位好友...
26日 22:44:26.07 [AntForest]: 📋 开始处理6个好友排行榜前20位（并发数:60）
26日 22:44:26.08 [AntForest]: 👥 青玄| | 惠琴|*惠琴 | 𓆉|*昆 | 小凡|*立超 | 機風| | 風|*立超
26日 22:44:26.73 [AntForest]: ⏭️ 跳过好友蹲点[惠琴|*惠琴]球[5400718132]：保护罩覆盖整个成熟期(保护还剩33h，能量27日08:37:19成熟)
26日 22:44:26.73 [AntForest]: ⏭️ 跳过好友蹲点[惠琴|*惠琴]球[5400718174]：保护罩覆盖整个成熟期(保护还剩33h，能量27日08:37:19成熟)
26日 22:44:27.87 [AntForest]: ✅ 好友排行榜前20位处理完成，耗时1785ms，平均297ms/人
26日 22:44:27.91 [AntForest]: ========================
处理好友排行榜靠前的好友 耗时: 1831 ms
26日 22:44:27.93 [AntForest]: 好友排行榜没有更多的好友需要处理，跳过
26日 22:44:27.94 [AntForest]: ========================
收取好友能量（同步） 耗时: 2137 ms
26日 22:44:27.94 [AntForest]: ========================
收取道具 耗时: 5 ms
26日 22:44:28.62 [AntForest]: ========================
动物巡护任务 耗时: 678 ms
26日 22:44:28.63 已经有动物伙伴在巡护森林~
26日 22:44:28.64 [AntForest]: ========================
收取动物派遣能量 耗时: 17 ms
26日 22:44:28.91 [AntForest]: ========================
合成动物碎片 耗时: 276 ms
26日 22:44:29.48 [AntForest]: ========================
森林任务 耗时: 548 ms
26日 22:44:30.12 [AntForest]: ========================
绿色行动 耗时: 660 ms
26日 22:44:30.13 [AntForest]: ========================
给好友浇水 耗时: 6 ms
26日 22:44:30.13 [EnergyRain]: ⏱️ 能量雨冷却中，还需等待 8 分钟
26日 22:44:30.15 [AntForest]: ========================
能量雨 耗时: 14 ms
26日 22:44:30.75 [AntForest]: ========================
森林集市 耗时: 608 ms
26日 22:44:30.89 [AntForest]: ========================
绿色医疗 耗时: 137 ms
26日 22:44:31.37 [AntForest]: ========================
电子小票 耗时: 481 ms
26日 22:44:31.37 开始处理森林抽抽乐
26日 22:44:31.38 开始处理：森林抽抽乐普通版 (ActivityId: 2025101301, SceneCode: ANTFOREST_NORMAL_DRAW)
26日 22:44:31.38 [AntForestRpcCall]: enterDrawActivityopengreen - 活动: 2025101301, 场景: ANTFOREST_NORMAL_DRAW, source: task_entry
26日 22:44:31.49 森林抽抽乐普通版 第 1 轮任务处理开始
26日 22:44:31.50 [AntForestRpcCall]: listTaskopengreen - 场景: ANTFOREST_NORMAL_DRAW_TASK, source: task_entry
26日 22:44:31.98 森林抽抽乐普通版 发现 7 个任务
26日 22:44:31.99 森林抽抽乐普通版 任务: 邀请好友助力得机会 [FOREST_NORMAL_DRAW_SHARE] 状态: TODO 进度: 0/2
26日 22:44:32.02 森林抽抽乐普通版 已屏蔽任务，跳过：邀请好友助力得机会
26日 22:44:32.02 森林抽抽乐普通版 任务: 每日签到 [FOREST_NORMAL_DRAW_DAILY_SIGN] 状态: RECEIVED 进度: 1/1
26日 22:44:32.02 森林抽抽乐普通版 任务: 消耗活力值得机会 [NORMAL_DRAW_EXCHANGE_VITALITY] 状态: RECEIVED 进度: 2/2
26日 22:44:32.03 森林抽抽乐普通版 任务: 去森林市集逛一逛 [FOREST_NORMAL_DRAW_XLIGHT_1] 状态: RECEIVED 进度: 2/2
26日 22:44:32.03 森林抽抽乐普通版 任务: 去物种集卡得机会 [FOREST_NORMAL_DRAW_ANTTODO] 状态: RECEIVED 进度: 1/1
26日 22:44:32.03 森林抽抽乐普通版 任务: 玩一玩森林救援队 [FOREST_NORMAL_DRAW_SLJYD] 状态: RECEIVED 进度: 1/1
26日 22:44:32.04 森林抽抽乐普通版 任务: 去得故宫限定版皮肤 [FOREST_NORMAL_DRAW_XBDL] 状态: RECEIVED 进度: 1/1
26日 22:44:32.04 森林抽抽乐普通版 开始处理抽奖
26日 22:44:32.04 [AntForestRpcCall]: enterDrawActivityopengreen - 活动: 2025101301, 场景: ANTFOREST_NORMAL_DRAW, source: task_entry
26日 22:44:32.19 森林抽抽乐普通版 剩余抽奖次数：0/87
26日 22:44:34.38 [ApplicationHook]: 手动APP触发，已关闭
26日 22:44:34.63 [CoroutineTaskRunner]: 🔄 模块[森林]第1轮运行中... 已执行10秒
26日 22:44:35.20 开始处理：森林抽抽乐活动版 (ActivityId: 20251024, SceneCode: ANTFOREST_ACTIVITY_DRAW)
26日 22:44:35.23 [AntForestRpcCall]: enterDrawActivityopengreen - 活动: 20251024, 场景: ANTFOREST_ACTIVITY_DRAW, source: task_entry
26日 22:44:35.39 森林抽抽乐活动版 第 1 轮任务处理开始
26日 22:44:35.40 [AntForestRpcCall]: listTaskopengreen - 场景: ANTFOREST_ACTIVITY_DRAW_TASK, source: task_entry
26日 22:44:35.92 森林抽抽乐活动版 发现 4 个任务
26日 22:44:35.93 森林抽抽乐活动版 任务: 邀请好友助力得机会 [FOREST_ACTIVITY_DRAW_SHARE] 状态: TODO 进度: 0/1
26日 22:44:35.95 森林抽抽乐活动版 已屏蔽任务，跳过：邀请好友助力得机会
26日 22:44:35.95 森林抽抽乐活动版 任务: 每日签到 [FOREST_ACTIVITY_DRAW_DAILY_SIGN] 状态: RECEIVED 进度: 1/1
26日 22:44:35.95 森林抽抽乐活动版 任务: 去森林市集逛一逛 [FOREST_ACTIVITY_DRAW_XLIGHT_2] 状态: RECEIVED 进度: 1/1
26日 22:44:35.96 森林抽抽乐活动版 任务: 玩一玩森林小车车 [FOREST_ACTIVITY_DRAW_SLXCC] 状态: RECEIVED 进度: 1/1
26日 22:44:35.96 森林抽抽乐活动版 开始处理抽奖
26日 22:44:35.97 [AntForestRpcCall]: enterDrawActivityopengreen - 活动: 20251024, 场景: ANTFOREST_ACTIVITY_DRAW, source: task_entry
26日 22:44:36.35 森林抽抽乐活动版 剩余抽奖次数：0/10
26日 22:44:39.40 [AntForest]: ========================
抽抽乐 耗时: 8032 ms
26日 22:44:39.43 [AntForest]: ========================
AntForest 耗时: 14675 ms ()
26日 22:44:39.43 [AntForest]: ==================================================
26日 22:44:39.46 [AntForest]: 🌲🌲🌲 森林主任务执行完毕 🌲🌲🌲
26日 22:44:39.46 [AntForest]: ⏱️ 主任务耗时: 14秒 (14704ms)
26日 22:44:39.46 [AntForest]: 📊 收取统计: 收0g 帮0g 浇0g
26日 22:44:39.47 [AntForest]: ⏰ 后台蹲点任务: 4 个 (将在指定时间自动收取)
26日 22:44:39.47 [AntForest]: 📋 蹲点任务状态 (4个，显示最近3个):
  - [小凡|*立超] 球[5207080798] 剩余86分59秒 → 27日00:11:39
  - [小凡|*立超] 球[5207080854] 剩余87分0秒 → 27日00:11:40
  - [風|*立超] 球[5207226818] 剩余143分50秒 → 27日01:08:30
  ... 还有1个任务
26日 22:44:39.47 [AntForest]: ==================================================
26日 22:44:39.52 [ModelTask]: 任务 森林 完成，总耗时: 14869ms
26日 22:44:39.52 [ModelTask]: 任务执行统计 - 总耗时: 14869ms, 成功: 1, 失败: 0, 跳过: 0
26日 22:44:39.54 [CoroutineTaskRunner]: ✅ 模块[森林]第1轮执行成功，耗时: 14946ms
26日 22:44:39.55 [CoroutineTaskRunner]: ✅ 任务[森林-Round1]执行完成，耗时: 14958ms
26日 22:44:39.55 [CoroutineTaskRunner]: 📍 第1轮任务进度: 2/6 - 庄园
26日 22:44:39.56 [CoroutineTaskRunner]: 🚀 开始执行任务[庄园-Round1]，超时设置: 600秒
26日 22:44:39.56 [CoroutineTaskRunner]: 🎯 启动模块[庄园]第1轮执行...
26日 22:44:39.57 [ModelTask]: 开始执行第1轮任务: 庄园
26日 22:44:39.57 [AntFarm]: 执行开始-蚂蚁庄园
26日 22:44:40.27 打扫鸡屎🧹[0g]01次
26日 22:44:40.67 [AntFarm]: ========================
装载道具信息 耗时: 1095 ms
26日 22:44:41.10 打赏好友💰[機風|]# 得0.05颗爱心鸡蛋
26日 22:44:41.14 [AntFarm]: ========================
打赏好友 耗时: 436 ms
26日 22:44:41.53 [𓆉|*昆]的小鸡躲开了攻击
26日 22:44:41.69 [AntFarm]: ========================
遣返 耗时: 509 ms
26日 22:44:41.93 [AntFarm]: ========================
收取道具奖励 耗时: 246 ms
26日 22:44:42.82 [ApplicationHook]: 手动APP触发，已关闭
26日 22:44:42.96 庄园游戏🎮[星星球]#饲料*30亲情卡*1饲料*60
26日 22:44:46.07 庄园游戏🎮[登山赛]#加速卡*1加速卡*1加速卡*1
26日 22:44:47.02 [Config]: 开始加载配置
26日 22:44:47.02 [Config]: 加载配置: 風
26日 22:44:47.05 [Config]: 格式化配置成功:/storage/emulated/0/Android/media/com.eg.android.AlipayGphone/sesame-TK/config/2088942482497175/config_v2.json
26日 22:44:49.24 庄园游戏🎮[飞行赛]#空宝箱*0;肥料*0
26日 22:44:49.76 [CoroutineTaskRunner]: 🔄 模块[庄园]第1轮运行中... 已执行10秒
26日 22:44:52.33 庄园游戏🎮[飞行赛]#空宝箱*0;肥料*0
26日 22:44:55.62 庄园游戏🎮[欢乐揍小鸡]#加速卡*1
26日 22:44:58.01 [AntFarm]: ========================
游戏改分(星星球、登山赛、飞行赛、揍小鸡) 耗时: 15970 ms
26日 22:44:59.44 [AntFarm]: ========================
小鸡厨房 耗时: 1432 ms
26日 22:45:00.10 [CoroutineTaskRunner]: 🔄 模块[庄园]第1轮运行中... 已执行20秒
26日 22:45:01.22 [AntFarm]: ========================
小鸡日记 耗时: 1597 ms
26日 22:45:01.73 [AlarmManager]: 🧹 开始清理AlarmScheduler: 协程状态: 作用域=活跃, 活跃任务=2, 完成任务=0, 取消任务=0
26日 22:45:01.83 [AlarmScheduler]: AlarmScheduler协程资源已清理 (清理了2个备份任务)
26日 22:45:02.15 [AlarmManager]: ✅ AlarmScheduler清理完成
26日 22:45:02.45 [AntFarm]: ========================
使用新蛋卡 耗时: 1304 ms
26日 22:45:02.65 [AlarmManager]: ✅ AlarmScheduler初始化成功
26日 22:45:02.85 [AntFarm]: ========================
召回小鸡 耗时: 395 ms
26日 22:45:03.16 [AntFarm]: 蹲点时间计算🕐[开始时间=26日17:49:49, 已吃(含增量)=177.141, 速度总计=0.01, 食槽上限=180, 计算时间=26日22:49:48]
26日 22:45:03.46 [AntFarm]: 添加蹲点投喂🥣[風|*立超]在[26日22:49:48]执行
26日 22:45:03.76 [AntFarm]: ========================
喂食 耗时: 1008 ms
26日 22:45:04.06 [ApplicationHook]: ━━━━━━━━━━ 初始化开始 ━━━━━━━━━━
26日 22:45:04.16 [AntFarm]: ========================
帮好友喂鸡 耗时: 304 ms
26日 22:45:04.37 [ApplicationHook]: 芝麻粒-TK 开始初始化...
26日 22:45:04.47 [AntFarm]: 添加定时睡觉🛌[風|*立超]在[26日23:30:00]执行
26日 22:45:04.66 [ApplicationHook]: ⚙️模块版本：v0.3.0.重构版rc48-beta-debug
26日 22:45:04.76 [AntFarm]: 添加定时起床🛌[風|*立超]在[27日05:30:00]执行
26日 22:45:04.95 [ApplicationHook]: 📦应用版本：10.7.86.8000
26日 22:45:05.05 [AntFarm]: ========================
小鸡睡觉&起床 耗时: 988 ms
26日 22:45:05.24 [ApplicationHook]: 📶网络类型：WIFI
26日 22:45:05.34 [AntFarm]: ========================
AntFarm 耗时: 25576 ms ()
26日 22:45:05.52 [ApplicationHook]: 👤用户ID：2088942482497175
26日 22:45:05.73 [AntFarm]: 执行结束-蚂蚁庄园
26日 22:45:05.93 [ApplicationHook]: 🕐初始化时间：26日22:45:05
26日 22:45:06.25 [ApplicationHook]: ━━━━━━━━━━━━━━━━━━━━━━━━━━━━━━━━━━━━━━━━
26日 22:45:06.36 [ModelTask]: 任务 庄园 完成，总耗时: 26579ms
26日 22:45:06.57 [Config]: 开始加载配置
26日 22:45:06.68 [ModelTask]: 任务执行统计 - 总耗时: 26579ms, 成功: 1, 失败: 0, 跳过: 0
26日 22:45:06.90 [Config]: 加载配置: 風
26日 22:45:07.01 [CoroutineTaskRunner]: ✅ 模块[庄园]第1轮执行成功，耗时: 27234ms
26日 22:45:07.34 [CoroutineTaskRunner]: ✅ 任务[庄园-Round1]执行完成，耗时: 27562ms
26日 22:45:07.49 [Config]: 格式化配置成功:/storage/emulated/0/Android/media/com.eg.android.AlipayGphone/sesame-TK/config/2088942482497175/config_v2.json
26日 22:45:07.66 [CoroutineTaskRunner]: 📍 第1轮任务进度: 3/6 - 农场
26日 22:45:07.98 [CoroutineTaskRunner]: 🚀 开始执行任务[农场-Round1]，超时设置: 600秒
26日 22:45:08.31 [CoroutineTaskRunner]: 🎯 启动模块[农场]第1轮执行...
26日 22:45:08.74 [AlarmScheduler]: 已设置多重保护闹钟: ID=0, 预定时间=00:00:00
26日 22:45:08.85 [CoroutineTaskRunner]: ✅ 模块[农场]第1轮执行成功，耗时: 545ms
26日 22:45:09.07 [AlarmManager]: ⏰ 主闹钟设置成功: ID=0
26日 22:45:09.30 [CoroutineTaskRunner]: ✅ 任务[农场-Round1]执行完成，耗时: 1305ms
26日 22:45:09.41 [ApplicationHook]: ⏰ 设置0点定时唤醒成功
26日 22:45:09.64 [CoroutineTaskRunner]: 📍 第1轮任务进度: 4/6 - 新村
26日 22:45:09.75 [AlarmScheduler]: 已设置多重保护闹钟: ID=4, 预定时间=23:50:00
26日 22:45:09.97 [CoroutineTaskRunner]: 🚀 开始执行任务[新村-Round1]，超时设置: 600秒
26日 22:45:10.08 [AlarmManager]: ⏰ 自定义闹钟设置成功: ID=4
26日 22:45:10.31 [CoroutineTaskRunner]: 🎯 启动模块[新村]第1轮执行...
26日 22:45:10.42 [ApplicationHook]: ⏰ 设置定时唤醒成功: 2350
26日 22:45:10.76 [ApplicationHook]: ⏰ 共设置了 1 个自定义定时唤醒
26日 22:45:10.87 [CoroutineTaskRunner]: ✅ 模块[新村]第1轮执行成功，耗时: 562ms
26日 22:45:11.20 [CoroutineTaskRunner]: ✅ 任务[新村-Round1]执行完成，耗时: 1233ms
26日 22:45:11.32 [AntForest]: 查询间隔原始设置值: [500-800]
26日 22:45:11.54 [CoroutineTaskRunner]: 📍 第1轮任务进度: 5/6 - 神奇物种
26日 22:45:11.65 [AntForest]: 查询间隔成功创建区间限制
26日 22:45:11.88 [CoroutineTaskRunner]: 🚀 开始执行任务[神奇物种-Round1]，超时设置: 600秒
26日 22:45:11.99 [AntForest]: 收取间隔原始设置值: [500-800]
26日 22:45:12.21 [CoroutineTaskRunner]: 🎯 启动模块[神奇物种]第1轮执行...
26日 22:45:12.32 [AntForest]: 收取间隔成功创建区间限制
26日 22:45:12.66 [AntForest]: 双击间隔原始设置值: [50-150]
26日 22:45:12.77 [CoroutineTaskRunner]: ✅ 模块[神奇物种]第1轮执行成功，耗时: 561ms
26日 22:45:13.00 [AntForest]: 双击间隔成功创建区间限制
26日 22:45:13.11 [CoroutineTaskRunner]: ✅ 任务[神奇物种-Round1]执行完成，耗时: 1233ms
26日 22:45:13.35 [AntForestRpcCall]: 当前支付宝版本: 10.7.86.8000
26日 22:45:13.71 [CoroutineTaskRunner]: 📍 第1轮任务进度: 6/6 - 运动
26日 22:45:13.94 [AntForestRpcCall]: 使用API版本: 20250813
26日 22:45:14.06 [CoroutineTaskRunner]: 🚀 开始执行任务[运动-Round1]，超时设置: 600秒
26日 22:45:14.29 [EnergyWaitingManager]: 已设置能量收取回调
26日 22:45:14.52 [CoroutineTaskRunner]: 🎯 启动模块[运动]第1轮执行...
26日 22:45:15.33 [CoroutineTaskRunner]: ✅ 模块[运动]第1轮执行成功，耗时: 697ms
26日 22:45:15.80 [CoroutineTaskRunner]: ✅ 任务[运动-Round1]执行完成，耗时: 1621ms
26日 22:45:16.18 [CoroutineTaskRunner]: ✅ 第1/2轮任务完成，耗时: 51354ms
26日 22:45:16.58 [CoroutineTaskRunner]: 🔄 开始顺序执行第2/2轮任务，共0个启用任务
26日 22:45:16.93 [CoroutineTaskRunner]: ✅ 第2/2轮任务完成，耗时: 388ms
26日 22:45:17.28 [CoroutineTaskRunner]: 📈 ===== 协程任务执行统计摘要 =====
26日 22:45:17.40 [ApplicationHook]: ━━━━━━━━━━ 初始化完成 ━━━━━━━━━━
26日 22:45:17.63 [CoroutineTaskRunner]: 🕐 执行时间: 52482ms (52.5秒)
26日 22:45:17.75 [ApplicationHook]: ✅ 芝麻粒-TK 加载成功✨
26日 22:45:17.98 [CoroutineTaskRunner]: 📅 下次执行: 26日23:59:00
26日 22:45:18.10 [ApplicationHook]: ━━━━━━━━━━━━━━━━━━━━━━━━━━━━━━━━━━━━━━━━
26日 22:45:18.14 [CoroutineTaskRunner]: 📋 任务总数: 12 (启用: 0)
26日 22:45:18.14 [CoroutineTaskRunner]: ✅ 成功任务: 6
26日 22:45:18.15 [CoroutineTaskRunner]: ❌ 失败任务: 0
26日 22:45:18.15 [ApplicationHook]: 手动APP触发，已关闭
26日 22:45:18.15 [CoroutineTaskRunner]: ⏭️ 跳过任务: 0
26日 22:45:18.15 [CoroutineTaskRunner]: 🔄 恢复尝试: 0
26日 22:45:18.16 [CoroutineTaskRunner]: 📊 成功率: 100.0%
26日 22:45:18.16 [CoroutineTaskRunner]: ================================
26日 22:45:19.85 [Config]: 开始加载配置
26日 22:45:19.85 [Config]: 加载配置: 風
26日 22:45:19.89 [Config]: 格式化配置成功:/storage/emulated/0/Android/media/com.eg.android.AlipayGphone/sesame-TK/config/2088942482497175/config_v2.json
26日 22:45:37.20 [AlarmManager]: 🧹 开始清理AlarmScheduler: 协程状态: 作用域=活跃, 活跃任务=0, 完成任务=0, 取消任务=0
26日 22:45:37.20 [AlarmScheduler]: AlarmScheduler协程资源已清理 (清理了0个备份任务)
26日 22:45:37.21 [AlarmManager]: ✅ AlarmScheduler清理完成
26日 22:45:37.21 [AlarmManager]: ✅ AlarmScheduler初始化成功
26日 22:45:37.26 [ApplicationHook]: ━━━━━━━━━━ 初始化开始 ━━━━━━━━━━
26日 22:45:37.26 [ApplicationHook]: 芝麻粒-TK 开始初始化...
26日 22:45:37.26 [ApplicationHook]: ⚙️模块版本：v0.3.0.重构版rc48-beta-debug
26日 22:45:37.27 [ApplicationHook]: 📦应用版本：10.7.86.8000
26日 22:45:37.27 [ApplicationHook]: 📶网络类型：WIFI
26日 22:45:37.27 [ApplicationHook]: 👤用户ID：2088942482497175
26日 22:45:37.27 [ApplicationHook]: 🕐初始化时间：26日22:45:37
26日 22:45:37.27 [ApplicationHook]: ━━━━━━━━━━━━━━━━━━━━━━━━━━━━━━━━━━━━━━━━
26日 22:45:37.28 [Config]: 开始加载配置
26日 22:45:37.28 [Config]: 加载配置: 風
26日 22:45:37.33 [Config]: 格式化配置成功:/storage/emulated/0/Android/media/com.eg.android.AlipayGphone/sesame-TK/config/2088942482497175/config_v2.json
26日 22:45:37.35 [AlarmScheduler]: 已设置多重保护闹钟: ID=0, 预定时间=00:00:00
26日 22:45:37.35 [AlarmManager]: ⏰ 主闹钟设置成功: ID=0
26日 22:45:37.36 [ApplicationHook]: ⏰ 设置0点定时唤醒成功
26日 22:45:37.36 [AlarmScheduler]: 已设置多重保护闹钟: ID=4, 预定时间=23:50:00
26日 22:45:37.37 [AlarmManager]: ⏰ 自定义闹钟设置成功: ID=4
26日 22:45:37.37 [ApplicationHook]: ⏰ 设置定时唤醒成功: 2350
26日 22:45:37.37 [ApplicationHook]: ⏰ 共设置了 1 个自定义定时唤醒
26日 22:45:37.37 [AntForest]: 查询间隔原始设置值: [500-800]
26日 22:45:37.38 [AntForest]: 查询间隔成功创建区间限制
26日 22:45:37.38 [AntForest]: 收取间隔原始设置值: [500-800]
26日 22:45:37.38 [AntForest]: 收取间隔成功创建区间限制
26日 22:45:37.39 [AntForest]: 双击间隔原始设置值: [50-150]
26日 22:45:37.39 [AntForest]: 双击间隔成功创建区间限制
26日 22:45:37.39 [AntForestRpcCall]: 当前支付宝版本: 10.7.86.8000
26日 22:45:37.39 [AntForestRpcCall]: 使用API版本: 20250813
26日 22:45:37.39 [EnergyWaitingManager]: 已设置能量收取回调
26日 22:45:37.50 [ApplicationHook]: ━━━━━━━━━━ 初始化完成 ━━━━━━━━━━
26日 22:45:37.51 [ApplicationHook]: ✅ 芝麻粒-TK 加载成功✨
26日 22:45:37.51 [ApplicationHook]: ━━━━━━━━━━━━━━━━━━━━━━━━━━━━━━━━━━━━━━━━
26日 22:45:37.52 [ApplicationHook]: 手动APP触发，已关闭
26日 22:46:18.06 [Config]: 开始加载配置
26日 22:46:18.06 [Config]: 加载配置: 風
26日 22:46:18.09 [Config]: 格式化配置成功:/storage/emulated/0/Android/media/com.eg.android.AlipayGphone/sesame-TK/config/2088942482497175/config_v2.json
26日 22:46:38.33 [AlarmManager]: 🧹 开始清理AlarmScheduler: 协程状态: 作用域=活跃, 活跃任务=0, 完成任务=0, 取消任务=0
26日 22:46:38.34 [AlarmScheduler]: AlarmScheduler协程资源已清理 (清理了0个备份任务)
26日 22:46:38.34 [AlarmManager]: ✅ AlarmScheduler清理完成
26日 22:46:38.34 [AlarmManager]: ✅ AlarmScheduler初始化成功
26日 22:46:38.96 [ApplicationHook]: ━━━━━━━━━━ 初始化开始 ━━━━━━━━━━
26日 22:46:39.24 [ApplicationHook]: 芝麻粒-TK 开始初始化...
26日 22:46:39.51 [ApplicationHook]: ⚙️模块版本：v0.3.0.重构版rc48-beta-debug
26日 22:46:39.79 [ApplicationHook]: 📦应用版本：10.7.86.8000
26日 22:46:40.06 [ApplicationHook]: 📶网络类型：WIFI
26日 22:46:40.44 [ApplicationHook]: 👤用户ID：2088942482497175
26日 22:46:40.73 [ApplicationHook]: 🕐初始化时间：26日22:46:40
26日 22:46:41.02 [ApplicationHook]: ━━━━━━━━━━━━━━━━━━━━━━━━━━━━━━━━━━━━━━━━
26日 22:46:41.31 [Config]: 开始加载配置
26日 22:46:41.62 [Config]: 加载配置: 風
26日 22:46:42.15 [Config]: 格式化配置成功:/storage/emulated/0/Android/media/com.eg.android.AlipayGphone/sesame-TK/config/2088942482497175/config_v2.json
26日 22:46:43.16 [AlarmScheduler]: 已设置多重保护闹钟: ID=0, 预定时间=00:00:00
26日 22:46:43.56 [AlarmManager]: ⏰ 主闹钟设置成功: ID=0
26日 22:46:43.86 [ApplicationHook]: ⏰ 设置0点定时唤醒成功
26日 22:46:44.16 [AlarmScheduler]: 已设置多重保护闹钟: ID=4, 预定时间=23:50:00
26日 22:46:44.46 [AlarmManager]: ⏰ 自定义闹钟设置成功: ID=4
26日 22:46:44.75 [ApplicationHook]: ⏰ 设置定时唤醒成功: 2350
26日 22:46:45.04 [ApplicationHook]: ⏰ 共设置了 1 个自定义定时唤醒
26日 22:46:45.52 [AntForest]: 查询间隔原始设置值: [500-800]
26日 22:46:45.81 [AntForest]: 查询间隔成功创建区间限制
26日 22:46:45.81 [AntForest]: 收取间隔原始设置值: [500-800]
26日 22:46:45.81 [AntForest]: 收取间隔成功创建区间限制
26日 22:46:45.82 [AntForest]: 双击间隔原始设置值: [50-150]
26日 22:46:45.82 [AntForest]: 双击间隔成功创建区间限制
26日 22:46:45.82 [AntForestRpcCall]: 当前支付宝版本: 10.7.86.8000
26日 22:46:45.83 [AntForestRpcCall]: 使用API版本: 20250813
26日 22:46:45.83 [EnergyWaitingManager]: 已设置能量收取回调
26日 22:46:45.93 [ApplicationHook]: ━━━━━━━━━━ 初始化完成 ━━━━━━━━━━
26日 22:46:45.93 [ApplicationHook]: ✅ 芝麻粒-TK 加载成功✨
26日 22:46:45.93 [ApplicationHook]: ━━━━━━━━━━━━━━━━━━━━━━━━━━━━━━━━━━━━━━━━
26日 22:46:45.94 [ApplicationHook]: 手动APP触发，已关闭
